-- Found ament_cmake: 0.9.12 (/opt/ros/foxy/share/ament_cmake/cmake)
-- Using PYTHON_EXECUTABLE: /usr/bin/python3
-- Found rclcpp: 2.4.3 (/opt/ros/foxy/share/rclcpp/cmake)
-- Using all available rosidl_typesupport_c: rosidl_typesupport_fastrtps_c;rosidl_typesupport_introspection_c
-- Found rosidl_adapter: 1.3.1 (/opt/ros/foxy/share/rosidl_adapter/cmake)
-- Using all available rosidl_typesupport_cpp: rosidl_typesupport_fastrtps_cpp;rosidl_typesupport_introspection_cpp
-- Found rmw_implementation_cmake: 1.0.4 (/opt/ros/foxy/share/rmw_implementation_cmake/cmake)
-- Using RMW implementation 'rmw_fastrtps_cpp' as default
-- Found geometry_msgs: 2.0.5 (/opt/ros/foxy/share/geometry_msgs/cmake)
-- Found px4_msgs: 2.0.1 (/root/microros_ws/install/px4_msgs/share/px4_msgs/cmake)
-- Found ament_lint_auto: 0.9.8 (/opt/ros/foxy/share/ament_lint_auto/cmake)
-- Added test 'copyright' to check source files copyright and LICENSE
-- Added test 'cppcheck' to perform static code analysis on C / C++ code
-- Configured cppcheck include dirs: 
-- Configured cppcheck exclude dirs and/or files: 
-- Added test 'cpplint' to check C / C++ code against the Google style
-- Configured cpplint exclude dirs and/or files: 
-- Added test 'lint_cmake' to check CMake code style
-- Added test 'uncrustify' to check C / C++ code style
-- Configured uncrustify additional arguments: 
-- Added test 'xmllint' to check XML markup files
-- Configuring done
-- Generating done
-- Build files have been written to: /root/workspace/build/core
[35m[1mScanning dependencies of target node[0m
[ 50%] [32mBuilding CXX object CMakeFiles/node.dir/src/offb_node.cpp.o[0m
[100%] [32m[1mLinking CXX executable node[0m
[100%] Built target node
-- Install configuration: ""
-- Installing: /root/workspace/install/core/lib/core/node
-- Set runtime path of "/root/workspace/install/core/lib/core/node" to ""
-- Up-to-date: /root/workspace/install/core/share/ament_index/resource_index/package_run_dependencies/core
-- Installing: /root/workspace/install/core/share/ament_index/resource_index/parent_prefix_path/core
-- Up-to-date: /root/workspace/install/core/share/core/environment/ament_prefix_path.sh
-- Installing: /root/workspace/install/core/share/core/environment/ament_prefix_path.dsv
-- Up-to-date: /root/workspace/install/core/share/core/environment/path.sh
-- Installing: /root/workspace/install/core/share/core/environment/path.dsv
-- Up-to-date: /root/workspace/install/core/share/core/local_setup.bash
-- Up-to-date: /root/workspace/install/core/share/core/local_setup.sh
-- Up-to-date: /root/workspace/install/core/share/core/local_setup.zsh
-- Installing: /root/workspace/install/core/share/core/local_setup.dsv
-- Installing: /root/workspace/install/core/share/core/package.dsv
-- Up-to-date: /root/workspace/install/core/share/ament_index/resource_index/packages/core
-- Up-to-date: /root/workspace/install/core/share/core/cmake/coreConfig.cmake
-- Up-to-date: /root/workspace/install/core/share/core/cmake/coreConfig-version.cmake
-- Up-to-date: /root/workspace/install/core/share/core/package.xml
