[0.008s] Invoking command in '/root/workspace/build/core': CMAKE_PREFIX_PATH=${CMAKE_PREFIX_PATH}:/opt/ros/foxy /usr/bin/cmake --build /root/workspace/build/core -- -j20 -l20
[0.025s] -- Found ament_cmake: 0.9.12 (/opt/ros/foxy/share/ament_cmake/cmake)
[0.037s] -- Using PYTHON_EXECUTABLE: /usr/bin/python3
[0.109s] -- Found rclcpp: 2.4.3 (/opt/ros/foxy/share/rclcpp/cmake)
[0.131s] -- Using all available rosidl_typesupport_c: rosidl_typesupport_fastrtps_c;rosidl_typesupport_introspection_c
[0.133s] -- Found rosidl_adapter: 1.3.1 (/opt/ros/foxy/share/rosidl_adapter/cmake)
[0.204s] -- Using all available rosidl_typesupport_cpp: rosidl_typesupport_fastrtps_cpp;rosidl_typesupport_introspection_cpp
[0.235s] -- Found rmw_implementation_cmake: 1.0.4 (/opt/ros/foxy/share/rmw_implementation_cmake/cmake)
[0.236s] -- Using RMW implementation 'rmw_fastrtps_cpp' as default
[0.318s] -- Found geometry_msgs: 2.0.5 (/opt/ros/foxy/share/geometry_msgs/cmake)
[0.337s] -- Found px4_msgs: 2.0.1 (/root/microros_ws/install/px4_msgs/share/px4_msgs/cmake)
[0.349s] -- Found ament_lint_auto: 0.9.8 (/opt/ros/foxy/share/ament_lint_auto/cmake)
[0.387s] -- Added test 'copyright' to check source files copyright and LICENSE
[0.387s] -- Added test 'cppcheck' to perform static code analysis on C / C++ code
[0.387s] -- Configured cppcheck include dirs: 
[0.387s] -- Configured cppcheck exclude dirs and/or files: 
[0.387s] -- Added test 'cpplint' to check C / C++ code against the Google style
[0.388s] -- Configured cpplint exclude dirs and/or files: 
[0.388s] -- Added test 'lint_cmake' to check CMake code style
[0.388s] -- Added test 'uncrustify' to check C / C++ code style
[0.388s] -- Configured uncrustify additional arguments: 
[0.389s] -- Added test 'xmllint' to check XML markup files
[0.390s] -- Configuring done
[0.395s] -- Generating done
[0.395s] -- Build files have been written to: /root/workspace/build/core
[0.409s] [35m[1mScanning dependencies of target node[0m
[0.425s] [ 50%] [32mBuilding CXX object CMakeFiles/node.dir/src/offb_node.cpp.o[0m
[6.560s] [100%] [32m[1mLinking CXX executable node[0m
[6.810s] [100%] Built target node
[6.842s] Invoked command in '/root/workspace/build/core' returned '0': CMAKE_PREFIX_PATH=${CMAKE_PREFIX_PATH}:/opt/ros/foxy /usr/bin/cmake --build /root/workspace/build/core -- -j20 -l20
[6.859s] Invoking command in '/root/workspace/build/core': CMAKE_PREFIX_PATH=${CMAKE_PREFIX_PATH}:/opt/ros/foxy /usr/bin/cmake --install /root/workspace/build/core
[6.863s] -- Install configuration: ""
[6.863s] -- Installing: /root/workspace/install/core/lib/core/node
[6.867s] -- Set runtime path of "/root/workspace/install/core/lib/core/node" to ""
[6.867s] -- Up-to-date: /root/workspace/install/core/share/ament_index/resource_index/package_run_dependencies/core
[6.867s] -- Installing: /root/workspace/install/core/share/ament_index/resource_index/parent_prefix_path/core
[6.867s] -- Up-to-date: /root/workspace/install/core/share/core/environment/ament_prefix_path.sh
[6.867s] -- Installing: /root/workspace/install/core/share/core/environment/ament_prefix_path.dsv
[6.867s] -- Up-to-date: /root/workspace/install/core/share/core/environment/path.sh
[6.867s] -- Installing: /root/workspace/install/core/share/core/environment/path.dsv
[6.867s] -- Up-to-date: /root/workspace/install/core/share/core/local_setup.bash
[6.867s] -- Up-to-date: /root/workspace/install/core/share/core/local_setup.sh
[6.867s] -- Up-to-date: /root/workspace/install/core/share/core/local_setup.zsh
[6.867s] -- Installing: /root/workspace/install/core/share/core/local_setup.dsv
[6.867s] -- Installing: /root/workspace/install/core/share/core/package.dsv
[6.867s] -- Up-to-date: /root/workspace/install/core/share/ament_index/resource_index/packages/core
[6.867s] -- Up-to-date: /root/workspace/install/core/share/core/cmake/coreConfig.cmake
[6.867s] -- Up-to-date: /root/workspace/install/core/share/core/cmake/coreConfig-version.cmake
[6.867s] -- Up-to-date: /root/workspace/install/core/share/core/package.xml
[6.868s] Invoked command in '/root/workspace/build/core' returned '0': CMAKE_PREFIX_PATH=${CMAKE_PREFIX_PATH}:/opt/ros/foxy /usr/bin/cmake --install /root/workspace/build/core
