[0.007s] Invoking command in '/root/workspace/build/core': CMAKE_PREFIX_PATH=/root/workspace/install/core_msgs:/root/workspace/install/core:/root/microros_ws/install/px4_ros_com:/root/microros_ws/install/px4_msgs:/root/microros_ws/install/micro_ros_setup:/root/microros_ws/install/micro_ros_agent:/root/microros_ws/install/micro_ros_msgs:/opt/ros/foxy /usr/bin/cmake --build /root/workspace/build/core -- -j20 -l20
[0.038s] [35m[1mScanning dependencies of target node[0m
[0.058s] [ 50%] [32mBuilding CXX object CMakeFiles/node.dir/src/offb_node.cpp.o[0m
[0.776s] [01m[K/root/workspace/src/core/src/offb_node.cpp:[m[K In member function ‘[01m[Kvoid ControlNode::set_trajectory(core_msgs::msg::Trajectory_<std::allocator<void> >::SharedPtr)[m[K’:
[0.776s] [01m[K/root/workspace/src/core/src/offb_node.cpp:205:32:[m[K [01;35m[Kwarning: [m[Knarrowing conversion of ‘[01m[K((const std::__shared_ptr_access<core_msgs::msg::Trajectory_<std::allocator<void> >, __gnu_cxx::_S_atomic, false, false>*)(& msg))->std::__shared_ptr_access<core_msgs::msg::Trajectory_<std::allocator<void> >, __gnu_cxx::_S_atomic, false, false>::operator->()->core_msgs::msg::Trajectory_<std::allocator<void> >::x[m[K’ from ‘[01m[Kcore_msgs::msg::Trajectory_<std::allocator<void> >::_x_type[m[K’ {aka ‘[01m[Kdouble[m[K’} to ‘[01m[Kfloat[m[K’ [[01;35m[K-Wnarrowing[m[K]
[0.776s]   205 |         tmp.position = {[01;35m[Kmsg -> x[m[K, msg -> y, -(msg -> z)};
[0.777s]       |                         [01;35m[K~~~~~~~^[m[K
[0.777s] [01m[K/root/workspace/src/core/src/offb_node.cpp:205:42:[m[K [01;35m[Kwarning: [m[Knarrowing conversion of ‘[01m[K((const std::__shared_ptr_access<core_msgs::msg::Trajectory_<std::allocator<void> >, __gnu_cxx::_S_atomic, false, false>*)(& msg))->std::__shared_ptr_access<core_msgs::msg::Trajectory_<std::allocator<void> >, __gnu_cxx::_S_atomic, false, false>::operator->()->core_msgs::msg::Trajectory_<std::allocator<void> >::y[m[K’ from ‘[01m[Kcore_msgs::msg::Trajectory_<std::allocator<void> >::_y_type[m[K’ {aka ‘[01m[Kdouble[m[K’} to ‘[01m[Kfloat[m[K’ [[01;35m[K-Wnarrowing[m[K]
[0.777s]   205 |         tmp.position = {msg -> x, [01;35m[Kmsg -> y[m[K, -(msg -> z)};
[0.777s]       |                                   [01;35m[K~~~~~~~^[m[K
[0.777s] [01m[K/root/workspace/src/core/src/offb_node.cpp:205:45:[m[K [01;35m[Kwarning: [m[Knarrowing conversion of ‘[01m[K-((const std::__shared_ptr_access<core_msgs::msg::Trajectory_<std::allocator<void> >, __gnu_cxx::_S_atomic, false, false>*)(& msg))->std::__shared_ptr_access<core_msgs::msg::Trajectory_<std::allocator<void> >, __gnu_cxx::_S_atomic, false, false>::operator->()->core_msgs::msg::Trajectory_<std::allocator<void> >::z[m[K’ from ‘[01m[Kcore_msgs::msg::Trajectory_<std::allocator<void> >::_z_type[m[K’ {aka ‘[01m[Kdouble[m[K’} to ‘[01m[Kfloat[m[K’ [[01;35m[K-Wnarrowing[m[K]
[0.777s]   205 |         tmp.position = {msg -> x, msg -> y, [01;35m[K-(msg -> z)[m[K};
[0.777s]       |                                             [01;35m[K^~~~~~~~~~~[m[K
[0.777s] [01m[K/root/workspace/src/core/src/offb_node.cpp:209:32:[m[K [01;35m[Kwarning: [m[Knarrowing conversion of ‘[01m[K((const std::__shared_ptr_access<core_msgs::msg::Trajectory_<std::allocator<void> >, __gnu_cxx::_S_atomic, false, false>*)(& msg))->std::__shared_ptr_access<core_msgs::msg::Trajectory_<std::allocator<void> >, __gnu_cxx::_S_atomic, false, false>::operator->()->core_msgs::msg::Trajectory_<std::allocator<void> >::x[m[K’ from ‘[01m[Kcore_msgs::msg::Trajectory_<std::allocator<void> >::_x_type[m[K’ {aka ‘[01m[Kdouble[m[K’} to ‘[01m[Kfloat[m[K’ [[01;35m[K-Wnarrowing[m[K]
[0.777s]   209 |         tmp.velocity = {[01;35m[Kmsg -> x[m[K, msg -> y, -(msg -> z)};
[0.777s]       |                         [01;35m[K~~~~~~~^[m[K
[0.777s] [01m[K/root/workspace/src/core/src/offb_node.cpp:209:42:[m[K [01;35m[Kwarning: [m[Knarrowing conversion of ‘[01m[K((const std::__shared_ptr_access<core_msgs::msg::Trajectory_<std::allocator<void> >, __gnu_cxx::_S_atomic, false, false>*)(& msg))->std::__shared_ptr_access<core_msgs::msg::Trajectory_<std::allocator<void> >, __gnu_cxx::_S_atomic, false, false>::operator->()->core_msgs::msg::Trajectory_<std::allocator<void> >::y[m[K’ from ‘[01m[Kcore_msgs::msg::Trajectory_<std::allocator<void> >::_y_type[m[K’ {aka ‘[01m[Kdouble[m[K’} to ‘[01m[Kfloat[m[K’ [[01;35m[K-Wnarrowing[m[K]
[0.777s]   209 |         tmp.velocity = {msg -> x, [01;35m[Kmsg -> y[m[K, -(msg -> z)};
[0.777s]       |                                   [01;35m[K~~~~~~~^[m[K
[0.777s] [01m[K/root/workspace/src/core/src/offb_node.cpp:209:45:[m[K [01;35m[Kwarning: [m[Knarrowing conversion of ‘[01m[K-((const std::__shared_ptr_access<core_msgs::msg::Trajectory_<std::allocator<void> >, __gnu_cxx::_S_atomic, false, false>*)(& msg))->std::__shared_ptr_access<core_msgs::msg::Trajectory_<std::allocator<void> >, __gnu_cxx::_S_atomic, false, false>::operator->()->core_msgs::msg::Trajectory_<std::allocator<void> >::z[m[K’ from ‘[01m[Kcore_msgs::msg::Trajectory_<std::allocator<void> >::_z_type[m[K’ {aka ‘[01m[Kdouble[m[K’} to ‘[01m[Kfloat[m[K’ [[01;35m[K-Wnarrowing[m[K]
[0.777s]   209 |         tmp.velocity = {msg -> x, msg -> y, [01;35m[K-(msg -> z)[m[K};
[0.777s]       |                                             [01;35m[K^~~~~~~~~~~[m[K
[7.182s] [100%] [32m[1mLinking CXX executable node[0m
[7.468s] [100%] Built target node
[7.474s] Invoked command in '/root/workspace/build/core' returned '0': CMAKE_PREFIX_PATH=/root/workspace/install/core_msgs:/root/workspace/install/core:/root/microros_ws/install/px4_ros_com:/root/microros_ws/install/px4_msgs:/root/microros_ws/install/micro_ros_setup:/root/microros_ws/install/micro_ros_agent:/root/microros_ws/install/micro_ros_msgs:/opt/ros/foxy /usr/bin/cmake --build /root/workspace/build/core -- -j20 -l20
[7.486s] Invoking command in '/root/workspace/build/core': CMAKE_PREFIX_PATH=/root/workspace/install/core_msgs:/root/workspace/install/core:/root/microros_ws/install/px4_ros_com:/root/microros_ws/install/px4_msgs:/root/microros_ws/install/micro_ros_setup:/root/microros_ws/install/micro_ros_agent:/root/microros_ws/install/micro_ros_msgs:/opt/ros/foxy /usr/bin/cmake --install /root/workspace/build/core
[7.491s] -- Install configuration: ""
[7.491s] -- Installing: /root/workspace/install/core/lib/core/node
[7.495s] -- Set runtime path of "/root/workspace/install/core/lib/core/node" to ""
[7.495s] -- Up-to-date: /root/workspace/install/core/share/ament_index/resource_index/package_run_dependencies/core
[7.495s] -- Up-to-date: /root/workspace/install/core/share/ament_index/resource_index/parent_prefix_path/core
[7.495s] -- Up-to-date: /root/workspace/install/core/share/core/environment/ament_prefix_path.sh
[7.495s] -- Up-to-date: /root/workspace/install/core/share/core/environment/ament_prefix_path.dsv
[7.495s] -- Up-to-date: /root/workspace/install/core/share/core/environment/path.sh
[7.495s] -- Up-to-date: /root/workspace/install/core/share/core/environment/path.dsv
[7.495s] -- Up-to-date: /root/workspace/install/core/share/core/local_setup.bash
[7.495s] -- Up-to-date: /root/workspace/install/core/share/core/local_setup.sh
[7.495s] -- Up-to-date: /root/workspace/install/core/share/core/local_setup.zsh
[7.495s] -- Up-to-date: /root/workspace/install/core/share/core/local_setup.dsv
[7.495s] -- Installing: /root/workspace/install/core/share/core/package.dsv
[7.495s] -- Up-to-date: /root/workspace/install/core/share/ament_index/resource_index/packages/core
[7.495s] -- Up-to-date: /root/workspace/install/core/share/core/cmake/coreConfig.cmake
[7.495s] -- Up-to-date: /root/workspace/install/core/share/core/cmake/coreConfig-version.cmake
[7.495s] -- Up-to-date: /root/workspace/install/core/share/core/package.xml
[7.498s] Invoked command in '/root/workspace/build/core' returned '0': CMAKE_PREFIX_PATH=/root/workspace/install/core_msgs:/root/workspace/install/core:/root/microros_ws/install/px4_ros_com:/root/microros_ws/install/px4_msgs:/root/microros_ws/install/micro_ros_setup:/root/microros_ws/install/micro_ros_agent:/root/microros_ws/install/micro_ros_msgs:/opt/ros/foxy /usr/bin/cmake --install /root/workspace/build/core
