[0.008s] Invoking command in '/root/workspace/build/core': AMENT_PREFIX_PATH=/root/workspace/install/core_msgs:${AMENT_PREFIX_PATH} CMAKE_PREFIX_PATH=/root/workspace/install/core_msgs:/root/microros_ws/install/px4_ros_com:/root/microros_ws/install/px4_msgs:/root/microros_ws/install/micro_ros_setup:/root/microros_ws/install/micro_ros_agent:/root/microros_ws/install/micro_ros_msgs:/opt/ros/humble LD_LIBRARY_PATH=/root/workspace/install/core_msgs/lib:${LD_LIBRARY_PATH} PYTHONPATH=/root/workspace/install/core_msgs/local/lib/python3.10/dist-packages:${PYTHONPATH} /usr/bin/cmake --build /root/workspace/build/core -- -j20 -l20
[0.025s] [35m[1mConsolidate compiler generated dependencies of target node[0m
[0.034s] [ 50%] [32mBuilding CXX object CMakeFiles/node.dir/src/core_node.cpp.o[0m
[16.038s] [100%] [32m[1mLinking CXX executable node[0m
[17.021s] [100%] Built target node
[17.052s] Invoked command in '/root/workspace/build/core' returned '0': AMENT_PREFIX_PATH=/root/workspace/install/core_msgs:${AMENT_PREFIX_PATH} CMAKE_PREFIX_PATH=/root/workspace/install/core_msgs:/root/microros_ws/install/px4_ros_com:/root/microros_ws/install/px4_msgs:/root/microros_ws/install/micro_ros_setup:/root/microros_ws/install/micro_ros_agent:/root/microros_ws/install/micro_ros_msgs:/opt/ros/humble LD_LIBRARY_PATH=/root/workspace/install/core_msgs/lib:${LD_LIBRARY_PATH} PYTHONPATH=/root/workspace/install/core_msgs/local/lib/python3.10/dist-packages:${PYTHONPATH} /usr/bin/cmake --build /root/workspace/build/core -- -j20 -l20
[17.062s] Invoking command in '/root/workspace/build/core': AMENT_PREFIX_PATH=/root/workspace/install/core_msgs:${AMENT_PREFIX_PATH} CMAKE_PREFIX_PATH=/root/workspace/install/core_msgs:/root/microros_ws/install/px4_ros_com:/root/microros_ws/install/px4_msgs:/root/microros_ws/install/micro_ros_setup:/root/microros_ws/install/micro_ros_agent:/root/microros_ws/install/micro_ros_msgs:/opt/ros/humble LD_LIBRARY_PATH=/root/workspace/install/core_msgs/lib:${LD_LIBRARY_PATH} PYTHONPATH=/root/workspace/install/core_msgs/local/lib/python3.10/dist-packages:${PYTHONPATH} /usr/bin/cmake --install /root/workspace/build/core
[17.065s] -- Install configuration: ""
[17.065s] -- Installing: /root/workspace/install/core/lib/core/node
[17.073s] -- Set runtime path of "/root/workspace/install/core/lib/core/node" to ""
[17.074s] -- Installing: /root/workspace/install/core/share/ament_index/resource_index/package_run_dependencies/core
[17.074s] -- Installing: /root/workspace/install/core/share/ament_index/resource_index/parent_prefix_path/core
[17.074s] -- Installing: /root/workspace/install/core/share/core/environment/ament_prefix_path.sh
[17.074s] -- Installing: /root/workspace/install/core/share/core/environment/ament_prefix_path.dsv
[17.074s] -- Installing: /root/workspace/install/core/share/core/environment/path.sh
[17.074s] -- Installing: /root/workspace/install/core/share/core/environment/path.dsv
[17.074s] -- Installing: /root/workspace/install/core/share/core/local_setup.bash
[17.074s] -- Installing: /root/workspace/install/core/share/core/local_setup.sh
[17.074s] -- Installing: /root/workspace/install/core/share/core/local_setup.zsh
[17.074s] -- Installing: /root/workspace/install/core/share/core/local_setup.dsv
[17.074s] -- Installing: /root/workspace/install/core/share/core/package.dsv
[17.074s] -- Installing: /root/workspace/install/core/share/ament_index/resource_index/packages/core
[17.074s] -- Installing: /root/workspace/install/core/share/core/cmake/coreConfig.cmake
[17.074s] -- Installing: /root/workspace/install/core/share/core/cmake/coreConfig-version.cmake
[17.074s] -- Installing: /root/workspace/install/core/share/core/package.xml
[17.075s] Invoked command in '/root/workspace/build/core' returned '0': AMENT_PREFIX_PATH=/root/workspace/install/core_msgs:${AMENT_PREFIX_PATH} CMAKE_PREFIX_PATH=/root/workspace/install/core_msgs:/root/microros_ws/install/px4_ros_com:/root/microros_ws/install/px4_msgs:/root/microros_ws/install/micro_ros_setup:/root/microros_ws/install/micro_ros_agent:/root/microros_ws/install/micro_ros_msgs:/opt/ros/humble LD_LIBRARY_PATH=/root/workspace/install/core_msgs/lib:${LD_LIBRARY_PATH} PYTHONPATH=/root/workspace/install/core_msgs/local/lib/python3.10/dist-packages:${PYTHONPATH} /usr/bin/cmake --install /root/workspace/build/core
