[0.005s] Invoking command in '/root/workspace/build/core': AMENT_PREFIX_PATH=/root/workspace/install/core_msgs:${AMENT_PREFIX_PATH} CMAKE_PREFIX_PATH=/root/workspace/install/core_msgs:/root/microros_ws/install/px4_ros_com:/root/microros_ws/install/px4_msgs:/root/microros_ws/install/micro_ros_setup:/root/microros_ws/install/micro_ros_agent:/root/microros_ws/install/micro_ros_msgs:/opt/ros/humble LD_LIBRARY_PATH=/root/workspace/install/core_msgs/lib:${LD_LIBRARY_PATH} PYTHONPATH=/root/workspace/install/core_msgs/local/lib/python3.10/dist-packages:${PYTHONPATH} /usr/bin/cmake /root/workspace/src/core -DCMAKE_INSTALL_PREFIX=/root/workspace/install/core
[0.033s] -- The C compiler identification is GNU 11.4.0
[0.060s] -- The CXX compiler identification is GNU 11.4.0
[0.064s] -- Detecting C compiler ABI info
[0.101s] -- Detecting C compiler ABI info - done
[0.105s] -- Check for working C compiler: /usr/bin/cc - skipped
[0.105s] -- Detecting C compile features
[0.105s] -- Detecting C compile features - done
[0.107s] -- Detecting CXX compiler ABI info
[0.147s] -- Detecting CXX compiler ABI info - done
[0.151s] -- Check for working CXX compiler: /usr/bin/c++ - skipped
[0.151s] -- Detecting CXX compile features
[0.152s] -- Detecting CXX compile features - done
[0.153s] -- Found ament_cmake: 1.3.8 (/opt/ros/humble/share/ament_cmake/cmake)
[0.226s] -- Found Python3: /usr/bin/python3 (found version "3.10.12") found components: Interpreter 
[0.278s] -- Found rclcpp: 16.0.8 (/opt/ros/humble/share/rclcpp/cmake)
[0.301s] -- Found rosidl_generator_c: 3.1.5 (/opt/ros/humble/share/rosidl_generator_c/cmake)
[0.304s] -- Found rosidl_adapter: 3.1.5 (/opt/ros/humble/share/rosidl_adapter/cmake)
[0.309s] -- Found rosidl_generator_cpp: 3.1.5 (/opt/ros/humble/share/rosidl_generator_cpp/cmake)
[0.317s] -- Using all available rosidl_typesupport_c: rosidl_typesupport_fastrtps_c;rosidl_typesupport_introspection_c
[0.328s] -- Using all available rosidl_typesupport_cpp: rosidl_typesupport_fastrtps_cpp;rosidl_typesupport_introspection_cpp
[0.370s] -- Found rmw_implementation_cmake: 6.1.1 (/opt/ros/humble/share/rmw_implementation_cmake/cmake)
[0.371s] -- Found rmw_fastrtps_cpp: 6.2.6 (/opt/ros/humble/share/rmw_fastrtps_cpp/cmake)
[0.422s] -- Found OpenSSL: /usr/lib/x86_64-linux-gnu/libcrypto.so (found version "3.0.2")  
[0.440s] -- Found FastRTPS: /opt/ros/humble/include  
[0.470s] -- Using RMW implementation 'rmw_fastrtps_cpp' as default
[0.476s] -- Looking for pthread.h
[0.511s] -- Looking for pthread.h - found
[0.512s] -- Performing Test CMAKE_HAVE_LIBC_PTHREAD
[0.548s] -- Performing Test CMAKE_HAVE_LIBC_PTHREAD - Success
[0.549s] -- Found Threads: TRUE  
[0.640s] -- Found geometry_msgs: 4.2.3 (/opt/ros/humble/share/geometry_msgs/cmake)
[0.664s] -- Found core_msgs: 0.0.0 (/root/workspace/install/core_msgs/share/core_msgs/cmake)
[0.672s] -- Found px4_msgs: 2.0.1 (/root/microros_ws/install/px4_msgs/share/px4_msgs/cmake)
[0.692s] -- Found ament_lint_auto: 0.12.10 (/opt/ros/humble/share/ament_lint_auto/cmake)
[0.738s] -- Added test 'copyright' to check source files copyright and LICENSE
[0.738s] -- Added test 'cppcheck' to perform static code analysis on C / C++ code
[0.738s] -- Configured cppcheck include dirs: 
[0.738s] -- Configured cppcheck exclude dirs and/or files: 
[0.739s] -- Added test 'cpplint' to check C / C++ code against the Google style
[0.739s] -- Configured cpplint exclude dirs and/or files: 
[0.739s] -- Added test 'lint_cmake' to check CMake code style
[0.740s] -- Added test 'uncrustify' to check C / C++ code style
[0.740s] -- Configured uncrustify additional arguments: 
[0.740s] -- Added test 'xmllint' to check XML markup files
[0.740s] -- Configuring done
[0.746s] -- Generating done
[0.746s] -- Build files have been written to: /root/workspace/build/core
[0.752s] Invoked command in '/root/workspace/build/core' returned '0': AMENT_PREFIX_PATH=/root/workspace/install/core_msgs:${AMENT_PREFIX_PATH} CMAKE_PREFIX_PATH=/root/workspace/install/core_msgs:/root/microros_ws/install/px4_ros_com:/root/microros_ws/install/px4_msgs:/root/microros_ws/install/micro_ros_setup:/root/microros_ws/install/micro_ros_agent:/root/microros_ws/install/micro_ros_msgs:/opt/ros/humble LD_LIBRARY_PATH=/root/workspace/install/core_msgs/lib:${LD_LIBRARY_PATH} PYTHONPATH=/root/workspace/install/core_msgs/local/lib/python3.10/dist-packages:${PYTHONPATH} /usr/bin/cmake /root/workspace/src/core -DCMAKE_INSTALL_PREFIX=/root/workspace/install/core
[0.753s] Invoking command in '/root/workspace/build/core': AMENT_PREFIX_PATH=/root/workspace/install/core_msgs:${AMENT_PREFIX_PATH} CMAKE_PREFIX_PATH=/root/workspace/install/core_msgs:/root/microros_ws/install/px4_ros_com:/root/microros_ws/install/px4_msgs:/root/microros_ws/install/micro_ros_setup:/root/microros_ws/install/micro_ros_agent:/root/microros_ws/install/micro_ros_msgs:/opt/ros/humble LD_LIBRARY_PATH=/root/workspace/install/core_msgs/lib:${LD_LIBRARY_PATH} PYTHONPATH=/root/workspace/install/core_msgs/local/lib/python3.10/dist-packages:${PYTHONPATH} /usr/bin/cmake --build /root/workspace/build/core -- -j20 -l20
[0.779s] [ 50%] [32mBuilding CXX object CMakeFiles/node.dir/src/offb_node.cpp.o[0m
[2.290s] In file included from [01m[K/opt/ros/humble/include/rclcpp/rclcpp/logging.hpp:24[m[K,
[2.290s]                  from [01m[K/opt/ros/humble/include/rclcpp/rclcpp/client.hpp:40[m[K,
[2.290s]                  from [01m[K/opt/ros/humble/include/rclcpp/rclcpp/callback_group.hpp:24[m[K,
[2.290s]                  from [01m[K/opt/ros/humble/include/rclcpp/rclcpp/any_executable.hpp:20[m[K,
[2.290s]                  from [01m[K/opt/ros/humble/include/rclcpp/rclcpp/memory_strategy.hpp:25[m[K,
[2.290s]                  from [01m[K/opt/ros/humble/include/rclcpp/rclcpp/memory_strategies.hpp:18[m[K,
[2.290s]                  from [01m[K/opt/ros/humble/include/rclcpp/rclcpp/executor_options.hpp:20[m[K,
[2.290s]                  from [01m[K/opt/ros/humble/include/rclcpp/rclcpp/executor.hpp:37[m[K,
[2.290s]                  from [01m[K/opt/ros/humble/include/rclcpp/rclcpp/executors/multi_threaded_executor.hpp:25[m[K,
[2.290s]                  from [01m[K/opt/ros/humble/include/rclcpp/rclcpp/executors.hpp:21[m[K,
[2.290s]                  from [01m[K/opt/ros/humble/include/rclcpp/rclcpp/rclcpp.hpp:155[m[K,
[2.290s]                  from [01m[K/root/workspace/src/core/src/offb_node.cpp:5[m[K:
[2.290s] [01m[K/root/workspace/src/core/src/offb_node.cpp:[m[K In member function ‘[01m[Kvoid ControlNode::cb_srv_command(rclcpp::Client<px4_msgs::srv::VehicleCommand>::SharedFuture)[m[K’:
[2.290s] [01m[K/root/workspace/src/core/src/offb_node.cpp:142:83:[m[K [01;31m[Kerror: [m[Kcannot convert ‘[01m[Kstd::__cxx11::basic_string<char>[m[K’ to ‘[01m[Kconst char*[m[K’
[2.290s]   140 |         [01;31m[K"\n\nCommand sent: "+std::to_string(future.get() -> reply.command)+"\nResult: "+std::to_string(future.get() -> reply.result)[m[K
[2.290s]       |         [01;31m[K~~~~~~~~~~~~~~~~~~~~~~~~~~~~~~~~~~~~~~~~~~~~~~~~~~~~~~~~~~~~~~~~~~~~~~~~~~~~~~~~~~~~~~~~~~~~~~~~~~~~~~~~~~~~~~~~~~~~~~~~~~~~[m[K
[2.290s]   141 | [01;31m[K        +"\nTarget System: "+std::to_string(future.get() -> reply.target_system)+"\nTarget Component: "+std::to_string(future.get() -> reply.target_component)[m[K
[2.291s]       |         [01;31m[K~~~~~~~~~~~~~~~~~~~~~~~~~~~~~~~~~~~~~~~~~~~~~~~~~~~~~~~~~~~~~~~~~~~~~~~~~~~~~~~~~~~~~~~~~~~~~~~~~~~~~~~~~~~~~~~~~~~~~~~~~~~~~~~~~~~~~~~~~~~~~~~~~~~~~~[m[K
[2.291s]   142 | [01;31m[K        +"\nExternal source: "+std::to_string(future.get() -> reply.from_external)+"\n"[m[K);
[2.291s]       |         [01;31m[K~~~~~~~~~~~~~~~~~~~~~~~~~~~~~~~~~~~~~~~~~~~~~~~~~~~~~~~~~~~~~~~~~~~~~~~~~~^~~~~[m[K
[2.291s]       |                                                                                   [01;31m[K|[m[K
[2.291s]       |                                                                                   [01;31m[Kstd::__cxx11::basic_string<char>[m[K
[2.291s] In file included from [01m[K/opt/ros/humble/include/rmw/rmw/types.h:28[m[K,
[2.291s]                  from [01m[K/opt/ros/humble/include/rcl/rcl/types.h:20[m[K,
[2.291s]                  from [01m[K/opt/ros/humble/include/rcl/rcl/log_level.h:22[m[K,
[2.291s]                  from [01m[K/opt/ros/humble/include/rcl/rcl/arguments.h:21[m[K,
[2.291s]                  from [01m[K/opt/ros/humble/include/rcl/rcl/context.h:28[m[K,
[2.291s]                  from [01m[K/opt/ros/humble/include/rcl/rcl/guard_condition.h:26[m[K,
[2.291s]                  from [01m[K/opt/ros/humble/include/rclcpp/rclcpp/executor.hpp:30[m[K,
[2.291s]                  from [01m[K/opt/ros/humble/include/rclcpp/rclcpp/executors/multi_threaded_executor.hpp:25[m[K,
[2.291s]                  from [01m[K/opt/ros/humble/include/rclcpp/rclcpp/executors.hpp:21[m[K,
[2.291s]                  from [01m[K/opt/ros/humble/include/rclcpp/rclcpp/rclcpp.hpp:155[m[K,
[2.291s]                  from [01m[K/root/workspace/src/core/src/offb_node.cpp:5[m[K:
[2.291s] [01m[K/opt/ros/humble/include/rcutils/rcutils/logging.h:479:16:[m[K [01;36m[Knote: [m[K  initializing argument 4 of ‘[01m[Kvoid rcutils_log(const rcutils_log_location_t*, int, const char*, const char*, ...)[m[K’
[2.291s]   479 |   [01;36m[Kconst char * format[m[K,
[2.291s]       |   [01;36m[K~~~~~~~~~~~~~^~~~~~[m[K
[2.298s] In file included from [01m[K/opt/ros/humble/include/rclcpp/rclcpp/logging.hpp:24[m[K,
[2.298s]                  from [01m[K/opt/ros/humble/include/rclcpp/rclcpp/client.hpp:40[m[K,
[2.298s]                  from [01m[K/opt/ros/humble/include/rclcpp/rclcpp/callback_group.hpp:24[m[K,
[2.298s]                  from [01m[K/opt/ros/humble/include/rclcpp/rclcpp/any_executable.hpp:20[m[K,
[2.298s]                  from [01m[K/opt/ros/humble/include/rclcpp/rclcpp/memory_strategy.hpp:25[m[K,
[2.298s]                  from [01m[K/opt/ros/humble/include/rclcpp/rclcpp/memory_strategies.hpp:18[m[K,
[2.298s]                  from [01m[K/opt/ros/humble/include/rclcpp/rclcpp/executor_options.hpp:20[m[K,
[2.298s]                  from [01m[K/opt/ros/humble/include/rclcpp/rclcpp/executor.hpp:37[m[K,
[2.298s]                  from [01m[K/opt/ros/humble/include/rclcpp/rclcpp/executors/multi_threaded_executor.hpp:25[m[K,
[2.298s]                  from [01m[K/opt/ros/humble/include/rclcpp/rclcpp/executors.hpp:21[m[K,
[2.298s]                  from [01m[K/opt/ros/humble/include/rclcpp/rclcpp/rclcpp.hpp:155[m[K,
[2.298s]                  from [01m[K/root/workspace/src/core/src/offb_node.cpp:5[m[K:
[2.298s] [01m[K/root/workspace/src/core/src/offb_node.cpp:[m[K In member function ‘[01m[Kvoid ControlNode::set_mode(std_msgs::msg::Int16_<std::allocator<void> >::SharedPtr)[m[K’:
[2.298s] [01m[K/root/workspace/src/core/src/offb_node.cpp:218:58:[m[K [01;31m[Kerror: [m[Kcannot convert ‘[01m[Kstd::__cxx11::basic_string<char>[m[K’ to ‘[01m[Kconst char*[m[K’
[2.298s]   218 |     RCLCPP_INFO(this -> get_logger(), [01;31m[K"Setting mode to: "+std::to_string(msg -> data)[m[K);
[2.298s]       |                                       [01;31m[K~~~~~~~~~~~~~~~~~~~^~~~~~~~~~~~~~~~~~~~~~~~~~~~[m[K
[2.298s]       |                                                          [01;31m[K|[m[K
[2.298s]       |                                                          [01;31m[Kstd::__cxx11::basic_string<char>[m[K
[2.298s] In file included from [01m[K/opt/ros/humble/include/rmw/rmw/types.h:28[m[K,
[2.298s]                  from [01m[K/opt/ros/humble/include/rcl/rcl/types.h:20[m[K,
[2.298s]                  from [01m[K/opt/ros/humble/include/rcl/rcl/log_level.h:22[m[K,
[2.298s]                  from [01m[K/opt/ros/humble/include/rcl/rcl/arguments.h:21[m[K,
[2.298s]                  from [01m[K/opt/ros/humble/include/rcl/rcl/context.h:28[m[K,
[2.298s]                  from [01m[K/opt/ros/humble/include/rcl/rcl/guard_condition.h:26[m[K,
[2.298s]                  from [01m[K/opt/ros/humble/include/rclcpp/rclcpp/executor.hpp:30[m[K,
[2.299s]                  from [01m[K/opt/ros/humble/include/rclcpp/rclcpp/executors/multi_threaded_executor.hpp:25[m[K,
[2.299s]                  from [01m[K/opt/ros/humble/include/rclcpp/rclcpp/executors.hpp:21[m[K,
[2.299s]                  from [01m[K/opt/ros/humble/include/rclcpp/rclcpp/rclcpp.hpp:155[m[K,
[2.299s]                  from [01m[K/root/workspace/src/core/src/offb_node.cpp:5[m[K:
[2.299s] [01m[K/opt/ros/humble/include/rcutils/rcutils/logging.h:479:16:[m[K [01;36m[Knote: [m[K  initializing argument 4 of ‘[01m[Kvoid rcutils_log(const rcutils_log_location_t*, int, const char*, const char*, ...)[m[K’
[2.299s]   479 |   [01;36m[Kconst char * format[m[K,
[2.299s]       |   [01;36m[K~~~~~~~~~~~~~^~~~~~[m[K
[2.300s] In file included from [01m[K/opt/ros/humble/include/rclcpp/rclcpp/logging.hpp:24[m[K,
[2.300s]                  from [01m[K/opt/ros/humble/include/rclcpp/rclcpp/client.hpp:40[m[K,
[2.300s]                  from [01m[K/opt/ros/humble/include/rclcpp/rclcpp/callback_group.hpp:24[m[K,
[2.300s]                  from [01m[K/opt/ros/humble/include/rclcpp/rclcpp/any_executable.hpp:20[m[K,
[2.300s]                  from [01m[K/opt/ros/humble/include/rclcpp/rclcpp/memory_strategy.hpp:25[m[K,
[2.300s]                  from [01m[K/opt/ros/humble/include/rclcpp/rclcpp/memory_strategies.hpp:18[m[K,
[2.300s]                  from [01m[K/opt/ros/humble/include/rclcpp/rclcpp/executor_options.hpp:20[m[K,
[2.300s]                  from [01m[K/opt/ros/humble/include/rclcpp/rclcpp/executor.hpp:37[m[K,
[2.300s]                  from [01m[K/opt/ros/humble/include/rclcpp/rclcpp/executors/multi_threaded_executor.hpp:25[m[K,
[2.300s]                  from [01m[K/opt/ros/humble/include/rclcpp/rclcpp/executors.hpp:21[m[K,
[2.300s]                  from [01m[K/opt/ros/humble/include/rclcpp/rclcpp/rclcpp.hpp:155[m[K,
[2.300s]                  from [01m[K/root/workspace/src/core/src/offb_node.cpp:5[m[K:
[2.300s] [01m[K/root/workspace/src/core/src/offb_node.cpp:[m[K In member function ‘[01m[Kvoid ControlNode::offbctrl_sub(std_msgs::msg::Bool_<std::allocator<void> >::SharedPtr)[m[K’:
[2.300s] [01m[K/root/workspace/src/core/src/offb_node.cpp:223:79:[m[K [01;31m[Kerror: [m[Kcannot convert ‘[01m[Kstd::__cxx11::basic_string<char>[m[K’ to ‘[01m[Kconst char*[m[K’
[2.300s]   223 |     RCLCPP_INFO(this -> get_logger(), [01;31m[K"Setting offboard position control to: "+std::to_string(msg -> data)[m[K);
[2.300s]       |                                       [01;31m[K~~~~~~~~~~~~~~~~~~~~~~~~~~~~~~~~~~~~~~~~^~~~~~~~~~~~~~~~~~~~~~~~~~~~[m[K
[2.300s]       |                                                                               [01;31m[K|[m[K
[2.300s]       |                                                                               [01;31m[Kstd::__cxx11::basic_string<char>[m[K
[2.300s] In file included from [01m[K/opt/ros/humble/include/rmw/rmw/types.h:28[m[K,
[2.300s]                  from [01m[K/opt/ros/humble/include/rcl/rcl/types.h:20[m[K,
[2.300s]                  from [01m[K/opt/ros/humble/include/rcl/rcl/log_level.h:22[m[K,
[2.300s]                  from [01m[K/opt/ros/humble/include/rcl/rcl/arguments.h:21[m[K,
[2.300s]                  from [01m[K/opt/ros/humble/include/rcl/rcl/context.h:28[m[K,
[2.300s]                  from [01m[K/opt/ros/humble/include/rcl/rcl/guard_condition.h:26[m[K,
[2.300s]                  from [01m[K/opt/ros/humble/include/rclcpp/rclcpp/executor.hpp:30[m[K,
[2.300s]                  from [01m[K/opt/ros/humble/include/rclcpp/rclcpp/executors/multi_threaded_executor.hpp:25[m[K,
[2.300s]                  from [01m[K/opt/ros/humble/include/rclcpp/rclcpp/executors.hpp:21[m[K,
[2.300s]                  from [01m[K/opt/ros/humble/include/rclcpp/rclcpp/rclcpp.hpp:155[m[K,
[2.300s]                  from [01m[K/root/workspace/src/core/src/offb_node.cpp:5[m[K:
[2.300s] [01m[K/opt/ros/humble/include/rcutils/rcutils/logging.h:479:16:[m[K [01;36m[Knote: [m[K  initializing argument 4 of ‘[01m[Kvoid rcutils_log(const rcutils_log_location_t*, int, const char*, const char*, ...)[m[K’
[2.301s]   479 |   [01;36m[Kconst char * format[m[K,
[2.301s]       |   [01;36m[K~~~~~~~~~~~~~^~~~~~[m[K
[8.117s] gmake[2]: *** [CMakeFiles/node.dir/build.make:76: CMakeFiles/node.dir/src/offb_node.cpp.o] Error 1
[8.118s] gmake[1]: *** [CMakeFiles/Makefile2:137: CMakeFiles/node.dir/all] Error 2
[8.118s] gmake: *** [Makefile:146: all] Error 2
