[0.005s] Invoking command in '/root/master/build/master': CMAKE_PREFIX_PATH=/opt/ros/humble /usr/bin/cmake --build /root/master/build/master -- -j20 -l20
[0.024s] [35m[1mConsolidate compiler generated dependencies of target node[0m
[0.033s] [ 50%] [32mBuilding CXX object CMakeFiles/node.dir/src/master_node.cpp.o[0m
[2.292s] [100%] [32m[1mLinking CXX executable node[0m
[2.383s] [100%] Built target node
[2.387s] Invoked command in '/root/master/build/master' returned '0': CMAKE_PREFIX_PATH=/opt/ros/humble /usr/bin/cmake --build /root/master/build/master -- -j20 -l20
[2.399s] Invoking command in '/root/master/build/master': CMAKE_PREFIX_PATH=/opt/ros/humble /usr/bin/cmake --install /root/master/build/master
[2.402s] -- Install configuration: ""
[2.402s] -- Installing: /root/master/install/master/lib/master/node
[2.402s] -- Set runtime path of "/root/master/install/master/lib/master/node" to ""
[2.402s] -- Up-to-date: /root/master/install/master/share/ament_index/resource_index/package_run_dependencies/master
[2.402s] -- Up-to-date: /root/master/install/master/share/ament_index/resource_index/parent_prefix_path/master
[2.402s] -- Up-to-date: /root/master/install/master/share/master/environment/ament_prefix_path.sh
[2.402s] -- Up-to-date: /root/master/install/master/share/master/environment/ament_prefix_path.dsv
[2.403s] -- Up-to-date: /root/master/install/master/share/master/environment/path.sh
[2.403s] -- Up-to-date: /root/master/install/master/share/master/environment/path.dsv
[2.403s] -- Up-to-date: /root/master/install/master/share/master/local_setup.bash
[2.403s] -- Up-to-date: /root/master/install/master/share/master/local_setup.sh
[2.403s] -- Up-to-date: /root/master/install/master/share/master/local_setup.zsh
[2.403s] -- Up-to-date: /root/master/install/master/share/master/local_setup.dsv
[2.403s] -- Installing: /root/master/install/master/share/master/package.dsv
[2.403s] -- Up-to-date: /root/master/install/master/share/ament_index/resource_index/packages/master
[2.403s] -- Up-to-date: /root/master/install/master/share/master/cmake/masterConfig.cmake
[2.403s] -- Up-to-date: /root/master/install/master/share/master/cmake/masterConfig-version.cmake
[2.403s] -- Up-to-date: /root/master/install/master/share/master/package.xml
[2.403s] Invoked command in '/root/master/build/master' returned '0': CMAKE_PREFIX_PATH=/opt/ros/humble /usr/bin/cmake --install /root/master/build/master
