[0.008s] Invoking command in '/root/workspace/build/core': CMAKE_PREFIX_PATH=${CMAKE_PREFIX_PATH}:/opt/ros/foxy /usr/bin/cmake --build /root/workspace/build/core -- -j20 -l20
[0.029s] [35m[1mScanning dependencies of target node[0m
[0.044s] [ 50%] [32mBuilding CXX object CMakeFiles/node.dir/src/offb_node.cpp.o[0m
[0.661s] [01m[K/root/workspace/src/core/src/offb_node.cpp:83:5:[m[K [01;31m[Kerror: [m[Knon-static data member declared with placeholder ‘[01m[Kauto[m[K’
[0.661s]    83 |     [01;31m[Kauto[m[K publish_offboard_control = [this]() -> void {
[0.661s]       |     [01;31m[K^~~~[m[K
[0.670s] [01m[K/root/workspace/src/core/src/offb_node.cpp:[m[K In constructor ‘[01m[KControlNode::ControlNode()[m[K’:
[0.671s] [01m[K/root/workspace/src/core/src/offb_node.cpp:48:57:[m[K [01;31m[Kerror: [m[K‘[01m[Koffbctrl_sub[m[K’ is not a member of ‘[01m[KControlNode[m[K’
[0.671s]    48 |                                 std::bind(&ControlNode::[01;31m[Koffbctrl_sub[m[K, this, std::placeholders::_1));
[0.671s]       |                                                         [01;31m[K^~~~~~~~~~~~[m[K
[0.685s] [01m[K/root/workspace/src/core/src/offb_node.cpp:[m[K At global scope:
[0.685s] [01m[K/root/workspace/src/core/src/offb_node.cpp:186:6:[m[K [01;31m[Kerror: [m[Kno declaration matches ‘[01m[Kvoid ControlNode::offbctrl_sub(std_msgs::msg::Bool_<std::allocator<void> >::SharedPtr)[m[K’
[0.685s]   186 | void [01;31m[KControlNode[m[K::offbctrl_sub(const std_msgs::msg::Bool::SharedPtr msg) {
[0.685s]       |      [01;31m[K^~~~~~~~~~~[m[K
[0.685s] [01m[K/root/workspace/src/core/src/offb_node.cpp:186:6:[m[K [01;36m[Knote: [m[Kno functions named ‘[01m[Kvoid ControlNode::offbctrl_sub(std_msgs::msg::Bool_<std::allocator<void> >::SharedPtr)[m[K’
[0.685s] [01m[K/root/workspace/src/core/src/offb_node.cpp:18:7:[m[K [01;36m[Knote: [m[K‘[01m[Kclass ControlNode[m[K’ defined here
[0.685s]    18 | class [01;36m[KControlNode[m[K : public rclcpp::Node
[0.685s]       |       [01;36m[K^~~~~~~~~~~[m[K
[2.354s] make[2]: *** [CMakeFiles/node.dir/build.make:63: CMakeFiles/node.dir/src/offb_node.cpp.o] Error 1
[2.354s] make[1]: *** [CMakeFiles/Makefile2:78: CMakeFiles/node.dir/all] Error 2
[2.354s] make: *** [Makefile:141: all] Error 2
[2.355s] Invoked command in '/root/workspace/build/core' returned '2': CMAKE_PREFIX_PATH=${CMAKE_PREFIX_PATH}:/opt/ros/foxy /usr/bin/cmake --build /root/workspace/build/core -- -j20 -l20
