-- The C compiler identification is GNU 11.4.0
-- The CXX compiler identification is GNU 11.4.0
-- Detecting C compiler ABI info
-- Detecting C compiler ABI info - done
-- Check for working C compiler: /usr/bin/cc - skipped
-- Detecting C compile features
-- Detecting C compile features - done
-- Detecting CXX compiler ABI info
-- Detecting CXX compiler ABI info - done
-- Check for working CXX compiler: /usr/bin/c++ - skipped
-- Detecting CXX compile features
-- Detecting CXX compile features - done
-- Found ament_cmake: 1.3.9 (/opt/ros/humble/share/ament_cmake/cmake)
-- Found Python3: /usr/bin/python3 (found version "3.10.12") found components: Interpreter 
-- Found rosidl_default_generators: 1.2.0 (/opt/ros/humble/share/rosidl_default_generators/cmake)
-- Using all available rosidl_typesupport_c: rosidl_typesupport_fastrtps_c;rosidl_typesupport_introspection_c
-- Found rosidl_adapter: 3.1.5 (/opt/ros/humble/share/rosidl_adapter/cmake)
-- Using all available rosidl_typesupport_cpp: rosidl_typesupport_fastrtps_cpp;rosidl_typesupport_introspection_cpp
-- Found ament_cmake_ros: 0.10.0 (/opt/ros/humble/share/ament_cmake_ros/cmake)
-- Using all available rosidl_typesupport_c: rosidl_typesupport_fastrtps_c;rosidl_typesupport_introspection_c
-- Using all available rosidl_typesupport_cpp: rosidl_typesupport_fastrtps_cpp;rosidl_typesupport_introspection_cpp
-- Found PythonInterp: /usr/bin/python3 (found suitable version "3.10.12", minimum required is "3.6") 
-- Found python_cmake_module: 0.10.0 (/opt/ros/humble/share/python_cmake_module/cmake)
-- Found PythonLibs: /usr/lib/x86_64-linux-gnu/libpython3.10.so (found suitable version "3.10.12", minimum required is "3.5") 
-- Using PYTHON_EXECUTABLE: /usr/bin/python3
-- Using PYTHON_INCLUDE_DIRS: /usr/include/python3.10
-- Using PYTHON_LIBRARIES: /usr/lib/x86_64-linux-gnu/libpython3.10.so
-- Found PythonExtra: .so  
-- Found ament_lint_auto: 0.12.11 (/opt/ros/humble/share/ament_lint_auto/cmake)
-- Added test 'copyright' to check source files copyright and LICENSE
-- Added test 'lint_cmake' to check CMake code style
-- Added test 'xmllint' to check XML markup files
-- Configuring done
-- Generating done
-- Build files have been written to: /root/workspace/build/core_msgs
[  2%] [34m[1mGenerating C code for ROS interfaces[0m
[  4%] [34m[1mGenerating C++ code for ROS interfaces[0m
[  4%] Built target ament_cmake_python_copy_core_msgs
running egg_info
creating core_msgs.egg-info
writing core_msgs.egg-info/PKG-INFO
writing dependency_links to core_msgs.egg-info/dependency_links.txt
writing top-level names to core_msgs.egg-info/top_level.txt
writing manifest file 'core_msgs.egg-info/SOURCES.txt'
reading manifest file 'core_msgs.egg-info/SOURCES.txt'
writing manifest file 'core_msgs.egg-info/SOURCES.txt'
[  4%] Built target ament_cmake_python_build_core_msgs_egg
[  4%] Built target core_msgs__cpp
[  8%] [34m[1mGenerating C++ type support for eProsima Fast-RTPS[0m
[  8%] [34m[1mGenerating C++ type support dispatch for ROS interfaces[0m
[ 10%] [34m[1mGenerating C++ introspection for ROS interfaces[0m
[ 17%] [32mBuilding C object CMakeFiles/core_msgs__rosidl_generator_c.dir/rosidl_generator_c/core_msgs/msg/detail/aux_global_position__functions.c.o[0m
[ 17%] [32mBuilding C object CMakeFiles/core_msgs__rosidl_generator_c.dir/rosidl_generator_c/core_msgs/msg/detail/status_provider__functions.c.o[0m
[ 17%] [32mBuilding C object CMakeFiles/core_msgs__rosidl_generator_c.dir/rosidl_generator_c/core_msgs/msg/detail/trajectory__functions.c.o[0m
[ 19%] [32m[1mLinking C shared library libcore_msgs__rosidl_generator_c.so[0m
[ 19%] Built target core_msgs__rosidl_generator_c
[ 25%] [34m[1mGenerating C introspection for ROS interfaces[0m
[ 25%] [34m[1mGenerating C type support for eProsima Fast-RTPS[0m
[ 25%] [34m[1mGenerating C type support dispatch for ROS interfaces[0m
[ 31%] [32mBuilding CXX object CMakeFiles/core_msgs__rosidl_typesupport_cpp.dir/rosidl_typesupport_cpp/core_msgs/msg/status_provider__type_support.cpp.o[0m
[ 31%] [32mBuilding CXX object CMakeFiles/core_msgs__rosidl_typesupport_cpp.dir/rosidl_typesupport_cpp/core_msgs/msg/aux_global_position__type_support.cpp.o[0m
[ 31%] [32mBuilding CXX object CMakeFiles/core_msgs__rosidl_typesupport_cpp.dir/rosidl_typesupport_cpp/core_msgs/msg/trajectory__type_support.cpp.o[0m
[ 34%] [32mBuilding CXX object CMakeFiles/core_msgs__rosidl_typesupport_introspection_cpp.dir/rosidl_typesupport_introspection_cpp/core_msgs/msg/detail/trajectory__type_support.cpp.o[0m
[ 36%] [32mBuilding CXX object CMakeFiles/core_msgs__rosidl_typesupport_introspection_cpp.dir/rosidl_typesupport_introspection_cpp/core_msgs/msg/detail/aux_global_position__type_support.cpp.o[0m
[ 38%] [32mBuilding CXX object CMakeFiles/core_msgs__rosidl_typesupport_introspection_cpp.dir/rosidl_typesupport_introspection_cpp/core_msgs/msg/detail/status_provider__type_support.cpp.o[0m
[ 40%] [32mBuilding CXX object CMakeFiles/core_msgs__rosidl_typesupport_fastrtps_cpp.dir/rosidl_typesupport_fastrtps_cpp/core_msgs/msg/detail/dds_fastrtps/aux_global_position__type_support.cpp.o[0m
[ 42%] [32mBuilding CXX object CMakeFiles/core_msgs__rosidl_typesupport_fastrtps_cpp.dir/rosidl_typesupport_fastrtps_cpp/core_msgs/msg/detail/dds_fastrtps/status_provider__type_support.cpp.o[0m
[ 44%] [32mBuilding CXX object CMakeFiles/core_msgs__rosidl_typesupport_fastrtps_cpp.dir/rosidl_typesupport_fastrtps_cpp/core_msgs/msg/detail/dds_fastrtps/trajectory__type_support.cpp.o[0m
[ 48%] [32mBuilding CXX object CMakeFiles/core_msgs__rosidl_typesupport_c.dir/rosidl_typesupport_c/core_msgs/msg/status_provider__type_support.cpp.o[0m
[ 48%] [32mBuilding CXX object CMakeFiles/core_msgs__rosidl_typesupport_c.dir/rosidl_typesupport_c/core_msgs/msg/trajectory__type_support.cpp.o[0m
[ 51%] [32mBuilding CXX object CMakeFiles/core_msgs__rosidl_typesupport_c.dir/rosidl_typesupport_c/core_msgs/msg/aux_global_position__type_support.cpp.o[0m
[ 55%] [32mBuilding C object CMakeFiles/core_msgs__rosidl_typesupport_introspection_c.dir/rosidl_typesupport_introspection_c/core_msgs/msg/detail/aux_global_position__type_support.c.o[0m
[ 55%] [32mBuilding C object CMakeFiles/core_msgs__rosidl_typesupport_introspection_c.dir/rosidl_typesupport_introspection_c/core_msgs/msg/detail/trajectory__type_support.c.o[0m
[ 57%] [32mBuilding C object CMakeFiles/core_msgs__rosidl_typesupport_introspection_c.dir/rosidl_typesupport_introspection_c/core_msgs/msg/detail/status_provider__type_support.c.o[0m
[ 61%] [32mBuilding CXX object CMakeFiles/core_msgs__rosidl_typesupport_fastrtps_c.dir/rosidl_typesupport_fastrtps_c/core_msgs/msg/detail/trajectory__type_support_c.cpp.o[0m
[ 61%] [32mBuilding CXX object CMakeFiles/core_msgs__rosidl_typesupport_fastrtps_c.dir/rosidl_typesupport_fastrtps_c/core_msgs/msg/detail/status_provider__type_support_c.cpp.o[0m
[ 63%] [32mBuilding CXX object CMakeFiles/core_msgs__rosidl_typesupport_fastrtps_c.dir/rosidl_typesupport_fastrtps_c/core_msgs/msg/detail/aux_global_position__type_support_c.cpp.o[0m
[ 65%] [32m[1mLinking CXX shared library libcore_msgs__rosidl_typesupport_c.so[0m
[ 68%] [32m[1mLinking C shared library libcore_msgs__rosidl_typesupport_introspection_c.so[0m
[ 68%] Built target core_msgs__rosidl_typesupport_c
[ 68%] Built target core_msgs__rosidl_typesupport_introspection_c
[ 70%] [32m[1mLinking CXX shared library libcore_msgs__rosidl_typesupport_cpp.so[0m
[ 72%] [32m[1mLinking CXX shared library libcore_msgs__rosidl_typesupport_introspection_cpp.so[0m
[ 72%] Built target core_msgs__rosidl_typesupport_cpp
[ 74%] [32m[1mLinking CXX shared library libcore_msgs__rosidl_typesupport_fastrtps_cpp.so[0m
[ 74%] Built target core_msgs__rosidl_typesupport_introspection_cpp
[ 74%] Built target core_msgs__rosidl_typesupport_fastrtps_cpp
[ 76%] [32m[1mLinking CXX shared library libcore_msgs__rosidl_typesupport_fastrtps_c.so[0m
[ 76%] Built target core_msgs__rosidl_typesupport_fastrtps_c
[ 76%] Built target core_msgs
[ 78%] [34m[1mGenerating Python code for ROS interfaces[0m
[ 78%] Built target core_msgs__py
[ 80%] [32mBuilding C object CMakeFiles/core_msgs__rosidl_generator_py.dir/rosidl_generator_py/core_msgs/msg/_trajectory_s.c.o[0m
[ 82%] [32mBuilding C object CMakeFiles/core_msgs__rosidl_generator_py.dir/rosidl_generator_py/core_msgs/msg/_aux_global_position_s.c.o[0m
[ 85%] [32mBuilding C object CMakeFiles/core_msgs__rosidl_generator_py.dir/rosidl_generator_py/core_msgs/msg/_status_provider_s.c.o[0m
[ 87%] [32m[1mLinking C shared library rosidl_generator_py/core_msgs/libcore_msgs__rosidl_generator_py.so[0m
[ 87%] Built target core_msgs__rosidl_generator_py
[ 91%] [32mBuilding C object CMakeFiles/core_msgs__rosidl_typesupport_c__pyext.dir/rosidl_generator_py/core_msgs/_core_msgs_s.ep.rosidl_typesupport_c.c.o[0m
[ 91%] [32mBuilding C object CMakeFiles/core_msgs__rosidl_typesupport_fastrtps_c__pyext.dir/rosidl_generator_py/core_msgs/_core_msgs_s.ep.rosidl_typesupport_fastrtps_c.c.o[0m
[ 93%] [32mBuilding C object CMakeFiles/core_msgs__rosidl_typesupport_introspection_c__pyext.dir/rosidl_generator_py/core_msgs/_core_msgs_s.ep.rosidl_typesupport_introspection_c.c.o[0m
[ 95%] [32m[1mLinking C shared library rosidl_generator_py/core_msgs/core_msgs_s__rosidl_typesupport_introspection_c.cpython-310-x86_64-linux-gnu.so[0m
[ 97%] [32m[1mLinking C shared library rosidl_generator_py/core_msgs/core_msgs_s__rosidl_typesupport_c.cpython-310-x86_64-linux-gnu.so[0m
[100%] [32m[1mLinking C shared library rosidl_generator_py/core_msgs/core_msgs_s__rosidl_typesupport_fastrtps_c.cpython-310-x86_64-linux-gnu.so[0m
[100%] Built target core_msgs__rosidl_typesupport_c__pyext
[100%] Built target core_msgs__rosidl_typesupport_introspection_c__pyext
[100%] Built target core_msgs__rosidl_typesupport_fastrtps_c__pyext
-- Install configuration: ""
-- Installing: /root/workspace/install/core_msgs/share/ament_index/resource_index/rosidl_interfaces/core_msgs
-- Installing: /root/workspace/install/core_msgs/include/core_msgs/core_msgs
-- Installing: /root/workspace/install/core_msgs/include/core_msgs/core_msgs/msg
-- Installing: /root/workspace/install/core_msgs/include/core_msgs/core_msgs/msg/status_provider.h
-- Installing: /root/workspace/install/core_msgs/include/core_msgs/core_msgs/msg/detail
-- Installing: /root/workspace/install/core_msgs/include/core_msgs/core_msgs/msg/detail/trajectory__functions.h
-- Installing: /root/workspace/install/core_msgs/include/core_msgs/core_msgs/msg/detail/trajectory__type_support.h
-- Installing: /root/workspace/install/core_msgs/include/core_msgs/core_msgs/msg/detail/aux_global_position__functions.c
-- Installing: /root/workspace/install/core_msgs/include/core_msgs/core_msgs/msg/detail/trajectory__struct.h
-- Installing: /root/workspace/install/core_msgs/include/core_msgs/core_msgs/msg/detail/trajectory__functions.c
-- Installing: /root/workspace/install/core_msgs/include/core_msgs/core_msgs/msg/detail/status_provider__functions.h
-- Installing: /root/workspace/install/core_msgs/include/core_msgs/core_msgs/msg/detail/aux_global_position__type_support.h
-- Installing: /root/workspace/install/core_msgs/include/core_msgs/core_msgs/msg/detail/aux_global_position__functions.h
-- Installing: /root/workspace/install/core_msgs/include/core_msgs/core_msgs/msg/detail/aux_global_position__struct.h
-- Installing: /root/workspace/install/core_msgs/include/core_msgs/core_msgs/msg/detail/status_provider__type_support.h
-- Installing: /root/workspace/install/core_msgs/include/core_msgs/core_msgs/msg/detail/status_provider__struct.h
-- Installing: /root/workspace/install/core_msgs/include/core_msgs/core_msgs/msg/detail/status_provider__functions.c
-- Installing: /root/workspace/install/core_msgs/include/core_msgs/core_msgs/msg/aux_global_position.h
-- Installing: /root/workspace/install/core_msgs/include/core_msgs/core_msgs/msg/trajectory.h
-- Installing: /root/workspace/install/core_msgs/include/core_msgs/core_msgs/msg/rosidl_generator_c__visibility_control.h
-- Installing: /root/workspace/install/core_msgs/share/core_msgs/environment/library_path.sh
-- Installing: /root/workspace/install/core_msgs/share/core_msgs/environment/library_path.dsv
-- Installing: /root/workspace/install/core_msgs/lib/libcore_msgs__rosidl_generator_c.so
-- Set runtime path of "/root/workspace/install/core_msgs/lib/libcore_msgs__rosidl_generator_c.so" to ""
-- Up-to-date: /root/workspace/install/core_msgs/include/core_msgs/core_msgs
-- Up-to-date: /root/workspace/install/core_msgs/include/core_msgs/core_msgs/msg
-- Up-to-date: /root/workspace/install/core_msgs/include/core_msgs/core_msgs/msg/detail
-- Installing: /root/workspace/install/core_msgs/include/core_msgs/core_msgs/msg/detail/trajectory__rosidl_typesupport_fastrtps_c.h
-- Installing: /root/workspace/install/core_msgs/include/core_msgs/core_msgs/msg/detail/status_provider__rosidl_typesupport_fastrtps_c.h
-- Installing: /root/workspace/install/core_msgs/include/core_msgs/core_msgs/msg/detail/aux_global_position__rosidl_typesupport_fastrtps_c.h
-- Installing: /root/workspace/install/core_msgs/include/core_msgs/core_msgs/msg/rosidl_typesupport_fastrtps_c__visibility_control.h
-- Installing: /root/workspace/install/core_msgs/lib/libcore_msgs__rosidl_typesupport_fastrtps_c.so
-- Set runtime path of "/root/workspace/install/core_msgs/lib/libcore_msgs__rosidl_typesupport_fastrtps_c.so" to ""
-- Up-to-date: /root/workspace/install/core_msgs/include/core_msgs/core_msgs
-- Up-to-date: /root/workspace/install/core_msgs/include/core_msgs/core_msgs/msg
-- Installing: /root/workspace/install/core_msgs/include/core_msgs/core_msgs/msg/rosidl_typesupport_introspection_c__visibility_control.h
-- Up-to-date: /root/workspace/install/core_msgs/include/core_msgs/core_msgs/msg/detail
-- Installing: /root/workspace/install/core_msgs/include/core_msgs/core_msgs/msg/detail/aux_global_position__rosidl_typesupport_introspection_c.h
-- Installing: /root/workspace/install/core_msgs/include/core_msgs/core_msgs/msg/detail/trajectory__rosidl_typesupport_introspection_c.h
-- Installing: /root/workspace/install/core_msgs/include/core_msgs/core_msgs/msg/detail/status_provider__type_support.c
-- Installing: /root/workspace/install/core_msgs/include/core_msgs/core_msgs/msg/detail/aux_global_position__type_support.c
-- Installing: /root/workspace/install/core_msgs/include/core_msgs/core_msgs/msg/detail/trajectory__type_support.c
-- Installing: /root/workspace/install/core_msgs/include/core_msgs/core_msgs/msg/detail/status_provider__rosidl_typesupport_introspection_c.h
-- Installing: /root/workspace/install/core_msgs/lib/libcore_msgs__rosidl_typesupport_introspection_c.so
-- Set runtime path of "/root/workspace/install/core_msgs/lib/libcore_msgs__rosidl_typesupport_introspection_c.so" to ""
-- Installing: /root/workspace/install/core_msgs/lib/libcore_msgs__rosidl_typesupport_c.so
-- Set runtime path of "/root/workspace/install/core_msgs/lib/libcore_msgs__rosidl_typesupport_c.so" to ""
-- Up-to-date: /root/workspace/install/core_msgs/include/core_msgs/core_msgs
-- Up-to-date: /root/workspace/install/core_msgs/include/core_msgs/core_msgs/msg
-- Up-to-date: /root/workspace/install/core_msgs/include/core_msgs/core_msgs/msg/detail
-- Installing: /root/workspace/install/core_msgs/include/core_msgs/core_msgs/msg/detail/trajectory__builder.hpp
-- Installing: /root/workspace/install/core_msgs/include/core_msgs/core_msgs/msg/detail/trajectory__traits.hpp
-- Installing: /root/workspace/install/core_msgs/include/core_msgs/core_msgs/msg/detail/status_provider__builder.hpp
-- Installing: /root/workspace/install/core_msgs/include/core_msgs/core_msgs/msg/detail/aux_global_position__struct.hpp
-- Installing: /root/workspace/install/core_msgs/include/core_msgs/core_msgs/msg/detail/aux_global_position__traits.hpp
-- Installing: /root/workspace/install/core_msgs/include/core_msgs/core_msgs/msg/detail/aux_global_position__builder.hpp
-- Installing: /root/workspace/install/core_msgs/include/core_msgs/core_msgs/msg/detail/trajectory__struct.hpp
-- Installing: /root/workspace/install/core_msgs/include/core_msgs/core_msgs/msg/detail/status_provider__traits.hpp
-- Installing: /root/workspace/install/core_msgs/include/core_msgs/core_msgs/msg/detail/status_provider__struct.hpp
-- Installing: /root/workspace/install/core_msgs/include/core_msgs/core_msgs/msg/aux_global_position.hpp
-- Installing: /root/workspace/install/core_msgs/include/core_msgs/core_msgs/msg/status_provider.hpp
-- Installing: /root/workspace/install/core_msgs/include/core_msgs/core_msgs/msg/trajectory.hpp
-- Up-to-date: /root/workspace/install/core_msgs/include/core_msgs/core_msgs
-- Up-to-date: /root/workspace/install/core_msgs/include/core_msgs/core_msgs/msg
-- Up-to-date: /root/workspace/install/core_msgs/include/core_msgs/core_msgs/msg/detail
-- Installing: /root/workspace/install/core_msgs/include/core_msgs/core_msgs/msg/detail/status_provider__rosidl_typesupport_fastrtps_cpp.hpp
-- Installing: /root/workspace/install/core_msgs/include/core_msgs/core_msgs/msg/detail/dds_fastrtps
-- Installing: /root/workspace/install/core_msgs/include/core_msgs/core_msgs/msg/detail/trajectory__rosidl_typesupport_fastrtps_cpp.hpp
-- Installing: /root/workspace/install/core_msgs/include/core_msgs/core_msgs/msg/detail/aux_global_position__rosidl_typesupport_fastrtps_cpp.hpp
-- Installing: /root/workspace/install/core_msgs/include/core_msgs/core_msgs/msg/rosidl_typesupport_fastrtps_cpp__visibility_control.h
-- Installing: /root/workspace/install/core_msgs/lib/libcore_msgs__rosidl_typesupport_fastrtps_cpp.so
-- Set runtime path of "/root/workspace/install/core_msgs/lib/libcore_msgs__rosidl_typesupport_fastrtps_cpp.so" to ""
-- Up-to-date: /root/workspace/install/core_msgs/include/core_msgs/core_msgs
-- Up-to-date: /root/workspace/install/core_msgs/include/core_msgs/core_msgs/msg
-- Up-to-date: /root/workspace/install/core_msgs/include/core_msgs/core_msgs/msg/detail
-- Installing: /root/workspace/install/core_msgs/include/core_msgs/core_msgs/msg/detail/trajectory__type_support.cpp
-- Installing: /root/workspace/install/core_msgs/include/core_msgs/core_msgs/msg/detail/aux_global_position__type_support.cpp
-- Installing: /root/workspace/install/core_msgs/include/core_msgs/core_msgs/msg/detail/status_provider__type_support.cpp
-- Installing: /root/workspace/install/core_msgs/include/core_msgs/core_msgs/msg/detail/aux_global_position__rosidl_typesupport_introspection_cpp.hpp
-- Installing: /root/workspace/install/core_msgs/include/core_msgs/core_msgs/msg/detail/status_provider__rosidl_typesupport_introspection_cpp.hpp
-- Installing: /root/workspace/install/core_msgs/include/core_msgs/core_msgs/msg/detail/trajectory__rosidl_typesupport_introspection_cpp.hpp
-- Installing: /root/workspace/install/core_msgs/lib/libcore_msgs__rosidl_typesupport_introspection_cpp.so
-- Set runtime path of "/root/workspace/install/core_msgs/lib/libcore_msgs__rosidl_typesupport_introspection_cpp.so" to ""
-- Installing: /root/workspace/install/core_msgs/lib/libcore_msgs__rosidl_typesupport_cpp.so
-- Set runtime path of "/root/workspace/install/core_msgs/lib/libcore_msgs__rosidl_typesupport_cpp.so" to ""
-- Installing: /root/workspace/install/core_msgs/share/core_msgs/environment/pythonpath.sh
-- Installing: /root/workspace/install/core_msgs/share/core_msgs/environment/pythonpath.dsv
-- Installing: /root/workspace/install/core_msgs/local/lib/python3.10/dist-packages/core_msgs-0.0.0-py3.10.egg-info
-- Installing: /root/workspace/install/core_msgs/local/lib/python3.10/dist-packages/core_msgs-0.0.0-py3.10.egg-info/dependency_links.txt
-- Installing: /root/workspace/install/core_msgs/local/lib/python3.10/dist-packages/core_msgs-0.0.0-py3.10.egg-info/PKG-INFO
-- Installing: /root/workspace/install/core_msgs/local/lib/python3.10/dist-packages/core_msgs-0.0.0-py3.10.egg-info/top_level.txt
-- Installing: /root/workspace/install/core_msgs/local/lib/python3.10/dist-packages/core_msgs-0.0.0-py3.10.egg-info/SOURCES.txt
-- Installing: /root/workspace/install/core_msgs/local/lib/python3.10/dist-packages/core_msgs
-- Installing: /root/workspace/install/core_msgs/local/lib/python3.10/dist-packages/core_msgs/core_msgs_s__rosidl_typesupport_introspection_c.cpython-310-x86_64-linux-gnu.so
-- Installing: /root/workspace/install/core_msgs/local/lib/python3.10/dist-packages/core_msgs/__init__.py
-- Installing: /root/workspace/install/core_msgs/local/lib/python3.10/dist-packages/core_msgs/core_msgs_s__rosidl_typesupport_c.cpython-310-x86_64-linux-gnu.so
-- Installing: /root/workspace/install/core_msgs/local/lib/python3.10/dist-packages/core_msgs/_core_msgs_s.ep.rosidl_typesupport_introspection_c.c
-- Installing: /root/workspace/install/core_msgs/local/lib/python3.10/dist-packages/core_msgs/core_msgs_s__rosidl_typesupport_fastrtps_c.cpython-310-x86_64-linux-gnu.so
-- Installing: /root/workspace/install/core_msgs/local/lib/python3.10/dist-packages/core_msgs/_core_msgs_s.ep.rosidl_typesupport_fastrtps_c.c
-- Installing: /root/workspace/install/core_msgs/local/lib/python3.10/dist-packages/core_msgs/libcore_msgs__rosidl_generator_py.so
-- Installing: /root/workspace/install/core_msgs/local/lib/python3.10/dist-packages/core_msgs/msg
-- Installing: /root/workspace/install/core_msgs/local/lib/python3.10/dist-packages/core_msgs/msg/_status_provider_s.c
-- Installing: /root/workspace/install/core_msgs/local/lib/python3.10/dist-packages/core_msgs/msg/_aux_global_position.py
-- Installing: /root/workspace/install/core_msgs/local/lib/python3.10/dist-packages/core_msgs/msg/__init__.py
-- Installing: /root/workspace/install/core_msgs/local/lib/python3.10/dist-packages/core_msgs/msg/_status_provider.py
-- Installing: /root/workspace/install/core_msgs/local/lib/python3.10/dist-packages/core_msgs/msg/_aux_global_position_s.c
-- Installing: /root/workspace/install/core_msgs/local/lib/python3.10/dist-packages/core_msgs/msg/_trajectory_s.c
-- Installing: /root/workspace/install/core_msgs/local/lib/python3.10/dist-packages/core_msgs/msg/_trajectory.py
-- Installing: /root/workspace/install/core_msgs/local/lib/python3.10/dist-packages/core_msgs/_core_msgs_s.ep.rosidl_typesupport_c.c
Listing '/root/workspace/install/core_msgs/local/lib/python3.10/dist-packages/core_msgs'...
Compiling '/root/workspace/install/core_msgs/local/lib/python3.10/dist-packages/core_msgs/__init__.py'...
Listing '/root/workspace/install/core_msgs/local/lib/python3.10/dist-packages/core_msgs/msg'...
Compiling '/root/workspace/install/core_msgs/local/lib/python3.10/dist-packages/core_msgs/msg/__init__.py'...
Compiling '/root/workspace/install/core_msgs/local/lib/python3.10/dist-packages/core_msgs/msg/_aux_global_position.py'...
Compiling '/root/workspace/install/core_msgs/local/lib/python3.10/dist-packages/core_msgs/msg/_status_provider.py'...
Compiling '/root/workspace/install/core_msgs/local/lib/python3.10/dist-packages/core_msgs/msg/_trajectory.py'...
-- Installing: /root/workspace/install/core_msgs/local/lib/python3.10/dist-packages/core_msgs/core_msgs_s__rosidl_typesupport_fastrtps_c.cpython-310-x86_64-linux-gnu.so
-- Set runtime path of "/root/workspace/install/core_msgs/local/lib/python3.10/dist-packages/core_msgs/core_msgs_s__rosidl_typesupport_fastrtps_c.cpython-310-x86_64-linux-gnu.so" to ""
-- Installing: /root/workspace/install/core_msgs/local/lib/python3.10/dist-packages/core_msgs/core_msgs_s__rosidl_typesupport_introspection_c.cpython-310-x86_64-linux-gnu.so
-- Set runtime path of "/root/workspace/install/core_msgs/local/lib/python3.10/dist-packages/core_msgs/core_msgs_s__rosidl_typesupport_introspection_c.cpython-310-x86_64-linux-gnu.so" to ""
-- Installing: /root/workspace/install/core_msgs/local/lib/python3.10/dist-packages/core_msgs/core_msgs_s__rosidl_typesupport_c.cpython-310-x86_64-linux-gnu.so
-- Set runtime path of "/root/workspace/install/core_msgs/local/lib/python3.10/dist-packages/core_msgs/core_msgs_s__rosidl_typesupport_c.cpython-310-x86_64-linux-gnu.so" to ""
-- Installing: /root/workspace/install/core_msgs/lib/libcore_msgs__rosidl_generator_py.so
-- Set runtime path of "/root/workspace/install/core_msgs/lib/libcore_msgs__rosidl_generator_py.so" to ""
-- Installing: /root/workspace/install/core_msgs/share/core_msgs/msg/Trajectory.idl
-- Installing: /root/workspace/install/core_msgs/share/core_msgs/msg/AuxGlobalPosition.idl
-- Installing: /root/workspace/install/core_msgs/share/core_msgs/msg/StatusProvider.idl
-- Installing: /root/workspace/install/core_msgs/share/core_msgs/msg/Trajectory.msg
-- Installing: /root/workspace/install/core_msgs/share/core_msgs/msg/AuxGlobalPosition.msg
-- Installing: /root/workspace/install/core_msgs/share/core_msgs/msg/StatusProvider.msg
-- Installing: /root/workspace/install/core_msgs/share/ament_index/resource_index/package_run_dependencies/core_msgs
-- Installing: /root/workspace/install/core_msgs/share/ament_index/resource_index/parent_prefix_path/core_msgs
-- Installing: /root/workspace/install/core_msgs/share/core_msgs/environment/ament_prefix_path.sh
-- Installing: /root/workspace/install/core_msgs/share/core_msgs/environment/ament_prefix_path.dsv
-- Installing: /root/workspace/install/core_msgs/share/core_msgs/environment/path.sh
-- Installing: /root/workspace/install/core_msgs/share/core_msgs/environment/path.dsv
-- Installing: /root/workspace/install/core_msgs/share/core_msgs/local_setup.bash
-- Installing: /root/workspace/install/core_msgs/share/core_msgs/local_setup.sh
-- Installing: /root/workspace/install/core_msgs/share/core_msgs/local_setup.zsh
-- Installing: /root/workspace/install/core_msgs/share/core_msgs/local_setup.dsv
-- Installing: /root/workspace/install/core_msgs/share/core_msgs/package.dsv
-- Installing: /root/workspace/install/core_msgs/share/ament_index/resource_index/packages/core_msgs
-- Installing: /root/workspace/install/core_msgs/share/core_msgs/cmake/export_core_msgs__rosidl_generator_cExport.cmake
-- Installing: /root/workspace/install/core_msgs/share/core_msgs/cmake/export_core_msgs__rosidl_generator_cExport-noconfig.cmake
-- Installing: /root/workspace/install/core_msgs/share/core_msgs/cmake/export_core_msgs__rosidl_typesupport_fastrtps_cExport.cmake
-- Installing: /root/workspace/install/core_msgs/share/core_msgs/cmake/export_core_msgs__rosidl_typesupport_fastrtps_cExport-noconfig.cmake
-- Installing: /root/workspace/install/core_msgs/share/core_msgs/cmake/core_msgs__rosidl_typesupport_introspection_cExport.cmake
-- Installing: /root/workspace/install/core_msgs/share/core_msgs/cmake/core_msgs__rosidl_typesupport_introspection_cExport-noconfig.cmake
-- Installing: /root/workspace/install/core_msgs/share/core_msgs/cmake/core_msgs__rosidl_typesupport_cExport.cmake
-- Installing: /root/workspace/install/core_msgs/share/core_msgs/cmake/core_msgs__rosidl_typesupport_cExport-noconfig.cmake
-- Installing: /root/workspace/install/core_msgs/share/core_msgs/cmake/export_core_msgs__rosidl_generator_cppExport.cmake
-- Installing: /root/workspace/install/core_msgs/share/core_msgs/cmake/export_core_msgs__rosidl_typesupport_fastrtps_cppExport.cmake
-- Installing: /root/workspace/install/core_msgs/share/core_msgs/cmake/export_core_msgs__rosidl_typesupport_fastrtps_cppExport-noconfig.cmake
-- Installing: /root/workspace/install/core_msgs/share/core_msgs/cmake/core_msgs__rosidl_typesupport_introspection_cppExport.cmake
-- Installing: /root/workspace/install/core_msgs/share/core_msgs/cmake/core_msgs__rosidl_typesupport_introspection_cppExport-noconfig.cmake
-- Installing: /root/workspace/install/core_msgs/share/core_msgs/cmake/core_msgs__rosidl_typesupport_cppExport.cmake
-- Installing: /root/workspace/install/core_msgs/share/core_msgs/cmake/core_msgs__rosidl_typesupport_cppExport-noconfig.cmake
-- Installing: /root/workspace/install/core_msgs/share/core_msgs/cmake/export_core_msgs__rosidl_generator_pyExport.cmake
-- Installing: /root/workspace/install/core_msgs/share/core_msgs/cmake/export_core_msgs__rosidl_generator_pyExport-noconfig.cmake
-- Installing: /root/workspace/install/core_msgs/share/core_msgs/cmake/rosidl_cmake-extras.cmake
-- Installing: /root/workspace/install/core_msgs/share/core_msgs/cmake/ament_cmake_export_include_directories-extras.cmake
-- Installing: /root/workspace/install/core_msgs/share/core_msgs/cmake/ament_cmake_export_libraries-extras.cmake
-- Installing: /root/workspace/install/core_msgs/share/core_msgs/cmake/ament_cmake_export_targets-extras.cmake
-- Installing: /root/workspace/install/core_msgs/share/core_msgs/cmake/rosidl_cmake_export_typesupport_targets-extras.cmake
-- Installing: /root/workspace/install/core_msgs/share/core_msgs/cmake/ament_cmake_export_dependencies-extras.cmake
-- Installing: /root/workspace/install/core_msgs/share/core_msgs/cmake/rosidl_cmake_export_typesupport_libraries-extras.cmake
-- Installing: /root/workspace/install/core_msgs/share/core_msgs/cmake/core_msgsConfig.cmake
-- Installing: /root/workspace/install/core_msgs/share/core_msgs/cmake/core_msgsConfig-version.cmake
-- Installing: /root/workspace/install/core_msgs/share/core_msgs/package.xml
