[0.005s] Invoking command in '/root/workspace/build/link': AMENT_PREFIX_PATH=/root/workspace/install/core_msgs:${AMENT_PREFIX_PATH} CMAKE_PREFIX_PATH=/root/workspace/install/core_msgs:/opt/ros/humble LD_LIBRARY_PATH=/root/workspace/install/core_msgs/lib:${LD_LIBRARY_PATH} PYTHONPATH=/root/workspace/install/core_msgs/local/lib/python3.10/dist-packages:${PYTHONPATH} /usr/bin/cmake /root/workspace/src/link -DCMAKE_INSTALL_PREFIX=/root/workspace/install/link
[0.028s] -- The C compiler identification is GNU 11.4.0
[0.055s] -- The CXX compiler identification is GNU 11.4.0
[0.059s] -- Detecting C compiler ABI info
[0.089s] -- Detecting C compiler ABI info - done
[0.093s] -- Check for working C compiler: /usr/bin/cc - skipped
[0.093s] -- Detecting C compile features
[0.093s] -- Detecting C compile features - done
[0.095s] -- Detecting CXX compiler ABI info
[0.133s] -- Detecting CXX compiler ABI info - done
[0.137s] -- Check for working CXX compiler: /usr/bin/c++ - skipped
[0.137s] -- Detecting CXX compile features
[0.138s] -- Detecting CXX compile features - done
[0.139s] -- Found ament_cmake: 1.3.9 (/opt/ros/humble/share/ament_cmake/cmake)
[0.202s] -- Found Python3: /usr/bin/python3 (found version "3.10.12") found components: Interpreter 
[0.244s] -- Found rclcpp: 16.0.9 (/opt/ros/humble/share/rclcpp/cmake)
[0.262s] -- Found rosidl_generator_c: 3.1.5 (/opt/ros/humble/share/rosidl_generator_c/cmake)
[0.265s] -- Found rosidl_adapter: 3.1.5 (/opt/ros/humble/share/rosidl_adapter/cmake)
[0.269s] -- Found rosidl_generator_cpp: 3.1.5 (/opt/ros/humble/share/rosidl_generator_cpp/cmake)
[0.276s] -- Using all available rosidl_typesupport_c: rosidl_typesupport_fastrtps_c;rosidl_typesupport_introspection_c
[0.285s] -- Using all available rosidl_typesupport_cpp: rosidl_typesupport_fastrtps_cpp;rosidl_typesupport_introspection_cpp
[0.322s] -- Found rmw_implementation_cmake: 6.1.2 (/opt/ros/humble/share/rmw_implementation_cmake/cmake)
[0.323s] -- Found rmw_fastrtps_cpp: 6.2.6 (/opt/ros/humble/share/rmw_fastrtps_cpp/cmake)
[0.364s] -- Found OpenSSL: /usr/lib/x86_64-linux-gnu/libcrypto.so (found version "3.0.2")  
[0.374s] -- Found FastRTPS: /opt/ros/humble/include  
[0.393s] -- Using RMW implementation 'rmw_fastrtps_cpp' as default
[0.398s] -- Looking for pthread.h
[0.429s] -- Looking for pthread.h - found
[0.429s] -- Performing Test CMAKE_HAVE_LIBC_PTHREAD
[0.462s] -- Performing Test CMAKE_HAVE_LIBC_PTHREAD - Success
[0.463s] -- Found Threads: TRUE  
[0.549s] -- Found core_msgs: 0.0.0 (/root/workspace/install/core_msgs/share/core_msgs/cmake)
[0.560s] -- Found nlohmann_json: /usr/lib/cmake/nlohmann_json/nlohmann_jsonConfig.cmake (found version "3.10.5") 
[0.561s] -- Found ament_lint_auto: 0.12.11 (/opt/ros/humble/share/ament_lint_auto/cmake)
[0.603s] -- Added test 'copyright' to check source files copyright and LICENSE
[0.603s] -- Added test 'cppcheck' to perform static code analysis on C / C++ code
[0.603s] -- Configured cppcheck include dirs: 
[0.603s] -- Configured cppcheck exclude dirs and/or files: 
[0.603s] -- Added test 'cpplint' to check C / C++ code against the Google style
[0.603s] -- Configured cpplint exclude dirs and/or files: 
[0.604s] -- Added test 'lint_cmake' to check CMake code style
[0.604s] -- Added test 'uncrustify' to check C / C++ code style
[0.604s] -- Configured uncrustify additional arguments: 
[0.604s] -- Added test 'xmllint' to check XML markup files
[0.605s] -- Configuring done
[0.609s] -- Generating done
[0.610s] -- Build files have been written to: /root/workspace/build/link
