[0.000000] (-) TimerEvent: {}
[0.000080] (master) JobQueued: {'identifier': 'master', 'dependencies': OrderedDict()}
[0.000098] (master) JobStarted: {'identifier': 'master'}
[0.003564] (master) JobProgress: {'identifier': 'master', 'progress': 'cmake'}
[0.003964] (master) JobProgress: {'identifier': 'master', 'progress': 'build'}
[0.004288] (master) Command: {'cmd': ['/usr/bin/cmake', '--build', '/root/master/build/master', '--', '-j20', '-l20'], 'cwd': '/root/master/build/master', 'env': OrderedDict([('HOSTNAME', 'GTX-3060-2'), ('SHLVL', '1'), ('LD_LIBRARY_PATH', '/opt/ros/humble/lib/x86_64-linux-gnu:/opt/ros/humble/lib'), ('HOME', '/root'), ('OLDPWD', '/root'), ('ROS_PYTHON_VERSION', '3'), ('ROS_DISTRO', 'humble'), ('_', '/usr/bin/colcon'), ('ROS_VERSION', '2'), ('TERM', 'xterm'), ('ROS_LOCALHOST_ONLY', '0'), ('PATH', '/opt/ros/humble/bin:/usr/local/sbin:/usr/local/bin:/usr/sbin:/usr/bin:/sbin:/bin'), ('DISPLAY', ':1'), ('LANG', 'C.UTF-8'), ('AMENT_PREFIX_PATH', '/opt/ros/humble'), ('PWD', '/root/master/build/master'), ('LC_ALL', 'C.UTF-8'), ('PYTHONPATH', '/opt/ros/humble/lib/python3.10/site-packages:/opt/ros/humble/local/lib/python3.10/dist-packages'), ('COLCON', '1'), ('CMAKE_PREFIX_PATH', '/opt/ros/humble')]), 'shell': False}
[0.024433] (master) StdoutLine: {'line': b'\x1b[35m\x1b[1mConsolidate compiler generated dependencies of target node\x1b[0m\n'}
[0.033647] (master) StdoutLine: {'line': b'[ 50%] \x1b[32mBuilding CXX object CMakeFiles/node.dir/src/master_node.cpp.o\x1b[0m\n'}
[0.099514] (-) TimerEvent: {}
[0.199713] (-) TimerEvent: {}
[0.299968] (-) TimerEvent: {}
[0.400184] (-) TimerEvent: {}
[0.500388] (-) TimerEvent: {}
[0.600638] (-) TimerEvent: {}
[0.700895] (-) TimerEvent: {}
[0.801110] (-) TimerEvent: {}
[0.901315] (-) TimerEvent: {}
[1.001471] (-) TimerEvent: {}
[1.101689] (-) TimerEvent: {}
[1.201894] (-) TimerEvent: {}
[1.302097] (-) TimerEvent: {}
[1.402299] (-) TimerEvent: {}
[1.502499] (-) TimerEvent: {}
[1.602701] (-) TimerEvent: {}
[1.702903] (-) TimerEvent: {}
[1.803105] (-) TimerEvent: {}
[1.903308] (-) TimerEvent: {}
[2.003516] (-) TimerEvent: {}
[2.103723] (-) TimerEvent: {}
[2.203925] (-) TimerEvent: {}
[2.304121] (-) TimerEvent: {}
[2.404338] (-) TimerEvent: {}
[2.470609] (master) StdoutLine: {'line': b'[100%] \x1b[32m\x1b[1mLinking CXX executable node\x1b[0m\n'}
[2.504426] (-) TimerEvent: {}
[2.565304] (master) StdoutLine: {'line': b'[100%] Built target node\n'}
[2.569962] (master) CommandEnded: {'returncode': 0}
[2.577987] (master) JobProgress: {'identifier': 'master', 'progress': 'install'}
[2.581297] (master) Command: {'cmd': ['/usr/bin/cmake', '--install', '/root/master/build/master'], 'cwd': '/root/master/build/master', 'env': OrderedDict([('HOSTNAME', 'GTX-3060-2'), ('SHLVL', '1'), ('LD_LIBRARY_PATH', '/opt/ros/humble/lib/x86_64-linux-gnu:/opt/ros/humble/lib'), ('HOME', '/root'), ('OLDPWD', '/root'), ('ROS_PYTHON_VERSION', '3'), ('ROS_DISTRO', 'humble'), ('_', '/usr/bin/colcon'), ('ROS_VERSION', '2'), ('TERM', 'xterm'), ('ROS_LOCALHOST_ONLY', '0'), ('PATH', '/opt/ros/humble/bin:/usr/local/sbin:/usr/local/bin:/usr/sbin:/usr/bin:/sbin:/bin'), ('DISPLAY', ':1'), ('LANG', 'C.UTF-8'), ('AMENT_PREFIX_PATH', '/opt/ros/humble'), ('PWD', '/root/master/build/master'), ('LC_ALL', 'C.UTF-8'), ('PYTHONPATH', '/opt/ros/humble/lib/python3.10/site-packages:/opt/ros/humble/local/lib/python3.10/dist-packages'), ('COLCON', '1'), ('CMAKE_PREFIX_PATH', '/opt/ros/humble')]), 'shell': False}
[2.584488] (master) StdoutLine: {'line': b'-- Install configuration: ""\n'}
[2.584673] (master) StdoutLine: {'line': b'-- Installing: /root/master/install/master/lib/master/node\n'}
[2.585124] (master) StdoutLine: {'line': b'-- Set runtime path of "/root/master/install/master/lib/master/node" to ""\n'}
[2.585169] (master) StdoutLine: {'line': b'-- Up-to-date: /root/master/install/master/share/ament_index/resource_index/package_run_dependencies/master\n'}
[2.585215] (master) StdoutLine: {'line': b'-- Up-to-date: /root/master/install/master/share/ament_index/resource_index/parent_prefix_path/master\n'}
[2.585270] (master) StdoutLine: {'line': b'-- Up-to-date: /root/master/install/master/share/master/environment/ament_prefix_path.sh\n'}
[2.585319] (master) StdoutLine: {'line': b'-- Up-to-date: /root/master/install/master/share/master/environment/ament_prefix_path.dsv\n'}
[2.585351] (master) StdoutLine: {'line': b'-- Up-to-date: /root/master/install/master/share/master/environment/path.sh\n'}
[2.585383] (master) StdoutLine: {'line': b'-- Up-to-date: /root/master/install/master/share/master/environment/path.dsv\n'}
[2.585414] (master) StdoutLine: {'line': b'-- Up-to-date: /root/master/install/master/share/master/local_setup.bash\n'}
[2.585444] (master) StdoutLine: {'line': b'-- Up-to-date: /root/master/install/master/share/master/local_setup.sh\n'}
[2.585496] (master) StdoutLine: {'line': b'-- Up-to-date: /root/master/install/master/share/master/local_setup.zsh\n'}
[2.585527] (master) StdoutLine: {'line': b'-- Up-to-date: /root/master/install/master/share/master/local_setup.dsv\n'}
[2.585555] (master) StdoutLine: {'line': b'-- Installing: /root/master/install/master/share/master/package.dsv\n'}
[2.585584] (master) StdoutLine: {'line': b'-- Up-to-date: /root/master/install/master/share/ament_index/resource_index/packages/master\n'}
[2.585614] (master) StdoutLine: {'line': b'-- Up-to-date: /root/master/install/master/share/master/cmake/masterConfig.cmake\n'}
[2.585644] (master) StdoutLine: {'line': b'-- Up-to-date: /root/master/install/master/share/master/cmake/masterConfig-version.cmake\n'}
[2.585673] (master) StdoutLine: {'line': b'-- Up-to-date: /root/master/install/master/share/master/package.xml\n'}
[2.586210] (master) CommandEnded: {'returncode': 0}
[2.603146] (master) JobEnded: {'identifier': 'master', 'rc': 0}
[2.603461] (-) EventReactorShutdown: {}
