[0.000000] (-) TimerEvent: {}
[0.000169] (master) JobQueued: {'identifier': 'master', 'dependencies': OrderedDict()}
[0.000353] (master) JobStarted: {'identifier': 'master'}
[0.003951] (master) JobProgress: {'identifier': 'master', 'progress': 'cmake'}
[0.004216] (master) Command: {'cmd': ['/usr/bin/cmake', '/root/master/src/master', '-DCMAKE_INSTALL_PREFIX=/root/master/install/master'], 'cwd': '/root/master/build/master', 'env': OrderedDict([('HOSTNAME', 'GTX-3060-2'), ('SHLVL', '1'), ('LD_LIBRARY_PATH', '/opt/ros/humble/lib/x86_64-linux-gnu:/opt/ros/humble/lib'), ('HOME', '/root'), ('OLDPWD', '/root'), ('ROS_PYTHON_VERSION', '3'), ('ROS_DISTRO', 'humble'), ('_', '/usr/bin/colcon'), ('ROS_VERSION', '2'), ('TERM', 'xterm'), ('ROS_LOCALHOST_ONLY', '0'), ('PATH', '/opt/ros/humble/bin:/usr/local/sbin:/usr/local/bin:/usr/sbin:/usr/bin:/sbin:/bin'), ('DISPLAY', ':1'), ('LANG', 'C.UTF-8'), ('AMENT_PREFIX_PATH', '/opt/ros/humble'), ('PWD', '/root/master/build/master'), ('LC_ALL', 'C.UTF-8'), ('PYTHONPATH', '/opt/ros/humble/lib/python3.10/site-packages:/opt/ros/humble/local/lib/python3.10/dist-packages'), ('COLCON', '1'), ('CMAKE_PREFIX_PATH', '/opt/ros/humble')]), 'shell': False}
[0.011145] (master) StdoutLine: {'line': b'-- Found ament_cmake: 1.3.9 (/opt/ros/humble/share/ament_cmake/cmake)\n'}
[0.068900] (master) StdoutLine: {'line': b'-- Found rclcpp: 16.0.9 (/opt/ros/humble/share/rclcpp/cmake)\n'}
[0.081682] (master) StdoutLine: {'line': b'-- Found rosidl_generator_c: 3.1.5 (/opt/ros/humble/share/rosidl_generator_c/cmake)\n'}
[0.082932] (master) StdoutLine: {'line': b'-- Found rosidl_adapter: 3.1.5 (/opt/ros/humble/share/rosidl_adapter/cmake)\n'}
[0.086064] (master) StdoutLine: {'line': b'-- Found rosidl_generator_cpp: 3.1.5 (/opt/ros/humble/share/rosidl_generator_cpp/cmake)\n'}
[0.091808] (master) StdoutLine: {'line': b'-- Using all available rosidl_typesupport_c: rosidl_typesupport_fastrtps_c;rosidl_typesupport_introspection_c\n'}
[0.099901] (-) TimerEvent: {}
[0.099992] (master) StdoutLine: {'line': b'-- Using all available rosidl_typesupport_cpp: rosidl_typesupport_fastrtps_cpp;rosidl_typesupport_introspection_cpp\n'}
[0.130350] (master) StdoutLine: {'line': b'-- Found rmw_implementation_cmake: 6.1.2 (/opt/ros/humble/share/rmw_implementation_cmake/cmake)\n'}
[0.131027] (master) StdoutLine: {'line': b'-- Found rmw_fastrtps_cpp: 6.2.6 (/opt/ros/humble/share/rmw_fastrtps_cpp/cmake)\n'}
[0.178161] (master) StdoutLine: {'line': b"-- Using RMW implementation 'rmw_fastrtps_cpp' as default\n"}
[0.200016] (-) TimerEvent: {}
[0.261606] (master) StdoutLine: {'line': b'-- Found nlohmann_json: /usr/lib/cmake/nlohmann_json/nlohmann_jsonConfig.cmake (found version "3.10.5") \n'}
[0.262469] (master) StdoutLine: {'line': b'-- Found ament_lint_auto: 0.12.11 (/opt/ros/humble/share/ament_lint_auto/cmake)\n'}
[0.299805] (master) StdoutLine: {'line': b"-- Added test 'copyright' to check source files copyright and LICENSE\n"}
[0.300075] (-) TimerEvent: {}
[0.300190] (master) StdoutLine: {'line': b"-- Added test 'cppcheck' to perform static code analysis on C / C++ code\n"}
[0.300265] (master) StdoutLine: {'line': b'-- Configured cppcheck include dirs: \n'}
[0.300296] (master) StdoutLine: {'line': b'-- Configured cppcheck exclude dirs and/or files: \n'}
[0.300563] (master) StdoutLine: {'line': b"-- Added test 'cpplint' to check C / C++ code against the Google style\n"}
[0.300591] (master) StdoutLine: {'line': b'-- Configured cpplint exclude dirs and/or files: \n'}
[0.300811] (master) StdoutLine: {'line': b"-- Added test 'lint_cmake' to check CMake code style\n"}
[0.301214] (master) StdoutLine: {'line': b"-- Added test 'uncrustify' to check C / C++ code style\n"}
[0.301244] (master) StdoutLine: {'line': b'-- Configured uncrustify additional arguments: \n'}
[0.301414] (master) StdoutLine: {'line': b"-- Added test 'xmllint' to check XML markup files\n"}
[0.301899] (master) StdoutLine: {'line': b'-- Configuring done\n'}
[0.305942] (master) StdoutLine: {'line': b'-- Generating done\n'}
[0.307258] (master) StdoutLine: {'line': b'-- Build files have been written to: /root/master/build/master\n'}
[0.310085] (master) CommandEnded: {'returncode': 0}
[0.310336] (master) JobProgress: {'identifier': 'master', 'progress': 'build'}
[0.310753] (master) Command: {'cmd': ['/usr/bin/cmake', '--build', '/root/master/build/master', '--', '-j20', '-l20'], 'cwd': '/root/master/build/master', 'env': OrderedDict([('HOSTNAME', 'GTX-3060-2'), ('SHLVL', '1'), ('LD_LIBRARY_PATH', '/opt/ros/humble/lib/x86_64-linux-gnu:/opt/ros/humble/lib'), ('HOME', '/root'), ('OLDPWD', '/root'), ('ROS_PYTHON_VERSION', '3'), ('ROS_DISTRO', 'humble'), ('_', '/usr/bin/colcon'), ('ROS_VERSION', '2'), ('TERM', 'xterm'), ('ROS_LOCALHOST_ONLY', '0'), ('PATH', '/opt/ros/humble/bin:/usr/local/sbin:/usr/local/bin:/usr/sbin:/usr/bin:/sbin:/bin'), ('DISPLAY', ':1'), ('LANG', 'C.UTF-8'), ('AMENT_PREFIX_PATH', '/opt/ros/humble'), ('PWD', '/root/master/build/master'), ('LC_ALL', 'C.UTF-8'), ('PYTHONPATH', '/opt/ros/humble/lib/python3.10/site-packages:/opt/ros/humble/local/lib/python3.10/dist-packages'), ('COLCON', '1'), ('CMAKE_PREFIX_PATH', '/opt/ros/humble')]), 'shell': False}
[0.334156] (master) StdoutLine: {'line': b'[ 50%] \x1b[32mBuilding CXX object CMakeFiles/node.dir/src/master_node.cpp.o\x1b[0m\n'}
[0.400207] (-) TimerEvent: {}
[0.451915] (master) StderrLine: {'line': b'\x1b[01m\x1b[K/root/master/src/master/src/master_node.cpp:45:54:\x1b[m\x1b[K \x1b[01;35m\x1b[Kwarning: \x1b[m\x1b[Kcharacter constant too long for its type\n'}
[0.452047] (master) StderrLine: {'line': b'   45 |                 std::string PAYLOAD = std::to_string(\x1b[01;35m\x1b[K\'{"id":"0","command":"takeoff","param1":0,"param2":0,"param3":0,"param4":0,"param5":0}\'\x1b[m\x1b[K);\n'}
[0.452083] (master) StderrLine: {'line': b'      |                                                      \x1b[01;35m\x1b[K^~~~~~~~~~~~~~~~~~~~~~~~~~~~~~~~~~~~~~~~~~~~~~~~~~~~~~~~~~~~~~~~~~~~~~~~~~~~~~~~~~~~~~~\x1b[m\x1b[K\n'}
[0.500342] (-) TimerEvent: {}
[0.600545] (-) TimerEvent: {}
[0.700744] (-) TimerEvent: {}
[0.800965] (-) TimerEvent: {}
[0.901189] (-) TimerEvent: {}
[1.001394] (-) TimerEvent: {}
[1.101639] (-) TimerEvent: {}
[1.201891] (-) TimerEvent: {}
[1.302159] (-) TimerEvent: {}
[1.402420] (-) TimerEvent: {}
[1.502668] (-) TimerEvent: {}
[1.602874] (-) TimerEvent: {}
[1.703132] (-) TimerEvent: {}
[1.803388] (-) TimerEvent: {}
[1.903593] (-) TimerEvent: {}
[2.003793] (-) TimerEvent: {}
[2.103992] (-) TimerEvent: {}
[2.162313] (master) StdoutLine: {'line': b'[100%] \x1b[32m\x1b[1mLinking CXX executable node\x1b[0m\n'}
[2.204074] (-) TimerEvent: {}
[2.238795] (master) StdoutLine: {'line': b'[100%] Built target node\n'}
[2.243258] (master) CommandEnded: {'returncode': 0}
[2.251823] (master) JobProgress: {'identifier': 'master', 'progress': 'install'}
[2.255208] (master) Command: {'cmd': ['/usr/bin/cmake', '--install', '/root/master/build/master'], 'cwd': '/root/master/build/master', 'env': OrderedDict([('HOSTNAME', 'GTX-3060-2'), ('SHLVL', '1'), ('LD_LIBRARY_PATH', '/opt/ros/humble/lib/x86_64-linux-gnu:/opt/ros/humble/lib'), ('HOME', '/root'), ('OLDPWD', '/root'), ('ROS_PYTHON_VERSION', '3'), ('ROS_DISTRO', 'humble'), ('_', '/usr/bin/colcon'), ('ROS_VERSION', '2'), ('TERM', 'xterm'), ('ROS_LOCALHOST_ONLY', '0'), ('PATH', '/opt/ros/humble/bin:/usr/local/sbin:/usr/local/bin:/usr/sbin:/usr/bin:/sbin:/bin'), ('DISPLAY', ':1'), ('LANG', 'C.UTF-8'), ('AMENT_PREFIX_PATH', '/opt/ros/humble'), ('PWD', '/root/master/build/master'), ('LC_ALL', 'C.UTF-8'), ('PYTHONPATH', '/opt/ros/humble/lib/python3.10/site-packages:/opt/ros/humble/local/lib/python3.10/dist-packages'), ('COLCON', '1'), ('CMAKE_PREFIX_PATH', '/opt/ros/humble')]), 'shell': False}
[2.258548] (master) StdoutLine: {'line': b'-- Install configuration: ""\n'}
[2.258687] (master) StdoutLine: {'line': b'-- Installing: /root/master/install/master/lib/master/node\n'}
[2.258977] (master) StdoutLine: {'line': b'-- Set runtime path of "/root/master/install/master/lib/master/node" to ""\n'}
[2.259077] (master) StdoutLine: {'line': b'-- Installing: /root/master/install/master/share/ament_index/resource_index/package_run_dependencies/master\n'}
[2.259115] (master) StdoutLine: {'line': b'-- Installing: /root/master/install/master/share/ament_index/resource_index/parent_prefix_path/master\n'}
[2.259172] (master) StdoutLine: {'line': b'-- Installing: /root/master/install/master/share/master/environment/ament_prefix_path.sh\n'}
[2.259242] (master) StdoutLine: {'line': b'-- Installing: /root/master/install/master/share/master/environment/ament_prefix_path.dsv\n'}
[2.259273] (master) StdoutLine: {'line': b'-- Installing: /root/master/install/master/share/master/environment/path.sh\n'}
[2.259318] (master) StdoutLine: {'line': b'-- Installing: /root/master/install/master/share/master/environment/path.dsv\n'}
[2.259380] (master) StdoutLine: {'line': b'-- Installing: /root/master/install/master/share/master/local_setup.bash\n'}
[2.259413] (master) StdoutLine: {'line': b'-- Installing: /root/master/install/master/share/master/local_setup.sh\n'}
[2.259455] (master) StdoutLine: {'line': b'-- Installing: /root/master/install/master/share/master/local_setup.zsh\n'}
[2.259504] (master) StdoutLine: {'line': b'-- Installing: /root/master/install/master/share/master/local_setup.dsv\n'}
[2.259535] (master) StdoutLine: {'line': b'-- Installing: /root/master/install/master/share/master/package.dsv\n'}
[2.259575] (master) StdoutLine: {'line': b'-- Installing: /root/master/install/master/share/ament_index/resource_index/packages/master\n'}
[2.259617] (master) StdoutLine: {'line': b'-- Installing: /root/master/install/master/share/master/cmake/masterConfig.cmake\n'}
[2.259654] (master) StdoutLine: {'line': b'-- Installing: /root/master/install/master/share/master/cmake/masterConfig-version.cmake\n'}
[2.259727] (master) StdoutLine: {'line': b'-- Installing: /root/master/install/master/share/master/package.xml\n'}
[2.260488] (master) CommandEnded: {'returncode': 0}
[2.288735] (master) JobEnded: {'identifier': 'master', 'rc': 0}
[2.289370] (-) EventReactorShutdown: {}
