[0.057s] DEBUG:colcon:Command line arguments: ['/usr/bin/colcon', 'build']
[0.057s] DEBUG:colcon:Parsed command line arguments: Namespace(log_base=None, log_level=None, verb_name='build', build_base='build', install_base='install', merge_install=False, symlink_install=False, test_result_base=None, continue_on_error=False, executor='parallel', parallel_workers=20, event_handlers=None, ignore_user_meta=False, metas=['./colcon.meta'], base_paths=['.'], packages_ignore=None, packages_ignore_regex=None, paths=None, packages_up_to=None, packages_up_to_regex=None, packages_above=None, packages_above_and_dependencies=None, packages_above_depth=None, packages_select_by_dep=None, packages_skip_by_dep=None, packages_skip_up_to=None, packages_select_build_failed=False, packages_skip_build_finished=False, packages_select_test_failures=False, packages_skip_test_passed=False, packages_select=None, packages_skip=None, packages_select_regex=None, packages_skip_regex=None, packages_start=None, packages_end=None, cmake_args=None, cmake_target=None, cmake_target_skip_unavailable=False, cmake_clean_cache=False, cmake_clean_first=False, cmake_force_configure=False, ament_cmake_args=None, catkin_cmake_args=None, catkin_skip_building_tests=False, mixin_files=None, mixin=None, verb_parser=<colcon_mixin.mixin.mixin_argument.MixinArgumentDecorator object at 0x7f296818e830>, verb_extension=<colcon_core.verb.build.BuildVerb object at 0x7f296818e200>, main=<bound method BuildVerb.main of <colcon_core.verb.build.BuildVerb object at 0x7f296818e200>>, mixin_verb=('build',))
[0.110s] Level 1:colcon.colcon_core.package_discovery:discover_packages(colcon_meta) check parameters
[0.111s] INFO:colcon.colcon_metadata.package_discovery.colcon_meta:Using configuration from '/root/.colcon/metadata/default/Gazebo.meta'
[0.111s] INFO:colcon.colcon_metadata.package_discovery.colcon_meta:Using configuration from '/root/.colcon/metadata/default/fastrtps.meta'
[0.111s] Level 1:colcon.colcon_core.package_discovery:discover_packages(recursive) check parameters
[0.111s] Level 1:colcon.colcon_core.package_discovery:discover_packages(ignore) check parameters
[0.111s] Level 1:colcon.colcon_core.package_discovery:discover_packages(path) check parameters
[0.111s] Level 1:colcon.colcon_core.package_discovery:discover_packages(colcon_meta) discover
[0.111s] Level 1:colcon.colcon_core.package_discovery:discover_packages(recursive) discover
[0.111s] INFO:colcon.colcon_core.package_discovery:Crawling recursively for packages in '/root/workspace'
[0.111s] Level 1:colcon.colcon_core.package_identification:_identify(.) by extensions ['ignore', 'ignore_ament_install']
[0.111s] Level 1:colcon.colcon_core.package_identification:_identify(.) by extension 'ignore'
[0.111s] Level 1:colcon.colcon_core.package_identification:_identify(.) by extension 'ignore_ament_install'
[0.111s] Level 1:colcon.colcon_core.package_identification:_identify(.) by extensions ['colcon_pkg']
[0.111s] Level 1:colcon.colcon_core.package_identification:_identify(.) by extension 'colcon_pkg'
[0.111s] Level 1:colcon.colcon_core.package_identification:_identify(.) by extensions ['colcon_meta']
[0.111s] Level 1:colcon.colcon_core.package_identification:_identify(.) by extension 'colcon_meta'
[0.111s] Level 1:colcon.colcon_core.package_identification:_identify(.) by extensions ['ros']
[0.111s] Level 1:colcon.colcon_core.package_identification:_identify(.) by extension 'ros'
[0.118s] Level 1:colcon.colcon_core.package_identification:_identify(.) by extensions ['cmake', 'python']
[0.118s] Level 1:colcon.colcon_core.package_identification:_identify(.) by extension 'cmake'
[0.118s] Level 1:colcon.colcon_core.package_identification:_identify(.) by extension 'python'
[0.118s] Level 1:colcon.colcon_core.package_identification:_identify(.) by extensions ['python_setup_py']
[0.118s] Level 1:colcon.colcon_core.package_identification:_identify(.) by extension 'python_setup_py'
[0.118s] Level 1:colcon.colcon_core.package_identification:_identify(build) by extensions ['ignore', 'ignore_ament_install']
[0.118s] Level 1:colcon.colcon_core.package_identification:_identify(build) by extension 'ignore'
[0.118s] Level 1:colcon.colcon_core.package_identification:_identify(build) ignored
[0.118s] Level 1:colcon.colcon_core.package_identification:_identify(install) by extensions ['ignore', 'ignore_ament_install']
[0.118s] Level 1:colcon.colcon_core.package_identification:_identify(install) by extension 'ignore'
[0.118s] Level 1:colcon.colcon_core.package_identification:_identify(install) ignored
[0.118s] Level 1:colcon.colcon_core.package_identification:_identify(log) by extensions ['ignore', 'ignore_ament_install']
[0.118s] Level 1:colcon.colcon_core.package_identification:_identify(log) by extension 'ignore'
[0.118s] Level 1:colcon.colcon_core.package_identification:_identify(log) ignored
[0.118s] Level 1:colcon.colcon_core.package_identification:_identify(src) by extensions ['ignore', 'ignore_ament_install']
[0.118s] Level 1:colcon.colcon_core.package_identification:_identify(src) by extension 'ignore'
[0.118s] Level 1:colcon.colcon_core.package_identification:_identify(src) by extension 'ignore_ament_install'
[0.118s] Level 1:colcon.colcon_core.package_identification:_identify(src) by extensions ['colcon_pkg']
[0.118s] Level 1:colcon.colcon_core.package_identification:_identify(src) by extension 'colcon_pkg'
[0.118s] Level 1:colcon.colcon_core.package_identification:_identify(src) by extensions ['colcon_meta']
[0.118s] Level 1:colcon.colcon_core.package_identification:_identify(src) by extension 'colcon_meta'
[0.118s] Level 1:colcon.colcon_core.package_identification:_identify(src) by extensions ['ros']
[0.118s] Level 1:colcon.colcon_core.package_identification:_identify(src) by extension 'ros'
[0.118s] Level 1:colcon.colcon_core.package_identification:_identify(src) by extensions ['cmake', 'python']
[0.118s] Level 1:colcon.colcon_core.package_identification:_identify(src) by extension 'cmake'
[0.118s] Level 1:colcon.colcon_core.package_identification:_identify(src) by extension 'python'
[0.118s] Level 1:colcon.colcon_core.package_identification:_identify(src) by extensions ['python_setup_py']
[0.118s] Level 1:colcon.colcon_core.package_identification:_identify(src) by extension 'python_setup_py'
[0.118s] Level 1:colcon.colcon_core.package_identification:_identify(src/core) by extensions ['ignore', 'ignore_ament_install']
[0.118s] Level 1:colcon.colcon_core.package_identification:_identify(src/core) by extension 'ignore'
[0.118s] Level 1:colcon.colcon_core.package_identification:_identify(src/core) by extension 'ignore_ament_install'
[0.118s] Level 1:colcon.colcon_core.package_identification:_identify(src/core) by extensions ['colcon_pkg']
[0.118s] Level 1:colcon.colcon_core.package_identification:_identify(src/core) by extension 'colcon_pkg'
[0.119s] Level 1:colcon.colcon_core.package_identification:_identify(src/core) by extensions ['colcon_meta']
[0.119s] Level 1:colcon.colcon_core.package_identification:_identify(src/core) by extension 'colcon_meta'
[0.119s] Level 1:colcon.colcon_core.package_identification:_identify(src/core) by extensions ['ros']
[0.119s] Level 1:colcon.colcon_core.package_identification:_identify(src/core) by extension 'ros'
[0.120s] DEBUG:colcon.colcon_core.package_identification:Package 'src/core' with type 'ros.ament_cmake' and name 'core'
[0.120s] Level 1:colcon.colcon_core.package_identification:_identify(src/core_msgs) by extensions ['ignore', 'ignore_ament_install']
[0.120s] Level 1:colcon.colcon_core.package_identification:_identify(src/core_msgs) by extension 'ignore'
[0.120s] Level 1:colcon.colcon_core.package_identification:_identify(src/core_msgs) by extension 'ignore_ament_install'
[0.120s] Level 1:colcon.colcon_core.package_identification:_identify(src/core_msgs) by extensions ['colcon_pkg']
[0.120s] Level 1:colcon.colcon_core.package_identification:_identify(src/core_msgs) by extension 'colcon_pkg'
[0.120s] Level 1:colcon.colcon_core.package_identification:_identify(src/core_msgs) by extensions ['colcon_meta']
[0.120s] Level 1:colcon.colcon_core.package_identification:_identify(src/core_msgs) by extension 'colcon_meta'
[0.120s] Level 1:colcon.colcon_core.package_identification:_identify(src/core_msgs) by extensions ['ros']
[0.120s] Level 1:colcon.colcon_core.package_identification:_identify(src/core_msgs) by extension 'ros'
[0.120s] DEBUG:colcon.colcon_core.package_identification:Package 'src/core_msgs' with type 'ros.ament_cmake' and name 'core_msgs'
[0.121s] Level 1:colcon.colcon_core.package_identification:_identify(src/link) by extensions ['ignore', 'ignore_ament_install']
[0.121s] Level 1:colcon.colcon_core.package_identification:_identify(src/link) by extension 'ignore'
[0.121s] Level 1:colcon.colcon_core.package_identification:_identify(src/link) by extension 'ignore_ament_install'
[0.121s] Level 1:colcon.colcon_core.package_identification:_identify(src/link) by extensions ['colcon_pkg']
[0.121s] Level 1:colcon.colcon_core.package_identification:_identify(src/link) by extension 'colcon_pkg'
[0.121s] Level 1:colcon.colcon_core.package_identification:_identify(src/link) by extensions ['colcon_meta']
[0.121s] Level 1:colcon.colcon_core.package_identification:_identify(src/link) by extension 'colcon_meta'
[0.121s] Level 1:colcon.colcon_core.package_identification:_identify(src/link) by extensions ['ros']
[0.121s] Level 1:colcon.colcon_core.package_identification:_identify(src/link) by extension 'ros'
[0.121s] DEBUG:colcon.colcon_core.package_identification:Package 'src/link' with type 'ros.ament_cmake' and name 'link'
[0.121s] Level 1:colcon.colcon_core.package_discovery:discover_packages(recursive) using defaults
[0.121s] Level 1:colcon.colcon_core.package_discovery:discover_packages(ignore) discover
[0.121s] Level 1:colcon.colcon_core.package_discovery:discover_packages(ignore) using defaults
[0.121s] Level 1:colcon.colcon_core.package_discovery:discover_packages(path) discover
[0.121s] Level 1:colcon.colcon_core.package_discovery:discover_packages(path) using defaults
[0.132s] Level 5:colcon.colcon_core.verb:set package 'core_msgs' build argument 'cmake_args' from command line to 'None'
[0.132s] Level 5:colcon.colcon_core.verb:set package 'core_msgs' build argument 'cmake_target' from command line to 'None'
[0.132s] Level 5:colcon.colcon_core.verb:set package 'core_msgs' build argument 'cmake_target_skip_unavailable' from command line to 'False'
[0.132s] Level 5:colcon.colcon_core.verb:set package 'core_msgs' build argument 'cmake_clean_cache' from command line to 'False'
[0.132s] Level 5:colcon.colcon_core.verb:set package 'core_msgs' build argument 'cmake_clean_first' from command line to 'False'
[0.132s] Level 5:colcon.colcon_core.verb:set package 'core_msgs' build argument 'cmake_force_configure' from command line to 'False'
[0.132s] Level 5:colcon.colcon_core.verb:set package 'core_msgs' build argument 'ament_cmake_args' from command line to 'None'
[0.132s] Level 5:colcon.colcon_core.verb:set package 'core_msgs' build argument 'catkin_cmake_args' from command line to 'None'
[0.132s] Level 5:colcon.colcon_core.verb:set package 'core_msgs' build argument 'catkin_skip_building_tests' from command line to 'False'
[0.132s] DEBUG:colcon.colcon_core.verb:Building package 'core_msgs' with the following arguments: {'ament_cmake_args': None, 'build_base': '/root/workspace/build/core_msgs', 'catkin_cmake_args': None, 'catkin_skip_building_tests': False, 'cmake_args': None, 'cmake_clean_cache': False, 'cmake_clean_first': False, 'cmake_force_configure': False, 'cmake_target': None, 'cmake_target_skip_unavailable': False, 'install_base': '/root/workspace/install/core_msgs', 'merge_install': False, 'path': '/root/workspace/src/core_msgs', 'symlink_install': False, 'test_result_base': None}
[0.132s] Level 5:colcon.colcon_core.verb:set package 'core' build argument 'cmake_args' from command line to 'None'
[0.132s] Level 5:colcon.colcon_core.verb:set package 'core' build argument 'cmake_target' from command line to 'None'
[0.132s] Level 5:colcon.colcon_core.verb:set package 'core' build argument 'cmake_target_skip_unavailable' from command line to 'False'
[0.132s] Level 5:colcon.colcon_core.verb:set package 'core' build argument 'cmake_clean_cache' from command line to 'False'
[0.132s] Level 5:colcon.colcon_core.verb:set package 'core' build argument 'cmake_clean_first' from command line to 'False'
[0.132s] Level 5:colcon.colcon_core.verb:set package 'core' build argument 'cmake_force_configure' from command line to 'False'
[0.132s] Level 5:colcon.colcon_core.verb:set package 'core' build argument 'ament_cmake_args' from command line to 'None'
[0.132s] Level 5:colcon.colcon_core.verb:set package 'core' build argument 'catkin_cmake_args' from command line to 'None'
[0.132s] Level 5:colcon.colcon_core.verb:set package 'core' build argument 'catkin_skip_building_tests' from command line to 'False'
[0.132s] DEBUG:colcon.colcon_core.verb:Building package 'core' with the following arguments: {'ament_cmake_args': None, 'build_base': '/root/workspace/build/core', 'catkin_cmake_args': None, 'catkin_skip_building_tests': False, 'cmake_args': None, 'cmake_clean_cache': False, 'cmake_clean_first': False, 'cmake_force_configure': False, 'cmake_target': None, 'cmake_target_skip_unavailable': False, 'install_base': '/root/workspace/install/core', 'merge_install': False, 'path': '/root/workspace/src/core', 'symlink_install': False, 'test_result_base': None}
[0.133s] Level 5:colcon.colcon_core.verb:set package 'link' build argument 'cmake_args' from command line to 'None'
[0.133s] Level 5:colcon.colcon_core.verb:set package 'link' build argument 'cmake_target' from command line to 'None'
[0.133s] Level 5:colcon.colcon_core.verb:set package 'link' build argument 'cmake_target_skip_unavailable' from command line to 'False'
[0.133s] Level 5:colcon.colcon_core.verb:set package 'link' build argument 'cmake_clean_cache' from command line to 'False'
[0.133s] Level 5:colcon.colcon_core.verb:set package 'link' build argument 'cmake_clean_first' from command line to 'False'
[0.133s] Level 5:colcon.colcon_core.verb:set package 'link' build argument 'cmake_force_configure' from command line to 'False'
[0.133s] Level 5:colcon.colcon_core.verb:set package 'link' build argument 'ament_cmake_args' from command line to 'None'
[0.133s] Level 5:colcon.colcon_core.verb:set package 'link' build argument 'catkin_cmake_args' from command line to 'None'
[0.133s] Level 5:colcon.colcon_core.verb:set package 'link' build argument 'catkin_skip_building_tests' from command line to 'False'
[0.133s] DEBUG:colcon.colcon_core.verb:Building package 'link' with the following arguments: {'ament_cmake_args': None, 'build_base': '/root/workspace/build/link', 'catkin_cmake_args': None, 'catkin_skip_building_tests': False, 'cmake_args': None, 'cmake_clean_cache': False, 'cmake_clean_first': False, 'cmake_force_configure': False, 'cmake_target': None, 'cmake_target_skip_unavailable': False, 'install_base': '/root/workspace/install/link', 'merge_install': False, 'path': '/root/workspace/src/link', 'symlink_install': False, 'test_result_base': None}
[0.133s] INFO:colcon.colcon_core.executor:Executing jobs using 'parallel' executor
[0.133s] DEBUG:colcon.colcon_parallel_executor.executor.parallel:run_until_complete
[0.133s] INFO:colcon.colcon_ros.task.ament_cmake.build:Building ROS package in '/root/workspace/src/core_msgs' with build type 'ament_cmake'
[0.134s] INFO:colcon.colcon_cmake.task.cmake.build:Building CMake package in '/root/workspace/src/core_msgs'
[0.134s] INFO:colcon.colcon_core.plugin_system:Skipping extension 'colcon_core.shell.bat': Not used on non-Windows systems
[0.135s] INFO:colcon.colcon_core.shell:Skip shell extension 'powershell' for command environment: Not usable outside of PowerShell
[0.135s] DEBUG:colcon.colcon_core.shell:Skip shell extension 'dsv' for command environment
[0.139s] DEBUG:colcon.colcon_core.event_handler.log_command:Invoking command in '/root/workspace/build/core_msgs': CMAKE_PREFIX_PATH=${CMAKE_PREFIX_PATH}:/opt/ros/humble /usr/bin/cmake --build /root/workspace/build/core_msgs -- -j20 -l20
[0.287s] DEBUG:colcon.colcon_core.event_handler.log_command:Invoked command in '/root/workspace/build/core_msgs' returned '0': CMAKE_PREFIX_PATH=${CMAKE_PREFIX_PATH}:/opt/ros/humble /usr/bin/cmake --build /root/workspace/build/core_msgs -- -j20 -l20
[0.325s] DEBUG:colcon.colcon_core.event_handler.log_command:Invoking command in '/root/workspace/build/core_msgs': CMAKE_PREFIX_PATH=${CMAKE_PREFIX_PATH}:/opt/ros/humble /usr/bin/cmake --install /root/workspace/build/core_msgs
[0.351s] Level 1:colcon.colcon_core.environment:create_environment_scripts_only(core_msgs)
[0.351s] DEBUG:colcon.colcon_core.event_handler.log_command:Invoked command in '/root/workspace/build/core_msgs' returned '0': CMAKE_PREFIX_PATH=${CMAKE_PREFIX_PATH}:/opt/ros/humble /usr/bin/cmake --install /root/workspace/build/core_msgs
[0.352s] Level 1:colcon.colcon_core.environment:checking '/root/workspace/install/core_msgs' for CMake module files
[0.352s] Level 1:colcon.colcon_core.environment:checking '/root/workspace/install/core_msgs' for CMake config files
[0.352s] Level 1:colcon.colcon_core.shell:create_environment_hook('core_msgs', 'cmake_prefix_path')
[0.352s] INFO:colcon.colcon_core.shell:Creating environment hook '/root/workspace/install/core_msgs/share/core_msgs/hook/cmake_prefix_path.ps1'
[0.353s] INFO:colcon.colcon_core.shell:Creating environment descriptor '/root/workspace/install/core_msgs/share/core_msgs/hook/cmake_prefix_path.dsv'
[0.353s] INFO:colcon.colcon_core.shell:Creating environment hook '/root/workspace/install/core_msgs/share/core_msgs/hook/cmake_prefix_path.sh'
[0.353s] Level 1:colcon.colcon_core.environment:checking '/root/workspace/install/core_msgs/lib'
[0.353s] Level 1:colcon.colcon_core.shell:create_environment_hook('core_msgs', 'ld_library_path_lib')
[0.353s] INFO:colcon.colcon_core.shell:Creating environment hook '/root/workspace/install/core_msgs/share/core_msgs/hook/ld_library_path_lib.ps1'
[0.353s] INFO:colcon.colcon_core.shell:Creating environment descriptor '/root/workspace/install/core_msgs/share/core_msgs/hook/ld_library_path_lib.dsv'
[0.354s] INFO:colcon.colcon_core.shell:Creating environment hook '/root/workspace/install/core_msgs/share/core_msgs/hook/ld_library_path_lib.sh'
[0.354s] Level 1:colcon.colcon_core.environment:checking '/root/workspace/install/core_msgs/bin'
[0.354s] Level 1:colcon.colcon_core.environment:checking '/root/workspace/install/core_msgs/lib/pkgconfig/core_msgs.pc'
[0.355s] Level 1:colcon.colcon_core.environment:checking '/root/workspace/install/core_msgs/lib/python3.10/site-packages'
[0.355s] Level 1:colcon.colcon_core.environment:checking '/root/workspace/install/core_msgs/bin'
[0.355s] INFO:colcon.colcon_core.shell:Creating package script '/root/workspace/install/core_msgs/share/core_msgs/package.ps1'
[0.355s] INFO:colcon.colcon_core.shell:Creating package descriptor '/root/workspace/install/core_msgs/share/core_msgs/package.dsv'
[0.356s] INFO:colcon.colcon_core.shell:Creating package script '/root/workspace/install/core_msgs/share/core_msgs/package.sh'
[0.356s] INFO:colcon.colcon_core.shell:Creating package script '/root/workspace/install/core_msgs/share/core_msgs/package.bash'
[0.356s] INFO:colcon.colcon_core.shell:Creating package script '/root/workspace/install/core_msgs/share/core_msgs/package.zsh'
[0.356s] Level 1:colcon.colcon_core.environment:create_file_with_runtime_dependencies(/root/workspace/install/core_msgs/share/colcon-core/packages/core_msgs)
[0.390s] Level 1:colcon.colcon_core.environment:create_environment_scripts_only(core_msgs)
[0.391s] Level 1:colcon.colcon_core.environment:checking '/root/workspace/install/core_msgs' for CMake module files
[0.391s] Level 1:colcon.colcon_core.environment:checking '/root/workspace/install/core_msgs' for CMake config files
[0.391s] Level 1:colcon.colcon_core.shell:create_environment_hook('core_msgs', 'cmake_prefix_path')
[0.391s] INFO:colcon.colcon_core.shell:Creating environment hook '/root/workspace/install/core_msgs/share/core_msgs/hook/cmake_prefix_path.ps1'
[0.391s] INFO:colcon.colcon_core.shell:Creating environment descriptor '/root/workspace/install/core_msgs/share/core_msgs/hook/cmake_prefix_path.dsv'
[0.392s] INFO:colcon.colcon_core.shell:Creating environment hook '/root/workspace/install/core_msgs/share/core_msgs/hook/cmake_prefix_path.sh'
[0.392s] Level 1:colcon.colcon_core.environment:checking '/root/workspace/install/core_msgs/lib'
[0.392s] Level 1:colcon.colcon_core.shell:create_environment_hook('core_msgs', 'ld_library_path_lib')
[0.392s] INFO:colcon.colcon_core.shell:Creating environment hook '/root/workspace/install/core_msgs/share/core_msgs/hook/ld_library_path_lib.ps1'
[0.392s] INFO:colcon.colcon_core.shell:Creating environment descriptor '/root/workspace/install/core_msgs/share/core_msgs/hook/ld_library_path_lib.dsv'
[0.392s] INFO:colcon.colcon_core.shell:Creating environment hook '/root/workspace/install/core_msgs/share/core_msgs/hook/ld_library_path_lib.sh'
[0.392s] Level 1:colcon.colcon_core.environment:checking '/root/workspace/install/core_msgs/bin'
[0.392s] Level 1:colcon.colcon_core.environment:checking '/root/workspace/install/core_msgs/lib/pkgconfig/core_msgs.pc'
[0.393s] Level 1:colcon.colcon_core.environment:checking '/root/workspace/install/core_msgs/lib/python3.10/site-packages'
[0.393s] Level 1:colcon.colcon_core.environment:checking '/root/workspace/install/core_msgs/bin'
[0.393s] INFO:colcon.colcon_core.shell:Creating package script '/root/workspace/install/core_msgs/share/core_msgs/package.ps1'
[0.393s] INFO:colcon.colcon_core.shell:Creating package descriptor '/root/workspace/install/core_msgs/share/core_msgs/package.dsv'
[0.393s] INFO:colcon.colcon_core.shell:Creating package script '/root/workspace/install/core_msgs/share/core_msgs/package.sh'
[0.393s] INFO:colcon.colcon_core.shell:Creating package script '/root/workspace/install/core_msgs/share/core_msgs/package.bash'
[0.394s] INFO:colcon.colcon_core.shell:Creating package script '/root/workspace/install/core_msgs/share/core_msgs/package.zsh'
[0.394s] Level 1:colcon.colcon_core.environment:create_file_with_runtime_dependencies(/root/workspace/install/core_msgs/share/colcon-core/packages/core_msgs)
[0.394s] INFO:colcon.colcon_ros.task.ament_cmake.build:Building ROS package in '/root/workspace/src/core' with build type 'ament_cmake'
[0.394s] INFO:colcon.colcon_cmake.task.cmake.build:Building CMake package in '/root/workspace/src/core'
[0.394s] INFO:colcon.colcon_core.shell:Skip shell extension 'powershell' for command environment: Not usable outside of PowerShell
[0.394s] DEBUG:colcon.colcon_core.shell:Skip shell extension 'dsv' for command environment
[0.396s] INFO:colcon.colcon_ros.task.ament_cmake.build:Building ROS package in '/root/workspace/src/link' with build type 'ament_cmake'
[0.396s] INFO:colcon.colcon_cmake.task.cmake.build:Building CMake package in '/root/workspace/src/link'
[0.396s] INFO:colcon.colcon_core.shell:Skip shell extension 'powershell' for command environment: Not usable outside of PowerShell
[0.396s] DEBUG:colcon.colcon_core.shell:Skip shell extension 'dsv' for command environment
[0.399s] DEBUG:colcon.colcon_core.event_handler.log_command:Invoking command in '/root/workspace/build/core': AMENT_PREFIX_PATH=/root/workspace/install/core_msgs:${AMENT_PREFIX_PATH} CMAKE_PREFIX_PATH=/root/workspace/install/core_msgs:/root/microros_ws/install/px4_ros_com:/root/microros_ws/install/px4_msgs:/root/microros_ws/install/micro_ros_setup:/root/microros_ws/install/micro_ros_agent:/root/microros_ws/install/micro_ros_msgs:/opt/ros/humble LD_LIBRARY_PATH=/root/workspace/install/core_msgs/lib:${LD_LIBRARY_PATH} PYTHONPATH=/root/workspace/install/core_msgs/local/lib/python3.10/dist-packages:${PYTHONPATH} /usr/bin/cmake /root/workspace/src/core -DCMAKE_INSTALL_PREFIX=/root/workspace/install/core
[0.400s] DEBUG:colcon.colcon_core.event_handler.log_command:Invoking command in '/root/workspace/build/link': AMENT_PREFIX_PATH=/root/workspace/install/core_msgs:${AMENT_PREFIX_PATH} CMAKE_PREFIX_PATH=/root/workspace/install/core_msgs:/root/microros_ws/install/px4_ros_com:/root/microros_ws/install/px4_msgs:/root/microros_ws/install/micro_ros_setup:/root/microros_ws/install/micro_ros_agent:/root/microros_ws/install/micro_ros_msgs:/opt/ros/humble LD_LIBRARY_PATH=/root/workspace/install/core_msgs/lib:${LD_LIBRARY_PATH} PYTHONPATH=/root/workspace/install/core_msgs/local/lib/python3.10/dist-packages:${PYTHONPATH} /usr/bin/cmake --build /root/workspace/build/link -- -j20 -l20
[0.772s] DEBUG:colcon.colcon_core.event_handler.log_command:Invoked command in '/root/workspace/build/core' returned '0': AMENT_PREFIX_PATH=/root/workspace/install/core_msgs:${AMENT_PREFIX_PATH} CMAKE_PREFIX_PATH=/root/workspace/install/core_msgs:/root/microros_ws/install/px4_ros_com:/root/microros_ws/install/px4_msgs:/root/microros_ws/install/micro_ros_setup:/root/microros_ws/install/micro_ros_agent:/root/microros_ws/install/micro_ros_msgs:/opt/ros/humble LD_LIBRARY_PATH=/root/workspace/install/core_msgs/lib:${LD_LIBRARY_PATH} PYTHONPATH=/root/workspace/install/core_msgs/local/lib/python3.10/dist-packages:${PYTHONPATH} /usr/bin/cmake /root/workspace/src/core -DCMAKE_INSTALL_PREFIX=/root/workspace/install/core
[0.773s] DEBUG:colcon.colcon_core.event_handler.log_command:Invoking command in '/root/workspace/build/core': AMENT_PREFIX_PATH=/root/workspace/install/core_msgs:${AMENT_PREFIX_PATH} CMAKE_PREFIX_PATH=/root/workspace/install/core_msgs:/root/microros_ws/install/px4_ros_com:/root/microros_ws/install/px4_msgs:/root/microros_ws/install/micro_ros_setup:/root/microros_ws/install/micro_ros_agent:/root/microros_ws/install/micro_ros_msgs:/opt/ros/humble LD_LIBRARY_PATH=/root/workspace/install/core_msgs/lib:${LD_LIBRARY_PATH} PYTHONPATH=/root/workspace/install/core_msgs/local/lib/python3.10/dist-packages:${PYTHONPATH} /usr/bin/cmake --build /root/workspace/build/core -- -j20 -l20
[4.402s] DEBUG:colcon.colcon_core.event_handler.log_command:Invoked command in '/root/workspace/build/link' returned '0': AMENT_PREFIX_PATH=/root/workspace/install/core_msgs:${AMENT_PREFIX_PATH} CMAKE_PREFIX_PATH=/root/workspace/install/core_msgs:/root/microros_ws/install/px4_ros_com:/root/microros_ws/install/px4_msgs:/root/microros_ws/install/micro_ros_setup:/root/microros_ws/install/micro_ros_agent:/root/microros_ws/install/micro_ros_msgs:/opt/ros/humble LD_LIBRARY_PATH=/root/workspace/install/core_msgs/lib:${LD_LIBRARY_PATH} PYTHONPATH=/root/workspace/install/core_msgs/local/lib/python3.10/dist-packages:${PYTHONPATH} /usr/bin/cmake --build /root/workspace/build/link -- -j20 -l20
[4.413s] DEBUG:colcon.colcon_core.event_handler.log_command:Invoking command in '/root/workspace/build/link': AMENT_PREFIX_PATH=/root/workspace/install/core_msgs:${AMENT_PREFIX_PATH} CMAKE_PREFIX_PATH=/root/workspace/install/core_msgs:/root/microros_ws/install/px4_ros_com:/root/microros_ws/install/px4_msgs:/root/microros_ws/install/micro_ros_setup:/root/microros_ws/install/micro_ros_agent:/root/microros_ws/install/micro_ros_msgs:/opt/ros/humble LD_LIBRARY_PATH=/root/workspace/install/core_msgs/lib:${LD_LIBRARY_PATH} PYTHONPATH=/root/workspace/install/core_msgs/local/lib/python3.10/dist-packages:${PYTHONPATH} /usr/bin/cmake --install /root/workspace/build/link
[4.418s] Level 1:colcon.colcon_core.environment:create_environment_scripts_only(link)
[4.419s] Level 1:colcon.colcon_core.environment:checking '/root/workspace/install/link' for CMake module files
[4.419s] DEBUG:colcon.colcon_core.event_handler.log_command:Invoked command in '/root/workspace/build/link' returned '0': AMENT_PREFIX_PATH=/root/workspace/install/core_msgs:${AMENT_PREFIX_PATH} CMAKE_PREFIX_PATH=/root/workspace/install/core_msgs:/root/microros_ws/install/px4_ros_com:/root/microros_ws/install/px4_msgs:/root/microros_ws/install/micro_ros_setup:/root/microros_ws/install/micro_ros_agent:/root/microros_ws/install/micro_ros_msgs:/opt/ros/humble LD_LIBRARY_PATH=/root/workspace/install/core_msgs/lib:${LD_LIBRARY_PATH} PYTHONPATH=/root/workspace/install/core_msgs/local/lib/python3.10/dist-packages:${PYTHONPATH} /usr/bin/cmake --install /root/workspace/build/link
[4.419s] Level 1:colcon.colcon_core.environment:checking '/root/workspace/install/link' for CMake config files
[4.419s] Level 1:colcon.colcon_core.shell:create_environment_hook('link', 'cmake_prefix_path')
[4.419s] INFO:colcon.colcon_core.shell:Creating environment hook '/root/workspace/install/link/share/link/hook/cmake_prefix_path.ps1'
[4.419s] INFO:colcon.colcon_core.shell:Creating environment descriptor '/root/workspace/install/link/share/link/hook/cmake_prefix_path.dsv'
[4.419s] INFO:colcon.colcon_core.shell:Creating environment hook '/root/workspace/install/link/share/link/hook/cmake_prefix_path.sh'
[4.420s] Level 1:colcon.colcon_core.environment:checking '/root/workspace/install/link/lib'
[4.420s] Level 1:colcon.colcon_core.environment:checking '/root/workspace/install/link/bin'
[4.420s] Level 1:colcon.colcon_core.environment:checking '/root/workspace/install/link/lib/pkgconfig/link.pc'
[4.420s] Level 1:colcon.colcon_core.environment:checking '/root/workspace/install/link/lib/python3.10/site-packages'
[4.420s] Level 1:colcon.colcon_core.environment:checking '/root/workspace/install/link/bin'
[4.420s] INFO:colcon.colcon_core.shell:Creating package script '/root/workspace/install/link/share/link/package.ps1'
[4.420s] INFO:colcon.colcon_core.shell:Creating package descriptor '/root/workspace/install/link/share/link/package.dsv'
[4.420s] INFO:colcon.colcon_core.shell:Creating package script '/root/workspace/install/link/share/link/package.sh'
[4.421s] INFO:colcon.colcon_core.shell:Creating package script '/root/workspace/install/link/share/link/package.bash'
[4.421s] INFO:colcon.colcon_core.shell:Creating package script '/root/workspace/install/link/share/link/package.zsh'
[4.421s] Level 1:colcon.colcon_core.environment:create_file_with_runtime_dependencies(/root/workspace/install/link/share/colcon-core/packages/link)
[4.431s] Level 1:colcon.colcon_core.environment:create_environment_scripts_only(link)
[4.431s] Level 1:colcon.colcon_core.environment:checking '/root/workspace/install/link' for CMake module files
[4.431s] Level 1:colcon.colcon_core.environment:checking '/root/workspace/install/link' for CMake config files
[4.431s] Level 1:colcon.colcon_core.shell:create_environment_hook('link', 'cmake_prefix_path')
[4.431s] INFO:colcon.colcon_core.shell:Creating environment hook '/root/workspace/install/link/share/link/hook/cmake_prefix_path.ps1'
[4.431s] INFO:colcon.colcon_core.shell:Creating environment descriptor '/root/workspace/install/link/share/link/hook/cmake_prefix_path.dsv'
[4.431s] INFO:colcon.colcon_core.shell:Creating environment hook '/root/workspace/install/link/share/link/hook/cmake_prefix_path.sh'
[4.432s] Level 1:colcon.colcon_core.environment:checking '/root/workspace/install/link/lib'
[4.432s] Level 1:colcon.colcon_core.environment:checking '/root/workspace/install/link/bin'
[4.432s] Level 1:colcon.colcon_core.environment:checking '/root/workspace/install/link/lib/pkgconfig/link.pc'
[4.432s] Level 1:colcon.colcon_core.environment:checking '/root/workspace/install/link/lib/python3.10/site-packages'
[4.432s] Level 1:colcon.colcon_core.environment:checking '/root/workspace/install/link/bin'
[4.432s] INFO:colcon.colcon_core.shell:Creating package script '/root/workspace/install/link/share/link/package.ps1'
[4.432s] INFO:colcon.colcon_core.shell:Creating package descriptor '/root/workspace/install/link/share/link/package.dsv'
[4.433s] INFO:colcon.colcon_core.shell:Creating package script '/root/workspace/install/link/share/link/package.sh'
[4.433s] INFO:colcon.colcon_core.shell:Creating package script '/root/workspace/install/link/share/link/package.bash'
[4.433s] INFO:colcon.colcon_core.shell:Creating package script '/root/workspace/install/link/share/link/package.zsh'
[4.433s] Level 1:colcon.colcon_core.environment:create_file_with_runtime_dependencies(/root/workspace/install/link/share/colcon-core/packages/link)
[8.073s] DEBUG:colcon.colcon_core.event_handler.log_command:Invoked command in '/root/workspace/build/core' returned '2': AMENT_PREFIX_PATH=/root/workspace/install/core_msgs:${AMENT_PREFIX_PATH} CMAKE_PREFIX_PATH=/root/workspace/install/core_msgs:/root/microros_ws/install/px4_ros_com:/root/microros_ws/install/px4_msgs:/root/microros_ws/install/micro_ros_setup:/root/microros_ws/install/micro_ros_agent:/root/microros_ws/install/micro_ros_msgs:/opt/ros/humble LD_LIBRARY_PATH=/root/workspace/install/core_msgs/lib:${LD_LIBRARY_PATH} PYTHONPATH=/root/workspace/install/core_msgs/local/lib/python3.10/dist-packages:${PYTHONPATH} /usr/bin/cmake --build /root/workspace/build/core -- -j20 -l20
[8.083s] Level 1:colcon.colcon_core.environment:create_environment_scripts_only(core)
[8.084s] Level 1:colcon.colcon_core.environment:checking '/root/workspace/install/core' for CMake module files
[8.084s] Level 1:colcon.colcon_core.environment:checking '/root/workspace/install/core' for CMake config files
[8.084s] Level 1:colcon.colcon_core.environment:checking '/root/workspace/install/core/bin'
[8.084s] Level 1:colcon.colcon_core.environment:checking '/root/workspace/install/core/lib/pkgconfig/core.pc'
[8.084s] Level 1:colcon.colcon_core.environment:checking '/root/workspace/install/core/lib/python3.10/site-packages'
[8.084s] Level 1:colcon.colcon_core.environment:checking '/root/workspace/install/core/bin'
[8.084s] INFO:colcon.colcon_core.shell:Creating package script '/root/workspace/install/core/share/core/package.ps1'
[8.085s] INFO:colcon.colcon_core.shell:Creating package descriptor '/root/workspace/install/core/share/core/package.dsv'
[8.085s] INFO:colcon.colcon_core.shell:Creating package script '/root/workspace/install/core/share/core/package.sh'
[8.085s] INFO:colcon.colcon_core.shell:Creating package script '/root/workspace/install/core/share/core/package.bash'
[8.085s] INFO:colcon.colcon_core.shell:Creating package script '/root/workspace/install/core/share/core/package.zsh'
[8.085s] Level 1:colcon.colcon_core.environment:create_file_with_runtime_dependencies(/root/workspace/install/core/share/colcon-core/packages/core)
[8.095s] DEBUG:colcon.colcon_parallel_executor.executor.parallel:closing loop
[8.095s] DEBUG:colcon.colcon_parallel_executor.executor.parallel:loop closed
[8.096s] DEBUG:colcon.colcon_parallel_executor.executor.parallel:run_until_complete finished with '2'
[8.096s] DEBUG:colcon.colcon_core.event_reactor:joining thread
[8.099s] INFO:colcon.colcon_core.plugin_system:Skipping extension 'colcon_notification.desktop_notification.notify_send': Could not find 'notify-send'
[8.099s] INFO:colcon.colcon_core.plugin_system:Skipping extension 'colcon_notification.desktop_notification.terminal_notifier': Not used on non-Darwin systems
[8.099s] INFO:colcon.colcon_core.plugin_system:Skipping extension 'colcon_notification.desktop_notification.win32': Not used on non-Windows systems
[8.099s] INFO:colcon.colcon_notification.desktop_notification:Sending desktop notification using 'notify2'
[8.101s] DEBUG:colcon.colcon_notification.desktop_notification.notify2:Failed to initialize notify2: org.freedesktop.DBus.Error.Spawn.ExecFailed: /usr/bin/dbus-launch terminated abnormally without any error message
[8.101s] DEBUG:colcon.colcon_core.event_reactor:joined thread
[8.101s] INFO:colcon.colcon_core.shell:Creating prefix script '/root/workspace/install/local_setup.ps1'
[8.102s] INFO:colcon.colcon_core.shell:Creating prefix util module '/root/workspace/install/_local_setup_util_ps1.py'
[8.103s] INFO:colcon.colcon_core.shell:Creating prefix chain script '/root/workspace/install/setup.ps1'
[8.105s] INFO:colcon.colcon_core.shell:Creating prefix script '/root/workspace/install/local_setup.sh'
[8.106s] INFO:colcon.colcon_core.shell:Creating prefix util module '/root/workspace/install/_local_setup_util_sh.py'
[8.107s] INFO:colcon.colcon_core.shell:Creating prefix chain script '/root/workspace/install/setup.sh'
[8.108s] INFO:colcon.colcon_core.shell:Creating prefix script '/root/workspace/install/local_setup.bash'
[8.109s] INFO:colcon.colcon_core.shell:Creating prefix chain script '/root/workspace/install/setup.bash'
[8.110s] INFO:colcon.colcon_core.shell:Creating prefix script '/root/workspace/install/local_setup.zsh'
[8.111s] INFO:colcon.colcon_core.shell:Creating prefix chain script '/root/workspace/install/setup.zsh'
