[0.008s] Invoking command in '/root/workspace/build/core': CMAKE_PREFIX_PATH=${CMAKE_PREFIX_PATH}:/opt/ros/foxy /usr/bin/cmake --build /root/workspace/build/core -- -j20 -l20
[0.040s] [35m[1mScanning dependencies of target node[0m
[0.059s] [ 50%] [32mBuilding CXX object CMakeFiles/node.dir/src/offb_node.cpp.o[0m
[5.081s] [100%] [32m[1mLinking CXX executable node[0m
[5.300s] [100%] Built target node
[5.306s] Invoked command in '/root/workspace/build/core' returned '0': CMAKE_PREFIX_PATH=${CMAKE_PREFIX_PATH}:/opt/ros/foxy /usr/bin/cmake --build /root/workspace/build/core -- -j20 -l20
[5.329s] Invoking command in '/root/workspace/build/core': CMAKE_PREFIX_PATH=${CMAKE_PREFIX_PATH}:/opt/ros/foxy /usr/bin/cmake --install /root/workspace/build/core
[5.335s] -- Install configuration: ""
[5.335s] -- Installing: /root/workspace/install/core/lib/core/node
[5.337s] -- Set runtime path of "/root/workspace/install/core/lib/core/node" to ""
[5.337s] -- Up-to-date: /root/workspace/install/core/share/ament_index/resource_index/package_run_dependencies/core
[5.337s] -- Up-to-date: /root/workspace/install/core/share/ament_index/resource_index/parent_prefix_path/core
[5.337s] -- Up-to-date: /root/workspace/install/core/share/core/environment/ament_prefix_path.sh
[5.337s] -- Up-to-date: /root/workspace/install/core/share/core/environment/ament_prefix_path.dsv
[5.338s] -- Up-to-date: /root/workspace/install/core/share/core/environment/path.sh
[5.338s] -- Up-to-date: /root/workspace/install/core/share/core/environment/path.dsv
[5.338s] -- Up-to-date: /root/workspace/install/core/share/core/local_setup.bash
[5.338s] -- Up-to-date: /root/workspace/install/core/share/core/local_setup.sh
[5.338s] -- Up-to-date: /root/workspace/install/core/share/core/local_setup.zsh
[5.338s] -- Up-to-date: /root/workspace/install/core/share/core/local_setup.dsv
[5.338s] -- Installing: /root/workspace/install/core/share/core/package.dsv
[5.338s] -- Up-to-date: /root/workspace/install/core/share/ament_index/resource_index/packages/core
[5.338s] -- Up-to-date: /root/workspace/install/core/share/core/cmake/coreConfig.cmake
[5.338s] -- Up-to-date: /root/workspace/install/core/share/core/cmake/coreConfig-version.cmake
[5.338s] -- Up-to-date: /root/workspace/install/core/share/core/package.xml
[5.339s] Invoked command in '/root/workspace/build/core' returned '0': CMAKE_PREFIX_PATH=${CMAKE_PREFIX_PATH}:/opt/ros/foxy /usr/bin/cmake --install /root/workspace/build/core
