[0.000000] (-) TimerEvent: {}
[0.000232] (master) JobQueued: {'identifier': 'master', 'dependencies': OrderedDict()}
[0.000298] (master) JobStarted: {'identifier': 'master'}
[0.004042] (master) JobProgress: {'identifier': 'master', 'progress': 'cmake'}
[0.004815] (master) JobProgress: {'identifier': 'master', 'progress': 'build'}
[0.005157] (master) Command: {'cmd': ['/usr/bin/cmake', '--build', '/root/master/build/master', '--', '-j20', '-l20'], 'cwd': '/root/master/build/master', 'env': OrderedDict([('HOSTNAME', 'GTX-3060-2'), ('SHLVL', '1'), ('LD_LIBRARY_PATH', '/opt/ros/humble/lib/x86_64-linux-gnu:/opt/ros/humble/lib'), ('HOME', '/root'), ('OLDPWD', '/root'), ('ROS_PYTHON_VERSION', '3'), ('ROS_DISTRO', 'humble'), ('_', '/usr/bin/colcon'), ('ROS_VERSION', '2'), ('TERM', 'xterm'), ('ROS_LOCALHOST_ONLY', '0'), ('PATH', '/opt/ros/humble/bin:/usr/local/sbin:/usr/local/bin:/usr/sbin:/usr/bin:/sbin:/bin'), ('DISPLAY', ':1'), ('LANG', 'C.UTF-8'), ('AMENT_PREFIX_PATH', '/opt/ros/humble'), ('PWD', '/root/master/build/master'), ('LC_ALL', 'C.UTF-8'), ('PYTHONPATH', '/opt/ros/humble/lib/python3.10/site-packages:/opt/ros/humble/local/lib/python3.10/dist-packages'), ('COLCON', '1'), ('CMAKE_PREFIX_PATH', '/opt/ros/humble')]), 'shell': False}
[0.025940] (master) StdoutLine: {'line': b'\x1b[35m\x1b[1mConsolidate compiler generated dependencies of target node\x1b[0m\n'}
[0.034966] (master) StdoutLine: {'line': b'[ 50%] \x1b[32mBuilding CXX object CMakeFiles/node.dir/src/master_node.cpp.o\x1b[0m\n'}
[0.099783] (-) TimerEvent: {}
[0.199978] (-) TimerEvent: {}
[0.300178] (-) TimerEvent: {}
[0.400380] (-) TimerEvent: {}
[0.500582] (-) TimerEvent: {}
[0.600784] (-) TimerEvent: {}
[0.700984] (-) TimerEvent: {}
[0.801190] (-) TimerEvent: {}
[0.901392] (-) TimerEvent: {}
[1.001597] (-) TimerEvent: {}
[1.101800] (-) TimerEvent: {}
[1.202008] (-) TimerEvent: {}
[1.302209] (-) TimerEvent: {}
[1.402412] (-) TimerEvent: {}
[1.502613] (-) TimerEvent: {}
[1.602816] (-) TimerEvent: {}
[1.703023] (-) TimerEvent: {}
[1.803231] (-) TimerEvent: {}
[1.903435] (-) TimerEvent: {}
[2.003639] (-) TimerEvent: {}
[2.103846] (-) TimerEvent: {}
[2.204051] (-) TimerEvent: {}
[2.304252] (-) TimerEvent: {}
[2.404458] (-) TimerEvent: {}
[2.504657] (-) TimerEvent: {}
[2.597935] (master) StdoutLine: {'line': b'[100%] \x1b[32m\x1b[1mLinking CXX executable node\x1b[0m\n'}
[2.604725] (-) TimerEvent: {}
[2.694093] (master) StdoutLine: {'line': b'[100%] Built target node\n'}
[2.698478] (master) CommandEnded: {'returncode': 0}
[2.704793] (-) TimerEvent: {}
[2.707480] (master) JobProgress: {'identifier': 'master', 'progress': 'install'}
[2.710936] (master) Command: {'cmd': ['/usr/bin/cmake', '--install', '/root/master/build/master'], 'cwd': '/root/master/build/master', 'env': OrderedDict([('HOSTNAME', 'GTX-3060-2'), ('SHLVL', '1'), ('LD_LIBRARY_PATH', '/opt/ros/humble/lib/x86_64-linux-gnu:/opt/ros/humble/lib'), ('HOME', '/root'), ('OLDPWD', '/root'), ('ROS_PYTHON_VERSION', '3'), ('ROS_DISTRO', 'humble'), ('_', '/usr/bin/colcon'), ('ROS_VERSION', '2'), ('TERM', 'xterm'), ('ROS_LOCALHOST_ONLY', '0'), ('PATH', '/opt/ros/humble/bin:/usr/local/sbin:/usr/local/bin:/usr/sbin:/usr/bin:/sbin:/bin'), ('DISPLAY', ':1'), ('LANG', 'C.UTF-8'), ('AMENT_PREFIX_PATH', '/opt/ros/humble'), ('PWD', '/root/master/build/master'), ('LC_ALL', 'C.UTF-8'), ('PYTHONPATH', '/opt/ros/humble/lib/python3.10/site-packages:/opt/ros/humble/local/lib/python3.10/dist-packages'), ('COLCON', '1'), ('CMAKE_PREFIX_PATH', '/opt/ros/humble')]), 'shell': False}
[2.714034] (master) StdoutLine: {'line': b'-- Install configuration: ""\n'}
[2.714118] (master) StdoutLine: {'line': b'-- Installing: /root/master/install/master/lib/master/node\n'}
[2.714572] (master) StdoutLine: {'line': b'-- Set runtime path of "/root/master/install/master/lib/master/node" to ""\n'}
[2.714615] (master) StdoutLine: {'line': b'-- Up-to-date: /root/master/install/master/share/ament_index/resource_index/package_run_dependencies/master\n'}
[2.714659] (master) StdoutLine: {'line': b'-- Up-to-date: /root/master/install/master/share/ament_index/resource_index/parent_prefix_path/master\n'}
[2.714694] (master) StdoutLine: {'line': b'-- Up-to-date: /root/master/install/master/share/master/environment/ament_prefix_path.sh\n'}
[2.714722] (master) StdoutLine: {'line': b'-- Up-to-date: /root/master/install/master/share/master/environment/ament_prefix_path.dsv\n'}
[2.714748] (master) StdoutLine: {'line': b'-- Up-to-date: /root/master/install/master/share/master/environment/path.sh\n'}
[2.714839] (master) StdoutLine: {'line': b'-- Up-to-date: /root/master/install/master/share/master/environment/path.dsv\n'}
[2.714869] (master) StdoutLine: {'line': b'-- Up-to-date: /root/master/install/master/share/master/local_setup.bash\n'}
[2.714896] (master) StdoutLine: {'line': b'-- Up-to-date: /root/master/install/master/share/master/local_setup.sh\n'}
[2.714924] (master) StdoutLine: {'line': b'-- Up-to-date: /root/master/install/master/share/master/local_setup.zsh\n'}
[2.714950] (master) StdoutLine: {'line': b'-- Up-to-date: /root/master/install/master/share/master/local_setup.dsv\n'}
[2.714982] (master) StdoutLine: {'line': b'-- Installing: /root/master/install/master/share/master/package.dsv\n'}
[2.715008] (master) StdoutLine: {'line': b'-- Up-to-date: /root/master/install/master/share/ament_index/resource_index/packages/master\n'}
[2.715034] (master) StdoutLine: {'line': b'-- Up-to-date: /root/master/install/master/share/master/cmake/masterConfig.cmake\n'}
[2.715059] (master) StdoutLine: {'line': b'-- Up-to-date: /root/master/install/master/share/master/cmake/masterConfig-version.cmake\n'}
[2.715104] (master) StdoutLine: {'line': b'-- Up-to-date: /root/master/install/master/share/master/package.xml\n'}
[2.715515] (master) CommandEnded: {'returncode': 0}
[2.732451] (master) JobEnded: {'identifier': 'master', 'rc': 0}
[2.732779] (-) EventReactorShutdown: {}
