[0.004s] Invoking command in '/root/workspace/build/core': AMENT_PREFIX_PATH=/root/workspace/install/core_msgs:${AMENT_PREFIX_PATH} CMAKE_PREFIX_PATH=/root/workspace/install/core_msgs:/root/microros_ws/install/px4_ros_com:/root/microros_ws/install/px4_msgs:/root/microros_ws/install/micro_ros_setup:/root/microros_ws/install/micro_ros_agent:/root/microros_ws/install/micro_ros_msgs:/opt/ros/humble LD_LIBRARY_PATH=/root/workspace/install/core_msgs/lib:${LD_LIBRARY_PATH} PYTHONPATH=/root/workspace/install/core_msgs/local/lib/python3.10/dist-packages:${PYTHONPATH} /usr/bin/cmake --build /root/workspace/build/core -- -j20 -l20
[0.023s] [35m[1mConsolidate compiler generated dependencies of target node[0m
[0.031s] [ 50%] [32mBuilding CXX object CMakeFiles/node.dir/src/offb_node.cpp.o[0m
[1.457s] In file included from [01m[K/opt/ros/humble/include/rclcpp/rclcpp/logging.hpp:24[m[K,
[1.458s]                  from [01m[K/opt/ros/humble/include/rclcpp/rclcpp/client.hpp:40[m[K,
[1.458s]                  from [01m[K/opt/ros/humble/include/rclcpp/rclcpp/callback_group.hpp:24[m[K,
[1.458s]                  from [01m[K/opt/ros/humble/include/rclcpp/rclcpp/any_executable.hpp:20[m[K,
[1.458s]                  from [01m[K/opt/ros/humble/include/rclcpp/rclcpp/memory_strategy.hpp:25[m[K,
[1.458s]                  from [01m[K/opt/ros/humble/include/rclcpp/rclcpp/memory_strategies.hpp:18[m[K,
[1.458s]                  from [01m[K/opt/ros/humble/include/rclcpp/rclcpp/executor_options.hpp:20[m[K,
[1.458s]                  from [01m[K/opt/ros/humble/include/rclcpp/rclcpp/executor.hpp:37[m[K,
[1.458s]                  from [01m[K/opt/ros/humble/include/rclcpp/rclcpp/executors/multi_threaded_executor.hpp:25[m[K,
[1.458s]                  from [01m[K/opt/ros/humble/include/rclcpp/rclcpp/executors.hpp:21[m[K,
[1.458s]                  from [01m[K/opt/ros/humble/include/rclcpp/rclcpp/rclcpp.hpp:155[m[K,
[1.458s]                  from [01m[K/root/workspace/src/core/src/offb_node.cpp:5[m[K:
[1.458s] [01m[K/root/workspace/src/core/src/offb_node.cpp:[m[K In member function ‘[01m[Kvoid ControlNode::set_attitude(geometry_msgs::msg::Twist_<std::allocator<void> >::SharedPtr)[m[K’:
[1.458s] [01m[K/root/workspace/src/core/src/offb_node.cpp:298:39:[m[K [01;35m[Kwarning: [m[Kformat ‘[01m[K%d[m[K’ expects argument of type ‘[01m[Kint[m[K’, but argument 6 has type ‘[01m[Kdouble[m[K’ [[01;35m[K]8;;https://gcc.gnu.org/onlinedocs/gcc/Warning-Options.html#index-Wformat=-Wformat=]8;;[m[K]
[1.458s]   298 |     RCLCPP_INFO(this -> get_logger(), [01;35m[K"Hip: %f Deg: %d"[m[K, hip_x, [32m[Kdeg_x[m[K);
[1.458s]       |                                       [01;35m[K^~~~~~~~~~~~~~~~~[m[K         [32m[K~~~~~[m[K
[1.458s]       |                                                                 [32m[K|[m[K
[1.458s]       |                                                                 [32m[Kdouble[m[K
[1.458s] [01m[K/root/workspace/src/core/src/offb_node.cpp:298:54:[m[K [01;36m[Knote: [m[Kformat string is defined here
[1.458s]   298 |     RCLCPP_INFO(this -> get_logger(), "Hip: %f Deg: [01;36m[K%d[m[K", hip_x, deg_x);
[1.458s]       |                                                     [01;36m[K~^[m[K
[1.458s]       |                                                      [01;36m[K|[m[K
[1.458s]       |                                                      [01;36m[Kint[m[K
[1.458s]       |                                                     [32m[K%f[m[K
[15.737s] [100%] [32m[1mLinking CXX executable node[0m
[16.683s] [100%] Built target node
[16.688s] Invoked command in '/root/workspace/build/core' returned '0': AMENT_PREFIX_PATH=/root/workspace/install/core_msgs:${AMENT_PREFIX_PATH} CMAKE_PREFIX_PATH=/root/workspace/install/core_msgs:/root/microros_ws/install/px4_ros_com:/root/microros_ws/install/px4_msgs:/root/microros_ws/install/micro_ros_setup:/root/microros_ws/install/micro_ros_agent:/root/microros_ws/install/micro_ros_msgs:/opt/ros/humble LD_LIBRARY_PATH=/root/workspace/install/core_msgs/lib:${LD_LIBRARY_PATH} PYTHONPATH=/root/workspace/install/core_msgs/local/lib/python3.10/dist-packages:${PYTHONPATH} /usr/bin/cmake --build /root/workspace/build/core -- -j20 -l20
[16.698s] Invoking command in '/root/workspace/build/core': AMENT_PREFIX_PATH=/root/workspace/install/core_msgs:${AMENT_PREFIX_PATH} CMAKE_PREFIX_PATH=/root/workspace/install/core_msgs:/root/microros_ws/install/px4_ros_com:/root/microros_ws/install/px4_msgs:/root/microros_ws/install/micro_ros_setup:/root/microros_ws/install/micro_ros_agent:/root/microros_ws/install/micro_ros_msgs:/opt/ros/humble LD_LIBRARY_PATH=/root/workspace/install/core_msgs/lib:${LD_LIBRARY_PATH} PYTHONPATH=/root/workspace/install/core_msgs/local/lib/python3.10/dist-packages:${PYTHONPATH} /usr/bin/cmake --install /root/workspace/build/core
[16.702s] -- Install configuration: ""
[16.702s] -- Installing: /root/workspace/install/core/lib/core/node
[16.712s] -- Set runtime path of "/root/workspace/install/core/lib/core/node" to ""
[16.712s] -- Up-to-date: /root/workspace/install/core/share/ament_index/resource_index/package_run_dependencies/core
[16.712s] -- Up-to-date: /root/workspace/install/core/share/ament_index/resource_index/parent_prefix_path/core
[16.712s] -- Up-to-date: /root/workspace/install/core/share/core/environment/ament_prefix_path.sh
[16.712s] -- Up-to-date: /root/workspace/install/core/share/core/environment/ament_prefix_path.dsv
[16.712s] -- Up-to-date: /root/workspace/install/core/share/core/environment/path.sh
[16.712s] -- Up-to-date: /root/workspace/install/core/share/core/environment/path.dsv
[16.713s] -- Up-to-date: /root/workspace/install/core/share/core/local_setup.bash
[16.713s] -- Up-to-date: /root/workspace/install/core/share/core/local_setup.sh
[16.713s] -- Up-to-date: /root/workspace/install/core/share/core/local_setup.zsh
[16.713s] -- Up-to-date: /root/workspace/install/core/share/core/local_setup.dsv
[16.713s] -- Installing: /root/workspace/install/core/share/core/package.dsv
[16.713s] -- Up-to-date: /root/workspace/install/core/share/ament_index/resource_index/packages/core
[16.713s] -- Up-to-date: /root/workspace/install/core/share/core/cmake/coreConfig.cmake
[16.713s] -- Up-to-date: /root/workspace/install/core/share/core/cmake/coreConfig-version.cmake
[16.713s] -- Up-to-date: /root/workspace/install/core/share/core/package.xml
[16.714s] Invoked command in '/root/workspace/build/core' returned '0': AMENT_PREFIX_PATH=/root/workspace/install/core_msgs:${AMENT_PREFIX_PATH} CMAKE_PREFIX_PATH=/root/workspace/install/core_msgs:/root/microros_ws/install/px4_ros_com:/root/microros_ws/install/px4_msgs:/root/microros_ws/install/micro_ros_setup:/root/microros_ws/install/micro_ros_agent:/root/microros_ws/install/micro_ros_msgs:/opt/ros/humble LD_LIBRARY_PATH=/root/workspace/install/core_msgs/lib:${LD_LIBRARY_PATH} PYTHONPATH=/root/workspace/install/core_msgs/local/lib/python3.10/dist-packages:${PYTHONPATH} /usr/bin/cmake --install /root/workspace/build/core
