[0.000000] (-) TimerEvent: {}
[0.000255] (master) JobQueued: {'identifier': 'master', 'dependencies': OrderedDict()}
[0.000423] (master) JobStarted: {'identifier': 'master'}
[0.004254] (master) JobProgress: {'identifier': 'master', 'progress': 'cmake'}
[0.004828] (master) JobProgress: {'identifier': 'master', 'progress': 'build'}
[0.005220] (master) Command: {'cmd': ['/usr/bin/cmake', '--build', '/root/master/build/master', '--', '-j20', '-l20'], 'cwd': '/root/master/build/master', 'env': OrderedDict([('HOSTNAME', 'GTX-3060-2'), ('SHLVL', '1'), ('LD_LIBRARY_PATH', '/opt/ros/humble/lib/x86_64-linux-gnu:/opt/ros/humble/lib'), ('HOME', '/root'), ('OLDPWD', '/root'), ('ROS_PYTHON_VERSION', '3'), ('ROS_DISTRO', 'humble'), ('_', '/usr/bin/colcon'), ('ROS_VERSION', '2'), ('TERM', 'xterm'), ('ROS_LOCALHOST_ONLY', '0'), ('PATH', '/opt/ros/humble/bin:/usr/local/sbin:/usr/local/bin:/usr/sbin:/usr/bin:/sbin:/bin'), ('DISPLAY', ':1'), ('LANG', 'C.UTF-8'), ('AMENT_PREFIX_PATH', '/opt/ros/humble'), ('PWD', '/root/master/build/master'), ('LC_ALL', 'C.UTF-8'), ('PYTHONPATH', '/opt/ros/humble/lib/python3.10/site-packages:/opt/ros/humble/local/lib/python3.10/dist-packages'), ('COLCON', '1'), ('CMAKE_PREFIX_PATH', '/opt/ros/humble')]), 'shell': False}
[0.026673] (master) StdoutLine: {'line': b'\x1b[35m\x1b[1mConsolidate compiler generated dependencies of target node\x1b[0m\n'}
[0.035973] (master) StdoutLine: {'line': b'[ 50%] \x1b[32mBuilding CXX object CMakeFiles/node.dir/src/master_node.cpp.o\x1b[0m\n'}
[0.099921] (-) TimerEvent: {}
[0.200175] (-) TimerEvent: {}
[0.300438] (-) TimerEvent: {}
[0.400696] (-) TimerEvent: {}
[0.500910] (-) TimerEvent: {}
[0.601117] (-) TimerEvent: {}
[0.701322] (-) TimerEvent: {}
[0.801525] (-) TimerEvent: {}
[0.901730] (-) TimerEvent: {}
[1.001937] (-) TimerEvent: {}
[1.102147] (-) TimerEvent: {}
[1.202354] (-) TimerEvent: {}
[1.302561] (-) TimerEvent: {}
[1.402767] (-) TimerEvent: {}
[1.502972] (-) TimerEvent: {}
[1.603173] (-) TimerEvent: {}
[1.703377] (-) TimerEvent: {}
[1.803583] (-) TimerEvent: {}
[1.903783] (-) TimerEvent: {}
[2.003984] (-) TimerEvent: {}
[2.104193] (-) TimerEvent: {}
[2.204399] (-) TimerEvent: {}
[2.304607] (-) TimerEvent: {}
[2.404804] (-) TimerEvent: {}
[2.505002] (-) TimerEvent: {}
[2.591972] (master) StdoutLine: {'line': b'[100%] \x1b[32m\x1b[1mLinking CXX executable node\x1b[0m\n'}
[2.605084] (-) TimerEvent: {}
[2.688184] (master) StdoutLine: {'line': b'[100%] Built target node\n'}
[2.692772] (master) CommandEnded: {'returncode': 0}
[2.701151] (master) JobProgress: {'identifier': 'master', 'progress': 'install'}
[2.704821] (master) Command: {'cmd': ['/usr/bin/cmake', '--install', '/root/master/build/master'], 'cwd': '/root/master/build/master', 'env': OrderedDict([('HOSTNAME', 'GTX-3060-2'), ('SHLVL', '1'), ('LD_LIBRARY_PATH', '/opt/ros/humble/lib/x86_64-linux-gnu:/opt/ros/humble/lib'), ('HOME', '/root'), ('OLDPWD', '/root'), ('ROS_PYTHON_VERSION', '3'), ('ROS_DISTRO', 'humble'), ('_', '/usr/bin/colcon'), ('ROS_VERSION', '2'), ('TERM', 'xterm'), ('ROS_LOCALHOST_ONLY', '0'), ('PATH', '/opt/ros/humble/bin:/usr/local/sbin:/usr/local/bin:/usr/sbin:/usr/bin:/sbin:/bin'), ('DISPLAY', ':1'), ('LANG', 'C.UTF-8'), ('AMENT_PREFIX_PATH', '/opt/ros/humble'), ('PWD', '/root/master/build/master'), ('LC_ALL', 'C.UTF-8'), ('PYTHONPATH', '/opt/ros/humble/lib/python3.10/site-packages:/opt/ros/humble/local/lib/python3.10/dist-packages'), ('COLCON', '1'), ('CMAKE_PREFIX_PATH', '/opt/ros/humble')]), 'shell': False}
[2.705350] (-) TimerEvent: {}
[2.708098] (master) StdoutLine: {'line': b'-- Install configuration: ""\n'}
[2.708388] (master) StdoutLine: {'line': b'-- Installing: /root/master/install/master/lib/master/node\n'}
[2.708909] (master) StdoutLine: {'line': b'-- Set runtime path of "/root/master/install/master/lib/master/node" to ""\n'}
[2.708956] (master) StdoutLine: {'line': b'-- Up-to-date: /root/master/install/master/share/ament_index/resource_index/package_run_dependencies/master\n'}
[2.708996] (master) StdoutLine: {'line': b'-- Up-to-date: /root/master/install/master/share/ament_index/resource_index/parent_prefix_path/master\n'}
[2.709041] (master) StdoutLine: {'line': b'-- Up-to-date: /root/master/install/master/share/master/environment/ament_prefix_path.sh\n'}
[2.709086] (master) StdoutLine: {'line': b'-- Up-to-date: /root/master/install/master/share/master/environment/ament_prefix_path.dsv\n'}
[2.709109] (master) StdoutLine: {'line': b'-- Up-to-date: /root/master/install/master/share/master/environment/path.sh\n'}
[2.709133] (master) StdoutLine: {'line': b'-- Up-to-date: /root/master/install/master/share/master/environment/path.dsv\n'}
[2.709157] (master) StdoutLine: {'line': b'-- Up-to-date: /root/master/install/master/share/master/local_setup.bash\n'}
[2.709180] (master) StdoutLine: {'line': b'-- Up-to-date: /root/master/install/master/share/master/local_setup.sh\n'}
[2.709203] (master) StdoutLine: {'line': b'-- Up-to-date: /root/master/install/master/share/master/local_setup.zsh\n'}
[2.709226] (master) StdoutLine: {'line': b'-- Up-to-date: /root/master/install/master/share/master/local_setup.dsv\n'}
[2.709254] (master) StdoutLine: {'line': b'-- Installing: /root/master/install/master/share/master/package.dsv\n'}
[2.709292] (master) StdoutLine: {'line': b'-- Up-to-date: /root/master/install/master/share/ament_index/resource_index/packages/master\n'}
[2.709317] (master) StdoutLine: {'line': b'-- Up-to-date: /root/master/install/master/share/master/cmake/masterConfig.cmake\n'}
[2.709343] (master) StdoutLine: {'line': b'-- Up-to-date: /root/master/install/master/share/master/cmake/masterConfig-version.cmake\n'}
[2.709365] (master) StdoutLine: {'line': b'-- Up-to-date: /root/master/install/master/share/master/package.xml\n'}
[2.709928] (master) CommandEnded: {'returncode': 0}
[2.727565] (master) JobEnded: {'identifier': 'master', 'rc': 0}
[2.727922] (-) EventReactorShutdown: {}
