[0.005s] Invoking command in '/root/workspace/build/core': AMENT_PREFIX_PATH=/root/workspace/install/core_msgs:${AMENT_PREFIX_PATH} CMAKE_PREFIX_PATH=/root/workspace/install/core_msgs:/root/microros_ws/install/px4_ros_com:/root/microros_ws/install/px4_msgs:/root/microros_ws/install/micro_ros_setup:/root/microros_ws/install/micro_ros_agent:/root/microros_ws/install/micro_ros_msgs:/opt/ros/humble LD_LIBRARY_PATH=/root/workspace/install/core_msgs/lib:${LD_LIBRARY_PATH} PYTHONPATH=/root/workspace/install/core_msgs/local/lib/python3.10/dist-packages:${PYTHONPATH} /usr/bin/cmake --build /root/workspace/build/core -- -j20 -l20
[0.022s] [35m[1mConsolidate compiler generated dependencies of target node[0m
[0.031s] [ 50%] [32mBuilding CXX object CMakeFiles/node.dir/src/offb_node.cpp.o[0m
[15.856s] [100%] [32m[1mLinking CXX executable node[0m
[16.826s] [100%] Built target node
[16.831s] Invoked command in '/root/workspace/build/core' returned '0': AMENT_PREFIX_PATH=/root/workspace/install/core_msgs:${AMENT_PREFIX_PATH} CMAKE_PREFIX_PATH=/root/workspace/install/core_msgs:/root/microros_ws/install/px4_ros_com:/root/microros_ws/install/px4_msgs:/root/microros_ws/install/micro_ros_setup:/root/microros_ws/install/micro_ros_agent:/root/microros_ws/install/micro_ros_msgs:/opt/ros/humble LD_LIBRARY_PATH=/root/workspace/install/core_msgs/lib:${LD_LIBRARY_PATH} PYTHONPATH=/root/workspace/install/core_msgs/local/lib/python3.10/dist-packages:${PYTHONPATH} /usr/bin/cmake --build /root/workspace/build/core -- -j20 -l20
[16.841s] Invoking command in '/root/workspace/build/core': AMENT_PREFIX_PATH=/root/workspace/install/core_msgs:${AMENT_PREFIX_PATH} CMAKE_PREFIX_PATH=/root/workspace/install/core_msgs:/root/microros_ws/install/px4_ros_com:/root/microros_ws/install/px4_msgs:/root/microros_ws/install/micro_ros_setup:/root/microros_ws/install/micro_ros_agent:/root/microros_ws/install/micro_ros_msgs:/opt/ros/humble LD_LIBRARY_PATH=/root/workspace/install/core_msgs/lib:${LD_LIBRARY_PATH} PYTHONPATH=/root/workspace/install/core_msgs/local/lib/python3.10/dist-packages:${PYTHONPATH} /usr/bin/cmake --install /root/workspace/build/core
[16.845s] -- Install configuration: ""
[16.845s] -- Installing: /root/workspace/install/core/lib/core/node
[16.855s] -- Set runtime path of "/root/workspace/install/core/lib/core/node" to ""
[16.855s] -- Up-to-date: /root/workspace/install/core/share/ament_index/resource_index/package_run_dependencies/core
[16.855s] -- Up-to-date: /root/workspace/install/core/share/ament_index/resource_index/parent_prefix_path/core
[16.855s] -- Up-to-date: /root/workspace/install/core/share/core/environment/ament_prefix_path.sh
[16.855s] -- Up-to-date: /root/workspace/install/core/share/core/environment/ament_prefix_path.dsv
[16.855s] -- Up-to-date: /root/workspace/install/core/share/core/environment/path.sh
[16.855s] -- Up-to-date: /root/workspace/install/core/share/core/environment/path.dsv
[16.855s] -- Up-to-date: /root/workspace/install/core/share/core/local_setup.bash
[16.855s] -- Up-to-date: /root/workspace/install/core/share/core/local_setup.sh
[16.855s] -- Up-to-date: /root/workspace/install/core/share/core/local_setup.zsh
[16.855s] -- Up-to-date: /root/workspace/install/core/share/core/local_setup.dsv
[16.856s] -- Installing: /root/workspace/install/core/share/core/package.dsv
[16.856s] -- Up-to-date: /root/workspace/install/core/share/ament_index/resource_index/packages/core
[16.856s] -- Up-to-date: /root/workspace/install/core/share/core/cmake/coreConfig.cmake
[16.856s] -- Up-to-date: /root/workspace/install/core/share/core/cmake/coreConfig-version.cmake
[16.856s] -- Up-to-date: /root/workspace/install/core/share/core/package.xml
[16.857s] Invoked command in '/root/workspace/build/core' returned '0': AMENT_PREFIX_PATH=/root/workspace/install/core_msgs:${AMENT_PREFIX_PATH} CMAKE_PREFIX_PATH=/root/workspace/install/core_msgs:/root/microros_ws/install/px4_ros_com:/root/microros_ws/install/px4_msgs:/root/microros_ws/install/micro_ros_setup:/root/microros_ws/install/micro_ros_agent:/root/microros_ws/install/micro_ros_msgs:/opt/ros/humble LD_LIBRARY_PATH=/root/workspace/install/core_msgs/lib:${LD_LIBRARY_PATH} PYTHONPATH=/root/workspace/install/core_msgs/local/lib/python3.10/dist-packages:${PYTHONPATH} /usr/bin/cmake --install /root/workspace/build/core
