[0.012s] Invoking command in '/root/workspace/build/core_msgs': CMAKE_PREFIX_PATH=${CMAKE_PREFIX_PATH}:/opt/ros/humble /usr/bin/cmake --build /root/workspace/build/core_msgs -- -j20 -l20
[0.025s] -- Found ament_cmake: 1.3.8 (/opt/ros/humble/share/ament_cmake/cmake)
[0.087s] -- Found rosidl_default_generators: 1.2.0 (/opt/ros/humble/share/rosidl_default_generators/cmake)
[0.088s] -- Using all available rosidl_typesupport_c: rosidl_typesupport_fastrtps_c;rosidl_typesupport_introspection_c
[0.089s] -- Found rosidl_adapter: 3.1.5 (/opt/ros/humble/share/rosidl_adapter/cmake)
[0.106s] -- Using all available rosidl_typesupport_cpp: rosidl_typesupport_fastrtps_cpp;rosidl_typesupport_introspection_cpp
[0.237s] -- Found ament_cmake_ros: 0.10.0 (/opt/ros/humble/share/ament_cmake_ros/cmake)
[0.319s] -- Using all available rosidl_typesupport_c: rosidl_typesupport_fastrtps_c;rosidl_typesupport_introspection_c
[0.424s] -- Using all available rosidl_typesupport_cpp: rosidl_typesupport_fastrtps_cpp;rosidl_typesupport_introspection_cpp
[0.433s] -- Found python_cmake_module: 0.10.0 (/opt/ros/humble/share/python_cmake_module/cmake)
[0.442s] -- Using PYTHON_EXECUTABLE: /usr/bin/python3
[0.442s] -- Using PYTHON_INCLUDE_DIRS: /usr/include/python3.10
[0.442s] -- Using PYTHON_LIBRARIES: /usr/lib/x86_64-linux-gnu/libpython3.10.so
[0.448s] -- Found ament_lint_auto: 0.12.10 (/opt/ros/humble/share/ament_lint_auto/cmake)
[0.452s] -- Added test 'copyright' to check source files copyright and LICENSE
[0.453s] -- Added test 'lint_cmake' to check CMake code style
[0.453s] -- Added test 'xmllint' to check XML markup files
[0.454s] -- Configuring done
[0.467s] -- Generating done
[0.468s] -- Build files have been written to: /root/workspace/build/core_msgs
[0.479s] [35m[1mConsolidate compiler generated dependencies of target core_msgs__rosidl_generator_c[0m
[0.483s] [  2%] Built target core_msgs__cpp
[0.483s] [  5%] [32mBuilding C object CMakeFiles/core_msgs__rosidl_generator_c.dir/rosidl_generator_c/core_msgs/msg/detail/trajectory__functions.c.o[0m
[0.483s] [  7%] [32mBuilding C object CMakeFiles/core_msgs__rosidl_generator_c.dir/rosidl_generator_c/core_msgs/msg/detail/aux_global_position__functions.c.o[0m
[0.487s] [  7%] Built target ament_cmake_python_copy_core_msgs
[0.487s] [35m[1mConsolidate compiler generated dependencies of target core_msgs__rosidl_typesupport_cpp[0m
[0.487s] [35m[1mConsolidate compiler generated dependencies of target core_msgs__rosidl_typesupport_fastrtps_cpp[0m
[0.487s] [35m[1mConsolidate compiler generated dependencies of target core_msgs__rosidl_typesupport_introspection_cpp[0m
[0.494s] [ 10%] [32mBuilding CXX object CMakeFiles/core_msgs__rosidl_typesupport_cpp.dir/rosidl_typesupport_cpp/core_msgs/msg/trajectory__type_support.cpp.o[0m
[0.495s] [ 15%] [32mBuilding CXX object CMakeFiles/core_msgs__rosidl_typesupport_introspection_cpp.dir/rosidl_typesupport_introspection_cpp/core_msgs/msg/detail/trajectory__type_support.cpp.o[0m
[0.495s] [ 15%] [32mBuilding CXX object CMakeFiles/core_msgs__rosidl_typesupport_fastrtps_cpp.dir/rosidl_typesupport_fastrtps_cpp/core_msgs/msg/detail/dds_fastrtps/trajectory__type_support.cpp.o[0m
[0.495s] [ 23%] [32mBuilding CXX object CMakeFiles/core_msgs__rosidl_typesupport_fastrtps_cpp.dir/rosidl_typesupport_fastrtps_cpp/core_msgs/msg/detail/dds_fastrtps/aux_global_position__type_support.cpp.o[0m
[0.495s] [ 23%] [32mBuilding CXX object CMakeFiles/core_msgs__rosidl_typesupport_introspection_cpp.dir/rosidl_typesupport_introspection_cpp/core_msgs/msg/detail/aux_global_position__type_support.cpp.o[0m
[0.496s] [ 23%] [32mBuilding CXX object CMakeFiles/core_msgs__rosidl_typesupport_cpp.dir/rosidl_typesupport_cpp/core_msgs/msg/aux_global_position__type_support.cpp.o[0m
[0.509s] [ 25%] [32m[1mLinking C shared library libcore_msgs__rosidl_generator_c.so[0m
[0.528s] [ 28%] Built target core_msgs__rosidl_generator_c
[0.533s] [35m[1mConsolidate compiler generated dependencies of target core_msgs__rosidl_typesupport_fastrtps_c[0m
[0.535s] [35m[1mConsolidate compiler generated dependencies of target core_msgs__rosidl_typesupport_introspection_c[0m
[0.535s] [35m[1mConsolidate compiler generated dependencies of target core_msgs__rosidl_typesupport_c[0m
[0.541s] [ 30%] [32mBuilding CXX object CMakeFiles/core_msgs__rosidl_typesupport_fastrtps_c.dir/rosidl_typesupport_fastrtps_c/core_msgs/msg/detail/trajectory__type_support_c.cpp.o[0m
[0.542s] [ 35%] [32mBuilding CXX object CMakeFiles/core_msgs__rosidl_typesupport_c.dir/rosidl_typesupport_c/core_msgs/msg/trajectory__type_support.cpp.o[0m
[0.542s] [ 35%] [32mBuilding CXX object CMakeFiles/core_msgs__rosidl_typesupport_fastrtps_c.dir/rosidl_typesupport_fastrtps_c/core_msgs/msg/detail/aux_global_position__type_support_c.cpp.o[0m
[0.542s] [ 38%] [32mBuilding CXX object CMakeFiles/core_msgs__rosidl_typesupport_c.dir/rosidl_typesupport_c/core_msgs/msg/aux_global_position__type_support.cpp.o[0m
[0.542s] [ 41%] [32mBuilding C object CMakeFiles/core_msgs__rosidl_typesupport_introspection_c.dir/rosidl_typesupport_introspection_c/core_msgs/msg/detail/aux_global_position__type_support.c.o[0m
[0.543s] [ 43%] [32mBuilding C object CMakeFiles/core_msgs__rosidl_typesupport_introspection_c.dir/rosidl_typesupport_introspection_c/core_msgs/msg/detail/trajectory__type_support.c.o[0m
[0.565s] [ 46%] [32m[1mLinking CXX shared library libcore_msgs__rosidl_typesupport_c.so[0m
[0.569s] [ 48%] [32m[1mLinking C shared library libcore_msgs__rosidl_typesupport_introspection_c.so[0m
[0.586s] [ 51%] Built target core_msgs__rosidl_typesupport_introspection_c
[0.592s] running egg_info
[0.593s] writing core_msgs.egg-info/PKG-INFO
[0.593s] writing dependency_links to core_msgs.egg-info/dependency_links.txt
[0.593s] writing top-level names to core_msgs.egg-info/top_level.txt
[0.594s] reading manifest file 'core_msgs.egg-info/SOURCES.txt'
[0.595s] writing manifest file 'core_msgs.egg-info/SOURCES.txt'
[0.597s] [ 53%] Built target core_msgs__rosidl_typesupport_c
[0.611s] [ 53%] Built target ament_cmake_python_build_core_msgs_egg
[0.637s] [ 56%] [32m[1mLinking CXX shared library libcore_msgs__rosidl_typesupport_cpp.so[0m
[0.664s] [ 58%] Built target core_msgs__rosidl_typesupport_cpp
[0.705s] [ 61%] [32m[1mLinking CXX shared library libcore_msgs__rosidl_typesupport_fastrtps_cpp.so[0m
[0.739s] [ 64%] [32m[1mLinking CXX shared library libcore_msgs__rosidl_typesupport_introspection_cpp.so[0m
[0.743s] [ 66%] Built target core_msgs__rosidl_typesupport_fastrtps_cpp
[0.758s] [ 69%] Built target core_msgs__rosidl_typesupport_introspection_cpp
[0.764s] [ 71%] [32m[1mLinking CXX shared library libcore_msgs__rosidl_typesupport_fastrtps_c.so[0m
[0.800s] [ 74%] Built target core_msgs__rosidl_typesupport_fastrtps_c
[0.808s] [ 74%] Built target core_msgs
[0.817s] [ 76%] Built target core_msgs__py
[0.821s] [35m[1mConsolidate compiler generated dependencies of target core_msgs__rosidl_generator_py[0m
[0.828s] [ 82%] [32mBuilding C object CMakeFiles/core_msgs__rosidl_generator_py.dir/rosidl_generator_py/core_msgs/msg/_aux_global_position_s.c.o[0m
[0.828s] [ 82%] [32mBuilding C object CMakeFiles/core_msgs__rosidl_generator_py.dir/rosidl_generator_py/core_msgs/msg/_trajectory_s.c.o[0m
[0.877s] [ 84%] [32m[1mLinking C shared library rosidl_generator_py/core_msgs/libcore_msgs__rosidl_generator_py.so[0m
[0.897s] [ 84%] Built target core_msgs__rosidl_generator_py
[0.902s] [35m[1mConsolidate compiler generated dependencies of target core_msgs__rosidl_typesupport_c__pyext[0m
[0.902s] [35m[1mConsolidate compiler generated dependencies of target core_msgs__rosidl_typesupport_fastrtps_c__pyext[0m
[0.902s] [35m[1mConsolidate compiler generated dependencies of target core_msgs__rosidl_typesupport_introspection_c__pyext[0m
[0.909s] [ 92%] [32mBuilding C object CMakeFiles/core_msgs__rosidl_typesupport_introspection_c__pyext.dir/rosidl_generator_py/core_msgs/_core_msgs_s.ep.rosidl_typesupport_introspection_c.c.o[0m
[0.909s] [ 92%] [32mBuilding C object CMakeFiles/core_msgs__rosidl_typesupport_fastrtps_c__pyext.dir/rosidl_generator_py/core_msgs/_core_msgs_s.ep.rosidl_typesupport_fastrtps_c.c.o[0m
[0.909s] [ 92%] [32mBuilding C object CMakeFiles/core_msgs__rosidl_typesupport_c__pyext.dir/rosidl_generator_py/core_msgs/_core_msgs_s.ep.rosidl_typesupport_c.c.o[0m
[0.954s] [ 97%] [32m[1mLinking C shared library rosidl_generator_py/core_msgs/core_msgs_s__rosidl_typesupport_introspection_c.cpython-310-x86_64-linux-gnu.so[0m
[0.954s] [ 97%] [32m[1mLinking C shared library rosidl_generator_py/core_msgs/core_msgs_s__rosidl_typesupport_c.cpython-310-x86_64-linux-gnu.so[0m
[0.954s] [100%] [32m[1mLinking C shared library rosidl_generator_py/core_msgs/core_msgs_s__rosidl_typesupport_fastrtps_c.cpython-310-x86_64-linux-gnu.so[0m
[0.969s] [100%] Built target core_msgs__rosidl_typesupport_fastrtps_c__pyext
[0.970s] [100%] Built target core_msgs__rosidl_typesupport_c__pyext
[0.970s] [100%] Built target core_msgs__rosidl_typesupport_introspection_c__pyext
[0.975s] Invoked command in '/root/workspace/build/core_msgs' returned '0': CMAKE_PREFIX_PATH=${CMAKE_PREFIX_PATH}:/opt/ros/humble /usr/bin/cmake --build /root/workspace/build/core_msgs -- -j20 -l20
[1.006s] Invoking command in '/root/workspace/build/core_msgs': CMAKE_PREFIX_PATH=${CMAKE_PREFIX_PATH}:/opt/ros/humble /usr/bin/cmake --install /root/workspace/build/core_msgs
[1.010s] -- Install configuration: ""
[1.010s] -- Up-to-date: /root/workspace/install/core_msgs/share/ament_index/resource_index/rosidl_interfaces/core_msgs
[1.010s] -- Up-to-date: /root/workspace/install/core_msgs/include/core_msgs/core_msgs
[1.010s] -- Up-to-date: /root/workspace/install/core_msgs/include/core_msgs/core_msgs/msg
[1.010s] -- Up-to-date: /root/workspace/install/core_msgs/include/core_msgs/core_msgs/msg/detail
[1.010s] -- Up-to-date: /root/workspace/install/core_msgs/include/core_msgs/core_msgs/msg/detail/trajectory__functions.h
[1.010s] -- Up-to-date: /root/workspace/install/core_msgs/include/core_msgs/core_msgs/msg/detail/trajectory__type_support.h
[1.010s] -- Up-to-date: /root/workspace/install/core_msgs/include/core_msgs/core_msgs/msg/detail/aux_global_position__functions.c
[1.010s] -- Up-to-date: /root/workspace/install/core_msgs/include/core_msgs/core_msgs/msg/detail/trajectory__struct.h
[1.010s] -- Up-to-date: /root/workspace/install/core_msgs/include/core_msgs/core_msgs/msg/detail/trajectory__functions.c
[1.010s] -- Up-to-date: /root/workspace/install/core_msgs/include/core_msgs/core_msgs/msg/detail/aux_global_position__type_support.h
[1.010s] -- Up-to-date: /root/workspace/install/core_msgs/include/core_msgs/core_msgs/msg/detail/aux_global_position__functions.h
[1.010s] -- Up-to-date: /root/workspace/install/core_msgs/include/core_msgs/core_msgs/msg/detail/aux_global_position__struct.h
[1.011s] -- Up-to-date: /root/workspace/install/core_msgs/include/core_msgs/core_msgs/msg/aux_global_position.h
[1.011s] -- Up-to-date: /root/workspace/install/core_msgs/include/core_msgs/core_msgs/msg/trajectory.h
[1.011s] -- Up-to-date: /root/workspace/install/core_msgs/include/core_msgs/core_msgs/msg/rosidl_generator_c__visibility_control.h
[1.011s] -- Installing: /root/workspace/install/core_msgs/share/core_msgs/environment/library_path.sh
[1.011s] -- Installing: /root/workspace/install/core_msgs/share/core_msgs/environment/library_path.dsv
[1.011s] -- Installing: /root/workspace/install/core_msgs/lib/libcore_msgs__rosidl_generator_c.so
[1.011s] -- Set runtime path of "/root/workspace/install/core_msgs/lib/libcore_msgs__rosidl_generator_c.so" to ""
[1.011s] -- Up-to-date: /root/workspace/install/core_msgs/include/core_msgs/core_msgs
[1.011s] -- Up-to-date: /root/workspace/install/core_msgs/include/core_msgs/core_msgs/msg
[1.011s] -- Up-to-date: /root/workspace/install/core_msgs/include/core_msgs/core_msgs/msg/detail
[1.011s] -- Up-to-date: /root/workspace/install/core_msgs/include/core_msgs/core_msgs/msg/detail/trajectory__rosidl_typesupport_fastrtps_c.h
[1.011s] -- Up-to-date: /root/workspace/install/core_msgs/include/core_msgs/core_msgs/msg/detail/aux_global_position__rosidl_typesupport_fastrtps_c.h
[1.011s] -- Up-to-date: /root/workspace/install/core_msgs/include/core_msgs/core_msgs/msg/rosidl_typesupport_fastrtps_c__visibility_control.h
[1.012s] -- Installing: /root/workspace/install/core_msgs/lib/libcore_msgs__rosidl_typesupport_fastrtps_c.so
[1.012s] -- Set runtime path of "/root/workspace/install/core_msgs/lib/libcore_msgs__rosidl_typesupport_fastrtps_c.so" to ""
[1.012s] -- Up-to-date: /root/workspace/install/core_msgs/include/core_msgs/core_msgs
[1.012s] -- Up-to-date: /root/workspace/install/core_msgs/include/core_msgs/core_msgs/msg
[1.012s] -- Up-to-date: /root/workspace/install/core_msgs/include/core_msgs/core_msgs/msg/rosidl_typesupport_introspection_c__visibility_control.h
[1.012s] -- Up-to-date: /root/workspace/install/core_msgs/include/core_msgs/core_msgs/msg/detail
[1.012s] -- Up-to-date: /root/workspace/install/core_msgs/include/core_msgs/core_msgs/msg/detail/aux_global_position__rosidl_typesupport_introspection_c.h
[1.012s] -- Up-to-date: /root/workspace/install/core_msgs/include/core_msgs/core_msgs/msg/detail/trajectory__rosidl_typesupport_introspection_c.h
[1.012s] -- Up-to-date: /root/workspace/install/core_msgs/include/core_msgs/core_msgs/msg/detail/aux_global_position__type_support.c
[1.012s] -- Up-to-date: /root/workspace/install/core_msgs/include/core_msgs/core_msgs/msg/detail/trajectory__type_support.c
[1.012s] -- Installing: /root/workspace/install/core_msgs/lib/libcore_msgs__rosidl_typesupport_introspection_c.so
[1.012s] -- Set runtime path of "/root/workspace/install/core_msgs/lib/libcore_msgs__rosidl_typesupport_introspection_c.so" to ""
[1.012s] -- Installing: /root/workspace/install/core_msgs/lib/libcore_msgs__rosidl_typesupport_c.so
[1.012s] -- Set runtime path of "/root/workspace/install/core_msgs/lib/libcore_msgs__rosidl_typesupport_c.so" to ""
[1.012s] -- Up-to-date: /root/workspace/install/core_msgs/include/core_msgs/core_msgs
[1.012s] -- Up-to-date: /root/workspace/install/core_msgs/include/core_msgs/core_msgs/msg
[1.012s] -- Up-to-date: /root/workspace/install/core_msgs/include/core_msgs/core_msgs/msg/detail
[1.012s] -- Up-to-date: /root/workspace/install/core_msgs/include/core_msgs/core_msgs/msg/detail/trajectory__builder.hpp
[1.012s] -- Up-to-date: /root/workspace/install/core_msgs/include/core_msgs/core_msgs/msg/detail/trajectory__traits.hpp
[1.012s] -- Up-to-date: /root/workspace/install/core_msgs/include/core_msgs/core_msgs/msg/detail/aux_global_position__struct.hpp
[1.012s] -- Up-to-date: /root/workspace/install/core_msgs/include/core_msgs/core_msgs/msg/detail/aux_global_position__traits.hpp
[1.012s] -- Up-to-date: /root/workspace/install/core_msgs/include/core_msgs/core_msgs/msg/detail/aux_global_position__builder.hpp
[1.012s] -- Up-to-date: /root/workspace/install/core_msgs/include/core_msgs/core_msgs/msg/detail/trajectory__struct.hpp
[1.012s] -- Up-to-date: /root/workspace/install/core_msgs/include/core_msgs/core_msgs/msg/aux_global_position.hpp
[1.012s] -- Up-to-date: /root/workspace/install/core_msgs/include/core_msgs/core_msgs/msg/trajectory.hpp
[1.012s] -- Up-to-date: /root/workspace/install/core_msgs/include/core_msgs/core_msgs
[1.013s] -- Up-to-date: /root/workspace/install/core_msgs/include/core_msgs/core_msgs/msg
[1.013s] -- Up-to-date: /root/workspace/install/core_msgs/include/core_msgs/core_msgs/msg/detail
[1.013s] -- Installing: /root/workspace/install/core_msgs/include/core_msgs/core_msgs/msg/detail/dds_fastrtps
[1.013s] -- Up-to-date: /root/workspace/install/core_msgs/include/core_msgs/core_msgs/msg/detail/trajectory__rosidl_typesupport_fastrtps_cpp.hpp
[1.013s] -- Up-to-date: /root/workspace/install/core_msgs/include/core_msgs/core_msgs/msg/detail/aux_global_position__rosidl_typesupport_fastrtps_cpp.hpp
[1.013s] -- Up-to-date: /root/workspace/install/core_msgs/include/core_msgs/core_msgs/msg/rosidl_typesupport_fastrtps_cpp__visibility_control.h
[1.013s] -- Installing: /root/workspace/install/core_msgs/lib/libcore_msgs__rosidl_typesupport_fastrtps_cpp.so
[1.013s] -- Set runtime path of "/root/workspace/install/core_msgs/lib/libcore_msgs__rosidl_typesupport_fastrtps_cpp.so" to ""
[1.013s] -- Up-to-date: /root/workspace/install/core_msgs/include/core_msgs/core_msgs
[1.013s] -- Up-to-date: /root/workspace/install/core_msgs/include/core_msgs/core_msgs/msg
[1.013s] -- Up-to-date: /root/workspace/install/core_msgs/include/core_msgs/core_msgs/msg/detail
[1.013s] -- Up-to-date: /root/workspace/install/core_msgs/include/core_msgs/core_msgs/msg/detail/trajectory__type_support.cpp
[1.013s] -- Up-to-date: /root/workspace/install/core_msgs/include/core_msgs/core_msgs/msg/detail/aux_global_position__type_support.cpp
[1.013s] -- Up-to-date: /root/workspace/install/core_msgs/include/core_msgs/core_msgs/msg/detail/aux_global_position__rosidl_typesupport_introspection_cpp.hpp
[1.013s] -- Up-to-date: /root/workspace/install/core_msgs/include/core_msgs/core_msgs/msg/detail/trajectory__rosidl_typesupport_introspection_cpp.hpp
[1.013s] -- Installing: /root/workspace/install/core_msgs/lib/libcore_msgs__rosidl_typesupport_introspection_cpp.so
[1.013s] -- Set runtime path of "/root/workspace/install/core_msgs/lib/libcore_msgs__rosidl_typesupport_introspection_cpp.so" to ""
[1.013s] -- Installing: /root/workspace/install/core_msgs/lib/libcore_msgs__rosidl_typesupport_cpp.so
[1.013s] -- Set runtime path of "/root/workspace/install/core_msgs/lib/libcore_msgs__rosidl_typesupport_cpp.so" to ""
[1.013s] -- Up-to-date: /root/workspace/install/core_msgs/share/core_msgs/environment/pythonpath.sh
[1.013s] -- Installing: /root/workspace/install/core_msgs/share/core_msgs/environment/pythonpath.dsv
[1.013s] -- Up-to-date: /root/workspace/install/core_msgs/local/lib/python3.10/dist-packages/core_msgs-0.0.0-py3.10.egg-info
[1.013s] -- Installing: /root/workspace/install/core_msgs/local/lib/python3.10/dist-packages/core_msgs-0.0.0-py3.10.egg-info/dependency_links.txt
[1.013s] -- Installing: /root/workspace/install/core_msgs/local/lib/python3.10/dist-packages/core_msgs-0.0.0-py3.10.egg-info/PKG-INFO
[1.013s] -- Installing: /root/workspace/install/core_msgs/local/lib/python3.10/dist-packages/core_msgs-0.0.0-py3.10.egg-info/top_level.txt
[1.013s] -- Installing: /root/workspace/install/core_msgs/local/lib/python3.10/dist-packages/core_msgs-0.0.0-py3.10.egg-info/SOURCES.txt
[1.013s] -- Up-to-date: /root/workspace/install/core_msgs/local/lib/python3.10/dist-packages/core_msgs
[1.013s] -- Installing: /root/workspace/install/core_msgs/local/lib/python3.10/dist-packages/core_msgs/core_msgs_s__rosidl_typesupport_introspection_c.cpython-310-x86_64-linux-gnu.so
[1.013s] -- Installing: /root/workspace/install/core_msgs/local/lib/python3.10/dist-packages/core_msgs/__init__.py
[1.013s] -- Installing: /root/workspace/install/core_msgs/local/lib/python3.10/dist-packages/core_msgs/core_msgs_s__rosidl_typesupport_c.cpython-310-x86_64-linux-gnu.so
[1.013s] -- Up-to-date: /root/workspace/install/core_msgs/local/lib/python3.10/dist-packages/core_msgs/_core_msgs_s.ep.rosidl_typesupport_introspection_c.c
[1.013s] -- Installing: /root/workspace/install/core_msgs/local/lib/python3.10/dist-packages/core_msgs/core_msgs_s__rosidl_typesupport_fastrtps_c.cpython-310-x86_64-linux-gnu.so
[1.013s] -- Up-to-date: /root/workspace/install/core_msgs/local/lib/python3.10/dist-packages/core_msgs/_core_msgs_s.ep.rosidl_typesupport_fastrtps_c.c
[1.013s] -- Installing: /root/workspace/install/core_msgs/local/lib/python3.10/dist-packages/core_msgs/libcore_msgs__rosidl_generator_py.so
[1.013s] -- Up-to-date: /root/workspace/install/core_msgs/local/lib/python3.10/dist-packages/core_msgs/msg
[1.013s] -- Up-to-date: /root/workspace/install/core_msgs/local/lib/python3.10/dist-packages/core_msgs/msg/_aux_global_position.py
[1.013s] -- Up-to-date: /root/workspace/install/core_msgs/local/lib/python3.10/dist-packages/core_msgs/msg/__init__.py
[1.013s] -- Up-to-date: /root/workspace/install/core_msgs/local/lib/python3.10/dist-packages/core_msgs/msg/_aux_global_position_s.c
[1.013s] -- Up-to-date: /root/workspace/install/core_msgs/local/lib/python3.10/dist-packages/core_msgs/msg/_trajectory_s.c
[1.013s] -- Up-to-date: /root/workspace/install/core_msgs/local/lib/python3.10/dist-packages/core_msgs/msg/_trajectory.py
[1.013s] -- Up-to-date: /root/workspace/install/core_msgs/local/lib/python3.10/dist-packages/core_msgs/_core_msgs_s.ep.rosidl_typesupport_c.c
[1.030s] Listing '/root/workspace/install/core_msgs/local/lib/python3.10/dist-packages/core_msgs'...
[1.030s] Compiling '/root/workspace/install/core_msgs/local/lib/python3.10/dist-packages/core_msgs/__init__.py'...
[1.030s] Listing '/root/workspace/install/core_msgs/local/lib/python3.10/dist-packages/core_msgs/msg'...
[1.030s] Compiling '/root/workspace/install/core_msgs/local/lib/python3.10/dist-packages/core_msgs/msg/__init__.py'...
[1.030s] Compiling '/root/workspace/install/core_msgs/local/lib/python3.10/dist-packages/core_msgs/msg/_aux_global_position.py'...
[1.030s] Compiling '/root/workspace/install/core_msgs/local/lib/python3.10/dist-packages/core_msgs/msg/_trajectory.py'...
[1.033s] -- Installing: /root/workspace/install/core_msgs/local/lib/python3.10/dist-packages/core_msgs/core_msgs_s__rosidl_typesupport_fastrtps_c.cpython-310-x86_64-linux-gnu.so
[1.033s] -- Set runtime path of "/root/workspace/install/core_msgs/local/lib/python3.10/dist-packages/core_msgs/core_msgs_s__rosidl_typesupport_fastrtps_c.cpython-310-x86_64-linux-gnu.so" to ""
[1.033s] -- Installing: /root/workspace/install/core_msgs/local/lib/python3.10/dist-packages/core_msgs/core_msgs_s__rosidl_typesupport_introspection_c.cpython-310-x86_64-linux-gnu.so
[1.033s] -- Set runtime path of "/root/workspace/install/core_msgs/local/lib/python3.10/dist-packages/core_msgs/core_msgs_s__rosidl_typesupport_introspection_c.cpython-310-x86_64-linux-gnu.so" to ""
[1.033s] -- Installing: /root/workspace/install/core_msgs/local/lib/python3.10/dist-packages/core_msgs/core_msgs_s__rosidl_typesupport_c.cpython-310-x86_64-linux-gnu.so
[1.033s] -- Set runtime path of "/root/workspace/install/core_msgs/local/lib/python3.10/dist-packages/core_msgs/core_msgs_s__rosidl_typesupport_c.cpython-310-x86_64-linux-gnu.so" to ""
[1.033s] -- Installing: /root/workspace/install/core_msgs/lib/libcore_msgs__rosidl_generator_py.so
[1.034s] -- Set runtime path of "/root/workspace/install/core_msgs/lib/libcore_msgs__rosidl_generator_py.so" to ""
[1.034s] -- Up-to-date: /root/workspace/install/core_msgs/share/core_msgs/msg/Trajectory.idl
[1.034s] -- Up-to-date: /root/workspace/install/core_msgs/share/core_msgs/msg/AuxGlobalPosition.idl
[1.034s] -- Installing: /root/workspace/install/core_msgs/share/core_msgs/msg/Trajectory.msg
[1.034s] -- Installing: /root/workspace/install/core_msgs/share/core_msgs/msg/AuxGlobalPosition.msg
[1.034s] -- Up-to-date: /root/workspace/install/core_msgs/share/ament_index/resource_index/package_run_dependencies/core_msgs
[1.034s] -- Up-to-date: /root/workspace/install/core_msgs/share/ament_index/resource_index/parent_prefix_path/core_msgs
[1.034s] -- Installing: /root/workspace/install/core_msgs/share/core_msgs/environment/ament_prefix_path.sh
[1.034s] -- Installing: /root/workspace/install/core_msgs/share/core_msgs/environment/ament_prefix_path.dsv
[1.034s] -- Installing: /root/workspace/install/core_msgs/share/core_msgs/environment/path.sh
[1.034s] -- Installing: /root/workspace/install/core_msgs/share/core_msgs/environment/path.dsv
[1.034s] -- Up-to-date: /root/workspace/install/core_msgs/share/core_msgs/local_setup.bash
[1.034s] -- Up-to-date: /root/workspace/install/core_msgs/share/core_msgs/local_setup.sh
[1.034s] -- Up-to-date: /root/workspace/install/core_msgs/share/core_msgs/local_setup.zsh
[1.034s] -- Installing: /root/workspace/install/core_msgs/share/core_msgs/local_setup.dsv
[1.034s] -- Installing: /root/workspace/install/core_msgs/share/core_msgs/package.dsv
[1.034s] -- Up-to-date: /root/workspace/install/core_msgs/share/ament_index/resource_index/packages/core_msgs
[1.034s] -- Up-to-date: /root/workspace/install/core_msgs/share/core_msgs/cmake/export_core_msgs__rosidl_generator_cExport.cmake
[1.034s] -- Up-to-date: /root/workspace/install/core_msgs/share/core_msgs/cmake/export_core_msgs__rosidl_generator_cExport-noconfig.cmake
[1.034s] -- Up-to-date: /root/workspace/install/core_msgs/share/core_msgs/cmake/export_core_msgs__rosidl_typesupport_fastrtps_cExport.cmake
[1.034s] -- Up-to-date: /root/workspace/install/core_msgs/share/core_msgs/cmake/export_core_msgs__rosidl_typesupport_fastrtps_cExport-noconfig.cmake
[1.034s] -- Up-to-date: /root/workspace/install/core_msgs/share/core_msgs/cmake/core_msgs__rosidl_typesupport_introspection_cExport.cmake
[1.034s] -- Up-to-date: /root/workspace/install/core_msgs/share/core_msgs/cmake/core_msgs__rosidl_typesupport_introspection_cExport-noconfig.cmake
[1.034s] -- Up-to-date: /root/workspace/install/core_msgs/share/core_msgs/cmake/core_msgs__rosidl_typesupport_cExport.cmake
[1.034s] -- Up-to-date: /root/workspace/install/core_msgs/share/core_msgs/cmake/core_msgs__rosidl_typesupport_cExport-noconfig.cmake
[1.034s] -- Up-to-date: /root/workspace/install/core_msgs/share/core_msgs/cmake/export_core_msgs__rosidl_generator_cppExport.cmake
[1.034s] -- Up-to-date: /root/workspace/install/core_msgs/share/core_msgs/cmake/export_core_msgs__rosidl_typesupport_fastrtps_cppExport.cmake
[1.034s] -- Up-to-date: /root/workspace/install/core_msgs/share/core_msgs/cmake/export_core_msgs__rosidl_typesupport_fastrtps_cppExport-noconfig.cmake
[1.035s] -- Up-to-date: /root/workspace/install/core_msgs/share/core_msgs/cmake/core_msgs__rosidl_typesupport_introspection_cppExport.cmake
[1.035s] -- Up-to-date: /root/workspace/install/core_msgs/share/core_msgs/cmake/core_msgs__rosidl_typesupport_introspection_cppExport-noconfig.cmake
[1.035s] -- Up-to-date: /root/workspace/install/core_msgs/share/core_msgs/cmake/core_msgs__rosidl_typesupport_cppExport.cmake
[1.035s] -- Up-to-date: /root/workspace/install/core_msgs/share/core_msgs/cmake/core_msgs__rosidl_typesupport_cppExport-noconfig.cmake
[1.035s] -- Up-to-date: /root/workspace/install/core_msgs/share/core_msgs/cmake/export_core_msgs__rosidl_generator_pyExport.cmake
[1.035s] -- Up-to-date: /root/workspace/install/core_msgs/share/core_msgs/cmake/export_core_msgs__rosidl_generator_pyExport-noconfig.cmake
[1.035s] -- Up-to-date: /root/workspace/install/core_msgs/share/core_msgs/cmake/rosidl_cmake-extras.cmake
[1.035s] -- Up-to-date: /root/workspace/install/core_msgs/share/core_msgs/cmake/ament_cmake_export_include_directories-extras.cmake
[1.035s] -- Up-to-date: /root/workspace/install/core_msgs/share/core_msgs/cmake/ament_cmake_export_libraries-extras.cmake
[1.035s] -- Up-to-date: /root/workspace/install/core_msgs/share/core_msgs/cmake/ament_cmake_export_targets-extras.cmake
[1.035s] -- Up-to-date: /root/workspace/install/core_msgs/share/core_msgs/cmake/rosidl_cmake_export_typesupport_targets-extras.cmake
[1.035s] -- Up-to-date: /root/workspace/install/core_msgs/share/core_msgs/cmake/ament_cmake_export_dependencies-extras.cmake
[1.035s] -- Up-to-date: /root/workspace/install/core_msgs/share/core_msgs/cmake/rosidl_cmake_export_typesupport_libraries-extras.cmake
[1.035s] -- Up-to-date: /root/workspace/install/core_msgs/share/core_msgs/cmake/core_msgsConfig.cmake
[1.035s] -- Up-to-date: /root/workspace/install/core_msgs/share/core_msgs/cmake/core_msgsConfig-version.cmake
[1.035s] -- Installing: /root/workspace/install/core_msgs/share/core_msgs/package.xml
[1.036s] Invoked command in '/root/workspace/build/core_msgs' returned '0': CMAKE_PREFIX_PATH=${CMAKE_PREFIX_PATH}:/opt/ros/humble /usr/bin/cmake --install /root/workspace/build/core_msgs
