-- Found ament_cmake: 1.3.9 (/opt/ros/humble/share/ament_cmake/cmake)
-- Found rclcpp: 16.0.9 (/opt/ros/humble/share/rclcpp/cmake)
-- Found rosidl_generator_c: 3.1.5 (/opt/ros/humble/share/rosidl_generator_c/cmake)
-- Found rosidl_adapter: 3.1.5 (/opt/ros/humble/share/rosidl_adapter/cmake)
-- Found rosidl_generator_cpp: 3.1.5 (/opt/ros/humble/share/rosidl_generator_cpp/cmake)
-- Using all available rosidl_typesupport_c: rosidl_typesupport_fastrtps_c;rosidl_typesupport_introspection_c
-- Using all available rosidl_typesupport_cpp: rosidl_typesupport_fastrtps_cpp;rosidl_typesupport_introspection_cpp
-- Found rmw_implementation_cmake: 6.1.2 (/opt/ros/humble/share/rmw_implementation_cmake/cmake)
-- Found rmw_fastrtps_cpp: 6.2.6 (/opt/ros/humble/share/rmw_fastrtps_cpp/cmake)
-- Using RMW implementation 'rmw_fastrtps_cpp' as default
-- Found nlohmann_json: /usr/lib/cmake/nlohmann_json/nlohmann_jsonConfig.cmake (found version "3.10.5") 
-- Found ament_lint_auto: 0.12.11 (/opt/ros/humble/share/ament_lint_auto/cmake)
-- Added test 'copyright' to check source files copyright and LICENSE
-- Added test 'cppcheck' to perform static code analysis on C / C++ code
-- Configured cppcheck include dirs: 
-- Configured cppcheck exclude dirs and/or files: 
-- Added test 'cpplint' to check C / C++ code against the Google style
-- Configured cpplint exclude dirs and/or files: 
-- Added test 'lint_cmake' to check CMake code style
-- Added test 'uncrustify' to check C / C++ code style
-- Configured uncrustify additional arguments: 
-- Added test 'xmllint' to check XML markup files
-- Configuring done
-- Generating done
-- Build files have been written to: /root/master/build/master
[ 50%] [32mBuilding CXX object CMakeFiles/node.dir/src/master_node.cpp.o[0m
[100%] [32m[1mLinking CXX executable node[0m
[100%] Built target node
-- Install configuration: ""
-- Installing: /root/master/install/master/lib/master/node
-- Set runtime path of "/root/master/install/master/lib/master/node" to ""
-- Installing: /root/master/install/master/share/ament_index/resource_index/package_run_dependencies/master
-- Installing: /root/master/install/master/share/ament_index/resource_index/parent_prefix_path/master
-- Installing: /root/master/install/master/share/master/environment/ament_prefix_path.sh
-- Installing: /root/master/install/master/share/master/environment/ament_prefix_path.dsv
-- Installing: /root/master/install/master/share/master/environment/path.sh
-- Installing: /root/master/install/master/share/master/environment/path.dsv
-- Installing: /root/master/install/master/share/master/local_setup.bash
-- Installing: /root/master/install/master/share/master/local_setup.sh
-- Installing: /root/master/install/master/share/master/local_setup.zsh
-- Installing: /root/master/install/master/share/master/local_setup.dsv
-- Installing: /root/master/install/master/share/master/package.dsv
-- Installing: /root/master/install/master/share/ament_index/resource_index/packages/master
-- Installing: /root/master/install/master/share/master/cmake/masterConfig.cmake
-- Installing: /root/master/install/master/share/master/cmake/masterConfig-version.cmake
-- Installing: /root/master/install/master/share/master/package.xml
