[0.004s] Invoking command in '/root/master/build/master': CMAKE_PREFIX_PATH=/opt/ros/humble /usr/bin/cmake /root/master/src/master -DCMAKE_INSTALL_PREFIX=/root/master/install/master
[0.011s] -- Found ament_cmake: 1.3.9 (/opt/ros/humble/share/ament_cmake/cmake)
[0.069s] -- Found rclcpp: 16.0.9 (/opt/ros/humble/share/rclcpp/cmake)
[0.081s] -- Found rosidl_generator_c: 3.1.5 (/opt/ros/humble/share/rosidl_generator_c/cmake)
[0.083s] -- Found rosidl_adapter: 3.1.5 (/opt/ros/humble/share/rosidl_adapter/cmake)
[0.086s] -- Found rosidl_generator_cpp: 3.1.5 (/opt/ros/humble/share/rosidl_generator_cpp/cmake)
[0.091s] -- Using all available rosidl_typesupport_c: rosidl_typesupport_fastrtps_c;rosidl_typesupport_introspection_c
[0.100s] -- Using all available rosidl_typesupport_cpp: rosidl_typesupport_fastrtps_cpp;rosidl_typesupport_introspection_cpp
[0.130s] -- Found rmw_implementation_cmake: 6.1.2 (/opt/ros/humble/share/rmw_implementation_cmake/cmake)
[0.131s] -- Found rmw_fastrtps_cpp: 6.2.6 (/opt/ros/humble/share/rmw_fastrtps_cpp/cmake)
[0.178s] -- Using RMW implementation 'rmw_fastrtps_cpp' as default
[0.261s] -- Found nlohmann_json: /usr/lib/cmake/nlohmann_json/nlohmann_jsonConfig.cmake (found version "3.10.5") 
[0.262s] -- Found ament_lint_auto: 0.12.11 (/opt/ros/humble/share/ament_lint_auto/cmake)
[0.299s] -- Added test 'copyright' to check source files copyright and LICENSE
[0.300s] -- Added test 'cppcheck' to perform static code analysis on C / C++ code
[0.300s] -- Configured cppcheck include dirs: 
[0.300s] -- Configured cppcheck exclude dirs and/or files: 
[0.300s] -- Added test 'cpplint' to check C / C++ code against the Google style
[0.300s] -- Configured cpplint exclude dirs and/or files: 
[0.300s] -- Added test 'lint_cmake' to check CMake code style
[0.301s] -- Added test 'uncrustify' to check C / C++ code style
[0.301s] -- Configured uncrustify additional arguments: 
[0.301s] -- Added test 'xmllint' to check XML markup files
[0.301s] -- Configuring done
[0.306s] -- Generating done
[0.307s] -- Build files have been written to: /root/master/build/master
[0.310s] Invoked command in '/root/master/build/master' returned '0': CMAKE_PREFIX_PATH=/opt/ros/humble /usr/bin/cmake /root/master/src/master -DCMAKE_INSTALL_PREFIX=/root/master/install/master
[0.310s] Invoking command in '/root/master/build/master': CMAKE_PREFIX_PATH=/opt/ros/humble /usr/bin/cmake --build /root/master/build/master -- -j20 -l20
[0.334s] [ 50%] [32mBuilding CXX object CMakeFiles/node.dir/src/master_node.cpp.o[0m
[0.452s] [01m[K/root/master/src/master/src/master_node.cpp:45:54:[m[K [01;35m[Kwarning: [m[Kcharacter constant too long for its type
[0.452s]    45 |                 std::string PAYLOAD = std::to_string([01;35m[K'{"id":"0","command":"takeoff","param1":0,"param2":0,"param3":0,"param4":0,"param5":0}'[m[K);
[0.452s]       |                                                      [01;35m[K^~~~~~~~~~~~~~~~~~~~~~~~~~~~~~~~~~~~~~~~~~~~~~~~~~~~~~~~~~~~~~~~~~~~~~~~~~~~~~~~~~~~~~~[m[K
[2.162s] [100%] [32m[1mLinking CXX executable node[0m
[2.238s] [100%] Built target node
[2.243s] Invoked command in '/root/master/build/master' returned '0': CMAKE_PREFIX_PATH=/opt/ros/humble /usr/bin/cmake --build /root/master/build/master -- -j20 -l20
[2.255s] Invoking command in '/root/master/build/master': CMAKE_PREFIX_PATH=/opt/ros/humble /usr/bin/cmake --install /root/master/build/master
[2.258s] -- Install configuration: ""
[2.258s] -- Installing: /root/master/install/master/lib/master/node
[2.259s] -- Set runtime path of "/root/master/install/master/lib/master/node" to ""
[2.259s] -- Installing: /root/master/install/master/share/ament_index/resource_index/package_run_dependencies/master
[2.259s] -- Installing: /root/master/install/master/share/ament_index/resource_index/parent_prefix_path/master
[2.259s] -- Installing: /root/master/install/master/share/master/environment/ament_prefix_path.sh
[2.259s] -- Installing: /root/master/install/master/share/master/environment/ament_prefix_path.dsv
[2.259s] -- Installing: /root/master/install/master/share/master/environment/path.sh
[2.259s] -- Installing: /root/master/install/master/share/master/environment/path.dsv
[2.259s] -- Installing: /root/master/install/master/share/master/local_setup.bash
[2.259s] -- Installing: /root/master/install/master/share/master/local_setup.sh
[2.259s] -- Installing: /root/master/install/master/share/master/local_setup.zsh
[2.259s] -- Installing: /root/master/install/master/share/master/local_setup.dsv
[2.259s] -- Installing: /root/master/install/master/share/master/package.dsv
[2.259s] -- Installing: /root/master/install/master/share/ament_index/resource_index/packages/master
[2.259s] -- Installing: /root/master/install/master/share/master/cmake/masterConfig.cmake
[2.259s] -- Installing: /root/master/install/master/share/master/cmake/masterConfig-version.cmake
[2.259s] -- Installing: /root/master/install/master/share/master/package.xml
[2.260s] Invoked command in '/root/master/build/master' returned '0': CMAKE_PREFIX_PATH=/opt/ros/humble /usr/bin/cmake --install /root/master/build/master
