[0.013s] Invoking command in '/root/workspace/build/core': CMAKE_PREFIX_PATH=${CMAKE_PREFIX_PATH}:/opt/ros/foxy /usr/bin/cmake --build /root/workspace/build/core -- -j20 -l20
[0.042s] [35m[1mScanning dependencies of target node[0m
[0.062s] [ 50%] [32mBuilding CXX object CMakeFiles/node.dir/src/offb_node.cpp.o[0m
[6.195s] [100%] [32m[1mLinking CXX executable node[0m
[6.464s] [100%] Built target node
[6.472s] Invoked command in '/root/workspace/build/core' returned '0': CMAKE_PREFIX_PATH=${CMAKE_PREFIX_PATH}:/opt/ros/foxy /usr/bin/cmake --build /root/workspace/build/core -- -j20 -l20
[6.494s] Invoking command in '/root/workspace/build/core': CMAKE_PREFIX_PATH=${CMAKE_PREFIX_PATH}:/opt/ros/foxy /usr/bin/cmake --install /root/workspace/build/core
[6.500s] -- Install configuration: ""
[6.501s] -- Installing: /root/workspace/install/core/lib/core/node
[6.503s] -- Set runtime path of "/root/workspace/install/core/lib/core/node" to ""
[6.503s] -- Up-to-date: /root/workspace/install/core/share/ament_index/resource_index/package_run_dependencies/core
[6.503s] -- Up-to-date: /root/workspace/install/core/share/ament_index/resource_index/parent_prefix_path/core
[6.503s] -- Up-to-date: /root/workspace/install/core/share/core/environment/ament_prefix_path.sh
[6.503s] -- Up-to-date: /root/workspace/install/core/share/core/environment/ament_prefix_path.dsv
[6.503s] -- Up-to-date: /root/workspace/install/core/share/core/environment/path.sh
[6.503s] -- Up-to-date: /root/workspace/install/core/share/core/environment/path.dsv
[6.503s] -- Up-to-date: /root/workspace/install/core/share/core/local_setup.bash
[6.503s] -- Up-to-date: /root/workspace/install/core/share/core/local_setup.sh
[6.503s] -- Up-to-date: /root/workspace/install/core/share/core/local_setup.zsh
[6.503s] -- Up-to-date: /root/workspace/install/core/share/core/local_setup.dsv
[6.503s] -- Installing: /root/workspace/install/core/share/core/package.dsv
[6.503s] -- Up-to-date: /root/workspace/install/core/share/ament_index/resource_index/packages/core
[6.503s] -- Up-to-date: /root/workspace/install/core/share/core/cmake/coreConfig.cmake
[6.503s] -- Up-to-date: /root/workspace/install/core/share/core/cmake/coreConfig-version.cmake
[6.503s] -- Up-to-date: /root/workspace/install/core/share/core/package.xml
[6.504s] Invoked command in '/root/workspace/build/core' returned '0': CMAKE_PREFIX_PATH=${CMAKE_PREFIX_PATH}:/opt/ros/foxy /usr/bin/cmake --install /root/workspace/build/core
