[0.007s] Invoking command in '/root/workspace/build/core': AMENT_PREFIX_PATH=/root/workspace/install/core_msgs:${AMENT_PREFIX_PATH} CMAKE_PREFIX_PATH=/root/workspace/install/core_msgs:/root/microros_ws/install/px4_ros_com:/root/microros_ws/install/px4_msgs:/root/microros_ws/install/micro_ros_setup:/root/microros_ws/install/micro_ros_agent:/root/microros_ws/install/micro_ros_msgs:/opt/ros/foxy LD_LIBRARY_PATH=/root/workspace/install/core_msgs/lib:${LD_LIBRARY_PATH} PYTHONPATH=/root/workspace/install/core_msgs/lib/python3.8/site-packages:${PYTHONPATH} /usr/bin/cmake --build /root/workspace/build/core -- -j20 -l20
[0.035s] [35m[1mScanning dependencies of target node[0m
[0.055s] [ 50%] [32mBuilding CXX object CMakeFiles/node.dir/src/offb_node.cpp.o[0m
[7.352s] [100%] [32m[1mLinking CXX executable node[0m
[7.660s] [100%] Built target node
[7.691s] Invoked command in '/root/workspace/build/core' returned '0': AMENT_PREFIX_PATH=/root/workspace/install/core_msgs:${AMENT_PREFIX_PATH} CMAKE_PREFIX_PATH=/root/workspace/install/core_msgs:/root/microros_ws/install/px4_ros_com:/root/microros_ws/install/px4_msgs:/root/microros_ws/install/micro_ros_setup:/root/microros_ws/install/micro_ros_agent:/root/microros_ws/install/micro_ros_msgs:/opt/ros/foxy LD_LIBRARY_PATH=/root/workspace/install/core_msgs/lib:${LD_LIBRARY_PATH} PYTHONPATH=/root/workspace/install/core_msgs/lib/python3.8/site-packages:${PYTHONPATH} /usr/bin/cmake --build /root/workspace/build/core -- -j20 -l20
[7.704s] Invoking command in '/root/workspace/build/core': AMENT_PREFIX_PATH=/root/workspace/install/core_msgs:${AMENT_PREFIX_PATH} CMAKE_PREFIX_PATH=/root/workspace/install/core_msgs:/root/microros_ws/install/px4_ros_com:/root/microros_ws/install/px4_msgs:/root/microros_ws/install/micro_ros_setup:/root/microros_ws/install/micro_ros_agent:/root/microros_ws/install/micro_ros_msgs:/opt/ros/foxy LD_LIBRARY_PATH=/root/workspace/install/core_msgs/lib:${LD_LIBRARY_PATH} PYTHONPATH=/root/workspace/install/core_msgs/lib/python3.8/site-packages:${PYTHONPATH} /usr/bin/cmake --install /root/workspace/build/core
[7.709s] -- Install configuration: ""
[7.709s] -- Installing: /root/workspace/install/core/lib/core/node
[7.713s] -- Set runtime path of "/root/workspace/install/core/lib/core/node" to ""
[7.713s] -- Up-to-date: /root/workspace/install/core/share/ament_index/resource_index/package_run_dependencies/core
[7.713s] -- Installing: /root/workspace/install/core/share/ament_index/resource_index/parent_prefix_path/core
[7.713s] -- Up-to-date: /root/workspace/install/core/share/core/environment/ament_prefix_path.sh
[7.713s] -- Installing: /root/workspace/install/core/share/core/environment/ament_prefix_path.dsv
[7.713s] -- Up-to-date: /root/workspace/install/core/share/core/environment/path.sh
[7.713s] -- Installing: /root/workspace/install/core/share/core/environment/path.dsv
[7.713s] -- Up-to-date: /root/workspace/install/core/share/core/local_setup.bash
[7.713s] -- Up-to-date: /root/workspace/install/core/share/core/local_setup.sh
[7.713s] -- Up-to-date: /root/workspace/install/core/share/core/local_setup.zsh
[7.713s] -- Installing: /root/workspace/install/core/share/core/local_setup.dsv
[7.713s] -- Installing: /root/workspace/install/core/share/core/package.dsv
[7.713s] -- Up-to-date: /root/workspace/install/core/share/ament_index/resource_index/packages/core
[7.713s] -- Up-to-date: /root/workspace/install/core/share/core/cmake/coreConfig.cmake
[7.713s] -- Up-to-date: /root/workspace/install/core/share/core/cmake/coreConfig-version.cmake
[7.713s] -- Up-to-date: /root/workspace/install/core/share/core/package.xml
[7.715s] Invoked command in '/root/workspace/build/core' returned '0': AMENT_PREFIX_PATH=/root/workspace/install/core_msgs:${AMENT_PREFIX_PATH} CMAKE_PREFIX_PATH=/root/workspace/install/core_msgs:/root/microros_ws/install/px4_ros_com:/root/microros_ws/install/px4_msgs:/root/microros_ws/install/micro_ros_setup:/root/microros_ws/install/micro_ros_agent:/root/microros_ws/install/micro_ros_msgs:/opt/ros/foxy LD_LIBRARY_PATH=/root/workspace/install/core_msgs/lib:${LD_LIBRARY_PATH} PYTHONPATH=/root/workspace/install/core_msgs/lib/python3.8/site-packages:${PYTHONPATH} /usr/bin/cmake --install /root/workspace/build/core
