[0.009s] Invoking command in '/root/workspace/build/core_msgs': CMAKE_PREFIX_PATH=${CMAKE_PREFIX_PATH}:/opt/ros/foxy /usr/bin/cmake --build /root/workspace/build/core_msgs -- -j20 -l20
[0.024s] -- Found ament_cmake: 0.9.12 (/opt/ros/foxy/share/ament_cmake/cmake)
[0.037s] -- Found PythonInterp: /usr/bin/python3 (found suitable version "3.8.10", minimum required is "3") 
[0.037s] -- Using PYTHON_EXECUTABLE: /usr/bin/python3
[0.108s] -- Found rosidl_default_generators: 1.0.1 (/opt/ros/foxy/share/rosidl_default_generators/cmake)
[0.109s] -- Using all available rosidl_typesupport_c: rosidl_typesupport_fastrtps_c;rosidl_typesupport_introspection_c
[0.111s] -- Found rosidl_adapter: 1.3.1 (/opt/ros/foxy/share/rosidl_adapter/cmake)
[0.187s] -- Using all available rosidl_typesupport_cpp: rosidl_typesupport_fastrtps_cpp;rosidl_typesupport_introspection_cpp
[0.211s] -- Found PythonInterp: /usr/bin/python3 (found version "3.8.10") 
[0.276s] -- Found ament_cmake_ros: 0.9.2 (/opt/ros/foxy/share/ament_cmake_ros/cmake)
[0.329s] -- Using all available rosidl_typesupport_c: rosidl_typesupport_fastrtps_c;rosidl_typesupport_introspection_c
[0.333s] -- Using all available rosidl_typesupport_cpp: rosidl_typesupport_fastrtps_cpp;rosidl_typesupport_introspection_cpp
[0.346s] -- Found PythonInterp: /usr/bin/python3 (found suitable version "3.8.10", minimum required is "3.5") 
[0.346s] -- Found python_cmake_module: 0.8.1 (/opt/ros/foxy/share/python_cmake_module/cmake)
[0.361s] -- Using PYTHON_EXECUTABLE: /usr/bin/python3
[0.361s] -- Using PYTHON_INCLUDE_DIRS: /usr/include/python3.8
[0.361s] -- Using PYTHON_LIBRARIES: /usr/lib/x86_64-linux-gnu/libpython3.8.so
[0.369s] -- Found ament_lint_auto: 0.9.8 (/opt/ros/foxy/share/ament_lint_auto/cmake)
[0.374s] -- Added test 'copyright' to check source files copyright and LICENSE
[0.375s] -- Added test 'lint_cmake' to check CMake code style
[0.375s] -- Added test 'xmllint' to check XML markup files
[0.377s] -- Configuring done
[0.390s] -- Generating done
[0.392s] -- Build files have been written to: /root/workspace/build/core_msgs
[0.405s] [  3%] [34m[1mGenerating C code for ROS interfaces[0m
[0.410s] [  6%] [34m[1mGenerating C++ code for ROS interfaces[0m
[0.519s] [  6%] Built target core_msgs__cpp
[0.519s] [35m[1mScanning dependencies of target core_msgs__rosidl_generator_c[0m
[0.525s] [ 12%] [34m[1mGenerating C++ introspection for ROS interfaces[0m
[0.525s] [ 12%] [34m[1mGenerating C++ type support for eProsima Fast-RTPS[0m
[0.525s] [ 16%] [34m[1mGenerating C++ type support dispatch for ROS interfaces[0m
[0.526s] [ 19%] [32mBuilding C object CMakeFiles/core_msgs__rosidl_generator_c.dir/rosidl_generator_c/core_msgs/msg/detail/trajectory__functions.c.o[0m
[0.557s] [ 22%] [32m[1mLinking C shared library libcore_msgs__rosidl_generator_c.so[0m
[0.578s] [ 22%] Built target core_msgs__rosidl_generator_c
[0.584s] [ 25%] [34m[1mGenerating C introspection for ROS interfaces[0m
[0.584s] [ 29%] [34m[1mGenerating C type support dispatch for ROS interfaces[0m
[0.629s] [35m[1mScanning dependencies of target core_msgs__rosidl_typesupport_cpp[0m
[0.636s] [ 32%] [32mBuilding CXX object CMakeFiles/core_msgs__rosidl_typesupport_cpp.dir/rosidl_typesupport_cpp/core_msgs/msg/trajectory__type_support.cpp.o[0m
[0.636s] [35m[1mScanning dependencies of target core_msgs__rosidl_typesupport_introspection_cpp[0m
[0.641s] [35m[1mScanning dependencies of target core_msgs__rosidl_typesupport_fastrtps_cpp[0m
[0.642s] [ 35%] [32mBuilding CXX object CMakeFiles/core_msgs__rosidl_typesupport_introspection_cpp.dir/rosidl_typesupport_introspection_cpp/core_msgs/msg/detail/trajectory__type_support.cpp.o[0m
[0.648s] [ 38%] [32mBuilding CXX object CMakeFiles/core_msgs__rosidl_typesupport_fastrtps_cpp.dir/rosidl_typesupport_fastrtps_cpp/core_msgs/msg/detail/dds_fastrtps/trajectory__type_support.cpp.o[0m
[0.682s] [35m[1mScanning dependencies of target core_msgs__rosidl_typesupport_c[0m
[0.689s] [ 41%] [32mBuilding CXX object CMakeFiles/core_msgs__rosidl_typesupport_c.dir/rosidl_typesupport_c/core_msgs/msg/trajectory__type_support.cpp.o[0m
[0.694s] [35m[1mScanning dependencies of target core_msgs__rosidl_typesupport_introspection_c[0m
[0.701s] [ 45%] [32mBuilding C object CMakeFiles/core_msgs__rosidl_typesupport_introspection_c.dir/rosidl_typesupport_introspection_c/core_msgs/msg/detail/trajectory__type_support.c.o[0m
[0.706s] [ 48%] [32m[1mLinking CXX shared library libcore_msgs__rosidl_typesupport_c.so[0m
[0.720s] [ 51%] [32m[1mLinking C shared library libcore_msgs__rosidl_typesupport_introspection_c.so[0m
[0.729s] [ 51%] Built target core_msgs__rosidl_typesupport_c
[0.735s] [ 51%] Built target core_msgs__rosidl_typesupport_introspection_c
[0.769s] [ 54%] [32m[1mLinking CXX shared library libcore_msgs__rosidl_typesupport_cpp.so[0m
[0.773s] [ 58%] [32m[1mLinking CXX shared library libcore_msgs__rosidl_typesupport_introspection_cpp.so[0m
[0.791s] [ 58%] Built target core_msgs__rosidl_typesupport_cpp
[0.794s] [ 58%] Built target core_msgs__rosidl_typesupport_introspection_cpp
[0.840s] [ 61%] [32m[1mLinking CXX shared library libcore_msgs__rosidl_typesupport_fastrtps_cpp.so[0m
[0.885s] [ 61%] Built target core_msgs__rosidl_typesupport_fastrtps_cpp
[0.891s] [ 64%] [34m[1mGenerating C type support for eProsima Fast-RTPS[0m
[0.999s] [35m[1mScanning dependencies of target core_msgs__rosidl_typesupport_fastrtps_c[0m
[1.005s] [ 67%] [32mBuilding CXX object CMakeFiles/core_msgs__rosidl_typesupport_fastrtps_c.dir/rosidl_typesupport_fastrtps_c/core_msgs/msg/detail/trajectory__type_support_c.cpp.o[0m
[1.166s] [ 70%] [32m[1mLinking CXX shared library libcore_msgs__rosidl_typesupport_fastrtps_c.so[0m
[1.212s] [ 70%] Built target core_msgs__rosidl_typesupport_fastrtps_c
[1.222s] [ 70%] Built target core_msgs
[1.243s] [ 74%] [34m[1mGenerating Python code for ROS interfaces[0m
[1.434s] [ 74%] Built target core_msgs__py
[1.441s] [35m[1mScanning dependencies of target core_msgs__python[0m
[1.451s] [ 77%] [32mBuilding C object CMakeFiles/core_msgs__python.dir/rosidl_generator_py/core_msgs/msg/_trajectory_s.c.o[0m
[1.497s] [ 80%] [32m[1mLinking C shared library rosidl_generator_py/core_msgs/libcore_msgs__python.so[0m
[1.519s] [ 80%] Built target core_msgs__python
[1.524s] [35m[1mScanning dependencies of target core_msgs__rosidl_typesupport_introspection_c__pyext[0m
[1.524s] [35m[1mScanning dependencies of target core_msgs__rosidl_typesupport_c__pyext[0m
[1.524s] [35m[1mScanning dependencies of target core_msgs__rosidl_typesupport_fastrtps_c__pyext[0m
[1.539s] [ 87%] [32mBuilding C object CMakeFiles/core_msgs__rosidl_typesupport_introspection_c__pyext.dir/rosidl_generator_py/core_msgs/_core_msgs_s.ep.rosidl_typesupport_introspection_c.c.o[0m
[1.539s] [ 87%] [32mBuilding C object CMakeFiles/core_msgs__rosidl_typesupport_fastrtps_c__pyext.dir/rosidl_generator_py/core_msgs/_core_msgs_s.ep.rosidl_typesupport_fastrtps_c.c.o[0m
[1.540s] [ 90%] [32mBuilding C object CMakeFiles/core_msgs__rosidl_typesupport_c__pyext.dir/rosidl_generator_py/core_msgs/_core_msgs_s.ep.rosidl_typesupport_c.c.o[0m
[1.580s] [100%] [32m[1mLinking C shared library rosidl_generator_py/core_msgs/core_msgs_s__rosidl_typesupport_introspection_c.cpython-38-x86_64-linux-gnu.so[0m
[1.580s] [100%] [32m[1mLinking CXX shared library rosidl_generator_py/core_msgs/core_msgs_s__rosidl_typesupport_fastrtps_c.cpython-38-x86_64-linux-gnu.so[0m
[1.580s] [100%] [32m[1mLinking C shared library rosidl_generator_py/core_msgs/core_msgs_s__rosidl_typesupport_c.cpython-38-x86_64-linux-gnu.so[0m
[1.599s] [100%] Built target core_msgs__rosidl_typesupport_c__pyext
[1.599s] [100%] Built target core_msgs__rosidl_typesupport_introspection_c__pyext
[1.614s] [100%] Built target core_msgs__rosidl_typesupport_fastrtps_c__pyext
[1.620s] Invoked command in '/root/workspace/build/core_msgs' returned '0': CMAKE_PREFIX_PATH=${CMAKE_PREFIX_PATH}:/opt/ros/foxy /usr/bin/cmake --build /root/workspace/build/core_msgs -- -j20 -l20
[1.651s] Invoking command in '/root/workspace/build/core_msgs': CMAKE_PREFIX_PATH=${CMAKE_PREFIX_PATH}:/opt/ros/foxy /usr/bin/cmake --install /root/workspace/build/core_msgs
[1.656s] -- Install configuration: ""
[1.656s] -- Up-to-date: /root/workspace/install/core_msgs/share/ament_index/resource_index/rosidl_interfaces/core_msgs
[1.656s] -- Up-to-date: /root/workspace/install/core_msgs/include/core_msgs
[1.656s] -- Up-to-date: /root/workspace/install/core_msgs/include/core_msgs/msg
[1.656s] -- Up-to-date: /root/workspace/install/core_msgs/include/core_msgs/msg/detail
[1.656s] -- Installing: /root/workspace/install/core_msgs/include/core_msgs/msg/detail/trajectory__functions.h
[1.656s] -- Installing: /root/workspace/install/core_msgs/include/core_msgs/msg/detail/trajectory__type_support.h
[1.657s] -- Installing: /root/workspace/install/core_msgs/include/core_msgs/msg/detail/trajectory__struct.h
[1.657s] -- Installing: /root/workspace/install/core_msgs/include/core_msgs/msg/detail/trajectory__functions.c
[1.657s] -- Installing: /root/workspace/install/core_msgs/include/core_msgs/msg/trajectory.h
[1.657s] -- Up-to-date: /root/workspace/install/core_msgs/include/core_msgs/msg/rosidl_generator_c__visibility_control.h
[1.657s] -- Up-to-date: /root/workspace/install/core_msgs/share/core_msgs/environment/library_path.sh
[1.657s] -- Installing: /root/workspace/install/core_msgs/share/core_msgs/environment/library_path.dsv
[1.657s] -- Installing: /root/workspace/install/core_msgs/lib/libcore_msgs__rosidl_generator_c.so
[1.657s] -- Set runtime path of "/root/workspace/install/core_msgs/lib/libcore_msgs__rosidl_generator_c.so" to ""
[1.657s] -- Up-to-date: /root/workspace/install/core_msgs/include/core_msgs
[1.657s] -- Up-to-date: /root/workspace/install/core_msgs/include/core_msgs/msg
[1.657s] -- Up-to-date: /root/workspace/install/core_msgs/include/core_msgs/msg/detail
[1.657s] -- Installing: /root/workspace/install/core_msgs/include/core_msgs/msg/detail/trajectory__rosidl_typesupport_fastrtps_c.h
[1.657s] -- Up-to-date: /root/workspace/install/core_msgs/include/core_msgs/msg/rosidl_typesupport_fastrtps_c__visibility_control.h
[1.657s] -- Installing: /root/workspace/install/core_msgs/lib/libcore_msgs__rosidl_typesupport_fastrtps_c.so
[1.657s] -- Set runtime path of "/root/workspace/install/core_msgs/lib/libcore_msgs__rosidl_typesupport_fastrtps_c.so" to ""
[1.657s] -- Up-to-date: /root/workspace/install/core_msgs/include/core_msgs
[1.657s] -- Up-to-date: /root/workspace/install/core_msgs/include/core_msgs/msg
[1.657s] -- Up-to-date: /root/workspace/install/core_msgs/include/core_msgs/msg/detail
[1.657s] -- Up-to-date: /root/workspace/install/core_msgs/include/core_msgs/msg/detail/dds_fastrtps
[1.657s] -- Installing: /root/workspace/install/core_msgs/include/core_msgs/msg/detail/trajectory__rosidl_typesupport_fastrtps_cpp.hpp
[1.657s] -- Up-to-date: /root/workspace/install/core_msgs/include/core_msgs/msg/rosidl_typesupport_fastrtps_cpp__visibility_control.h
[1.657s] -- Installing: /root/workspace/install/core_msgs/lib/libcore_msgs__rosidl_typesupport_fastrtps_cpp.so
[1.657s] -- Set runtime path of "/root/workspace/install/core_msgs/lib/libcore_msgs__rosidl_typesupport_fastrtps_cpp.so" to ""
[1.657s] -- Up-to-date: /root/workspace/install/core_msgs/include/core_msgs
[1.657s] -- Up-to-date: /root/workspace/install/core_msgs/include/core_msgs/msg
[1.658s] -- Up-to-date: /root/workspace/install/core_msgs/include/core_msgs/msg/rosidl_typesupport_introspection_c__visibility_control.h
[1.658s] -- Up-to-date: /root/workspace/install/core_msgs/include/core_msgs/msg/detail
[1.658s] -- Installing: /root/workspace/install/core_msgs/include/core_msgs/msg/detail/trajectory__rosidl_typesupport_introspection_c.h
[1.658s] -- Installing: /root/workspace/install/core_msgs/include/core_msgs/msg/detail/trajectory__type_support.c
[1.658s] -- Installing: /root/workspace/install/core_msgs/lib/libcore_msgs__rosidl_typesupport_introspection_c.so
[1.658s] -- Set runtime path of "/root/workspace/install/core_msgs/lib/libcore_msgs__rosidl_typesupport_introspection_c.so" to ""
[1.658s] -- Installing: /root/workspace/install/core_msgs/lib/libcore_msgs__rosidl_typesupport_c.so
[1.658s] -- Set runtime path of "/root/workspace/install/core_msgs/lib/libcore_msgs__rosidl_typesupport_c.so" to ""
[1.658s] -- Up-to-date: /root/workspace/install/core_msgs/include/core_msgs
[1.658s] -- Up-to-date: /root/workspace/install/core_msgs/include/core_msgs/msg
[1.658s] -- Up-to-date: /root/workspace/install/core_msgs/include/core_msgs/msg/detail
[1.658s] -- Installing: /root/workspace/install/core_msgs/include/core_msgs/msg/detail/trajectory__builder.hpp
[1.658s] -- Installing: /root/workspace/install/core_msgs/include/core_msgs/msg/detail/trajectory__traits.hpp
[1.658s] -- Installing: /root/workspace/install/core_msgs/include/core_msgs/msg/detail/trajectory__type_support.hpp
[1.658s] -- Installing: /root/workspace/install/core_msgs/include/core_msgs/msg/detail/trajectory__struct.hpp
[1.658s] -- Up-to-date: /root/workspace/install/core_msgs/include/core_msgs/msg/rosidl_generator_cpp__visibility_control.hpp
[1.658s] -- Installing: /root/workspace/install/core_msgs/include/core_msgs/msg/trajectory.hpp
[1.658s] -- Up-to-date: /root/workspace/install/core_msgs/include/core_msgs
[1.658s] -- Up-to-date: /root/workspace/install/core_msgs/include/core_msgs/msg
[1.658s] -- Up-to-date: /root/workspace/install/core_msgs/include/core_msgs/msg/detail
[1.658s] -- Installing: /root/workspace/install/core_msgs/include/core_msgs/msg/detail/trajectory__type_support.cpp
[1.658s] -- Installing: /root/workspace/install/core_msgs/include/core_msgs/msg/detail/trajectory__rosidl_typesupport_introspection_cpp.hpp
[1.658s] -- Installing: /root/workspace/install/core_msgs/lib/libcore_msgs__rosidl_typesupport_introspection_cpp.so
[1.659s] -- Set runtime path of "/root/workspace/install/core_msgs/lib/libcore_msgs__rosidl_typesupport_introspection_cpp.so" to ""
[1.659s] -- Installing: /root/workspace/install/core_msgs/lib/libcore_msgs__rosidl_typesupport_cpp.so
[1.659s] -- Set runtime path of "/root/workspace/install/core_msgs/lib/libcore_msgs__rosidl_typesupport_cpp.so" to ""
[1.659s] -- Up-to-date: /root/workspace/install/core_msgs/share/core_msgs/environment/pythonpath.sh
[1.659s] -- Installing: /root/workspace/install/core_msgs/share/core_msgs/environment/pythonpath.dsv
[1.659s] -- Installing: /root/workspace/install/core_msgs/lib/python3.8/site-packages/core_msgs/__init__.py
[1.676s] Compiling '/root/workspace/install/core_msgs/lib/python3.8/site-packages/core_msgs/__init__.py'...
[1.678s] -- Up-to-date: /root/workspace/install/core_msgs/lib/python3.8/site-packages/core_msgs/msg
[1.678s] -- Installing: /root/workspace/install/core_msgs/lib/python3.8/site-packages/core_msgs/msg/__init__.py
[1.678s] -- Installing: /root/workspace/install/core_msgs/lib/python3.8/site-packages/core_msgs/msg/_trajectory_s.c
[1.678s] -- Installing: /root/workspace/install/core_msgs/lib/python3.8/site-packages/core_msgs/msg/_trajectory.py
[1.678s] -- Installing: /root/workspace/install/core_msgs/lib/python3.8/site-packages/core_msgs/core_msgs_s__rosidl_typesupport_fastrtps_c.cpython-38-x86_64-linux-gnu.so
[1.679s] -- Set runtime path of "/root/workspace/install/core_msgs/lib/python3.8/site-packages/core_msgs/core_msgs_s__rosidl_typesupport_fastrtps_c.cpython-38-x86_64-linux-gnu.so" to ""
[1.679s] -- Installing: /root/workspace/install/core_msgs/lib/python3.8/site-packages/core_msgs/core_msgs_s__rosidl_typesupport_introspection_c.cpython-38-x86_64-linux-gnu.so
[1.679s] -- Set runtime path of "/root/workspace/install/core_msgs/lib/python3.8/site-packages/core_msgs/core_msgs_s__rosidl_typesupport_introspection_c.cpython-38-x86_64-linux-gnu.so" to ""
[1.679s] -- Installing: /root/workspace/install/core_msgs/lib/python3.8/site-packages/core_msgs/core_msgs_s__rosidl_typesupport_c.cpython-38-x86_64-linux-gnu.so
[1.679s] -- Set runtime path of "/root/workspace/install/core_msgs/lib/python3.8/site-packages/core_msgs/core_msgs_s__rosidl_typesupport_c.cpython-38-x86_64-linux-gnu.so" to ""
[1.679s] -- Installing: /root/workspace/install/core_msgs/lib/libcore_msgs__python.so
[1.680s] -- Set runtime path of "/root/workspace/install/core_msgs/lib/libcore_msgs__python.so" to ""
[1.680s] -- Installing: /root/workspace/install/core_msgs/share/core_msgs/msg/Trajectory.idl
[1.680s] -- Installing: /root/workspace/install/core_msgs/share/core_msgs/msg/Trajectory.msg
[1.680s] -- Up-to-date: /root/workspace/install/core_msgs/share/ament_index/resource_index/package_run_dependencies/core_msgs
[1.680s] -- Up-to-date: /root/workspace/install/core_msgs/share/ament_index/resource_index/parent_prefix_path/core_msgs
[1.680s] -- Up-to-date: /root/workspace/install/core_msgs/share/core_msgs/environment/ament_prefix_path.sh
[1.680s] -- Installing: /root/workspace/install/core_msgs/share/core_msgs/environment/ament_prefix_path.dsv
[1.680s] -- Up-to-date: /root/workspace/install/core_msgs/share/core_msgs/environment/path.sh
[1.680s] -- Installing: /root/workspace/install/core_msgs/share/core_msgs/environment/path.dsv
[1.680s] -- Up-to-date: /root/workspace/install/core_msgs/share/core_msgs/local_setup.bash
[1.681s] -- Up-to-date: /root/workspace/install/core_msgs/share/core_msgs/local_setup.sh
[1.681s] -- Up-to-date: /root/workspace/install/core_msgs/share/core_msgs/local_setup.zsh
[1.681s] -- Installing: /root/workspace/install/core_msgs/share/core_msgs/local_setup.dsv
[1.681s] -- Installing: /root/workspace/install/core_msgs/share/core_msgs/package.dsv
[1.681s] -- Up-to-date: /root/workspace/install/core_msgs/share/ament_index/resource_index/packages/core_msgs
[1.681s] -- Up-to-date: /root/workspace/install/core_msgs/share/core_msgs/cmake/core_msgs__rosidl_generator_cExport.cmake
[1.681s] -- Installing: /root/workspace/install/core_msgs/share/core_msgs/cmake/core_msgs__rosidl_generator_cExport-noconfig.cmake
[1.681s] -- Up-to-date: /root/workspace/install/core_msgs/share/core_msgs/cmake/core_msgs__rosidl_typesupport_introspection_cExport.cmake
[1.681s] -- Installing: /root/workspace/install/core_msgs/share/core_msgs/cmake/core_msgs__rosidl_typesupport_introspection_cExport-noconfig.cmake
[1.681s] -- Up-to-date: /root/workspace/install/core_msgs/share/core_msgs/cmake/core_msgs__rosidl_typesupport_cExport.cmake
[1.681s] -- Installing: /root/workspace/install/core_msgs/share/core_msgs/cmake/core_msgs__rosidl_typesupport_cExport-noconfig.cmake
[1.681s] -- Up-to-date: /root/workspace/install/core_msgs/share/core_msgs/cmake/core_msgs__rosidl_generator_cppExport.cmake
[1.681s] -- Up-to-date: /root/workspace/install/core_msgs/share/core_msgs/cmake/core_msgs__rosidl_typesupport_introspection_cppExport.cmake
[1.681s] -- Installing: /root/workspace/install/core_msgs/share/core_msgs/cmake/core_msgs__rosidl_typesupport_introspection_cppExport-noconfig.cmake
[1.681s] -- Up-to-date: /root/workspace/install/core_msgs/share/core_msgs/cmake/core_msgs__rosidl_typesupport_cppExport.cmake
[1.682s] -- Installing: /root/workspace/install/core_msgs/share/core_msgs/cmake/core_msgs__rosidl_typesupport_cppExport-noconfig.cmake
[1.682s] -- Up-to-date: /root/workspace/install/core_msgs/share/core_msgs/cmake/rosidl_cmake-extras.cmake
[1.682s] -- Up-to-date: /root/workspace/install/core_msgs/share/core_msgs/cmake/ament_cmake_export_dependencies-extras.cmake
[1.682s] -- Up-to-date: /root/workspace/install/core_msgs/share/core_msgs/cmake/ament_cmake_export_libraries-extras.cmake
[1.682s] -- Up-to-date: /root/workspace/install/core_msgs/share/core_msgs/cmake/ament_cmake_export_targets-extras.cmake
[1.682s] -- Up-to-date: /root/workspace/install/core_msgs/share/core_msgs/cmake/ament_cmake_export_include_directories-extras.cmake
[1.683s] -- Up-to-date: /root/workspace/install/core_msgs/share/core_msgs/cmake/rosidl_cmake_export_typesupport_libraries-extras.cmake
[1.683s] -- Up-to-date: /root/workspace/install/core_msgs/share/core_msgs/cmake/rosidl_cmake_export_typesupport_targets-extras.cmake
[1.683s] -- Up-to-date: /root/workspace/install/core_msgs/share/core_msgs/cmake/core_msgsConfig.cmake
[1.683s] -- Up-to-date: /root/workspace/install/core_msgs/share/core_msgs/cmake/core_msgsConfig-version.cmake
[1.683s] -- Up-to-date: /root/workspace/install/core_msgs/share/core_msgs/package.xml
[1.683s] Invoked command in '/root/workspace/build/core_msgs' returned '0': CMAKE_PREFIX_PATH=${CMAKE_PREFIX_PATH}:/opt/ros/foxy /usr/bin/cmake --install /root/workspace/build/core_msgs
