[0.008s] Invoking command in '/root/workspace/build/core_msgs': CMAKE_PREFIX_PATH=${CMAKE_PREFIX_PATH}:/opt/ros/foxy /usr/bin/cmake --build /root/workspace/build/core_msgs -- -j20 -l20
[0.023s] -- Found ament_cmake: 0.9.12 (/opt/ros/foxy/share/ament_cmake/cmake)
[0.035s] -- Found PythonInterp: /usr/bin/python3 (found suitable version "3.8.10", minimum required is "3") 
[0.035s] -- Using PYTHON_EXECUTABLE: /usr/bin/python3
[0.103s] -- Found rosidl_default_generators: 1.0.1 (/opt/ros/foxy/share/rosidl_default_generators/cmake)
[0.105s] -- Using all available rosidl_typesupport_c: rosidl_typesupport_fastrtps_c;rosidl_typesupport_introspection_c
[0.106s] -- Found rosidl_adapter: 1.3.1 (/opt/ros/foxy/share/rosidl_adapter/cmake)
[0.181s] -- Using all available rosidl_typesupport_cpp: rosidl_typesupport_fastrtps_cpp;rosidl_typesupport_introspection_cpp
[0.206s] -- Found PythonInterp: /usr/bin/python3 (found version "3.8.10") 
[0.267s] -- Found ament_cmake_ros: 0.9.2 (/opt/ros/foxy/share/ament_cmake_ros/cmake)
[0.322s] -- Using all available rosidl_typesupport_c: rosidl_typesupport_fastrtps_c;rosidl_typesupport_introspection_c
[0.326s] -- Using all available rosidl_typesupport_cpp: rosidl_typesupport_fastrtps_cpp;rosidl_typesupport_introspection_cpp
[0.339s] -- Found PythonInterp: /usr/bin/python3 (found suitable version "3.8.10", minimum required is "3.5") 
[0.339s] -- Found python_cmake_module: 0.8.1 (/opt/ros/foxy/share/python_cmake_module/cmake)
[0.353s] -- Using PYTHON_EXECUTABLE: /usr/bin/python3
[0.353s] -- Using PYTHON_INCLUDE_DIRS: /usr/include/python3.8
[0.353s] -- Using PYTHON_LIBRARIES: /usr/lib/x86_64-linux-gnu/libpython3.8.so
[0.362s] -- Found ament_lint_auto: 0.9.8 (/opt/ros/foxy/share/ament_lint_auto/cmake)
[0.366s] -- Added test 'copyright' to check source files copyright and LICENSE
[0.367s] -- Added test 'lint_cmake' to check CMake code style
[0.368s] -- Added test 'xmllint' to check XML markup files
[0.369s] -- Configuring done
[0.384s] -- Generating done
[0.385s] -- Build files have been written to: /root/workspace/build/core_msgs
[0.399s] [  2%] [34m[1mGenerating C code for ROS interfaces[0m
[0.404s] [  5%] [34m[1mGenerating C++ code for ROS interfaces[0m
[0.534s] [  5%] Built target core_msgs__cpp
[0.534s] [35m[1mScanning dependencies of target core_msgs__rosidl_generator_c[0m
[0.539s] [ 12%] [34m[1mGenerating C++ type support dispatch for ROS interfaces[0m
[0.539s] [ 12%] [34m[1mGenerating C++ introspection for ROS interfaces[0m
[0.540s] [ 12%] [34m[1mGenerating C++ type support for eProsima Fast-RTPS[0m
[0.540s] [ 15%] [32mBuilding C object CMakeFiles/core_msgs__rosidl_generator_c.dir/rosidl_generator_c/core_msgs/msg/detail/trajectory__functions.c.o[0m
[0.540s] [ 17%] [32mBuilding C object CMakeFiles/core_msgs__rosidl_generator_c.dir/rosidl_generator_c/core_msgs/msg/detail/aux_global_position__functions.c.o[0m
[0.566s] [ 20%] [32m[1mLinking C shared library libcore_msgs__rosidl_generator_c.so[0m
[0.585s] [ 20%] Built target core_msgs__rosidl_generator_c
[0.591s] [ 25%] [34m[1mGenerating C introspection for ROS interfaces[0m
[0.591s] [ 25%] [34m[1mGenerating C type support dispatch for ROS interfaces[0m
[0.648s] [35m[1mScanning dependencies of target core_msgs__rosidl_typesupport_cpp[0m
[0.655s] [ 30%] [32mBuilding CXX object CMakeFiles/core_msgs__rosidl_typesupport_cpp.dir/rosidl_typesupport_cpp/core_msgs/msg/aux_global_position__type_support.cpp.o[0m
[0.655s] [ 30%] [32mBuilding CXX object CMakeFiles/core_msgs__rosidl_typesupport_cpp.dir/rosidl_typesupport_cpp/core_msgs/msg/trajectory__type_support.cpp.o[0m
[0.657s] [35m[1mScanning dependencies of target core_msgs__rosidl_typesupport_introspection_cpp[0m
[0.663s] [ 35%] [32mBuilding CXX object CMakeFiles/core_msgs__rosidl_typesupport_introspection_cpp.dir/rosidl_typesupport_introspection_cpp/core_msgs/msg/detail/trajectory__type_support.cpp.o[0m
[0.663s] [ 35%] [32mBuilding CXX object CMakeFiles/core_msgs__rosidl_typesupport_introspection_cpp.dir/rosidl_typesupport_introspection_cpp/core_msgs/msg/detail/aux_global_position__type_support.cpp.o[0m
[0.663s] [35m[1mScanning dependencies of target core_msgs__rosidl_typesupport_fastrtps_cpp[0m
[0.670s] [ 38%] [32mBuilding CXX object CMakeFiles/core_msgs__rosidl_typesupport_fastrtps_cpp.dir/rosidl_typesupport_fastrtps_cpp/core_msgs/msg/detail/dds_fastrtps/trajectory__type_support.cpp.o[0m
[0.671s] [ 41%] [32mBuilding CXX object CMakeFiles/core_msgs__rosidl_typesupport_fastrtps_cpp.dir/rosidl_typesupport_fastrtps_cpp/core_msgs/msg/detail/dds_fastrtps/aux_global_position__type_support.cpp.o[0m
[0.699s] [35m[1mScanning dependencies of target core_msgs__rosidl_typesupport_c[0m
[0.705s] [ 43%] [32mBuilding CXX object CMakeFiles/core_msgs__rosidl_typesupport_c.dir/rosidl_typesupport_c/core_msgs/msg/aux_global_position__type_support.cpp.o[0m
[0.707s] [ 46%] [32mBuilding CXX object CMakeFiles/core_msgs__rosidl_typesupport_c.dir/rosidl_typesupport_c/core_msgs/msg/trajectory__type_support.cpp.o[0m
[0.722s] [35m[1mScanning dependencies of target core_msgs__rosidl_typesupport_introspection_c[0m
[0.727s] [ 48%] [32m[1mLinking CXX shared library libcore_msgs__rosidl_typesupport_c.so[0m
[0.728s] [ 51%] [32mBuilding C object CMakeFiles/core_msgs__rosidl_typesupport_introspection_c.dir/rosidl_typesupport_introspection_c/core_msgs/msg/detail/trajectory__type_support.c.o[0m
[0.730s] [ 53%] [32mBuilding C object CMakeFiles/core_msgs__rosidl_typesupport_introspection_c.dir/rosidl_typesupport_introspection_c/core_msgs/msg/detail/aux_global_position__type_support.c.o[0m
[0.751s] [ 53%] Built target core_msgs__rosidl_typesupport_c
[0.751s] [ 56%] [32m[1mLinking C shared library libcore_msgs__rosidl_typesupport_introspection_c.so[0m
[0.768s] [ 56%] Built target core_msgs__rosidl_typesupport_introspection_c
[0.800s] [ 58%] [32m[1mLinking CXX shared library libcore_msgs__rosidl_typesupport_introspection_cpp.so[0m
[0.803s] [ 61%] [32m[1mLinking CXX shared library libcore_msgs__rosidl_typesupport_cpp.so[0m
[0.822s] [ 61%] Built target core_msgs__rosidl_typesupport_introspection_cpp
[0.824s] [ 61%] Built target core_msgs__rosidl_typesupport_cpp
[0.878s] [ 64%] [32m[1mLinking CXX shared library libcore_msgs__rosidl_typesupport_fastrtps_cpp.so[0m
[0.922s] [ 64%] Built target core_msgs__rosidl_typesupport_fastrtps_cpp
[0.928s] [ 66%] [34m[1mGenerating C type support for eProsima Fast-RTPS[0m
[1.048s] [35m[1mScanning dependencies of target core_msgs__rosidl_typesupport_fastrtps_c[0m
[1.055s] [ 71%] [32mBuilding CXX object CMakeFiles/core_msgs__rosidl_typesupport_fastrtps_c.dir/rosidl_typesupport_fastrtps_c/core_msgs/msg/detail/aux_global_position__type_support_c.cpp.o[0m
[1.055s] [ 71%] [32mBuilding CXX object CMakeFiles/core_msgs__rosidl_typesupport_fastrtps_c.dir/rosidl_typesupport_fastrtps_c/core_msgs/msg/detail/trajectory__type_support_c.cpp.o[0m
[1.217s] [ 74%] [32m[1mLinking CXX shared library libcore_msgs__rosidl_typesupport_fastrtps_c.so[0m
[1.262s] [ 74%] Built target core_msgs__rosidl_typesupport_fastrtps_c
[1.273s] [ 74%] Built target core_msgs
[1.283s] [ 76%] [34m[1mGenerating Python code for ROS interfaces[0m
[1.502s] [ 76%] Built target core_msgs__py
[1.507s] [35m[1mScanning dependencies of target core_msgs__python[0m
[1.516s] [ 79%] [32mBuilding C object CMakeFiles/core_msgs__python.dir/rosidl_generator_py/core_msgs/msg/_trajectory_s.c.o[0m
[1.516s] [ 82%] [32mBuilding C object CMakeFiles/core_msgs__python.dir/rosidl_generator_py/core_msgs/msg/_aux_global_position_s.c.o[0m
[1.561s] [ 84%] [32m[1mLinking C shared library rosidl_generator_py/core_msgs/libcore_msgs__python.so[0m
[1.582s] [ 84%] Built target core_msgs__python
[1.588s] [35m[1mScanning dependencies of target core_msgs__rosidl_typesupport_introspection_c__pyext[0m
[1.588s] [35m[1mScanning dependencies of target core_msgs__rosidl_typesupport_c__pyext[0m
[1.588s] [35m[1mScanning dependencies of target core_msgs__rosidl_typesupport_fastrtps_c__pyext[0m
[1.596s] [ 87%] [32mBuilding C object CMakeFiles/core_msgs__rosidl_typesupport_c__pyext.dir/rosidl_generator_py/core_msgs/_core_msgs_s.ep.rosidl_typesupport_c.c.o[0m
[1.597s] [ 89%] [32mBuilding C object CMakeFiles/core_msgs__rosidl_typesupport_fastrtps_c__pyext.dir/rosidl_generator_py/core_msgs/_core_msgs_s.ep.rosidl_typesupport_fastrtps_c.c.o[0m
[1.597s] [ 92%] [32mBuilding C object CMakeFiles/core_msgs__rosidl_typesupport_introspection_c__pyext.dir/rosidl_generator_py/core_msgs/_core_msgs_s.ep.rosidl_typesupport_introspection_c.c.o[0m
[1.639s] [ 94%] [32m[1mLinking CXX shared library rosidl_generator_py/core_msgs/core_msgs_s__rosidl_typesupport_fastrtps_c.cpython-38-x86_64-linux-gnu.so[0m
[1.639s] [ 97%] [32m[1mLinking C shared library rosidl_generator_py/core_msgs/core_msgs_s__rosidl_typesupport_c.cpython-38-x86_64-linux-gnu.so[0m
[1.641s] [100%] [32m[1mLinking C shared library rosidl_generator_py/core_msgs/core_msgs_s__rosidl_typesupport_introspection_c.cpython-38-x86_64-linux-gnu.so[0m
[1.658s] [100%] Built target core_msgs__rosidl_typesupport_c__pyext
[1.658s] [100%] Built target core_msgs__rosidl_typesupport_introspection_c__pyext
[1.673s] [100%] Built target core_msgs__rosidl_typesupport_fastrtps_c__pyext
[1.680s] Invoked command in '/root/workspace/build/core_msgs' returned '0': CMAKE_PREFIX_PATH=${CMAKE_PREFIX_PATH}:/opt/ros/foxy /usr/bin/cmake --build /root/workspace/build/core_msgs -- -j20 -l20
[1.718s] Invoking command in '/root/workspace/build/core_msgs': CMAKE_PREFIX_PATH=${CMAKE_PREFIX_PATH}:/opt/ros/foxy /usr/bin/cmake --install /root/workspace/build/core_msgs
[1.724s] -- Install configuration: ""
[1.724s] -- Up-to-date: /root/workspace/install/core_msgs/share/ament_index/resource_index/rosidl_interfaces/core_msgs
[1.724s] -- Up-to-date: /root/workspace/install/core_msgs/include/core_msgs
[1.724s] -- Up-to-date: /root/workspace/install/core_msgs/include/core_msgs/msg
[1.724s] -- Up-to-date: /root/workspace/install/core_msgs/include/core_msgs/msg/detail
[1.724s] -- Installing: /root/workspace/install/core_msgs/include/core_msgs/msg/detail/trajectory__functions.h
[1.724s] -- Installing: /root/workspace/install/core_msgs/include/core_msgs/msg/detail/trajectory__type_support.h
[1.724s] -- Installing: /root/workspace/install/core_msgs/include/core_msgs/msg/detail/aux_global_position__functions.c
[1.724s] -- Installing: /root/workspace/install/core_msgs/include/core_msgs/msg/detail/trajectory__struct.h
[1.724s] -- Installing: /root/workspace/install/core_msgs/include/core_msgs/msg/detail/trajectory__functions.c
[1.724s] -- Installing: /root/workspace/install/core_msgs/include/core_msgs/msg/detail/aux_global_position__type_support.h
[1.724s] -- Installing: /root/workspace/install/core_msgs/include/core_msgs/msg/detail/aux_global_position__functions.h
[1.724s] -- Installing: /root/workspace/install/core_msgs/include/core_msgs/msg/detail/aux_global_position__struct.h
[1.724s] -- Installing: /root/workspace/install/core_msgs/include/core_msgs/msg/aux_global_position.h
[1.724s] -- Installing: /root/workspace/install/core_msgs/include/core_msgs/msg/trajectory.h
[1.724s] -- Up-to-date: /root/workspace/install/core_msgs/include/core_msgs/msg/rosidl_generator_c__visibility_control.h
[1.724s] -- Up-to-date: /root/workspace/install/core_msgs/share/core_msgs/environment/library_path.sh
[1.724s] -- Installing: /root/workspace/install/core_msgs/share/core_msgs/environment/library_path.dsv
[1.724s] -- Installing: /root/workspace/install/core_msgs/lib/libcore_msgs__rosidl_generator_c.so
[1.724s] -- Set runtime path of "/root/workspace/install/core_msgs/lib/libcore_msgs__rosidl_generator_c.so" to ""
[1.724s] -- Up-to-date: /root/workspace/install/core_msgs/include/core_msgs
[1.724s] -- Up-to-date: /root/workspace/install/core_msgs/include/core_msgs/msg
[1.724s] -- Up-to-date: /root/workspace/install/core_msgs/include/core_msgs/msg/detail
[1.724s] -- Installing: /root/workspace/install/core_msgs/include/core_msgs/msg/detail/trajectory__rosidl_typesupport_fastrtps_c.h
[1.724s] -- Installing: /root/workspace/install/core_msgs/include/core_msgs/msg/detail/aux_global_position__rosidl_typesupport_fastrtps_c.h
[1.724s] -- Up-to-date: /root/workspace/install/core_msgs/include/core_msgs/msg/rosidl_typesupport_fastrtps_c__visibility_control.h
[1.725s] -- Installing: /root/workspace/install/core_msgs/lib/libcore_msgs__rosidl_typesupport_fastrtps_c.so
[1.725s] -- Set runtime path of "/root/workspace/install/core_msgs/lib/libcore_msgs__rosidl_typesupport_fastrtps_c.so" to ""
[1.725s] -- Up-to-date: /root/workspace/install/core_msgs/include/core_msgs
[1.725s] -- Up-to-date: /root/workspace/install/core_msgs/include/core_msgs/msg
[1.725s] -- Up-to-date: /root/workspace/install/core_msgs/include/core_msgs/msg/detail
[1.725s] -- Up-to-date: /root/workspace/install/core_msgs/include/core_msgs/msg/detail/dds_fastrtps
[1.725s] -- Installing: /root/workspace/install/core_msgs/include/core_msgs/msg/detail/trajectory__rosidl_typesupport_fastrtps_cpp.hpp
[1.725s] -- Installing: /root/workspace/install/core_msgs/include/core_msgs/msg/detail/aux_global_position__rosidl_typesupport_fastrtps_cpp.hpp
[1.725s] -- Up-to-date: /root/workspace/install/core_msgs/include/core_msgs/msg/rosidl_typesupport_fastrtps_cpp__visibility_control.h
[1.725s] -- Installing: /root/workspace/install/core_msgs/lib/libcore_msgs__rosidl_typesupport_fastrtps_cpp.so
[1.725s] -- Set runtime path of "/root/workspace/install/core_msgs/lib/libcore_msgs__rosidl_typesupport_fastrtps_cpp.so" to ""
[1.725s] -- Up-to-date: /root/workspace/install/core_msgs/include/core_msgs
[1.725s] -- Up-to-date: /root/workspace/install/core_msgs/include/core_msgs/msg
[1.725s] -- Up-to-date: /root/workspace/install/core_msgs/include/core_msgs/msg/rosidl_typesupport_introspection_c__visibility_control.h
[1.725s] -- Up-to-date: /root/workspace/install/core_msgs/include/core_msgs/msg/detail
[1.725s] -- Installing: /root/workspace/install/core_msgs/include/core_msgs/msg/detail/aux_global_position__rosidl_typesupport_introspection_c.h
[1.725s] -- Installing: /root/workspace/install/core_msgs/include/core_msgs/msg/detail/trajectory__rosidl_typesupport_introspection_c.h
[1.725s] -- Installing: /root/workspace/install/core_msgs/include/core_msgs/msg/detail/aux_global_position__type_support.c
[1.725s] -- Installing: /root/workspace/install/core_msgs/include/core_msgs/msg/detail/trajectory__type_support.c
[1.725s] -- Installing: /root/workspace/install/core_msgs/lib/libcore_msgs__rosidl_typesupport_introspection_c.so
[1.726s] -- Set runtime path of "/root/workspace/install/core_msgs/lib/libcore_msgs__rosidl_typesupport_introspection_c.so" to ""
[1.726s] -- Installing: /root/workspace/install/core_msgs/lib/libcore_msgs__rosidl_typesupport_c.so
[1.726s] -- Set runtime path of "/root/workspace/install/core_msgs/lib/libcore_msgs__rosidl_typesupport_c.so" to ""
[1.726s] -- Up-to-date: /root/workspace/install/core_msgs/include/core_msgs
[1.726s] -- Up-to-date: /root/workspace/install/core_msgs/include/core_msgs/msg
[1.726s] -- Up-to-date: /root/workspace/install/core_msgs/include/core_msgs/msg/detail
[1.726s] -- Installing: /root/workspace/install/core_msgs/include/core_msgs/msg/detail/trajectory__builder.hpp
[1.726s] -- Installing: /root/workspace/install/core_msgs/include/core_msgs/msg/detail/trajectory__traits.hpp
[1.726s] -- Installing: /root/workspace/install/core_msgs/include/core_msgs/msg/detail/aux_global_position__struct.hpp
[1.726s] -- Installing: /root/workspace/install/core_msgs/include/core_msgs/msg/detail/aux_global_position__traits.hpp
[1.726s] -- Installing: /root/workspace/install/core_msgs/include/core_msgs/msg/detail/trajectory__type_support.hpp
[1.726s] -- Installing: /root/workspace/install/core_msgs/include/core_msgs/msg/detail/aux_global_position__builder.hpp
[1.726s] -- Installing: /root/workspace/install/core_msgs/include/core_msgs/msg/detail/trajectory__struct.hpp
[1.726s] -- Installing: /root/workspace/install/core_msgs/include/core_msgs/msg/detail/aux_global_position__type_support.hpp
[1.726s] -- Installing: /root/workspace/install/core_msgs/include/core_msgs/msg/aux_global_position.hpp
[1.726s] -- Up-to-date: /root/workspace/install/core_msgs/include/core_msgs/msg/rosidl_generator_cpp__visibility_control.hpp
[1.726s] -- Installing: /root/workspace/install/core_msgs/include/core_msgs/msg/trajectory.hpp
[1.726s] -- Up-to-date: /root/workspace/install/core_msgs/include/core_msgs
[1.726s] -- Up-to-date: /root/workspace/install/core_msgs/include/core_msgs/msg
[1.726s] -- Up-to-date: /root/workspace/install/core_msgs/include/core_msgs/msg/detail
[1.726s] -- Installing: /root/workspace/install/core_msgs/include/core_msgs/msg/detail/trajectory__type_support.cpp
[1.726s] -- Installing: /root/workspace/install/core_msgs/include/core_msgs/msg/detail/aux_global_position__type_support.cpp
[1.726s] -- Installing: /root/workspace/install/core_msgs/include/core_msgs/msg/detail/aux_global_position__rosidl_typesupport_introspection_cpp.hpp
[1.726s] -- Installing: /root/workspace/install/core_msgs/include/core_msgs/msg/detail/trajectory__rosidl_typesupport_introspection_cpp.hpp
[1.726s] -- Installing: /root/workspace/install/core_msgs/lib/libcore_msgs__rosidl_typesupport_introspection_cpp.so
[1.727s] -- Set runtime path of "/root/workspace/install/core_msgs/lib/libcore_msgs__rosidl_typesupport_introspection_cpp.so" to ""
[1.727s] -- Installing: /root/workspace/install/core_msgs/lib/libcore_msgs__rosidl_typesupport_cpp.so
[1.727s] -- Set runtime path of "/root/workspace/install/core_msgs/lib/libcore_msgs__rosidl_typesupport_cpp.so" to ""
[1.727s] -- Up-to-date: /root/workspace/install/core_msgs/share/core_msgs/environment/pythonpath.sh
[1.727s] -- Installing: /root/workspace/install/core_msgs/share/core_msgs/environment/pythonpath.dsv
[1.727s] -- Installing: /root/workspace/install/core_msgs/lib/python3.8/site-packages/core_msgs/__init__.py
[1.744s] Compiling '/root/workspace/install/core_msgs/lib/python3.8/site-packages/core_msgs/__init__.py'...
[1.746s] -- Up-to-date: /root/workspace/install/core_msgs/lib/python3.8/site-packages/core_msgs/msg
[1.746s] -- Installing: /root/workspace/install/core_msgs/lib/python3.8/site-packages/core_msgs/msg/_aux_global_position.py
[1.746s] -- Installing: /root/workspace/install/core_msgs/lib/python3.8/site-packages/core_msgs/msg/__init__.py
[1.746s] -- Installing: /root/workspace/install/core_msgs/lib/python3.8/site-packages/core_msgs/msg/_aux_global_position_s.c
[1.746s] -- Installing: /root/workspace/install/core_msgs/lib/python3.8/site-packages/core_msgs/msg/_trajectory_s.c
[1.746s] -- Installing: /root/workspace/install/core_msgs/lib/python3.8/site-packages/core_msgs/msg/_trajectory.py
[1.746s] -- Installing: /root/workspace/install/core_msgs/lib/python3.8/site-packages/core_msgs/core_msgs_s__rosidl_typesupport_fastrtps_c.cpython-38-x86_64-linux-gnu.so
[1.747s] -- Set runtime path of "/root/workspace/install/core_msgs/lib/python3.8/site-packages/core_msgs/core_msgs_s__rosidl_typesupport_fastrtps_c.cpython-38-x86_64-linux-gnu.so" to ""
[1.747s] -- Installing: /root/workspace/install/core_msgs/lib/python3.8/site-packages/core_msgs/core_msgs_s__rosidl_typesupport_introspection_c.cpython-38-x86_64-linux-gnu.so
[1.747s] -- Set runtime path of "/root/workspace/install/core_msgs/lib/python3.8/site-packages/core_msgs/core_msgs_s__rosidl_typesupport_introspection_c.cpython-38-x86_64-linux-gnu.so" to ""
[1.747s] -- Installing: /root/workspace/install/core_msgs/lib/python3.8/site-packages/core_msgs/core_msgs_s__rosidl_typesupport_c.cpython-38-x86_64-linux-gnu.so
[1.747s] -- Set runtime path of "/root/workspace/install/core_msgs/lib/python3.8/site-packages/core_msgs/core_msgs_s__rosidl_typesupport_c.cpython-38-x86_64-linux-gnu.so" to ""
[1.748s] -- Installing: /root/workspace/install/core_msgs/lib/libcore_msgs__python.so
[1.748s] -- Set runtime path of "/root/workspace/install/core_msgs/lib/libcore_msgs__python.so" to ""
[1.748s] -- Up-to-date: /root/workspace/install/core_msgs/share/core_msgs/msg/Trajectory.idl
[1.748s] -- Installing: /root/workspace/install/core_msgs/share/core_msgs/msg/AuxGlobalPosition.idl
[1.748s] -- Up-to-date: /root/workspace/install/core_msgs/share/core_msgs/msg/Trajectory.msg
[1.748s] -- Installing: /root/workspace/install/core_msgs/share/core_msgs/msg/AuxGlobalPosition.msg
[1.748s] -- Up-to-date: /root/workspace/install/core_msgs/share/ament_index/resource_index/package_run_dependencies/core_msgs
[1.748s] -- Up-to-date: /root/workspace/install/core_msgs/share/ament_index/resource_index/parent_prefix_path/core_msgs
[1.748s] -- Up-to-date: /root/workspace/install/core_msgs/share/core_msgs/environment/ament_prefix_path.sh
[1.748s] -- Installing: /root/workspace/install/core_msgs/share/core_msgs/environment/ament_prefix_path.dsv
[1.748s] -- Up-to-date: /root/workspace/install/core_msgs/share/core_msgs/environment/path.sh
[1.748s] -- Installing: /root/workspace/install/core_msgs/share/core_msgs/environment/path.dsv
[1.748s] -- Up-to-date: /root/workspace/install/core_msgs/share/core_msgs/local_setup.bash
[1.748s] -- Up-to-date: /root/workspace/install/core_msgs/share/core_msgs/local_setup.sh
[1.748s] -- Up-to-date: /root/workspace/install/core_msgs/share/core_msgs/local_setup.zsh
[1.748s] -- Installing: /root/workspace/install/core_msgs/share/core_msgs/local_setup.dsv
[1.748s] -- Installing: /root/workspace/install/core_msgs/share/core_msgs/package.dsv
[1.748s] -- Up-to-date: /root/workspace/install/core_msgs/share/ament_index/resource_index/packages/core_msgs
[1.748s] -- Up-to-date: /root/workspace/install/core_msgs/share/core_msgs/cmake/core_msgs__rosidl_generator_cExport.cmake
[1.748s] -- Installing: /root/workspace/install/core_msgs/share/core_msgs/cmake/core_msgs__rosidl_generator_cExport-noconfig.cmake
[1.748s] -- Up-to-date: /root/workspace/install/core_msgs/share/core_msgs/cmake/core_msgs__rosidl_typesupport_introspection_cExport.cmake
[1.748s] -- Installing: /root/workspace/install/core_msgs/share/core_msgs/cmake/core_msgs__rosidl_typesupport_introspection_cExport-noconfig.cmake
[1.749s] -- Up-to-date: /root/workspace/install/core_msgs/share/core_msgs/cmake/core_msgs__rosidl_typesupport_cExport.cmake
[1.749s] -- Installing: /root/workspace/install/core_msgs/share/core_msgs/cmake/core_msgs__rosidl_typesupport_cExport-noconfig.cmake
[1.749s] -- Up-to-date: /root/workspace/install/core_msgs/share/core_msgs/cmake/core_msgs__rosidl_generator_cppExport.cmake
[1.749s] -- Up-to-date: /root/workspace/install/core_msgs/share/core_msgs/cmake/core_msgs__rosidl_typesupport_introspection_cppExport.cmake
[1.749s] -- Installing: /root/workspace/install/core_msgs/share/core_msgs/cmake/core_msgs__rosidl_typesupport_introspection_cppExport-noconfig.cmake
[1.749s] -- Up-to-date: /root/workspace/install/core_msgs/share/core_msgs/cmake/core_msgs__rosidl_typesupport_cppExport.cmake
[1.749s] -- Installing: /root/workspace/install/core_msgs/share/core_msgs/cmake/core_msgs__rosidl_typesupport_cppExport-noconfig.cmake
[1.749s] -- Up-to-date: /root/workspace/install/core_msgs/share/core_msgs/cmake/rosidl_cmake-extras.cmake
[1.749s] -- Up-to-date: /root/workspace/install/core_msgs/share/core_msgs/cmake/ament_cmake_export_dependencies-extras.cmake
[1.749s] -- Up-to-date: /root/workspace/install/core_msgs/share/core_msgs/cmake/ament_cmake_export_libraries-extras.cmake
[1.749s] -- Up-to-date: /root/workspace/install/core_msgs/share/core_msgs/cmake/ament_cmake_export_targets-extras.cmake
[1.749s] -- Up-to-date: /root/workspace/install/core_msgs/share/core_msgs/cmake/ament_cmake_export_include_directories-extras.cmake
[1.749s] -- Up-to-date: /root/workspace/install/core_msgs/share/core_msgs/cmake/rosidl_cmake_export_typesupport_libraries-extras.cmake
[1.749s] -- Up-to-date: /root/workspace/install/core_msgs/share/core_msgs/cmake/rosidl_cmake_export_typesupport_targets-extras.cmake
[1.749s] -- Up-to-date: /root/workspace/install/core_msgs/share/core_msgs/cmake/core_msgsConfig.cmake
[1.749s] -- Up-to-date: /root/workspace/install/core_msgs/share/core_msgs/cmake/core_msgsConfig-version.cmake
[1.749s] -- Up-to-date: /root/workspace/install/core_msgs/share/core_msgs/package.xml
[1.751s] Invoked command in '/root/workspace/build/core_msgs' returned '0': CMAKE_PREFIX_PATH=${CMAKE_PREFIX_PATH}:/opt/ros/foxy /usr/bin/cmake --install /root/workspace/build/core_msgs
