[0.005s] Invoking command in '/root/workspace/build/core_msgs': CMAKE_PREFIX_PATH=${CMAKE_PREFIX_PATH}:/opt/ros/humble /usr/bin/cmake /root/workspace/src/core_msgs -DCMAKE_INSTALL_PREFIX=/root/workspace/install/core_msgs
[0.032s] -- The C compiler identification is GNU 11.4.0
[0.062s] -- The CXX compiler identification is GNU 11.4.0
[0.067s] -- Detecting C compiler ABI info
[0.101s] -- Detecting C compiler ABI info - done
[0.105s] -- Check for working C compiler: /usr/bin/cc - skipped
[0.105s] -- Detecting C compile features
[0.106s] -- Detecting C compile features - done
[0.107s] -- Detecting CXX compiler ABI info
[0.146s] -- Detecting CXX compiler ABI info - done
[0.150s] -- Check for working CXX compiler: /usr/bin/c++ - skipped
[0.151s] -- Detecting CXX compile features
[0.151s] -- Detecting CXX compile features - done
[0.153s] -- Found ament_cmake: 1.3.8 (/opt/ros/humble/share/ament_cmake/cmake)
[0.225s] -- Found Python3: /usr/bin/python3 (found version "3.10.12") found components: Interpreter 
[0.274s] -- Found rosidl_default_generators: 1.2.0 (/opt/ros/humble/share/rosidl_default_generators/cmake)
[0.276s] -- Using all available rosidl_typesupport_c: rosidl_typesupport_fastrtps_c;rosidl_typesupport_introspection_c
[0.279s] -- Found rosidl_adapter: 3.1.5 (/opt/ros/humble/share/rosidl_adapter/cmake)
[0.302s] -- Using all available rosidl_typesupport_cpp: rosidl_typesupport_fastrtps_cpp;rosidl_typesupport_introspection_cpp
[0.446s] -- Found ament_cmake_ros: 0.10.0 (/opt/ros/humble/share/ament_cmake_ros/cmake)
[0.536s] -- Using all available rosidl_typesupport_c: rosidl_typesupport_fastrtps_c;rosidl_typesupport_introspection_c
[0.659s] -- Using all available rosidl_typesupport_cpp: rosidl_typesupport_fastrtps_cpp;rosidl_typesupport_introspection_cpp
[0.669s] -- Found PythonInterp: /usr/bin/python3 (found suitable version "3.10.12", minimum required is "3.6") 
[0.669s] -- Found python_cmake_module: 0.10.0 (/opt/ros/humble/share/python_cmake_module/cmake)
[0.681s] -- Found PythonLibs: /usr/lib/x86_64-linux-gnu/libpython3.10.so (found suitable version "3.10.12", minimum required is "3.5") 
[0.681s] -- Using PYTHON_EXECUTABLE: /usr/bin/python3
[0.681s] -- Using PYTHON_INCLUDE_DIRS: /usr/include/python3.10
[0.681s] -- Using PYTHON_LIBRARIES: /usr/lib/x86_64-linux-gnu/libpython3.10.so
[0.690s] -- Found PythonExtra: .so  
[0.706s] -- Found ament_lint_auto: 0.12.10 (/opt/ros/humble/share/ament_lint_auto/cmake)
[0.717s] -- Added test 'copyright' to check source files copyright and LICENSE
[0.717s] -- Added test 'lint_cmake' to check CMake code style
[0.718s] -- Added test 'xmllint' to check XML markup files
[0.719s] -- Configuring done
[0.734s] -- Generating done
[0.735s] -- Build files have been written to: /root/workspace/build/core_msgs
[0.739s] Invoked command in '/root/workspace/build/core_msgs' returned '0': CMAKE_PREFIX_PATH=${CMAKE_PREFIX_PATH}:/opt/ros/humble /usr/bin/cmake /root/workspace/src/core_msgs -DCMAKE_INSTALL_PREFIX=/root/workspace/install/core_msgs
[0.740s] Invoking command in '/root/workspace/build/core_msgs': CMAKE_PREFIX_PATH=${CMAKE_PREFIX_PATH}:/opt/ros/humble /usr/bin/cmake --build /root/workspace/build/core_msgs -- -j20 -l20
[0.759s] [  2%] [34m[1mGenerating C code for ROS interfaces[0m
[0.765s] [  5%] [34m[1mGenerating C++ code for ROS interfaces[0m
[0.767s] [  5%] Built target ament_cmake_python_copy_core_msgs
[0.867s] running egg_info
[0.867s] creating core_msgs.egg-info
[0.867s] writing core_msgs.egg-info/PKG-INFO
[0.867s] writing dependency_links to core_msgs.egg-info/dependency_links.txt
[0.867s] writing top-level names to core_msgs.egg-info/top_level.txt
[0.867s] writing manifest file 'core_msgs.egg-info/SOURCES.txt'
[0.868s] reading manifest file 'core_msgs.egg-info/SOURCES.txt'
[0.869s] writing manifest file 'core_msgs.egg-info/SOURCES.txt'
[0.882s] [  5%] Built target ament_cmake_python_build_core_msgs_egg
[0.913s] [  5%] Built target core_msgs__cpp
[0.918s] [ 12%] [34m[1mGenerating C++ type support dispatch for ROS interfaces[0m
[0.918s] [ 12%] [34m[1mGenerating C++ introspection for ROS interfaces[0m
[0.918s] [ 12%] [34m[1mGenerating C++ type support for eProsima Fast-RTPS[0m
[0.919s] [ 17%] [32mBuilding C object CMakeFiles/core_msgs__rosidl_generator_c.dir/rosidl_generator_c/core_msgs/msg/detail/aux_global_position__functions.c.o[0m
[0.919s] [ 17%] [32mBuilding C object CMakeFiles/core_msgs__rosidl_generator_c.dir/rosidl_generator_c/core_msgs/msg/detail/trajectory__functions.c.o[0m
[0.943s] [ 20%] [32m[1mLinking C shared library libcore_msgs__rosidl_generator_c.so[0m
[0.962s] [ 20%] Built target core_msgs__rosidl_generator_c
[0.968s] [ 28%] [34m[1mGenerating C type support dispatch for ROS interfaces[0m
[0.968s] [ 28%] [34m[1mGenerating C introspection for ROS interfaces[0m
[0.968s] [ 28%] [34m[1mGenerating C type support for eProsima Fast-RTPS[0m
[1.046s] [ 33%] [32mBuilding CXX object CMakeFiles/core_msgs__rosidl_typesupport_cpp.dir/rosidl_typesupport_cpp/core_msgs/msg/trajectory__type_support.cpp.o[0m
[1.046s] [ 33%] [32mBuilding CXX object CMakeFiles/core_msgs__rosidl_typesupport_cpp.dir/rosidl_typesupport_cpp/core_msgs/msg/aux_global_position__type_support.cpp.o[0m
[1.052s] [ 35%] [32mBuilding CXX object CMakeFiles/core_msgs__rosidl_typesupport_introspection_cpp.dir/rosidl_typesupport_introspection_cpp/core_msgs/msg/detail/trajectory__type_support.cpp.o[0m
[1.054s] [ 38%] [32mBuilding CXX object CMakeFiles/core_msgs__rosidl_typesupport_introspection_cpp.dir/rosidl_typesupport_introspection_cpp/core_msgs/msg/detail/aux_global_position__type_support.cpp.o[0m
[1.067s] [ 41%] [32mBuilding CXX object CMakeFiles/core_msgs__rosidl_typesupport_fastrtps_cpp.dir/rosidl_typesupport_fastrtps_cpp/core_msgs/msg/detail/dds_fastrtps/aux_global_position__type_support.cpp.o[0m
[1.067s] [ 43%] [32mBuilding CXX object CMakeFiles/core_msgs__rosidl_typesupport_fastrtps_cpp.dir/rosidl_typesupport_fastrtps_cpp/core_msgs/msg/detail/dds_fastrtps/trajectory__type_support.cpp.o[0m
[1.107s] [ 48%] [32mBuilding CXX object CMakeFiles/core_msgs__rosidl_typesupport_c.dir/rosidl_typesupport_c/core_msgs/msg/aux_global_position__type_support.cpp.o[0m
[1.107s] [ 48%] [32mBuilding CXX object CMakeFiles/core_msgs__rosidl_typesupport_c.dir/rosidl_typesupport_c/core_msgs/msg/trajectory__type_support.cpp.o[0m
[1.114s] [ 51%] [32mBuilding C object CMakeFiles/core_msgs__rosidl_typesupport_introspection_c.dir/rosidl_typesupport_introspection_c/core_msgs/msg/detail/aux_global_position__type_support.c.o[0m
[1.116s] [ 53%] [32mBuilding C object CMakeFiles/core_msgs__rosidl_typesupport_introspection_c.dir/rosidl_typesupport_introspection_c/core_msgs/msg/detail/trajectory__type_support.c.o[0m
[1.122s] [ 58%] [32mBuilding CXX object CMakeFiles/core_msgs__rosidl_typesupport_fastrtps_c.dir/rosidl_typesupport_fastrtps_c/core_msgs/msg/detail/aux_global_position__type_support_c.cpp.o[0m
[1.122s] [ 58%] [32mBuilding CXX object CMakeFiles/core_msgs__rosidl_typesupport_fastrtps_c.dir/rosidl_typesupport_fastrtps_c/core_msgs/msg/detail/trajectory__type_support_c.cpp.o[0m
[1.132s] [ 61%] [32m[1mLinking CXX shared library libcore_msgs__rosidl_typesupport_c.so[0m
[1.136s] [ 64%] [32m[1mLinking C shared library libcore_msgs__rosidl_typesupport_introspection_c.so[0m
[1.161s] [ 64%] Built target core_msgs__rosidl_typesupport_introspection_c
[1.167s] [ 64%] Built target core_msgs__rosidl_typesupport_c
[1.197s] [ 66%] [32m[1mLinking CXX shared library libcore_msgs__rosidl_typesupport_cpp.so[0m
[1.219s] [ 66%] Built target core_msgs__rosidl_typesupport_cpp
[1.258s] [ 69%] [32m[1mLinking CXX shared library libcore_msgs__rosidl_typesupport_introspection_cpp.so[0m
[1.279s] [ 69%] Built target core_msgs__rosidl_typesupport_introspection_cpp
[1.295s] [ 71%] [32m[1mLinking CXX shared library libcore_msgs__rosidl_typesupport_fastrtps_c.so[0m
[1.303s] [ 74%] [32m[1mLinking CXX shared library libcore_msgs__rosidl_typesupport_fastrtps_cpp.so[0m
[1.335s] [ 74%] Built target core_msgs__rosidl_typesupport_fastrtps_c
[1.343s] [ 74%] Built target core_msgs__rosidl_typesupport_fastrtps_cpp
[1.351s] [ 74%] Built target core_msgs
[1.359s] [ 76%] [34m[1mGenerating Python code for ROS interfaces[0m
[1.547s] [ 76%] Built target core_msgs__py
[1.555s] [ 82%] [32mBuilding C object CMakeFiles/core_msgs__rosidl_generator_py.dir/rosidl_generator_py/core_msgs/msg/_trajectory_s.c.o[0m
[1.556s] [ 82%] [32mBuilding C object CMakeFiles/core_msgs__rosidl_generator_py.dir/rosidl_generator_py/core_msgs/msg/_aux_global_position_s.c.o[0m
[1.609s] [ 84%] [32m[1mLinking C shared library rosidl_generator_py/core_msgs/libcore_msgs__rosidl_generator_py.so[0m
[1.629s] [ 84%] Built target core_msgs__rosidl_generator_py
[1.638s] [ 87%] [32mBuilding C object CMakeFiles/core_msgs__rosidl_typesupport_introspection_c__pyext.dir/rosidl_generator_py/core_msgs/_core_msgs_s.ep.rosidl_typesupport_introspection_c.c.o[0m
[1.638s] [ 89%] [32mBuilding C object CMakeFiles/core_msgs__rosidl_typesupport_c__pyext.dir/rosidl_generator_py/core_msgs/_core_msgs_s.ep.rosidl_typesupport_c.c.o[0m
[1.638s] [ 92%] [32mBuilding C object CMakeFiles/core_msgs__rosidl_typesupport_fastrtps_c__pyext.dir/rosidl_generator_py/core_msgs/_core_msgs_s.ep.rosidl_typesupport_fastrtps_c.c.o[0m
[1.685s] [ 94%] [32m[1mLinking C shared library rosidl_generator_py/core_msgs/core_msgs_s__rosidl_typesupport_c.cpython-310-x86_64-linux-gnu.so[0m
[1.685s] [ 97%] [32m[1mLinking C shared library rosidl_generator_py/core_msgs/core_msgs_s__rosidl_typesupport_introspection_c.cpython-310-x86_64-linux-gnu.so[0m
[1.685s] [100%] [32m[1mLinking C shared library rosidl_generator_py/core_msgs/core_msgs_s__rosidl_typesupport_fastrtps_c.cpython-310-x86_64-linux-gnu.so[0m
[1.702s] [100%] Built target core_msgs__rosidl_typesupport_fastrtps_c__pyext
[1.702s] [100%] Built target core_msgs__rosidl_typesupport_introspection_c__pyext
[1.702s] [100%] Built target core_msgs__rosidl_typesupport_c__pyext
[1.707s] Invoked command in '/root/workspace/build/core_msgs' returned '0': CMAKE_PREFIX_PATH=${CMAKE_PREFIX_PATH}:/opt/ros/humble /usr/bin/cmake --build /root/workspace/build/core_msgs -- -j20 -l20
[1.746s] Invoking command in '/root/workspace/build/core_msgs': CMAKE_PREFIX_PATH=${CMAKE_PREFIX_PATH}:/opt/ros/humble /usr/bin/cmake --install /root/workspace/build/core_msgs
[1.751s] -- Install configuration: ""
[1.751s] -- Installing: /root/workspace/install/core_msgs/share/ament_index/resource_index/rosidl_interfaces/core_msgs
[1.751s] -- Installing: /root/workspace/install/core_msgs/include/core_msgs/core_msgs
[1.751s] -- Installing: /root/workspace/install/core_msgs/include/core_msgs/core_msgs/msg
[1.751s] -- Installing: /root/workspace/install/core_msgs/include/core_msgs/core_msgs/msg/detail
[1.751s] -- Installing: /root/workspace/install/core_msgs/include/core_msgs/core_msgs/msg/detail/trajectory__functions.h
[1.751s] -- Installing: /root/workspace/install/core_msgs/include/core_msgs/core_msgs/msg/detail/trajectory__type_support.h
[1.751s] -- Installing: /root/workspace/install/core_msgs/include/core_msgs/core_msgs/msg/detail/aux_global_position__functions.c
[1.751s] -- Installing: /root/workspace/install/core_msgs/include/core_msgs/core_msgs/msg/detail/trajectory__struct.h
[1.751s] -- Installing: /root/workspace/install/core_msgs/include/core_msgs/core_msgs/msg/detail/trajectory__functions.c
[1.751s] -- Installing: /root/workspace/install/core_msgs/include/core_msgs/core_msgs/msg/detail/aux_global_position__type_support.h
[1.751s] -- Installing: /root/workspace/install/core_msgs/include/core_msgs/core_msgs/msg/detail/aux_global_position__functions.h
[1.751s] -- Installing: /root/workspace/install/core_msgs/include/core_msgs/core_msgs/msg/detail/aux_global_position__struct.h
[1.751s] -- Installing: /root/workspace/install/core_msgs/include/core_msgs/core_msgs/msg/aux_global_position.h
[1.751s] -- Installing: /root/workspace/install/core_msgs/include/core_msgs/core_msgs/msg/trajectory.h
[1.751s] -- Installing: /root/workspace/install/core_msgs/include/core_msgs/core_msgs/msg/rosidl_generator_c__visibility_control.h
[1.751s] -- Installing: /root/workspace/install/core_msgs/share/core_msgs/environment/library_path.sh
[1.751s] -- Installing: /root/workspace/install/core_msgs/share/core_msgs/environment/library_path.dsv
[1.751s] -- Installing: /root/workspace/install/core_msgs/lib/libcore_msgs__rosidl_generator_c.so
[1.751s] -- Set runtime path of "/root/workspace/install/core_msgs/lib/libcore_msgs__rosidl_generator_c.so" to ""
[1.751s] -- Up-to-date: /root/workspace/install/core_msgs/include/core_msgs/core_msgs
[1.752s] -- Up-to-date: /root/workspace/install/core_msgs/include/core_msgs/core_msgs/msg
[1.752s] -- Up-to-date: /root/workspace/install/core_msgs/include/core_msgs/core_msgs/msg/detail
[1.752s] -- Installing: /root/workspace/install/core_msgs/include/core_msgs/core_msgs/msg/detail/trajectory__rosidl_typesupport_fastrtps_c.h
[1.752s] -- Installing: /root/workspace/install/core_msgs/include/core_msgs/core_msgs/msg/detail/aux_global_position__rosidl_typesupport_fastrtps_c.h
[1.752s] -- Installing: /root/workspace/install/core_msgs/include/core_msgs/core_msgs/msg/rosidl_typesupport_fastrtps_c__visibility_control.h
[1.752s] -- Installing: /root/workspace/install/core_msgs/lib/libcore_msgs__rosidl_typesupport_fastrtps_c.so
[1.752s] -- Set runtime path of "/root/workspace/install/core_msgs/lib/libcore_msgs__rosidl_typesupport_fastrtps_c.so" to ""
[1.752s] -- Up-to-date: /root/workspace/install/core_msgs/include/core_msgs/core_msgs
[1.752s] -- Up-to-date: /root/workspace/install/core_msgs/include/core_msgs/core_msgs/msg
[1.752s] -- Installing: /root/workspace/install/core_msgs/include/core_msgs/core_msgs/msg/rosidl_typesupport_introspection_c__visibility_control.h
[1.752s] -- Up-to-date: /root/workspace/install/core_msgs/include/core_msgs/core_msgs/msg/detail
[1.752s] -- Installing: /root/workspace/install/core_msgs/include/core_msgs/core_msgs/msg/detail/aux_global_position__rosidl_typesupport_introspection_c.h
[1.752s] -- Installing: /root/workspace/install/core_msgs/include/core_msgs/core_msgs/msg/detail/trajectory__rosidl_typesupport_introspection_c.h
[1.752s] -- Installing: /root/workspace/install/core_msgs/include/core_msgs/core_msgs/msg/detail/aux_global_position__type_support.c
[1.752s] -- Installing: /root/workspace/install/core_msgs/include/core_msgs/core_msgs/msg/detail/trajectory__type_support.c
[1.752s] -- Installing: /root/workspace/install/core_msgs/lib/libcore_msgs__rosidl_typesupport_introspection_c.so
[1.752s] -- Set runtime path of "/root/workspace/install/core_msgs/lib/libcore_msgs__rosidl_typesupport_introspection_c.so" to ""
[1.752s] -- Installing: /root/workspace/install/core_msgs/lib/libcore_msgs__rosidl_typesupport_c.so
[1.752s] -- Set runtime path of "/root/workspace/install/core_msgs/lib/libcore_msgs__rosidl_typesupport_c.so" to ""
[1.752s] -- Up-to-date: /root/workspace/install/core_msgs/include/core_msgs/core_msgs
[1.752s] -- Up-to-date: /root/workspace/install/core_msgs/include/core_msgs/core_msgs/msg
[1.752s] -- Up-to-date: /root/workspace/install/core_msgs/include/core_msgs/core_msgs/msg/detail
[1.752s] -- Installing: /root/workspace/install/core_msgs/include/core_msgs/core_msgs/msg/detail/trajectory__builder.hpp
[1.752s] -- Installing: /root/workspace/install/core_msgs/include/core_msgs/core_msgs/msg/detail/trajectory__traits.hpp
[1.752s] -- Installing: /root/workspace/install/core_msgs/include/core_msgs/core_msgs/msg/detail/aux_global_position__struct.hpp
[1.752s] -- Installing: /root/workspace/install/core_msgs/include/core_msgs/core_msgs/msg/detail/aux_global_position__traits.hpp
[1.752s] -- Installing: /root/workspace/install/core_msgs/include/core_msgs/core_msgs/msg/detail/aux_global_position__builder.hpp
[1.752s] -- Installing: /root/workspace/install/core_msgs/include/core_msgs/core_msgs/msg/detail/trajectory__struct.hpp
[1.752s] -- Installing: /root/workspace/install/core_msgs/include/core_msgs/core_msgs/msg/aux_global_position.hpp
[1.752s] -- Installing: /root/workspace/install/core_msgs/include/core_msgs/core_msgs/msg/trajectory.hpp
[1.752s] -- Up-to-date: /root/workspace/install/core_msgs/include/core_msgs/core_msgs
[1.752s] -- Up-to-date: /root/workspace/install/core_msgs/include/core_msgs/core_msgs/msg
[1.752s] -- Up-to-date: /root/workspace/install/core_msgs/include/core_msgs/core_msgs/msg/detail
[1.753s] -- Installing: /root/workspace/install/core_msgs/include/core_msgs/core_msgs/msg/detail/dds_fastrtps
[1.753s] -- Installing: /root/workspace/install/core_msgs/include/core_msgs/core_msgs/msg/detail/trajectory__rosidl_typesupport_fastrtps_cpp.hpp
[1.753s] -- Installing: /root/workspace/install/core_msgs/include/core_msgs/core_msgs/msg/detail/aux_global_position__rosidl_typesupport_fastrtps_cpp.hpp
[1.753s] -- Installing: /root/workspace/install/core_msgs/include/core_msgs/core_msgs/msg/rosidl_typesupport_fastrtps_cpp__visibility_control.h
[1.753s] -- Installing: /root/workspace/install/core_msgs/lib/libcore_msgs__rosidl_typesupport_fastrtps_cpp.so
[1.753s] -- Set runtime path of "/root/workspace/install/core_msgs/lib/libcore_msgs__rosidl_typesupport_fastrtps_cpp.so" to ""
[1.753s] -- Up-to-date: /root/workspace/install/core_msgs/include/core_msgs/core_msgs
[1.753s] -- Up-to-date: /root/workspace/install/core_msgs/include/core_msgs/core_msgs/msg
[1.753s] -- Up-to-date: /root/workspace/install/core_msgs/include/core_msgs/core_msgs/msg/detail
[1.753s] -- Installing: /root/workspace/install/core_msgs/include/core_msgs/core_msgs/msg/detail/trajectory__type_support.cpp
[1.753s] -- Installing: /root/workspace/install/core_msgs/include/core_msgs/core_msgs/msg/detail/aux_global_position__type_support.cpp
[1.753s] -- Installing: /root/workspace/install/core_msgs/include/core_msgs/core_msgs/msg/detail/aux_global_position__rosidl_typesupport_introspection_cpp.hpp
[1.753s] -- Installing: /root/workspace/install/core_msgs/include/core_msgs/core_msgs/msg/detail/trajectory__rosidl_typesupport_introspection_cpp.hpp
[1.753s] -- Installing: /root/workspace/install/core_msgs/lib/libcore_msgs__rosidl_typesupport_introspection_cpp.so
[1.753s] -- Set runtime path of "/root/workspace/install/core_msgs/lib/libcore_msgs__rosidl_typesupport_introspection_cpp.so" to ""
[1.753s] -- Installing: /root/workspace/install/core_msgs/lib/libcore_msgs__rosidl_typesupport_cpp.so
[1.753s] -- Set runtime path of "/root/workspace/install/core_msgs/lib/libcore_msgs__rosidl_typesupport_cpp.so" to ""
[1.753s] -- Installing: /root/workspace/install/core_msgs/share/core_msgs/environment/pythonpath.sh
[1.753s] -- Installing: /root/workspace/install/core_msgs/share/core_msgs/environment/pythonpath.dsv
[1.753s] -- Installing: /root/workspace/install/core_msgs/local/lib/python3.10/dist-packages/core_msgs-0.0.0-py3.10.egg-info
[1.753s] -- Installing: /root/workspace/install/core_msgs/local/lib/python3.10/dist-packages/core_msgs-0.0.0-py3.10.egg-info/dependency_links.txt
[1.753s] -- Installing: /root/workspace/install/core_msgs/local/lib/python3.10/dist-packages/core_msgs-0.0.0-py3.10.egg-info/PKG-INFO
[1.753s] -- Installing: /root/workspace/install/core_msgs/local/lib/python3.10/dist-packages/core_msgs-0.0.0-py3.10.egg-info/top_level.txt
[1.753s] -- Installing: /root/workspace/install/core_msgs/local/lib/python3.10/dist-packages/core_msgs-0.0.0-py3.10.egg-info/SOURCES.txt
[1.753s] -- Installing: /root/workspace/install/core_msgs/local/lib/python3.10/dist-packages/core_msgs
[1.753s] -- Installing: /root/workspace/install/core_msgs/local/lib/python3.10/dist-packages/core_msgs/core_msgs_s__rosidl_typesupport_introspection_c.cpython-310-x86_64-linux-gnu.so
[1.753s] -- Installing: /root/workspace/install/core_msgs/local/lib/python3.10/dist-packages/core_msgs/__init__.py
[1.753s] -- Installing: /root/workspace/install/core_msgs/local/lib/python3.10/dist-packages/core_msgs/core_msgs_s__rosidl_typesupport_c.cpython-310-x86_64-linux-gnu.so
[1.753s] -- Installing: /root/workspace/install/core_msgs/local/lib/python3.10/dist-packages/core_msgs/_core_msgs_s.ep.rosidl_typesupport_introspection_c.c
[1.753s] -- Installing: /root/workspace/install/core_msgs/local/lib/python3.10/dist-packages/core_msgs/core_msgs_s__rosidl_typesupport_fastrtps_c.cpython-310-x86_64-linux-gnu.so
[1.754s] -- Installing: /root/workspace/install/core_msgs/local/lib/python3.10/dist-packages/core_msgs/_core_msgs_s.ep.rosidl_typesupport_fastrtps_c.c
[1.754s] -- Installing: /root/workspace/install/core_msgs/local/lib/python3.10/dist-packages/core_msgs/libcore_msgs__rosidl_generator_py.so
[1.754s] -- Installing: /root/workspace/install/core_msgs/local/lib/python3.10/dist-packages/core_msgs/msg
[1.754s] -- Installing: /root/workspace/install/core_msgs/local/lib/python3.10/dist-packages/core_msgs/msg/_aux_global_position.py
[1.754s] -- Installing: /root/workspace/install/core_msgs/local/lib/python3.10/dist-packages/core_msgs/msg/__init__.py
[1.754s] -- Installing: /root/workspace/install/core_msgs/local/lib/python3.10/dist-packages/core_msgs/msg/_aux_global_position_s.c
[1.754s] -- Installing: /root/workspace/install/core_msgs/local/lib/python3.10/dist-packages/core_msgs/msg/_trajectory_s.c
[1.754s] -- Installing: /root/workspace/install/core_msgs/local/lib/python3.10/dist-packages/core_msgs/msg/_trajectory.py
[1.754s] -- Installing: /root/workspace/install/core_msgs/local/lib/python3.10/dist-packages/core_msgs/_core_msgs_s.ep.rosidl_typesupport_c.c
[1.773s] Listing '/root/workspace/install/core_msgs/local/lib/python3.10/dist-packages/core_msgs'...
[1.773s] Compiling '/root/workspace/install/core_msgs/local/lib/python3.10/dist-packages/core_msgs/__init__.py'...
[1.773s] Listing '/root/workspace/install/core_msgs/local/lib/python3.10/dist-packages/core_msgs/msg'...
[1.773s] Compiling '/root/workspace/install/core_msgs/local/lib/python3.10/dist-packages/core_msgs/msg/__init__.py'...
[1.773s] Compiling '/root/workspace/install/core_msgs/local/lib/python3.10/dist-packages/core_msgs/msg/_aux_global_position.py'...
[1.773s] Compiling '/root/workspace/install/core_msgs/local/lib/python3.10/dist-packages/core_msgs/msg/_trajectory.py'...
[1.775s] -- Installing: /root/workspace/install/core_msgs/local/lib/python3.10/dist-packages/core_msgs/core_msgs_s__rosidl_typesupport_fastrtps_c.cpython-310-x86_64-linux-gnu.so
[1.775s] -- Set runtime path of "/root/workspace/install/core_msgs/local/lib/python3.10/dist-packages/core_msgs/core_msgs_s__rosidl_typesupport_fastrtps_c.cpython-310-x86_64-linux-gnu.so" to ""
[1.776s] -- Installing: /root/workspace/install/core_msgs/local/lib/python3.10/dist-packages/core_msgs/core_msgs_s__rosidl_typesupport_introspection_c.cpython-310-x86_64-linux-gnu.so
[1.776s] -- Set runtime path of "/root/workspace/install/core_msgs/local/lib/python3.10/dist-packages/core_msgs/core_msgs_s__rosidl_typesupport_introspection_c.cpython-310-x86_64-linux-gnu.so" to ""
[1.776s] -- Installing: /root/workspace/install/core_msgs/local/lib/python3.10/dist-packages/core_msgs/core_msgs_s__rosidl_typesupport_c.cpython-310-x86_64-linux-gnu.so
[1.776s] -- Set runtime path of "/root/workspace/install/core_msgs/local/lib/python3.10/dist-packages/core_msgs/core_msgs_s__rosidl_typesupport_c.cpython-310-x86_64-linux-gnu.so" to ""
[1.776s] -- Installing: /root/workspace/install/core_msgs/lib/libcore_msgs__rosidl_generator_py.so
[1.776s] -- Set runtime path of "/root/workspace/install/core_msgs/lib/libcore_msgs__rosidl_generator_py.so" to ""
[1.776s] -- Installing: /root/workspace/install/core_msgs/share/core_msgs/msg/Trajectory.idl
[1.776s] -- Installing: /root/workspace/install/core_msgs/share/core_msgs/msg/AuxGlobalPosition.idl
[1.776s] -- Installing: /root/workspace/install/core_msgs/share/core_msgs/msg/Trajectory.msg
[1.776s] -- Installing: /root/workspace/install/core_msgs/share/core_msgs/msg/AuxGlobalPosition.msg
[1.776s] -- Installing: /root/workspace/install/core_msgs/share/ament_index/resource_index/package_run_dependencies/core_msgs
[1.776s] -- Installing: /root/workspace/install/core_msgs/share/ament_index/resource_index/parent_prefix_path/core_msgs
[1.776s] -- Installing: /root/workspace/install/core_msgs/share/core_msgs/environment/ament_prefix_path.sh
[1.776s] -- Installing: /root/workspace/install/core_msgs/share/core_msgs/environment/ament_prefix_path.dsv
[1.776s] -- Installing: /root/workspace/install/core_msgs/share/core_msgs/environment/path.sh
[1.776s] -- Installing: /root/workspace/install/core_msgs/share/core_msgs/environment/path.dsv
[1.776s] -- Installing: /root/workspace/install/core_msgs/share/core_msgs/local_setup.bash
[1.776s] -- Installing: /root/workspace/install/core_msgs/share/core_msgs/local_setup.sh
[1.777s] -- Installing: /root/workspace/install/core_msgs/share/core_msgs/local_setup.zsh
[1.777s] -- Installing: /root/workspace/install/core_msgs/share/core_msgs/local_setup.dsv
[1.777s] -- Installing: /root/workspace/install/core_msgs/share/core_msgs/package.dsv
[1.777s] -- Installing: /root/workspace/install/core_msgs/share/ament_index/resource_index/packages/core_msgs
[1.777s] -- Installing: /root/workspace/install/core_msgs/share/core_msgs/cmake/export_core_msgs__rosidl_generator_cExport.cmake
[1.777s] -- Installing: /root/workspace/install/core_msgs/share/core_msgs/cmake/export_core_msgs__rosidl_generator_cExport-noconfig.cmake
[1.777s] -- Installing: /root/workspace/install/core_msgs/share/core_msgs/cmake/export_core_msgs__rosidl_typesupport_fastrtps_cExport.cmake
[1.777s] -- Installing: /root/workspace/install/core_msgs/share/core_msgs/cmake/export_core_msgs__rosidl_typesupport_fastrtps_cExport-noconfig.cmake
[1.777s] -- Installing: /root/workspace/install/core_msgs/share/core_msgs/cmake/core_msgs__rosidl_typesupport_introspection_cExport.cmake
[1.777s] -- Installing: /root/workspace/install/core_msgs/share/core_msgs/cmake/core_msgs__rosidl_typesupport_introspection_cExport-noconfig.cmake
[1.777s] -- Installing: /root/workspace/install/core_msgs/share/core_msgs/cmake/core_msgs__rosidl_typesupport_cExport.cmake
[1.777s] -- Installing: /root/workspace/install/core_msgs/share/core_msgs/cmake/core_msgs__rosidl_typesupport_cExport-noconfig.cmake
[1.777s] -- Installing: /root/workspace/install/core_msgs/share/core_msgs/cmake/export_core_msgs__rosidl_generator_cppExport.cmake
[1.777s] -- Installing: /root/workspace/install/core_msgs/share/core_msgs/cmake/export_core_msgs__rosidl_typesupport_fastrtps_cppExport.cmake
[1.777s] -- Installing: /root/workspace/install/core_msgs/share/core_msgs/cmake/export_core_msgs__rosidl_typesupport_fastrtps_cppExport-noconfig.cmake
[1.777s] -- Installing: /root/workspace/install/core_msgs/share/core_msgs/cmake/core_msgs__rosidl_typesupport_introspection_cppExport.cmake
[1.777s] -- Installing: /root/workspace/install/core_msgs/share/core_msgs/cmake/core_msgs__rosidl_typesupport_introspection_cppExport-noconfig.cmake
[1.778s] -- Installing: /root/workspace/install/core_msgs/share/core_msgs/cmake/core_msgs__rosidl_typesupport_cppExport.cmake
[1.778s] -- Installing: /root/workspace/install/core_msgs/share/core_msgs/cmake/core_msgs__rosidl_typesupport_cppExport-noconfig.cmake
[1.778s] -- Installing: /root/workspace/install/core_msgs/share/core_msgs/cmake/export_core_msgs__rosidl_generator_pyExport.cmake
[1.778s] -- Installing: /root/workspace/install/core_msgs/share/core_msgs/cmake/export_core_msgs__rosidl_generator_pyExport-noconfig.cmake
[1.778s] -- Installing: /root/workspace/install/core_msgs/share/core_msgs/cmake/rosidl_cmake-extras.cmake
[1.778s] -- Installing: /root/workspace/install/core_msgs/share/core_msgs/cmake/ament_cmake_export_include_directories-extras.cmake
[1.778s] -- Installing: /root/workspace/install/core_msgs/share/core_msgs/cmake/ament_cmake_export_libraries-extras.cmake
[1.778s] -- Installing: /root/workspace/install/core_msgs/share/core_msgs/cmake/ament_cmake_export_targets-extras.cmake
[1.778s] -- Installing: /root/workspace/install/core_msgs/share/core_msgs/cmake/rosidl_cmake_export_typesupport_targets-extras.cmake
[1.778s] -- Installing: /root/workspace/install/core_msgs/share/core_msgs/cmake/ament_cmake_export_dependencies-extras.cmake
[1.778s] -- Installing: /root/workspace/install/core_msgs/share/core_msgs/cmake/rosidl_cmake_export_typesupport_libraries-extras.cmake
[1.778s] -- Installing: /root/workspace/install/core_msgs/share/core_msgs/cmake/core_msgsConfig.cmake
[1.778s] -- Installing: /root/workspace/install/core_msgs/share/core_msgs/cmake/core_msgsConfig-version.cmake
[1.778s] -- Installing: /root/workspace/install/core_msgs/share/core_msgs/package.xml
[1.779s] Invoked command in '/root/workspace/build/core_msgs' returned '0': CMAKE_PREFIX_PATH=${CMAKE_PREFIX_PATH}:/opt/ros/humble /usr/bin/cmake --install /root/workspace/build/core_msgs
