[0.008s] Invoking command in '/root/workspace/build/core': CMAKE_PREFIX_PATH=/root/workspace/install/core_msgs:/root/workspace/install/core:/root/microros_ws/install/px4_ros_com:/root/microros_ws/install/px4_msgs:/root/microros_ws/install/micro_ros_setup:/root/microros_ws/install/micro_ros_agent:/root/microros_ws/install/micro_ros_msgs:/opt/ros/foxy /usr/bin/cmake --build /root/workspace/build/core -- -j20 -l20
[0.052s] [35m[1mScanning dependencies of target node[0m
[0.069s] [ 50%] [32mBuilding CXX object CMakeFiles/node.dir/src/offb_node.cpp.o[0m
[0.782s] [01m[K/root/workspace/src/core/src/offb_node.cpp:[m[K In member function ‘[01m[Kvoid ControlNode::set_trajectory(core_msgs::msg::Trajectory_<std::allocator<void> >::SharedPtr)[m[K’:
[0.782s] [01m[K/root/workspace/src/core/src/offb_node.cpp:203:39:[m[K [01;31m[Kerror: [m[Kdeclaration of ‘[01m[Kpx4_msgs::msg::TrajectorySetpoint msg[m[K’ shadows a parameter
[0.782s]   203 |     px4_msgs::msg::TrajectorySetpoint [01;31m[Kmsg[m[K{};
[0.782s]       |                                       [01;31m[K^~~[m[K
[0.782s] [01m[K/root/workspace/src/core/src/offb_node.cpp:205:29:[m[K [01;31m[Kerror: [m[Kbase operand of ‘[01m[K->[m[K’ has non-pointer type ‘[01m[Kpx4_msgs::msg::TrajectorySetpoint[m[K’ {aka ‘[01m[Kpx4_msgs::msg::TrajectorySetpoint_<std::allocator<void> >[m[K’}
[0.782s]   205 |         msg.position = {msg [01;31m[K->[m[K x, msg -> y, -(msg -> z)};
[0.782s]       |                             [01;31m[K^~[m[K
[0.782s] [01m[K/root/workspace/src/core/src/offb_node.cpp:205:39:[m[K [01;31m[Kerror: [m[Kbase operand of ‘[01m[K->[m[K’ has non-pointer type ‘[01m[Kpx4_msgs::msg::TrajectorySetpoint[m[K’ {aka ‘[01m[Kpx4_msgs::msg::TrajectorySetpoint_<std::allocator<void> >[m[K’}
[0.782s]   205 |         msg.position = {msg -> x, msg [01;31m[K->[m[K y, -(msg -> z)};
[0.782s]       |                                       [01;31m[K^~[m[K
[0.782s] [01m[K/root/workspace/src/core/src/offb_node.cpp:205:51:[m[K [01;31m[Kerror: [m[Kbase operand of ‘[01m[K->[m[K’ has non-pointer type ‘[01m[Kpx4_msgs::msg::TrajectorySetpoint[m[K’ {aka ‘[01m[Kpx4_msgs::msg::TrajectorySetpoint_<std::allocator<void> >[m[K’}
[0.782s]   205 |         msg.position = {msg -> x, msg -> y, -(msg [01;31m[K->[m[K z)};
[0.782s]       |                                                   [01;31m[K^~[m[K
[0.782s] [01m[K/root/workspace/src/core/src/offb_node.cpp:205:56:[m[K [01;31m[Kerror: [m[Kno match for ‘[01m[Koperator=[m[K’ (operand types are ‘[01m[Kpx4_msgs::msg::TrajectorySetpoint_<std::allocator<void> >::_position_type[m[K’ {aka ‘[01m[Kstd::array<float, 3>[m[K’} and ‘[01m[K<brace-enclosed initializer list>[m[K’)
[0.783s]   205 |         msg.position = {msg -> x, msg -> y, -(msg -> z)[01;31m[K}[m[K;
[0.783s]       |                                                        [01;31m[K^[m[K
[0.783s] In file included from [01m[K/usr/include/c++/9/tuple:39[m[K,
[0.783s]                  from [01m[K/usr/include/c++/9/bits/unique_ptr.h:37[m[K,
[0.783s]                  from [01m[K/usr/include/c++/9/memory:80[m[K,
[0.783s]                  from [01m[K/opt/ros/foxy/include/rclcpp/rclcpp.hpp:144[m[K,
[0.783s]                  from [01m[K/root/workspace/src/core/src/offb_node.cpp:2[m[K:
[0.783s] [01m[K/usr/include/c++/9/array:94:12:[m[K [01;36m[Knote: [m[Kcandidate: ‘[01m[Kconstexpr std::array<float, 3>& std::array<float, 3>::operator=(const std::array<float, 3>&)[m[K’
[0.783s]    94 |     struct [01;36m[Karray[m[K
[0.783s]       |            [01;36m[K^~~~~[m[K
[0.783s] [01m[K/usr/include/c++/9/array:94:12:[m[K [01;36m[Knote: [m[K  no known conversion for argument 1 from ‘[01m[K<brace-enclosed initializer list>[m[K’ to ‘[01m[Kconst std::array<float, 3>&[m[K’
[0.783s] [01m[K/usr/include/c++/9/array:94:12:[m[K [01;36m[Knote: [m[Kcandidate: ‘[01m[Kconstexpr std::array<float, 3>& std::array<float, 3>::operator=(std::array<float, 3>&&)[m[K’
[0.783s] [01m[K/usr/include/c++/9/array:94:12:[m[K [01;36m[Knote: [m[K  no known conversion for argument 1 from ‘[01m[K<brace-enclosed initializer list>[m[K’ to ‘[01m[Kstd::array<float, 3>&&[m[K’
[0.783s] [01m[K/root/workspace/src/core/src/offb_node.cpp:206:19:[m[K [01;31m[Kerror: [m[K‘[01m[Kmg[m[K’ was not declared in this scope; did you mean ‘[01m[Kmsg[m[K’?
[0.783s]   206 |         msg.yaw = [01;31m[Kmg[m[K -> yaw; // [-PI,PI]
[0.783s]       |                   [01;31m[K^~[m[K
[0.783s]       |                   [32m[Kmsg[m[K
[0.783s] [01m[K/root/workspace/src/core/src/offb_node.cpp:209:29:[m[K [01;31m[Kerror: [m[Kbase operand of ‘[01m[K->[m[K’ has non-pointer type ‘[01m[Kpx4_msgs::msg::TrajectorySetpoint[m[K’ {aka ‘[01m[Kpx4_msgs::msg::TrajectorySetpoint_<std::allocator<void> >[m[K’}
[0.783s]   209 |         msg.velocity = {msg [01;31m[K->[m[K x, msg -> y, -(msg -> z)};
[0.783s]       |                             [01;31m[K^~[m[K
[0.783s] [01m[K/root/workspace/src/core/src/offb_node.cpp:209:39:[m[K [01;31m[Kerror: [m[Kbase operand of ‘[01m[K->[m[K’ has non-pointer type ‘[01m[Kpx4_msgs::msg::TrajectorySetpoint[m[K’ {aka ‘[01m[Kpx4_msgs::msg::TrajectorySetpoint_<std::allocator<void> >[m[K’}
[0.783s]   209 |         msg.velocity = {msg -> x, msg [01;31m[K->[m[K y, -(msg -> z)};
[0.783s]       |                                       [01;31m[K^~[m[K
[0.784s] [01m[K/root/workspace/src/core/src/offb_node.cpp:209:51:[m[K [01;31m[Kerror: [m[Kbase operand of ‘[01m[K->[m[K’ has non-pointer type ‘[01m[Kpx4_msgs::msg::TrajectorySetpoint[m[K’ {aka ‘[01m[Kpx4_msgs::msg::TrajectorySetpoint_<std::allocator<void> >[m[K’}
[0.784s]   209 |         msg.velocity = {msg -> x, msg -> y, -(msg [01;31m[K->[m[K z)};
[0.784s]       |                                                   [01;31m[K^~[m[K
[0.784s] [01m[K/root/workspace/src/core/src/offb_node.cpp:209:56:[m[K [01;31m[Kerror: [m[Kno match for ‘[01m[Koperator=[m[K’ (operand types are ‘[01m[Kpx4_msgs::msg::TrajectorySetpoint_<std::allocator<void> >::_velocity_type[m[K’ {aka ‘[01m[Kstd::array<float, 3>[m[K’} and ‘[01m[K<brace-enclosed initializer list>[m[K’)
[0.784s]   209 |         msg.velocity = {msg -> x, msg -> y, -(msg -> z)[01;31m[K}[m[K;
[0.784s]       |                                                        [01;31m[K^[m[K
[0.784s] In file included from [01m[K/usr/include/c++/9/tuple:39[m[K,
[0.784s]                  from [01m[K/usr/include/c++/9/bits/unique_ptr.h:37[m[K,
[0.784s]                  from [01m[K/usr/include/c++/9/memory:80[m[K,
[0.784s]                  from [01m[K/opt/ros/foxy/include/rclcpp/rclcpp.hpp:144[m[K,
[0.784s]                  from [01m[K/root/workspace/src/core/src/offb_node.cpp:2[m[K:
[0.784s] [01m[K/usr/include/c++/9/array:94:12:[m[K [01;36m[Knote: [m[Kcandidate: ‘[01m[Kconstexpr std::array<float, 3>& std::array<float, 3>::operator=(const std::array<float, 3>&)[m[K’
[0.784s]    94 |     struct [01;36m[Karray[m[K
[0.784s]       |            [01;36m[K^~~~~[m[K
[0.784s] [01m[K/usr/include/c++/9/array:94:12:[m[K [01;36m[Knote: [m[K  no known conversion for argument 1 from ‘[01m[K<brace-enclosed initializer list>[m[K’ to ‘[01m[Kconst std::array<float, 3>&[m[K’
[0.784s] [01m[K/usr/include/c++/9/array:94:12:[m[K [01;36m[Knote: [m[Kcandidate: ‘[01m[Kconstexpr std::array<float, 3>& std::array<float, 3>::operator=(std::array<float, 3>&&)[m[K’
[0.784s] [01m[K/usr/include/c++/9/array:94:12:[m[K [01;36m[Knote: [m[K  no known conversion for argument 1 from ‘[01m[K<brace-enclosed initializer list>[m[K’ to ‘[01m[Kstd::array<float, 3>&&[m[K’
[0.784s] [01m[K/root/workspace/src/core/src/offb_node.cpp:210:23:[m[K [01;31m[Kerror: [m[Kbase operand of ‘[01m[K->[m[K’ has non-pointer type ‘[01m[Kpx4_msgs::msg::TrajectorySetpoint[m[K’ {aka ‘[01m[Kpx4_msgs::msg::TrajectorySetpoint_<std::allocator<void> >[m[K’}
[0.784s]   210 |         msg.yaw = msg [01;31m[K->[m[K yaw; // [-PI,PI]
[0.784s]       |                       [01;31m[K^~[m[K
[0.786s] [01m[K/root/workspace/src/core/src/offb_node.cpp:202:78:[m[K [01;35m[Kwarning: [m[Kunused parameter ‘[01m[Kmsg[m[K’ [[01;35m[K-Wunused-parameter[m[K]
[0.786s]   202 | void ControlNode::set_trajectory([01;35m[Kconst core_msgs::msg::Trajectory::SharedPtr msg[m[K) {
[0.786s]       |                                  [01;35m[K~~~~~~~~~~~~~~~~~~~~~~~~~~~~~~~~~~~~~~~~~~~~^~~[m[K
[3.051s] make[2]: *** [CMakeFiles/node.dir/build.make:63: CMakeFiles/node.dir/src/offb_node.cpp.o] Error 1
[3.051s] make[1]: *** [CMakeFiles/Makefile2:78: CMakeFiles/node.dir/all] Error 2
[3.051s] make: *** [Makefile:141: all] Error 2
[3.053s] Invoked command in '/root/workspace/build/core' returned '2': CMAKE_PREFIX_PATH=/root/workspace/install/core_msgs:/root/workspace/install/core:/root/microros_ws/install/px4_ros_com:/root/microros_ws/install/px4_msgs:/root/microros_ws/install/micro_ros_setup:/root/microros_ws/install/micro_ros_agent:/root/microros_ws/install/micro_ros_msgs:/opt/ros/foxy /usr/bin/cmake --build /root/workspace/build/core -- -j20 -l20
