[35m[1mScanning dependencies of target node[0m
[ 50%] [32mBuilding CXX object CMakeFiles/node.dir/src/offb_node.cpp.o[0m
In file included from [01m[K/opt/ros/foxy/include/rclcpp/client.hpp:40[m[K,
                 from [01m[K/opt/ros/foxy/include/rclcpp/callback_group.hpp:23[m[K,
                 from [01m[K/opt/ros/foxy/include/rclcpp/any_executable.hpp:20[m[K,
                 from [01m[K/opt/ros/foxy/include/rclcpp/memory_strategy.hpp:24[m[K,
                 from [01m[K/opt/ros/foxy/include/rclcpp/memory_strategies.hpp:18[m[K,
                 from [01m[K/opt/ros/foxy/include/rclcpp/executor_options.hpp:20[m[K,
                 from [01m[K/opt/ros/foxy/include/rclcpp/executor.hpp:33[m[K,
                 from [01m[K/opt/ros/foxy/include/rclcpp/executors/multi_threaded_executor.hpp:26[m[K,
                 from [01m[K/opt/ros/foxy/include/rclcpp/executors.hpp:21[m[K,
                 from [01m[K/opt/ros/foxy/include/rclcpp/rclcpp.hpp:146[m[K,
                 from [01m[K/root/workspace/src/core/src/offb_node.cpp:2[m[K:
[01m[K/root/workspace/src/core/src/offb_node.cpp:[m[K In member function ‘[01m[Kvoid ControlNode::cb_srv_command(rclcpp::Client<px4_msgs::srv::VehicleCommand>::SharedFuture)[m[K’:
[01m[K/root/workspace/src/core/src/offb_node.cpp:58:100:[m[K [01;31m[Kerror: [m[Krequest for member ‘[01m[Kc_str[m[K’ in ‘[01m[K((const std::__shared_ptr_access<px4_msgs::srv::VehicleCommand_Response_<std::allocator<void> >, __gnu_cxx::_S_atomic, false, false>*)(& future.std::shared_future<std::shared_ptr<px4_msgs::srv::VehicleCommand_Response_<std::allocator<void> > > >::get()))->std::__shared_ptr_access<px4_msgs::srv::VehicleCommand_Response_<std::allocator<void> >, __gnu_cxx::_S_atomic, false, false>::operator->()->px4_msgs::srv::VehicleCommand_Response_<std::allocator<void> >::reply.px4_msgs::msg::VehicleCommandAck_<std::allocator<void> >::result[m[K’, which is of non-class type ‘[01m[Kpx4_msgs::msg::VehicleCommandAck_<std::allocator<void> >::_result_type[m[K’ {aka ‘[01m[Kunsigned char[m[K’}
   58 | td::to_string(future.get() -> reply.command), std::to_string(future.get() -> reply.result.[01;31m[Kc_str[m[K()));
      |                                                                                           [01;31m[K^~~~~[m[K

make[2]: *** [CMakeFiles/node.dir/build.make:63: CMakeFiles/node.dir/src/offb_node.cpp.o] Error 1
make[1]: *** [CMakeFiles/Makefile2:78: CMakeFiles/node.dir/all] Error 2
make: *** [Makefile:141: all] Error 2
