[0.004s] Invoking command in '/root/workspace/build/core': AMENT_PREFIX_PATH=/root/workspace/install/core_msgs:${AMENT_PREFIX_PATH} CMAKE_PREFIX_PATH=/root/workspace/install/core_msgs:/root/microros_ws/install/px4_ros_com:/root/microros_ws/install/px4_msgs:/root/microros_ws/install/micro_ros_setup:/root/microros_ws/install/micro_ros_agent:/root/microros_ws/install/micro_ros_msgs:/opt/ros/humble LD_LIBRARY_PATH=/root/workspace/install/core_msgs/lib:${LD_LIBRARY_PATH} PYTHONPATH=/root/workspace/install/core_msgs/local/lib/python3.10/dist-packages:${PYTHONPATH} /usr/bin/cmake --build /root/workspace/build/core -- -j20 -l20
[0.017s] -- Found ament_cmake: 1.3.8 (/opt/ros/humble/share/ament_cmake/cmake)
[0.083s] -- Found rclcpp: 16.0.8 (/opt/ros/humble/share/rclcpp/cmake)
[0.098s] -- Found rosidl_generator_c: 3.1.5 (/opt/ros/humble/share/rosidl_generator_c/cmake)
[0.099s] -- Found rosidl_adapter: 3.1.5 (/opt/ros/humble/share/rosidl_adapter/cmake)
[0.102s] -- Found rosidl_generator_cpp: 3.1.5 (/opt/ros/humble/share/rosidl_generator_cpp/cmake)
[0.108s] -- Using all available rosidl_typesupport_c: rosidl_typesupport_fastrtps_c;rosidl_typesupport_introspection_c
[0.117s] -- Using all available rosidl_typesupport_cpp: rosidl_typesupport_fastrtps_cpp;rosidl_typesupport_introspection_cpp
[0.147s] -- Found rmw_implementation_cmake: 6.1.1 (/opt/ros/humble/share/rmw_implementation_cmake/cmake)
[0.148s] -- Found rmw_fastrtps_cpp: 6.2.6 (/opt/ros/humble/share/rmw_fastrtps_cpp/cmake)
[0.217s] -- Using RMW implementation 'rmw_fastrtps_cpp' as default
[0.302s] -- Found geometry_msgs: 4.2.3 (/opt/ros/humble/share/geometry_msgs/cmake)
[0.325s] -- Found core_msgs: 0.0.0 (/root/workspace/install/core_msgs/share/core_msgs/cmake)
[0.332s] -- Found px4_msgs: 2.0.1 (/root/microros_ws/install/px4_msgs/share/px4_msgs/cmake)
[0.351s] -- Found ament_lint_auto: 0.12.10 (/opt/ros/humble/share/ament_lint_auto/cmake)
[0.386s] -- Added test 'copyright' to check source files copyright and LICENSE
[0.387s] -- Added test 'cppcheck' to perform static code analysis on C / C++ code
[0.387s] -- Configured cppcheck include dirs: 
[0.387s] -- Configured cppcheck exclude dirs and/or files: 
[0.387s] -- Added test 'cpplint' to check C / C++ code against the Google style
[0.387s] -- Configured cpplint exclude dirs and/or files: 
[0.387s] -- Added test 'lint_cmake' to check CMake code style
[0.388s] -- Added test 'uncrustify' to check C / C++ code style
[0.388s] -- Configured uncrustify additional arguments: 
[0.388s] -- Added test 'xmllint' to check XML markup files
[0.388s] -- Configuring done
[0.393s] -- Generating done
[0.394s] -- Build files have been written to: /root/workspace/build/core
[0.406s] [35m[1mConsolidate compiler generated dependencies of target node[0m
[0.415s] [ 50%] [32mBuilding CXX object CMakeFiles/node.dir/src/offb_node.cpp.o[0m
[1.575s] [01m[K/root/workspace/src/core/src/offb_node.cpp:32:16:[m[K [01;31m[Kerror: [m[Kexpected constructor, destructor, or type conversion before ‘[01m[K([m[K’ token
[1.575s]    32 | attitude_thrust[01;31m[K([m[K1,0.5,1,0.1);
[1.575s]       |                [01;31m[K^[m[K
[1.796s] [01m[K/root/workspace/src/core/src/offb_node.cpp:[m[K In member function ‘[01m[Kvoid ControlNode::set_attitude(geometry_msgs::msg::Twist_<std::allocator<void> >::SharedPtr)[m[K’:
[1.796s] [01m[K/root/workspace/src/core/src/offb_node.cpp:285:29:[m[K [01;31m[Kerror: [m[K‘[01m[Kattitude_thrust[m[K’ was not declared in this scope; did you mean ‘[01m[Kattitude_sub[m[K’?
[1.796s]   285 |     tmp.thrust_body = {0,0, [01;31m[Kattitude_thrust[m[K(global_pos[3],stable_alt)};
[1.796s]       |                             [01;31m[K^~~~~~~~~~~~~~~[m[K
[1.796s]       |                             [32m[Kattitude_sub[m[K
[1.796s] [01m[K/root/workspace/src/core/src/offb_node.cpp:285:70:[m[K [01;31m[Kerror: [m[Kno match for ‘[01m[Koperator=[m[K’ (operand types are ‘[01m[Kpx4_msgs::msg::VehicleAttitudeSetpoint_<std::allocator<void> >::_thrust_body_type[m[K’ {aka ‘[01m[Kstd::array<float, 3>[m[K’} and ‘[01m[K<brace-enclosed initializer list>[m[K’)
[1.796s]   285 |     tmp.thrust_body = {0,0, attitude_thrust(global_pos[3],stable_alt)[01;31m[K}[m[K;
[1.796s]       |                                                                      [01;31m[K^[m[K
[1.796s] In file included from [01m[K/usr/include/c++/11/tuple:39[m[K,
[1.796s]                  from [01m[K/usr/include/c++/11/bits/unique_ptr.h:37[m[K,
[1.796s]                  from [01m[K/usr/include/c++/11/memory:76[m[K,
[1.796s]                  from [01m[K/opt/ros/humble/include/rclcpp/rclcpp/rclcpp.hpp:153[m[K,
[1.796s]                  from [01m[K/root/workspace/src/core/src/offb_node.cpp:5[m[K:
[1.796s] [01m[K/usr/include/c++/11/array:95:12:[m[K [01;36m[Knote: [m[Kcandidate: ‘[01m[Kconstexpr std::array<float, 3>& std::array<float, 3>::operator=(const std::array<float, 3>&)[m[K’
[1.796s]    95 |     struct [01;36m[Karray[m[K
[1.796s]       |            [01;36m[K^~~~~[m[K
[1.796s] [01m[K/usr/include/c++/11/array:95:12:[m[K [01;36m[Knote: [m[K  no known conversion for argument 1 from ‘[01m[K<brace-enclosed initializer list>[m[K’ to ‘[01m[Kconst std::array<float, 3>&[m[K’
[1.796s] [01m[K/usr/include/c++/11/array:95:12:[m[K [01;36m[Knote: [m[Kcandidate: ‘[01m[Kconstexpr std::array<float, 3>& std::array<float, 3>::operator=(std::array<float, 3>&&)[m[K’
[1.796s] [01m[K/usr/include/c++/11/array:95:12:[m[K [01;36m[Knote: [m[K  no known conversion for argument 1 from ‘[01m[K<brace-enclosed initializer list>[m[K’ to ‘[01m[Kstd::array<float, 3>&&[m[K’
[1.796s] [01m[K/root/workspace/src/core/src/offb_node.cpp:280:11:[m[K [01;35m[Kwarning: [m[Kunused variable ‘[01m[Kmod[m[K’ [[01;35m[K]8;;https://gcc.gnu.org/onlinedocs/gcc/Warning-Options.html#index-Wunused-variable-Wunused-variable]8;;[m[K]
[1.796s]   280 |     float [01;35m[Kmod[m[K = sqrt(pow(msg -> linear.x,2) + pow(msg -> linear.y,2) + pow(msg -> linear.z,2));
[1.796s]       |           [01;35m[K^~~[m[K
[7.577s] gmake[2]: *** [CMakeFiles/node.dir/build.make:76: CMakeFiles/node.dir/src/offb_node.cpp.o] Error 1
[7.578s] gmake[1]: *** [CMakeFiles/Makefile2:137: CMakeFiles/node.dir/all] Error 2
[7.578s] gmake: *** [Makefile:146: all] Error 2
[7.579s] Invoked command in '/root/workspace/build/core' returned '2': AMENT_PREFIX_PATH=/root/workspace/install/core_msgs:${AMENT_PREFIX_PATH} CMAKE_PREFIX_PATH=/root/workspace/install/core_msgs:/root/microros_ws/install/px4_ros_com:/root/microros_ws/install/px4_msgs:/root/microros_ws/install/micro_ros_setup:/root/microros_ws/install/micro_ros_agent:/root/microros_ws/install/micro_ros_msgs:/opt/ros/humble LD_LIBRARY_PATH=/root/workspace/install/core_msgs/lib:${LD_LIBRARY_PATH} PYTHONPATH=/root/workspace/install/core_msgs/local/lib/python3.10/dist-packages:${PYTHONPATH} /usr/bin/cmake --build /root/workspace/build/core -- -j20 -l20
