[0.009s] Invoking command in '/root/workspace/build/core': CMAKE_PREFIX_PATH=${CMAKE_PREFIX_PATH}:/opt/ros/foxy /usr/bin/cmake --build /root/workspace/build/core -- -j20 -l20
[0.031s] [35m[1mScanning dependencies of target node[0m
[0.046s] [ 50%] [32mBuilding CXX object CMakeFiles/node.dir/src/offb_node.cpp.o[0m
[2.489s] [100%] [32m[1mLinking CXX executable node[0m
[2.602s] [100%] Built target node
[2.608s] Invoked command in '/root/workspace/build/core' returned '0': CMAKE_PREFIX_PATH=${CMAKE_PREFIX_PATH}:/opt/ros/foxy /usr/bin/cmake --build /root/workspace/build/core -- -j20 -l20
[2.625s] Invoking command in '/root/workspace/build/core': CMAKE_PREFIX_PATH=${CMAKE_PREFIX_PATH}:/opt/ros/foxy /usr/bin/cmake --install /root/workspace/build/core
[2.631s] -- Install configuration: ""
[2.632s] -- Installing: /root/workspace/install/core/lib/core/node
[2.632s] -- Set runtime path of "/root/workspace/install/core/lib/core/node" to ""
[2.633s] -- Up-to-date: /root/workspace/install/core/share/ament_index/resource_index/package_run_dependencies/core
[2.633s] -- Up-to-date: /root/workspace/install/core/share/ament_index/resource_index/parent_prefix_path/core
[2.633s] -- Up-to-date: /root/workspace/install/core/share/core/environment/ament_prefix_path.sh
[2.633s] -- Up-to-date: /root/workspace/install/core/share/core/environment/ament_prefix_path.dsv
[2.633s] -- Up-to-date: /root/workspace/install/core/share/core/environment/path.sh
[2.633s] -- Up-to-date: /root/workspace/install/core/share/core/environment/path.dsv
[2.633s] -- Up-to-date: /root/workspace/install/core/share/core/local_setup.bash
[2.633s] -- Up-to-date: /root/workspace/install/core/share/core/local_setup.sh
[2.633s] -- Up-to-date: /root/workspace/install/core/share/core/local_setup.zsh
[2.633s] -- Up-to-date: /root/workspace/install/core/share/core/local_setup.dsv
[2.634s] -- Installing: /root/workspace/install/core/share/core/package.dsv
[2.634s] -- Up-to-date: /root/workspace/install/core/share/ament_index/resource_index/packages/core
[2.634s] -- Up-to-date: /root/workspace/install/core/share/core/cmake/coreConfig.cmake
[2.634s] -- Up-to-date: /root/workspace/install/core/share/core/cmake/coreConfig-version.cmake
[2.635s] -- Up-to-date: /root/workspace/install/core/share/core/package.xml
[2.636s] Invoked command in '/root/workspace/build/core' returned '0': CMAKE_PREFIX_PATH=${CMAKE_PREFIX_PATH}:/opt/ros/foxy /usr/bin/cmake --install /root/workspace/build/core
