[0.010s] Invoking command in '/root/workspace/build/core': CMAKE_PREFIX_PATH=${CMAKE_PREFIX_PATH}:/opt/ros/foxy /usr/bin/cmake --build /root/workspace/build/core -- -j20 -l20
[0.038s] [35m[1mScanning dependencies of target node[0m
[0.055s] [ 50%] [32mBuilding CXX object CMakeFiles/node.dir/src/offb_node.cpp.o[0m
[4.230s] [100%] [32m[1mLinking CXX executable node[0m
[4.411s] [100%] Built target node
[4.416s] Invoked command in '/root/workspace/build/core' returned '0': CMAKE_PREFIX_PATH=${CMAKE_PREFIX_PATH}:/opt/ros/foxy /usr/bin/cmake --build /root/workspace/build/core -- -j20 -l20
[4.437s] Invoking command in '/root/workspace/build/core': CMAKE_PREFIX_PATH=${CMAKE_PREFIX_PATH}:/opt/ros/foxy /usr/bin/cmake --install /root/workspace/build/core
[4.442s] -- Install configuration: ""
[4.442s] -- Installing: /root/workspace/install/core/lib/core/node
[4.443s] -- Set runtime path of "/root/workspace/install/core/lib/core/node" to ""
[4.443s] -- Up-to-date: /root/workspace/install/core/share/ament_index/resource_index/package_run_dependencies/core
[4.444s] -- Up-to-date: /root/workspace/install/core/share/ament_index/resource_index/parent_prefix_path/core
[4.444s] -- Up-to-date: /root/workspace/install/core/share/core/environment/ament_prefix_path.sh
[4.444s] -- Up-to-date: /root/workspace/install/core/share/core/environment/ament_prefix_path.dsv
[4.444s] -- Up-to-date: /root/workspace/install/core/share/core/environment/path.sh
[4.444s] -- Up-to-date: /root/workspace/install/core/share/core/environment/path.dsv
[4.444s] -- Up-to-date: /root/workspace/install/core/share/core/local_setup.bash
[4.444s] -- Up-to-date: /root/workspace/install/core/share/core/local_setup.sh
[4.445s] -- Up-to-date: /root/workspace/install/core/share/core/local_setup.zsh
[4.446s] -- Up-to-date: /root/workspace/install/core/share/core/local_setup.dsv
[4.446s] -- Installing: /root/workspace/install/core/share/core/package.dsv
[4.446s] -- Up-to-date: /root/workspace/install/core/share/ament_index/resource_index/packages/core
[4.446s] -- Up-to-date: /root/workspace/install/core/share/core/cmake/coreConfig.cmake
[4.446s] -- Up-to-date: /root/workspace/install/core/share/core/cmake/coreConfig-version.cmake
[4.446s] -- Up-to-date: /root/workspace/install/core/share/core/package.xml
[4.446s] Invoked command in '/root/workspace/build/core' returned '0': CMAKE_PREFIX_PATH=${CMAKE_PREFIX_PATH}:/opt/ros/foxy /usr/bin/cmake --install /root/workspace/build/core
