[01m[K/root/workspace/src/core/src/offb_node.cpp:[m[K In member function ‘[01m[Kvoid ControlNode::set_attitude(geometry_msgs::msg::Twist_<std::allocator<void> >::SharedPtr)[m[K’:
[01m[K/root/workspace/src/core/src/offb_node.cpp:297:24:[m[K [01;31m[Kerror: [m[Ktoo few arguments to function ‘[01m[Kdouble atan2(double, double)[m[K’
  297 |     float deg_x = [01;31m[Katan2(tmp.thrust_body[2] / 1.0)[m[K;
      |                   [01;31m[K~~~~~^~~~~~~~~~~~~~~~~~~~~~~~~~[m[K
In file included from [01m[K/usr/include/features.h:486[m[K,
                 from [01m[K/usr/include/x86_64-linux-gnu/c++/11/bits/os_defines.h:39[m[K,
                 from [01m[K/usr/include/x86_64-linux-gnu/c++/11/bits/c++config.h:586[m[K,
                 from [01m[K/usr/include/c++/11/cmath:41[m[K,
                 from [01m[K/root/workspace/src/core/src/offb_node.cpp:2[m[K:
[01m[K/usr/include/x86_64-linux-gnu/bits/mathcalls.h:59:1:[m[K [01;36m[Knote: [m[Kdeclared here
   59 | [01;36m[K__MATHCALL_VEC[m[K (atan2,, (_Mdouble_ __y, _Mdouble_ __x));
      | [01;36m[K^~~~~~~~~~~~~~[m[K
In file included from [01m[K/opt/ros/humble/include/rclcpp/rclcpp/logging.hpp:24[m[K,
                 from [01m[K/opt/ros/humble/include/rclcpp/rclcpp/client.hpp:40[m[K,
                 from [01m[K/opt/ros/humble/include/rclcpp/rclcpp/callback_group.hpp:24[m[K,
                 from [01m[K/opt/ros/humble/include/rclcpp/rclcpp/any_executable.hpp:20[m[K,
                 from [01m[K/opt/ros/humble/include/rclcpp/rclcpp/memory_strategy.hpp:25[m[K,
                 from [01m[K/opt/ros/humble/include/rclcpp/rclcpp/memory_strategies.hpp:18[m[K,
                 from [01m[K/opt/ros/humble/include/rclcpp/rclcpp/executor_options.hpp:20[m[K,
                 from [01m[K/opt/ros/humble/include/rclcpp/rclcpp/executor.hpp:37[m[K,
                 from [01m[K/opt/ros/humble/include/rclcpp/rclcpp/executors/multi_threaded_executor.hpp:25[m[K,
                 from [01m[K/opt/ros/humble/include/rclcpp/rclcpp/executors.hpp:21[m[K,
                 from [01m[K/opt/ros/humble/include/rclcpp/rclcpp/rclcpp.hpp:155[m[K,
                 from [01m[K/root/workspace/src/core/src/offb_node.cpp:5[m[K:
[01m[K/root/workspace/src/core/src/offb_node.cpp:298:39:[m[K [01;35m[Kwarning: [m[Kformat ‘[01m[K%d[m[K’ expects argument of type ‘[01m[Kint[m[K’, but argument 6 has type ‘[01m[Kdouble[m[K’ [[01;35m[K]8;;https://gcc.gnu.org/onlinedocs/gcc/Warning-Options.html#index-Wformat=-Wformat=]8;;[m[K]
  298 |     RCLCPP_INFO(this -> get_logger(), [01;35m[K"Hip: %f Deg: %d"[m[K, hip_x, [32m[Kdeg_x[m[K);
      |                                       [01;35m[K^~~~~~~~~~~~~~~~~[m[K         [32m[K~~~~~[m[K
      |                                                                 [32m[K|[m[K
      |                                                                 [32m[Kdouble[m[K
[01m[K/root/workspace/src/core/src/offb_node.cpp:298:54:[m[K [01;36m[Knote: [m[Kformat string is defined here
  298 |     RCLCPP_INFO(this -> get_logger(), "Hip: %f Deg: [01;36m[K%d[m[K", hip_x, deg_x);
      |                                                     [01;36m[K~^[m[K
      |                                                      [01;36m[K|[m[K
      |                                                      [01;36m[Kint[m[K
      |                                                     [32m[K%f[m[K
gmake[2]: *** [CMakeFiles/node.dir/build.make:76: CMakeFiles/node.dir/src/offb_node.cpp.o] Error 1
gmake[1]: *** [CMakeFiles/Makefile2:137: CMakeFiles/node.dir/all] Error 2
gmake: *** [Makefile:146: all] Error 2
