[0.005s] Invoking command in '/root/workspace/build/core': AMENT_PREFIX_PATH=/root/workspace/install/core_msgs:${AMENT_PREFIX_PATH} CMAKE_PREFIX_PATH=/root/workspace/install/core_msgs:/root/microros_ws/install/px4_ros_com:/root/microros_ws/install/px4_msgs:/root/microros_ws/install/micro_ros_setup:/root/microros_ws/install/micro_ros_agent:/root/microros_ws/install/micro_ros_msgs:/opt/ros/humble LD_LIBRARY_PATH=/root/workspace/install/core_msgs/lib:${LD_LIBRARY_PATH} PYTHONPATH=/root/workspace/install/core_msgs/local/lib/python3.10/dist-packages:${PYTHONPATH} /usr/bin/cmake --build /root/workspace/build/core -- -j20 -l20
[0.023s] [35m[1mConsolidate compiler generated dependencies of target node[0m
[0.031s] [ 50%] [32mBuilding CXX object CMakeFiles/node.dir/src/offb_node.cpp.o[0m
[1.415s] [01m[K/root/workspace/src/core/src/offb_node.cpp:[m[K In member function ‘[01m[Kvoid ControlNode::set_attitude(geometry_msgs::msg::Twist_<std::allocator<void> >::SharedPtr)[m[K’:
[1.415s] [01m[K/root/workspace/src/core/src/offb_node.cpp:297:24:[m[K [01;31m[Kerror: [m[Ktoo few arguments to function ‘[01m[Kdouble atan2(double, double)[m[K’
[1.415s]   297 |     float deg_x = [01;31m[Katan2(tmp.thrust_body[2] / 1.0)[m[K;
[1.415s]       |                   [01;31m[K~~~~~^~~~~~~~~~~~~~~~~~~~~~~~~~[m[K
[1.415s] In file included from [01m[K/usr/include/features.h:486[m[K,
[1.415s]                  from [01m[K/usr/include/x86_64-linux-gnu/c++/11/bits/os_defines.h:39[m[K,
[1.415s]                  from [01m[K/usr/include/x86_64-linux-gnu/c++/11/bits/c++config.h:586[m[K,
[1.415s]                  from [01m[K/usr/include/c++/11/cmath:41[m[K,
[1.415s]                  from [01m[K/root/workspace/src/core/src/offb_node.cpp:2[m[K:
[1.415s] [01m[K/usr/include/x86_64-linux-gnu/bits/mathcalls.h:59:1:[m[K [01;36m[Knote: [m[Kdeclared here
[1.415s]    59 | [01;36m[K__MATHCALL_VEC[m[K (atan2,, (_Mdouble_ __y, _Mdouble_ __x));
[1.415s]       | [01;36m[K^~~~~~~~~~~~~~[m[K
[1.415s] In file included from [01m[K/opt/ros/humble/include/rclcpp/rclcpp/logging.hpp:24[m[K,
[1.415s]                  from [01m[K/opt/ros/humble/include/rclcpp/rclcpp/client.hpp:40[m[K,
[1.415s]                  from [01m[K/opt/ros/humble/include/rclcpp/rclcpp/callback_group.hpp:24[m[K,
[1.415s]                  from [01m[K/opt/ros/humble/include/rclcpp/rclcpp/any_executable.hpp:20[m[K,
[1.415s]                  from [01m[K/opt/ros/humble/include/rclcpp/rclcpp/memory_strategy.hpp:25[m[K,
[1.415s]                  from [01m[K/opt/ros/humble/include/rclcpp/rclcpp/memory_strategies.hpp:18[m[K,
[1.415s]                  from [01m[K/opt/ros/humble/include/rclcpp/rclcpp/executor_options.hpp:20[m[K,
[1.415s]                  from [01m[K/opt/ros/humble/include/rclcpp/rclcpp/executor.hpp:37[m[K,
[1.415s]                  from [01m[K/opt/ros/humble/include/rclcpp/rclcpp/executors/multi_threaded_executor.hpp:25[m[K,
[1.415s]                  from [01m[K/opt/ros/humble/include/rclcpp/rclcpp/executors.hpp:21[m[K,
[1.415s]                  from [01m[K/opt/ros/humble/include/rclcpp/rclcpp/rclcpp.hpp:155[m[K,
[1.415s]                  from [01m[K/root/workspace/src/core/src/offb_node.cpp:5[m[K:
[1.415s] [01m[K/root/workspace/src/core/src/offb_node.cpp:298:39:[m[K [01;35m[Kwarning: [m[Kformat ‘[01m[K%d[m[K’ expects argument of type ‘[01m[Kint[m[K’, but argument 6 has type ‘[01m[Kdouble[m[K’ [[01;35m[K]8;;https://gcc.gnu.org/onlinedocs/gcc/Warning-Options.html#index-Wformat=-Wformat=]8;;[m[K]
[1.415s]   298 |     RCLCPP_INFO(this -> get_logger(), [01;35m[K"Hip: %f Deg: %d"[m[K, hip_x, [32m[Kdeg_x[m[K);
[1.415s]       |                                       [01;35m[K^~~~~~~~~~~~~~~~~[m[K         [32m[K~~~~~[m[K
[1.415s]       |                                                                 [32m[K|[m[K
[1.415s]       |                                                                 [32m[Kdouble[m[K
[1.415s] [01m[K/root/workspace/src/core/src/offb_node.cpp:298:54:[m[K [01;36m[Knote: [m[Kformat string is defined here
[1.416s]   298 |     RCLCPP_INFO(this -> get_logger(), "Hip: %f Deg: [01;36m[K%d[m[K", hip_x, deg_x);
[1.416s]       |                                                     [01;36m[K~^[m[K
[1.416s]       |                                                      [01;36m[K|[m[K
[1.416s]       |                                                      [01;36m[Kint[m[K
[1.416s]       |                                                     [32m[K%f[m[K
[7.176s] gmake[2]: *** [CMakeFiles/node.dir/build.make:76: CMakeFiles/node.dir/src/offb_node.cpp.o] Error 1
[7.176s] gmake[1]: *** [CMakeFiles/Makefile2:137: CMakeFiles/node.dir/all] Error 2
[7.176s] gmake: *** [Makefile:146: all] Error 2
[7.177s] Invoked command in '/root/workspace/build/core' returned '2': AMENT_PREFIX_PATH=/root/workspace/install/core_msgs:${AMENT_PREFIX_PATH} CMAKE_PREFIX_PATH=/root/workspace/install/core_msgs:/root/microros_ws/install/px4_ros_com:/root/microros_ws/install/px4_msgs:/root/microros_ws/install/micro_ros_setup:/root/microros_ws/install/micro_ros_agent:/root/microros_ws/install/micro_ros_msgs:/opt/ros/humble LD_LIBRARY_PATH=/root/workspace/install/core_msgs/lib:${LD_LIBRARY_PATH} PYTHONPATH=/root/workspace/install/core_msgs/local/lib/python3.10/dist-packages:${PYTHONPATH} /usr/bin/cmake --build /root/workspace/build/core -- -j20 -l20
