[35m[1mConsolidate compiler generated dependencies of target node[0m
[ 50%] [32mBuilding CXX object CMakeFiles/node.dir/src/master_node.cpp.o[0m
[01m[K/root/master/src/master/src/master_node.cpp:45:54:[m[K [01;35m[Kwarning: [m[Kcharacter constant too long for its type
   45 |                 std::string PAYLOAD = std::to_string([01;35m[K'{"id":"0","command":"takeoff","param1":0,"param2":0,"param3":0,"param4":0,"param5":0}'[m[K);
      |                                                      [01;35m[K^~~~~~~~~~~~~~~~~~~~~~~~~~~~~~~~~~~~~~~~~~~~~~~~~~~~~~~~~~~~~~~~~~~~~~~~~~~~~~~~~~~~~~~[m[K
[100%] [32m[1mLinking CXX executable node[0m
[100%] Built target node
-- Install configuration: ""
-- Installing: /root/master/install/master/lib/master/node
-- Set runtime path of "/root/master/install/master/lib/master/node" to ""
-- Up-to-date: /root/master/install/master/share/ament_index/resource_index/package_run_dependencies/master
-- Up-to-date: /root/master/install/master/share/ament_index/resource_index/parent_prefix_path/master
-- Up-to-date: /root/master/install/master/share/master/environment/ament_prefix_path.sh
-- Up-to-date: /root/master/install/master/share/master/environment/ament_prefix_path.dsv
-- Up-to-date: /root/master/install/master/share/master/environment/path.sh
-- Up-to-date: /root/master/install/master/share/master/environment/path.dsv
-- Up-to-date: /root/master/install/master/share/master/local_setup.bash
-- Up-to-date: /root/master/install/master/share/master/local_setup.sh
-- Up-to-date: /root/master/install/master/share/master/local_setup.zsh
-- Up-to-date: /root/master/install/master/share/master/local_setup.dsv
-- Installing: /root/master/install/master/share/master/package.dsv
-- Up-to-date: /root/master/install/master/share/ament_index/resource_index/packages/master
-- Up-to-date: /root/master/install/master/share/master/cmake/masterConfig.cmake
-- Up-to-date: /root/master/install/master/share/master/cmake/masterConfig-version.cmake
-- Up-to-date: /root/master/install/master/share/master/package.xml
