[0.004s] Invoking command in '/root/master/build/master': CMAKE_PREFIX_PATH=/opt/ros/humble /usr/bin/cmake --build /root/master/build/master -- -j20 -l20
[0.023s] [35m[1mConsolidate compiler generated dependencies of target node[0m
[0.032s] [ 50%] [32mBuilding CXX object CMakeFiles/node.dir/src/master_node.cpp.o[0m
[0.145s] [01m[K/root/master/src/master/src/master_node.cpp:45:54:[m[K [01;35m[Kwarning: [m[Kcharacter constant too long for its type
[0.145s]    45 |                 std::string PAYLOAD = std::to_string([01;35m[K'{"id":"0","command":"takeoff","param1":0,"param2":0,"param3":0,"param4":0,"param5":0}'[m[K);
[0.145s]       |                                                      [01;35m[K^~~~~~~~~~~~~~~~~~~~~~~~~~~~~~~~~~~~~~~~~~~~~~~~~~~~~~~~~~~~~~~~~~~~~~~~~~~~~~~~~~~~~~~[m[K
[1.879s] [100%] [32m[1mLinking CXX executable node[0m
[1.958s] [100%] Built target node
[1.963s] Invoked command in '/root/master/build/master' returned '0': CMAKE_PREFIX_PATH=/opt/ros/humble /usr/bin/cmake --build /root/master/build/master -- -j20 -l20
[1.974s] Invoking command in '/root/master/build/master': CMAKE_PREFIX_PATH=/opt/ros/humble /usr/bin/cmake --install /root/master/build/master
[1.977s] -- Install configuration: ""
[1.977s] -- Installing: /root/master/install/master/lib/master/node
[1.977s] -- Set runtime path of "/root/master/install/master/lib/master/node" to ""
[1.978s] -- Up-to-date: /root/master/install/master/share/ament_index/resource_index/package_run_dependencies/master
[1.978s] -- Up-to-date: /root/master/install/master/share/ament_index/resource_index/parent_prefix_path/master
[1.978s] -- Up-to-date: /root/master/install/master/share/master/environment/ament_prefix_path.sh
[1.978s] -- Up-to-date: /root/master/install/master/share/master/environment/ament_prefix_path.dsv
[1.978s] -- Up-to-date: /root/master/install/master/share/master/environment/path.sh
[1.978s] -- Up-to-date: /root/master/install/master/share/master/environment/path.dsv
[1.978s] -- Up-to-date: /root/master/install/master/share/master/local_setup.bash
[1.978s] -- Up-to-date: /root/master/install/master/share/master/local_setup.sh
[1.978s] -- Up-to-date: /root/master/install/master/share/master/local_setup.zsh
[1.978s] -- Up-to-date: /root/master/install/master/share/master/local_setup.dsv
[1.978s] -- Installing: /root/master/install/master/share/master/package.dsv
[1.978s] -- Up-to-date: /root/master/install/master/share/ament_index/resource_index/packages/master
[1.978s] -- Up-to-date: /root/master/install/master/share/master/cmake/masterConfig.cmake
[1.978s] -- Up-to-date: /root/master/install/master/share/master/cmake/masterConfig-version.cmake
[1.978s] -- Up-to-date: /root/master/install/master/share/master/package.xml
[1.978s] Invoked command in '/root/master/build/master' returned '0': CMAKE_PREFIX_PATH=/opt/ros/humble /usr/bin/cmake --install /root/master/build/master
