[0.006s] Invoking command in '/root/workspace/build/core': CMAKE_PREFIX_PATH=/root/workspace/install/core_msgs:/root/workspace/install/test_set:/root/workspace/install/core:/root/microros_ws/install/px4_ros_com:/root/microros_ws/install/px4_msgs:/root/microros_ws/install/micro_ros_setup:/root/microros_ws/install/micro_ros_agent:/root/microros_ws/install/micro_ros_msgs:/opt/ros/humble /usr/bin/cmake --build /root/workspace/build/core -- -j20 -l20
[0.034s] [35m[1mConsolidate compiler generated dependencies of target node[0m
[0.049s] [ 50%] [32mBuilding CXX object CMakeFiles/node.dir/src/offb_node.cpp.o[0m
[20.203s] [100%] [32m[1mLinking CXX executable node[0m
[21.504s] [100%] Built target node
[21.517s] Invoked command in '/root/workspace/build/core' returned '0': CMAKE_PREFIX_PATH=/root/workspace/install/core_msgs:/root/workspace/install/test_set:/root/workspace/install/core:/root/microros_ws/install/px4_ros_com:/root/microros_ws/install/px4_msgs:/root/microros_ws/install/micro_ros_setup:/root/microros_ws/install/micro_ros_agent:/root/microros_ws/install/micro_ros_msgs:/opt/ros/humble /usr/bin/cmake --build /root/workspace/build/core -- -j20 -l20
[21.532s] Invoking command in '/root/workspace/build/core': CMAKE_PREFIX_PATH=/root/workspace/install/core_msgs:/root/workspace/install/test_set:/root/workspace/install/core:/root/microros_ws/install/px4_ros_com:/root/microros_ws/install/px4_msgs:/root/microros_ws/install/micro_ros_setup:/root/microros_ws/install/micro_ros_agent:/root/microros_ws/install/micro_ros_msgs:/opt/ros/humble /usr/bin/cmake --install /root/workspace/build/core
[21.536s] -- Install configuration: ""
[21.536s] -- Installing: /root/workspace/install/core/lib/core/node
[21.548s] -- Set runtime path of "/root/workspace/install/core/lib/core/node" to ""
[21.548s] -- Up-to-date: /root/workspace/install/core/share/ament_index/resource_index/package_run_dependencies/core
[21.548s] -- Up-to-date: /root/workspace/install/core/share/ament_index/resource_index/parent_prefix_path/core
[21.548s] -- Up-to-date: /root/workspace/install/core/share/core/environment/ament_prefix_path.sh
[21.548s] -- Up-to-date: /root/workspace/install/core/share/core/environment/ament_prefix_path.dsv
[21.548s] -- Up-to-date: /root/workspace/install/core/share/core/environment/path.sh
[21.548s] -- Up-to-date: /root/workspace/install/core/share/core/environment/path.dsv
[21.548s] -- Up-to-date: /root/workspace/install/core/share/core/local_setup.bash
[21.548s] -- Up-to-date: /root/workspace/install/core/share/core/local_setup.sh
[21.549s] -- Up-to-date: /root/workspace/install/core/share/core/local_setup.zsh
[21.549s] -- Up-to-date: /root/workspace/install/core/share/core/local_setup.dsv
[21.549s] -- Installing: /root/workspace/install/core/share/core/package.dsv
[21.549s] -- Up-to-date: /root/workspace/install/core/share/ament_index/resource_index/packages/core
[21.549s] -- Up-to-date: /root/workspace/install/core/share/core/cmake/coreConfig.cmake
[21.549s] -- Up-to-date: /root/workspace/install/core/share/core/cmake/coreConfig-version.cmake
[21.549s] -- Up-to-date: /root/workspace/install/core/share/core/package.xml
[21.553s] Invoked command in '/root/workspace/build/core' returned '0': CMAKE_PREFIX_PATH=/root/workspace/install/core_msgs:/root/workspace/install/test_set:/root/workspace/install/core:/root/microros_ws/install/px4_ros_com:/root/microros_ws/install/px4_msgs:/root/microros_ws/install/micro_ros_setup:/root/microros_ws/install/micro_ros_agent:/root/microros_ws/install/micro_ros_msgs:/opt/ros/humble /usr/bin/cmake --install /root/workspace/build/core
