[ 50%] [32mBuilding CXX object CMakeFiles/node.dir/src/offb_node.cpp.o[0m
[100%] [32m[1mLinking CXX executable node[0m
[100%] Built target node
-- Install configuration: ""
-- Installing: /root/workspace/install/core/lib/core/node
-- Set runtime path of "/root/workspace/install/core/lib/core/node" to ""
-- Up-to-date: /root/workspace/install/core/share/ament_index/resource_index/package_run_dependencies/core
-- Up-to-date: /root/workspace/install/core/share/ament_index/resource_index/parent_prefix_path/core
-- Up-to-date: /root/workspace/install/core/share/core/environment/ament_prefix_path.sh
-- Installing: /root/workspace/install/core/share/core/environment/ament_prefix_path.dsv
-- Up-to-date: /root/workspace/install/core/share/core/environment/path.sh
-- Installing: /root/workspace/install/core/share/core/environment/path.dsv
-- Up-to-date: /root/workspace/install/core/share/core/local_setup.bash
-- Up-to-date: /root/workspace/install/core/share/core/local_setup.sh
-- Up-to-date: /root/workspace/install/core/share/core/local_setup.zsh
-- Installing: /root/workspace/install/core/share/core/local_setup.dsv
-- Installing: /root/workspace/install/core/share/core/package.dsv
-- Up-to-date: /root/workspace/install/core/share/ament_index/resource_index/packages/core
-- Up-to-date: /root/workspace/install/core/share/core/cmake/coreConfig.cmake
-- Up-to-date: /root/workspace/install/core/share/core/cmake/coreConfig-version.cmake
-- Up-to-date: /root/workspace/install/core/share/core/package.xml
