[01m[K/root/workspace/src/core/src/offb_node.cpp:56:9:[m[K [01;35m[Kwarning: [m[Kmissing terminating " character
   56 |         [01;35m[K"[m[KResult: \n
      |         [01;35m[K^[m[K
[01m[K/root/workspace/src/core/src/offb_node.cpp:58:22:[m[K [01;35m[Kwarning: [m[Kmissing terminating " character
   58 |         Status: %d \n[01;35m[K"[m[K,
      |                      [01;35m[K^[m[K
In file included from [01m[K/opt/ros/foxy/include/rclcpp/client.hpp:40[m[K,
                 from [01m[K/opt/ros/foxy/include/rclcpp/callback_group.hpp:23[m[K,
                 from [01m[K/opt/ros/foxy/include/rclcpp/any_executable.hpp:20[m[K,
                 from [01m[K/opt/ros/foxy/include/rclcpp/memory_strategy.hpp:24[m[K,
                 from [01m[K/opt/ros/foxy/include/rclcpp/memory_strategies.hpp:18[m[K,
                 from [01m[K/opt/ros/foxy/include/rclcpp/executor_options.hpp:20[m[K,
                 from [01m[K/opt/ros/foxy/include/rclcpp/executor.hpp:33[m[K,
                 from [01m[K/opt/ros/foxy/include/rclcpp/executors/multi_threaded_executor.hpp:26[m[K,
                 from [01m[K/opt/ros/foxy/include/rclcpp/executors.hpp:21[m[K,
                 from [01m[K/opt/ros/foxy/include/rclcpp/rclcpp.hpp:146[m[K,
                 from [01m[K/root/workspace/src/core/src/offb_node.cpp:2[m[K:
[01m[K/root/workspace/src/core/src/offb_node.cpp:56:9:[m[K [01;31m[Kerror: [m[Kmissing terminating " character
   56 |         [01;31m[K"Result: \n[m[K
      |         [01;31m[K^~~~~~~~~~~[m[K
[01m[K/root/workspace/src/core/src/offb_node.cpp:57:21:[m[K [01;31m[Kerror: [m[Kstray ‘[01m[K\[m[K’ in program
   57 |         Command: %d [01;31m[K\[m[Kn
      |                     [01;31m[K^[m[K
[01m[K/root/workspace/src/core/src/offb_node.cpp:58:20:[m[K [01;31m[Kerror: [m[Kstray ‘[01m[K\[m[K’ in program
   58 |         Status: %d [01;31m[K\[m[Kn",
      |                    [01;31m[K^[m[K
[01m[K/root/workspace/src/core/src/offb_node.cpp:58:22:[m[K [01;31m[Kerror: [m[Kmissing terminating " character
   58 |         Status: %d \n[01;31m[K",[m[K
      |                      [01;31m[K^~[m[K
[01m[K/root/workspace/src/core/src/offb_node.cpp:[m[K In member function ‘[01m[Kvoid ControlNode::cb_srv_command(rclcpp::Client<px4_msgs::srv::VehicleCommand>::SharedFuture)[m[K’:
[01m[K/root/workspace/src/core/src/offb_node.cpp:57:9:[m[K [01;31m[Kerror: [m[K‘[01m[KCommand[m[K’ was not declared in this scope; did you mean ‘[01m[Kcommand_cl[m[K’?
   57 |         [01;31m[KCommand[m[K: %d \n
      |         [01;31m[K^~~~~~~[m[K
[01m[K/root/workspace/src/core/src/offb_node.cpp:59:50:[m[K [01;31m[Kerror: [m[K‘[01m[Kusing element_type = struct px4_msgs::srv::VehicleCommand_Response_<std::allocator<void> >[m[K’ {aka ‘[01m[Kstruct px4_msgs::srv::VehicleCommand_Response_<std::allocator<void> >[m[K’} has no member named ‘[01m[Kresult[m[K’
   59 |         future.get() -> command, future.get() -> [01;31m[Kresult[m[K
      |                                                  [01;31m[K^~~~~~[m[K
make[2]: *** [CMakeFiles/node.dir/build.make:63: CMakeFiles/node.dir/src/offb_node.cpp.o] Error 1
make[1]: *** [CMakeFiles/Makefile2:78: CMakeFiles/node.dir/all] Error 2
make: *** [Makefile:141: all] Error 2
