[0.000000] (-) TimerEvent: {}
[0.000085] (master) JobQueued: {'identifier': 'master', 'dependencies': OrderedDict()}
[0.000113] (master) JobStarted: {'identifier': 'master'}
[0.003766] (master) JobProgress: {'identifier': 'master', 'progress': 'cmake'}
[0.004063] (master) JobProgress: {'identifier': 'master', 'progress': 'build'}
[0.004396] (master) Command: {'cmd': ['/usr/bin/cmake', '--build', '/root/master/build/master', '--', '-j20', '-l20'], 'cwd': '/root/master/build/master', 'env': OrderedDict([('HOSTNAME', 'GTX-3060-2'), ('SHLVL', '1'), ('LD_LIBRARY_PATH', '/opt/ros/humble/lib/x86_64-linux-gnu:/opt/ros/humble/lib'), ('HOME', '/root'), ('OLDPWD', '/root'), ('ROS_PYTHON_VERSION', '3'), ('ROS_DISTRO', 'humble'), ('_', '/usr/bin/colcon'), ('ROS_VERSION', '2'), ('TERM', 'xterm'), ('ROS_LOCALHOST_ONLY', '0'), ('PATH', '/opt/ros/humble/bin:/usr/local/sbin:/usr/local/bin:/usr/sbin:/usr/bin:/sbin:/bin'), ('DISPLAY', ':1'), ('LANG', 'C.UTF-8'), ('AMENT_PREFIX_PATH', '/opt/ros/humble'), ('PWD', '/root/master/build/master'), ('LC_ALL', 'C.UTF-8'), ('PYTHONPATH', '/opt/ros/humble/lib/python3.10/site-packages:/opt/ros/humble/local/lib/python3.10/dist-packages'), ('COLCON', '1'), ('CMAKE_PREFIX_PATH', '/opt/ros/humble')]), 'shell': False}
[0.024461] (master) StdoutLine: {'line': b'\x1b[35m\x1b[1mConsolidate compiler generated dependencies of target node\x1b[0m\n'}
[0.033208] (master) StdoutLine: {'line': b'[ 50%] \x1b[32mBuilding CXX object CMakeFiles/node.dir/src/master_node.cpp.o\x1b[0m\n'}
[0.099552] (-) TimerEvent: {}
[0.199794] (-) TimerEvent: {}
[0.300077] (-) TimerEvent: {}
[0.400291] (-) TimerEvent: {}
[0.500536] (-) TimerEvent: {}
[0.600738] (-) TimerEvent: {}
[0.700944] (-) TimerEvent: {}
[0.801190] (-) TimerEvent: {}
[0.901407] (-) TimerEvent: {}
[1.001651] (-) TimerEvent: {}
[1.101906] (-) TimerEvent: {}
[1.202196] (-) TimerEvent: {}
[1.302483] (-) TimerEvent: {}
[1.402732] (-) TimerEvent: {}
[1.502985] (-) TimerEvent: {}
[1.603292] (-) TimerEvent: {}
[1.703574] (-) TimerEvent: {}
[1.803824] (-) TimerEvent: {}
[1.904070] (-) TimerEvent: {}
[2.004319] (-) TimerEvent: {}
[2.104578] (-) TimerEvent: {}
[2.204866] (-) TimerEvent: {}
[2.291605] (master) StdoutLine: {'line': b'[100%] \x1b[32m\x1b[1mLinking CXX executable node\x1b[0m\n'}
[2.304940] (-) TimerEvent: {}
[2.382590] (master) StdoutLine: {'line': b'[100%] Built target node\n'}
[2.387048] (master) CommandEnded: {'returncode': 0}
[2.395532] (master) JobProgress: {'identifier': 'master', 'progress': 'install'}
[2.398781] (master) Command: {'cmd': ['/usr/bin/cmake', '--install', '/root/master/build/master'], 'cwd': '/root/master/build/master', 'env': OrderedDict([('HOSTNAME', 'GTX-3060-2'), ('SHLVL', '1'), ('LD_LIBRARY_PATH', '/opt/ros/humble/lib/x86_64-linux-gnu:/opt/ros/humble/lib'), ('HOME', '/root'), ('OLDPWD', '/root'), ('ROS_PYTHON_VERSION', '3'), ('ROS_DISTRO', 'humble'), ('_', '/usr/bin/colcon'), ('ROS_VERSION', '2'), ('TERM', 'xterm'), ('ROS_LOCALHOST_ONLY', '0'), ('PATH', '/opt/ros/humble/bin:/usr/local/sbin:/usr/local/bin:/usr/sbin:/usr/bin:/sbin:/bin'), ('DISPLAY', ':1'), ('LANG', 'C.UTF-8'), ('AMENT_PREFIX_PATH', '/opt/ros/humble'), ('PWD', '/root/master/build/master'), ('LC_ALL', 'C.UTF-8'), ('PYTHONPATH', '/opt/ros/humble/lib/python3.10/site-packages:/opt/ros/humble/local/lib/python3.10/dist-packages'), ('COLCON', '1'), ('CMAKE_PREFIX_PATH', '/opt/ros/humble')]), 'shell': False}
[2.401920] (master) StdoutLine: {'line': b'-- Install configuration: ""\n'}
[2.402001] (master) StdoutLine: {'line': b'-- Installing: /root/master/install/master/lib/master/node\n'}
[2.402413] (master) StdoutLine: {'line': b'-- Set runtime path of "/root/master/install/master/lib/master/node" to ""\n'}
[2.402451] (master) StdoutLine: {'line': b'-- Up-to-date: /root/master/install/master/share/ament_index/resource_index/package_run_dependencies/master\n'}
[2.402489] (master) StdoutLine: {'line': b'-- Up-to-date: /root/master/install/master/share/ament_index/resource_index/parent_prefix_path/master\n'}
[2.402538] (master) StdoutLine: {'line': b'-- Up-to-date: /root/master/install/master/share/master/environment/ament_prefix_path.sh\n'}
[2.402577] (master) StdoutLine: {'line': b'-- Up-to-date: /root/master/install/master/share/master/environment/ament_prefix_path.dsv\n'}
[2.402605] (master) StdoutLine: {'line': b'-- Up-to-date: /root/master/install/master/share/master/environment/path.sh\n'}
[2.402634] (master) StdoutLine: {'line': b'-- Up-to-date: /root/master/install/master/share/master/environment/path.dsv\n'}
[2.402661] (master) StdoutLine: {'line': b'-- Up-to-date: /root/master/install/master/share/master/local_setup.bash\n'}
[2.402688] (master) StdoutLine: {'line': b'-- Up-to-date: /root/master/install/master/share/master/local_setup.sh\n'}
[2.402725] (master) StdoutLine: {'line': b'-- Up-to-date: /root/master/install/master/share/master/local_setup.zsh\n'}
[2.402768] (master) StdoutLine: {'line': b'-- Up-to-date: /root/master/install/master/share/master/local_setup.dsv\n'}
[2.402793] (master) StdoutLine: {'line': b'-- Installing: /root/master/install/master/share/master/package.dsv\n'}
[2.402817] (master) StdoutLine: {'line': b'-- Up-to-date: /root/master/install/master/share/ament_index/resource_index/packages/master\n'}
[2.402843] (master) StdoutLine: {'line': b'-- Up-to-date: /root/master/install/master/share/master/cmake/masterConfig.cmake\n'}
[2.402869] (master) StdoutLine: {'line': b'-- Up-to-date: /root/master/install/master/share/master/cmake/masterConfig-version.cmake\n'}
[2.402894] (master) StdoutLine: {'line': b'-- Up-to-date: /root/master/install/master/share/master/package.xml\n'}
[2.403401] (master) CommandEnded: {'returncode': 0}
[2.404995] (-) TimerEvent: {}
[2.420229] (master) JobEnded: {'identifier': 'master', 'rc': 0}
[2.420584] (-) EventReactorShutdown: {}
