[0.005s] Invoking command in '/root/workspace/build/core': AMENT_PREFIX_PATH=/root/workspace/install/core_msgs:${AMENT_PREFIX_PATH} CMAKE_PREFIX_PATH=/root/workspace/install/core_msgs:/root/microros_ws/install/px4_ros_com:/root/microros_ws/install/px4_msgs:/root/microros_ws/install/micro_ros_setup:/root/microros_ws/install/micro_ros_agent:/root/microros_ws/install/micro_ros_msgs:/opt/ros/humble LD_LIBRARY_PATH=/root/workspace/install/core_msgs/lib:${LD_LIBRARY_PATH} PYTHONPATH=/root/workspace/install/core_msgs/local/lib/python3.10/dist-packages:${PYTHONPATH} /usr/bin/cmake --build /root/workspace/build/core -- -j20 -l20
[0.023s] [35m[1mConsolidate compiler generated dependencies of target node[0m
[0.032s] [ 50%] [32mBuilding CXX object CMakeFiles/node.dir/src/offb_node.cpp.o[0m
[1.421s] In file included from [01m[K/opt/ros/humble/include/rclcpp/rclcpp/logging.hpp:24[m[K,
[1.421s]                  from [01m[K/opt/ros/humble/include/rclcpp/rclcpp/client.hpp:40[m[K,
[1.421s]                  from [01m[K/opt/ros/humble/include/rclcpp/rclcpp/callback_group.hpp:24[m[K,
[1.421s]                  from [01m[K/opt/ros/humble/include/rclcpp/rclcpp/any_executable.hpp:20[m[K,
[1.421s]                  from [01m[K/opt/ros/humble/include/rclcpp/rclcpp/memory_strategy.hpp:25[m[K,
[1.421s]                  from [01m[K/opt/ros/humble/include/rclcpp/rclcpp/memory_strategies.hpp:18[m[K,
[1.421s]                  from [01m[K/opt/ros/humble/include/rclcpp/rclcpp/executor_options.hpp:20[m[K,
[1.421s]                  from [01m[K/opt/ros/humble/include/rclcpp/rclcpp/executor.hpp:37[m[K,
[1.421s]                  from [01m[K/opt/ros/humble/include/rclcpp/rclcpp/executors/multi_threaded_executor.hpp:25[m[K,
[1.421s]                  from [01m[K/opt/ros/humble/include/rclcpp/rclcpp/executors.hpp:21[m[K,
[1.421s]                  from [01m[K/opt/ros/humble/include/rclcpp/rclcpp/rclcpp.hpp:155[m[K,
[1.421s]                  from [01m[K/root/workspace/src/core/src/offb_node.cpp:5[m[K:
[1.421s] [01m[K/root/workspace/src/core/src/offb_node.cpp:[m[K In member function ‘[01m[Kvoid ControlNode::cb_srv_command(rclcpp::Client<px4_msgs::srv::VehicleCommand>::SharedFuture)[m[K’:
[1.421s] [01m[K/root/workspace/src/core/src/offb_node.cpp:142:83:[m[K [01;31m[Kerror: [m[Kcannot convert ‘[01m[Kstd::__cxx11::basic_string<char>[m[K’ to ‘[01m[Kconst char*[m[K’
[1.421s]   140 | [01;31m[K reply.command)+"\nResult: "+std::to_string(future.get() -> reply.result)[m[K
[1.421s]       |  [01;31m[K~~~~~~~~~~~~~~~~~~~~~~~~~~~~~~~~~~~~~~~~~~~~~~~~~~~~~~~~~~~~~~~~~~~~~~~~[m[K
[1.421s] 
[1.421s]   141 | [01;31m[K reply.target_system)+"\nTarget Component: "+std::to_string(future.get() -> reply.target_component)[m[K
[1.421s]       |  [01;31m[K~~~~~~~~~~~~~~~~~~~~~~~~~~~~~~~~~~~~~~~~~~~~~~~~~~~~~~~~~~~~~~~~~~~~~~~~~~~~~~~~~~~~~~~~~~~~~~~~~~[m[K
[1.421s] 
[1.421s]   142 | [01;31m[K-> reply.from_external)+"\n"[m[K);
[1.421s]       | [01;31m[K~~~~~~~~~~~~~~~~~~~~~~~^~~~~[m[K
[1.421s]       |                        [01;31m[K|[m[K
[1.421s]       |                        [01;31m[Kstd::__cxx11::basic_string<char>[m[K
[1.421s] 
[1.421s] In file included from [01m[K/opt/ros/humble/include/rmw/rmw/types.h:28[m[K,
[1.421s]                  from [01m[K/opt/ros/humble/include/rcl/rcl/types.h:20[m[K,
[1.421s]                  from [01m[K/opt/ros/humble/include/rcl/rcl/log_level.h:22[m[K,
[1.422s]                  from [01m[K/opt/ros/humble/include/rcl/rcl/arguments.h:21[m[K,
[1.422s]                  from [01m[K/opt/ros/humble/include/rcl/rcl/context.h:28[m[K,
[1.422s]                  from [01m[K/opt/ros/humble/include/rcl/rcl/guard_condition.h:26[m[K,
[1.422s]                  from [01m[K/opt/ros/humble/include/rclcpp/rclcpp/executor.hpp:30[m[K,
[1.422s]                  from [01m[K/opt/ros/humble/include/rclcpp/rclcpp/executors/multi_threaded_executor.hpp:25[m[K,
[1.422s]                  from [01m[K/opt/ros/humble/include/rclcpp/rclcpp/executors.hpp:21[m[K,
[1.422s]                  from [01m[K/opt/ros/humble/include/rclcpp/rclcpp/rclcpp.hpp:155[m[K,
[1.422s]                  from [01m[K/root/workspace/src/core/src/offb_node.cpp:5[m[K:
[1.422s] [01m[K/opt/ros/humble/include/rcutils/rcutils/logging.h:479:16:[m[K [01;36m[Knote: [m[K  initializing argument 4 of ‘[01m[Kvoid rcutils_log(const rcutils_log_location_t*, int, const char*, const char*, ...)[m[K’
[1.422s]   479 |   [01;36m[Kconst char * format[m[K,
[1.422s]       |   [01;36m[K~~~~~~~~~~~~~^~~~~~[m[K
[1.428s] In file included from [01m[K/opt/ros/humble/include/rclcpp/rclcpp/logging.hpp:24[m[K,
[1.428s]                  from [01m[K/opt/ros/humble/include/rclcpp/rclcpp/client.hpp:40[m[K,
[1.428s]                  from [01m[K/opt/ros/humble/include/rclcpp/rclcpp/callback_group.hpp:24[m[K,
[1.428s]                  from [01m[K/opt/ros/humble/include/rclcpp/rclcpp/any_executable.hpp:20[m[K,
[1.428s]                  from [01m[K/opt/ros/humble/include/rclcpp/rclcpp/memory_strategy.hpp:25[m[K,
[1.428s]                  from [01m[K/opt/ros/humble/include/rclcpp/rclcpp/memory_strategies.hpp:18[m[K,
[1.428s]                  from [01m[K/opt/ros/humble/include/rclcpp/rclcpp/executor_options.hpp:20[m[K,
[1.428s]                  from [01m[K/opt/ros/humble/include/rclcpp/rclcpp/executor.hpp:37[m[K,
[1.428s]                  from [01m[K/opt/ros/humble/include/rclcpp/rclcpp/executors/multi_threaded_executor.hpp:25[m[K,
[1.428s]                  from [01m[K/opt/ros/humble/include/rclcpp/rclcpp/executors.hpp:21[m[K,
[1.428s]                  from [01m[K/opt/ros/humble/include/rclcpp/rclcpp/rclcpp.hpp:155[m[K,
[1.428s]                  from [01m[K/root/workspace/src/core/src/offb_node.cpp:5[m[K:
[1.428s] [01m[K/root/workspace/src/core/src/offb_node.cpp:[m[K In member function ‘[01m[Kvoid ControlNode::set_mode(std_msgs::msg::Int16_<std::allocator<void> >::SharedPtr)[m[K’:
[1.428s] [01m[K/root/workspace/src/core/src/offb_node.cpp:218:58:[m[K [01;31m[Kerror: [m[Kcannot convert ‘[01m[Kstd::__cxx11::basic_string<char>[m[K’ to ‘[01m[Kconst char*[m[K’
[1.428s]   218 | [01;31m[K"Setting mode to: "+std::to_string(msg -> data)[m[K);
[1.428s]       | [01;31m[K~~~~~~~~~~~~~~~~~~~^~~~~~~~~~~~~~~~~~~~~~~~~~~~[m[K
[1.428s]       |                    [01;31m[K|[m[K
[1.429s]       |                    [01;31m[Kstd::__cxx11::basic_string<char>[m[K
[1.429s] 
[1.429s] In file included from [01m[K/opt/ros/humble/include/rmw/rmw/types.h:28[m[K,
[1.429s]                  from [01m[K/opt/ros/humble/include/rcl/rcl/types.h:20[m[K,
[1.429s]                  from [01m[K/opt/ros/humble/include/rcl/rcl/log_level.h:22[m[K,
[1.429s]                  from [01m[K/opt/ros/humble/include/rcl/rcl/arguments.h:21[m[K,
[1.429s]                  from [01m[K/opt/ros/humble/include/rcl/rcl/context.h:28[m[K,
[1.429s]                  from [01m[K/opt/ros/humble/include/rcl/rcl/guard_condition.h:26[m[K,
[1.429s]                  from [01m[K/opt/ros/humble/include/rclcpp/rclcpp/executor.hpp:30[m[K,
[1.429s]                  from [01m[K/opt/ros/humble/include/rclcpp/rclcpp/executors/multi_threaded_executor.hpp:25[m[K,
[1.429s]                  from [01m[K/opt/ros/humble/include/rclcpp/rclcpp/executors.hpp:21[m[K,
[1.429s]                  from [01m[K/opt/ros/humble/include/rclcpp/rclcpp/rclcpp.hpp:155[m[K,
[1.429s]                  from [01m[K/root/workspace/src/core/src/offb_node.cpp:5[m[K:
[1.429s] [01m[K/opt/ros/humble/include/rcutils/rcutils/logging.h:479:16:[m[K [01;36m[Knote: [m[K  initializing argument 4 of ‘[01m[Kvoid rcutils_log(const rcutils_log_location_t*, int, const char*, const char*, ...)[m[K’
[1.429s]   479 |   [01;36m[Kconst char * format[m[K,
[1.429s]       |   [01;36m[K~~~~~~~~~~~~~^~~~~~[m[K
[1.429s] In file included from [01m[K/opt/ros/humble/include/rclcpp/rclcpp/logging.hpp:24[m[K,
[1.429s]                  from [01m[K/opt/ros/humble/include/rclcpp/rclcpp/client.hpp:40[m[K,
[1.429s]                  from [01m[K/opt/ros/humble/include/rclcpp/rclcpp/callback_group.hpp:24[m[K,
[1.430s]                  from [01m[K/opt/ros/humble/include/rclcpp/rclcpp/any_executable.hpp:20[m[K,
[1.430s]                  from [01m[K/opt/ros/humble/include/rclcpp/rclcpp/memory_strategy.hpp:25[m[K,
[1.430s]                  from [01m[K/opt/ros/humble/include/rclcpp/rclcpp/memory_strategies.hpp:18[m[K,
[1.430s]                  from [01m[K/opt/ros/humble/include/rclcpp/rclcpp/executor_options.hpp:20[m[K,
[1.430s]                  from [01m[K/opt/ros/humble/include/rclcpp/rclcpp/executor.hpp:37[m[K,
[1.430s]                  from [01m[K/opt/ros/humble/include/rclcpp/rclcpp/executors/multi_threaded_executor.hpp:25[m[K,
[1.430s]                  from [01m[K/opt/ros/humble/include/rclcpp/rclcpp/executors.hpp:21[m[K,
[1.430s]                  from [01m[K/opt/ros/humble/include/rclcpp/rclcpp/rclcpp.hpp:155[m[K,
[1.430s]                  from [01m[K/root/workspace/src/core/src/offb_node.cpp:5[m[K:
[1.430s] [01m[K/root/workspace/src/core/src/offb_node.cpp:[m[K In member function ‘[01m[Kvoid ControlNode::offbctrl_sub(std_msgs::msg::Bool_<std::allocator<void> >::SharedPtr)[m[K’:
[1.430s] [01m[K/root/workspace/src/core/src/offb_node.cpp:223:79:[m[K [01;31m[Kerror: [m[Kcannot convert ‘[01m[Kstd::__cxx11::basic_string<char>[m[K’ to ‘[01m[Kconst char*[m[K’
[1.430s]   223 | [01;31m[Kition control to: "+std::to_string(msg -> data)[m[K);
[1.430s]       | [01;31m[K~~~~~~~~~~~~~~~~~~~^~~~~~~~~~~~~~~~~~~~~~~~~~~~[m[K
[1.430s]       |                    [01;31m[K|[m[K
[1.430s]       |                    [01;31m[Kstd::__cxx11::basic_string<char>[m[K
[1.430s] 
[1.430s] In file included from [01m[K/opt/ros/humble/include/rmw/rmw/types.h:28[m[K,
[1.430s]                  from [01m[K/opt/ros/humble/include/rcl/rcl/types.h:20[m[K,
[1.430s]                  from [01m[K/opt/ros/humble/include/rcl/rcl/log_level.h:22[m[K,
[1.430s]                  from [01m[K/opt/ros/humble/include/rcl/rcl/arguments.h:21[m[K,
[1.430s]                  from [01m[K/opt/ros/humble/include/rcl/rcl/context.h:28[m[K,
[1.430s]                  from [01m[K/opt/ros/humble/include/rcl/rcl/guard_condition.h:26[m[K,
[1.430s]                  from [01m[K/opt/ros/humble/include/rclcpp/rclcpp/executor.hpp:30[m[K,
[1.430s]                  from [01m[K/opt/ros/humble/include/rclcpp/rclcpp/executors/multi_threaded_executor.hpp:25[m[K,
[1.430s]                  from [01m[K/opt/ros/humble/include/rclcpp/rclcpp/executors.hpp:21[m[K,
[1.430s]                  from [01m[K/opt/ros/humble/include/rclcpp/rclcpp/rclcpp.hpp:155[m[K,
[1.430s]                  from [01m[K/root/workspace/src/core/src/offb_node.cpp:5[m[K:
[1.430s] [01m[K/opt/ros/humble/include/rcutils/rcutils/logging.h:479:16:[m[K [01;36m[Knote: [m[K  initializing argument 4 of ‘[01m[Kvoid rcutils_log(const rcutils_log_location_t*, int, const char*, const char*, ...)[m[K’
[1.430s]   479 |   [01;36m[Kconst char * format[m[K,
[1.430s]       |   [01;36m[K~~~~~~~~~~~~~^~~~~~[m[K
[7.205s] gmake[2]: *** [CMakeFiles/node.dir/build.make:76: CMakeFiles/node.dir/src/offb_node.cpp.o] Error 1
[7.205s] gmake[1]: *** [CMakeFiles/Makefile2:137: CMakeFiles/node.dir/all] Error 2
[7.205s] gmake: *** [Makefile:146: all] Error 2
