[0.004s] Invoking command in '/root/master/build/master': CMAKE_PREFIX_PATH=/opt/ros/humble /usr/bin/cmake /root/master/src/master -DCMAKE_INSTALL_PREFIX=/root/master/install/master
[0.030s] -- The C compiler identification is GNU 11.4.0
[0.058s] -- The CXX compiler identification is GNU 11.4.0
[0.062s] -- Detecting C compiler ABI info
[0.102s] -- Detecting C compiler ABI info - done
[0.112s] -- Check for working C compiler: /usr/bin/cc - skipped
[0.112s] -- Detecting C compile features
[0.112s] -- Detecting C compile features - done
[0.115s] -- Detecting CXX compiler ABI info
[0.186s] -- Detecting CXX compiler ABI info - done
[0.191s] -- Check for working CXX compiler: /usr/bin/c++ - skipped
[0.191s] -- Detecting CXX compile features
[0.191s] -- Detecting CXX compile features - done
[0.193s] -- Found ament_cmake: 1.3.9 (/opt/ros/humble/share/ament_cmake/cmake)
[0.258s] -- Found Python3: /usr/bin/python3 (found version "3.10.12") found components: Interpreter 
[0.298s] -- Found rclcpp: 16.0.9 (/opt/ros/humble/share/rclcpp/cmake)
[0.315s] -- Found rosidl_generator_c: 3.1.5 (/opt/ros/humble/share/rosidl_generator_c/cmake)
[0.317s] -- Found rosidl_adapter: 3.1.5 (/opt/ros/humble/share/rosidl_adapter/cmake)
[0.321s] -- Found rosidl_generator_cpp: 3.1.5 (/opt/ros/humble/share/rosidl_generator_cpp/cmake)
[0.328s] -- Using all available rosidl_typesupport_c: rosidl_typesupport_fastrtps_c;rosidl_typesupport_introspection_c
[0.337s] -- Using all available rosidl_typesupport_cpp: rosidl_typesupport_fastrtps_cpp;rosidl_typesupport_introspection_cpp
[0.371s] -- Found rmw_implementation_cmake: 6.1.2 (/opt/ros/humble/share/rmw_implementation_cmake/cmake)
[0.372s] -- Found rmw_fastrtps_cpp: 6.2.6 (/opt/ros/humble/share/rmw_fastrtps_cpp/cmake)
[0.410s] -- Found OpenSSL: /usr/lib/x86_64-linux-gnu/libcrypto.so (found version "3.0.2")  
[0.418s] -- Found FastRTPS: /opt/ros/humble/include  
[0.436s] -- Using RMW implementation 'rmw_fastrtps_cpp' as default
[0.440s] -- Looking for pthread.h
[0.474s] -- Looking for pthread.h - found
[0.474s] -- Performing Test CMAKE_HAVE_LIBC_PTHREAD
[0.536s] -- Performing Test CMAKE_HAVE_LIBC_PTHREAD - Success
[0.536s] -- Found Threads: TRUE  
[0.619s] [31mCMake Error at /opt/ros/humble/share/ament_cmake_target_dependencies/cmake/ament_target_dependencies.cmake:77 (message):
[0.619s]   ament_target_dependencies() the passed package name 'core_msgs' was not
[0.619s]   found before
[0.619s] Call Stack (most recent call first):
[0.619s]   CMakeLists.txt:27 (ament_target_dependencies)
[0.619s] 
[0.619s] [0m
[0.619s] -- Configuring incomplete, errors occurred!
[0.619s] See also "/root/master/build/master/CMakeFiles/CMakeOutput.log".
[0.623s] Invoked command in '/root/master/build/master' returned '1': CMAKE_PREFIX_PATH=/opt/ros/humble /usr/bin/cmake /root/master/src/master -DCMAKE_INSTALL_PREFIX=/root/master/install/master
