[35m[1mScanning dependencies of target node[0m
[ 50%] [32mBuilding CXX object CMakeFiles/node.dir/src/offb_node.cpp.o[0m
In file included from [01m[K/opt/ros/foxy/include/rclcpp/client.hpp:40[m[K,
                 from [01m[K/opt/ros/foxy/include/rclcpp/callback_group.hpp:23[m[K,
                 from [01m[K/opt/ros/foxy/include/rclcpp/any_executable.hpp:20[m[K,
                 from [01m[K/opt/ros/foxy/include/rclcpp/memory_strategy.hpp:24[m[K,
                 from [01m[K/opt/ros/foxy/include/rclcpp/memory_strategies.hpp:18[m[K,
                 from [01m[K/opt/ros/foxy/include/rclcpp/executor_options.hpp:20[m[K,
                 from [01m[K/opt/ros/foxy/include/rclcpp/executor.hpp:33[m[K,
                 from [01m[K/opt/ros/foxy/include/rclcpp/executors/multi_threaded_executor.hpp:26[m[K,
                 from [01m[K/opt/ros/foxy/include/rclcpp/executors.hpp:21[m[K,
                 from [01m[K/opt/ros/foxy/include/rclcpp/rclcpp.hpp:146[m[K,
                 from [01m[K/root/workspace/src/core/src/offb_node.cpp:2[m[K:
[01m[K/root/workspace/src/core/src/offb_node.cpp:[m[K In member function ‘[01m[Kvoid ControlNode::cb_srv_command(rclcpp::Client<px4_msgs::srv::VehicleCommand>::SharedFuture)[m[K’:
[01m[K/root/workspace/src/core/src/offb_node.cpp:56:31:[m[K [01;31m[Kerror: [m[Kinvalid conversion from ‘[01m[Kpx4_msgs::msg::VehicleCommandAck_<std::allocator<void> >::_command_type[m[K’ {aka ‘[01m[Kunsigned int[m[K’} to ‘[01m[Kconst char*[m[K’ [[01;31m[K-fpermissive[m[K]
   56 |         [01;31m[Kfuture.get() -> reply.command[m[K);
      |         [01;31m[K~~~~~~~~~~~~~~~~~~~~~~^~~~~~~[m[K
      |                               [01;31m[K|[m[K
      |                               [01;31m[Kpx4_msgs::msg::VehicleCommandAck_<std::allocator<void> >::_command_type {aka unsigned int}[m[K
In file included from [01m[K/opt/ros/foxy/include/rclcpp/client.hpp:36[m[K,
                 from [01m[K/opt/ros/foxy/include/rclcpp/callback_group.hpp:23[m[K,
                 from [01m[K/opt/ros/foxy/include/rclcpp/any_executable.hpp:20[m[K,
                 from [01m[K/opt/ros/foxy/include/rclcpp/memory_strategy.hpp:24[m[K,
                 from [01m[K/opt/ros/foxy/include/rclcpp/memory_strategies.hpp:18[m[K,
                 from [01m[K/opt/ros/foxy/include/rclcpp/executor_options.hpp:20[m[K,
                 from [01m[K/opt/ros/foxy/include/rclcpp/executor.hpp:33[m[K,
                 from [01m[K/opt/ros/foxy/include/rclcpp/executors/multi_threaded_executor.hpp:26[m[K,
                 from [01m[K/opt/ros/foxy/include/rclcpp/executors.hpp:21[m[K,
                 from [01m[K/opt/ros/foxy/include/rclcpp/rclcpp.hpp:146[m[K,
                 from [01m[K/root/workspace/src/core/src/offb_node.cpp:2[m[K:
[01m[K/opt/ros/foxy/include/rclcpp/utilities.hpp:296:27:[m[K [01;36m[Knote: [m[K  initializing argument 1 of ‘[01m[Kconst char* rclcpp::get_c_string(const char*)[m[K’
  296 | get_c_string([01;36m[Kconst char * string_in[m[K);
      |              [01;36m[K~~~~~~~~~~~~~^~~~~~~~~[m[K
make[2]: *** [CMakeFiles/node.dir/build.make:63: CMakeFiles/node.dir/src/offb_node.cpp.o] Error 1
make[1]: *** [CMakeFiles/Makefile2:78: CMakeFiles/node.dir/all] Error 2
make: *** [Makefile:141: all] Error 2
