[0.005s] Invoking command in '/root/workspace/build/core': AMENT_PREFIX_PATH=/root/workspace/install/core_msgs:${AMENT_PREFIX_PATH} CMAKE_PREFIX_PATH=/root/workspace/install/core_msgs:/opt/ros/humble LD_LIBRARY_PATH=/root/workspace/install/core_msgs/lib:${LD_LIBRARY_PATH} PYTHONPATH=/root/workspace/install/core_msgs/local/lib/python3.10/dist-packages:${PYTHONPATH} /usr/bin/cmake /root/workspace/src/core -DCMAKE_INSTALL_PREFIX=/root/workspace/install/core
[0.030s] -- The C compiler identification is GNU 11.4.0
[0.057s] -- The CXX compiler identification is GNU 11.4.0
[0.061s] -- Detecting C compiler ABI info
[0.091s] -- Detecting C compiler ABI info - done
[0.094s] -- Check for working C compiler: /usr/bin/cc - skipped
[0.095s] -- Detecting C compile features
[0.095s] -- Detecting C compile features - done
[0.096s] -- Detecting CXX compiler ABI info
[0.135s] -- Detecting CXX compiler ABI info - done
[0.139s] -- Check for working CXX compiler: /usr/bin/c++ - skipped
[0.139s] -- Detecting CXX compile features
[0.139s] -- Detecting CXX compile features - done
[0.140s] -- Found ament_cmake: 1.3.9 (/opt/ros/humble/share/ament_cmake/cmake)
[0.204s] -- Found Python3: /usr/bin/python3 (found version "3.10.12") found components: Interpreter 
[0.246s] -- Found rclcpp: 16.0.9 (/opt/ros/humble/share/rclcpp/cmake)
[0.264s] -- Found rosidl_generator_c: 3.1.5 (/opt/ros/humble/share/rosidl_generator_c/cmake)
[0.267s] -- Found rosidl_adapter: 3.1.5 (/opt/ros/humble/share/rosidl_adapter/cmake)
[0.271s] -- Found rosidl_generator_cpp: 3.1.5 (/opt/ros/humble/share/rosidl_generator_cpp/cmake)
[0.278s] -- Using all available rosidl_typesupport_c: rosidl_typesupport_fastrtps_c;rosidl_typesupport_introspection_c
[0.287s] -- Using all available rosidl_typesupport_cpp: rosidl_typesupport_fastrtps_cpp;rosidl_typesupport_introspection_cpp
[0.323s] -- Found rmw_implementation_cmake: 6.1.2 (/opt/ros/humble/share/rmw_implementation_cmake/cmake)
[0.325s] -- Found rmw_fastrtps_cpp: 6.2.6 (/opt/ros/humble/share/rmw_fastrtps_cpp/cmake)
[0.365s] -- Found OpenSSL: /usr/lib/x86_64-linux-gnu/libcrypto.so (found version "3.0.2")  
[0.374s] -- Found FastRTPS: /opt/ros/humble/include  
[0.393s] -- Using RMW implementation 'rmw_fastrtps_cpp' as default
[0.398s] -- Looking for pthread.h
[0.430s] -- Looking for pthread.h - found
[0.430s] -- Performing Test CMAKE_HAVE_LIBC_PTHREAD
[0.464s] -- Performing Test CMAKE_HAVE_LIBC_PTHREAD - Success
[0.464s] -- Found Threads: TRUE  
[0.552s] -- Found geometry_msgs: 4.2.3 (/opt/ros/humble/share/geometry_msgs/cmake)
[0.575s] -- Found core_msgs: 0.0.0 (/root/workspace/install/core_msgs/share/core_msgs/cmake)
[0.585s] [31mCMake Error at CMakeLists.txt:24 (find_package):
[0.585s]   By not providing "Findpx4_msgs.cmake" in CMAKE_MODULE_PATH this project has
[0.585s]   asked CMake to find a package configuration file provided by "px4_msgs",
[0.585s]   but CMake did not find one.
[0.585s] 
[0.585s]   Could not find a package configuration file provided by "px4_msgs" with any
[0.585s]   of the following names:
[0.585s] 
[0.585s]     px4_msgsConfig.cmake
[0.585s]     px4_msgs-config.cmake
[0.585s] 
[0.585s]   Add the installation prefix of "px4_msgs" to CMAKE_PREFIX_PATH or set
[0.585s]   "px4_msgs_DIR" to a directory containing one of the above files.  If
[0.585s]   "px4_msgs" provides a separate development package or SDK, be sure it has
[0.585s]   been installed.
[0.585s] 
[0.585s] [0m
[0.585s] -- Configuring incomplete, errors occurred!
[0.585s] See also "/root/workspace/build/core/CMakeFiles/CMakeOutput.log".
[0.589s] Invoked command in '/root/workspace/build/core' returned '1': AMENT_PREFIX_PATH=/root/workspace/install/core_msgs:${AMENT_PREFIX_PATH} CMAKE_PREFIX_PATH=/root/workspace/install/core_msgs:/opt/ros/humble LD_LIBRARY_PATH=/root/workspace/install/core_msgs/lib:${LD_LIBRARY_PATH} PYTHONPATH=/root/workspace/install/core_msgs/local/lib/python3.10/dist-packages:${PYTHONPATH} /usr/bin/cmake /root/workspace/src/core -DCMAKE_INSTALL_PREFIX=/root/workspace/install/core
