[  2%] Built target core_msgs__cpp
[ 12%] Built target core_msgs__rosidl_generator_c
[ 12%] Built target ament_cmake_python_copy_core_msgs
[ 43%] Built target core_msgs__rosidl_typesupport_cpp
[ 43%] Built target core_msgs__rosidl_typesupport_introspection_c
[ 43%] Built target core_msgs__rosidl_typesupport_fastrtps_cpp
[ 53%] Built target core_msgs__rosidl_typesupport_c
[ 64%] Built target core_msgs__rosidl_typesupport_introspection_cpp
[ 74%] Built target core_msgs__rosidl_typesupport_fastrtps_c
[ 74%] Built target core_msgs
[ 76%] Built target core_msgs__py
[ 84%] Built target core_msgs__rosidl_generator_py
[100%] Built target core_msgs__rosidl_typesupport_c__pyext
[100%] Built target core_msgs__rosidl_typesupport_fastrtps_c__pyext
[100%] Built target core_msgs__rosidl_typesupport_introspection_c__pyext
running egg_info
writing core_msgs.egg-info/PKG-INFO
writing dependency_links to core_msgs.egg-info/dependency_links.txt
writing top-level names to core_msgs.egg-info/top_level.txt
reading manifest file 'core_msgs.egg-info/SOURCES.txt'
writing manifest file 'core_msgs.egg-info/SOURCES.txt'
[100%] Built target ament_cmake_python_build_core_msgs_egg
-- Install configuration: ""
-- Up-to-date: /root/workspace/install/core_msgs/share/ament_index/resource_index/rosidl_interfaces/core_msgs
-- Up-to-date: /root/workspace/install/core_msgs/include/core_msgs/core_msgs
-- Up-to-date: /root/workspace/install/core_msgs/include/core_msgs/core_msgs/msg
-- Up-to-date: /root/workspace/install/core_msgs/include/core_msgs/core_msgs/msg/detail
-- Up-to-date: /root/workspace/install/core_msgs/include/core_msgs/core_msgs/msg/detail/trajectory__functions.h
-- Up-to-date: /root/workspace/install/core_msgs/include/core_msgs/core_msgs/msg/detail/trajectory__type_support.h
-- Up-to-date: /root/workspace/install/core_msgs/include/core_msgs/core_msgs/msg/detail/aux_global_position__functions.c
-- Up-to-date: /root/workspace/install/core_msgs/include/core_msgs/core_msgs/msg/detail/trajectory__struct.h
-- Up-to-date: /root/workspace/install/core_msgs/include/core_msgs/core_msgs/msg/detail/trajectory__functions.c
-- Up-to-date: /root/workspace/install/core_msgs/include/core_msgs/core_msgs/msg/detail/aux_global_position__type_support.h
-- Up-to-date: /root/workspace/install/core_msgs/include/core_msgs/core_msgs/msg/detail/aux_global_position__functions.h
-- Up-to-date: /root/workspace/install/core_msgs/include/core_msgs/core_msgs/msg/detail/aux_global_position__struct.h
-- Up-to-date: /root/workspace/install/core_msgs/include/core_msgs/core_msgs/msg/aux_global_position.h
-- Up-to-date: /root/workspace/install/core_msgs/include/core_msgs/core_msgs/msg/trajectory.h
-- Up-to-date: /root/workspace/install/core_msgs/include/core_msgs/core_msgs/msg/rosidl_generator_c__visibility_control.h
-- Up-to-date: /root/workspace/install/core_msgs/share/core_msgs/environment/library_path.sh
-- Up-to-date: /root/workspace/install/core_msgs/share/core_msgs/environment/library_path.dsv
-- Up-to-date: /root/workspace/install/core_msgs/lib/libcore_msgs__rosidl_generator_c.so
-- Up-to-date: /root/workspace/install/core_msgs/include/core_msgs/core_msgs
-- Up-to-date: /root/workspace/install/core_msgs/include/core_msgs/core_msgs/msg
-- Up-to-date: /root/workspace/install/core_msgs/include/core_msgs/core_msgs/msg/detail
-- Up-to-date: /root/workspace/install/core_msgs/include/core_msgs/core_msgs/msg/detail/trajectory__rosidl_typesupport_fastrtps_c.h
-- Up-to-date: /root/workspace/install/core_msgs/include/core_msgs/core_msgs/msg/detail/aux_global_position__rosidl_typesupport_fastrtps_c.h
-- Up-to-date: /root/workspace/install/core_msgs/include/core_msgs/core_msgs/msg/rosidl_typesupport_fastrtps_c__visibility_control.h
-- Up-to-date: /root/workspace/install/core_msgs/lib/libcore_msgs__rosidl_typesupport_fastrtps_c.so
-- Up-to-date: /root/workspace/install/core_msgs/include/core_msgs/core_msgs
-- Up-to-date: /root/workspace/install/core_msgs/include/core_msgs/core_msgs/msg
-- Up-to-date: /root/workspace/install/core_msgs/include/core_msgs/core_msgs/msg/rosidl_typesupport_introspection_c__visibility_control.h
-- Up-to-date: /root/workspace/install/core_msgs/include/core_msgs/core_msgs/msg/detail
-- Up-to-date: /root/workspace/install/core_msgs/include/core_msgs/core_msgs/msg/detail/aux_global_position__rosidl_typesupport_introspection_c.h
-- Up-to-date: /root/workspace/install/core_msgs/include/core_msgs/core_msgs/msg/detail/trajectory__rosidl_typesupport_introspection_c.h
-- Up-to-date: /root/workspace/install/core_msgs/include/core_msgs/core_msgs/msg/detail/aux_global_position__type_support.c
-- Up-to-date: /root/workspace/install/core_msgs/include/core_msgs/core_msgs/msg/detail/trajectory__type_support.c
-- Up-to-date: /root/workspace/install/core_msgs/lib/libcore_msgs__rosidl_typesupport_introspection_c.so
-- Up-to-date: /root/workspace/install/core_msgs/lib/libcore_msgs__rosidl_typesupport_c.so
-- Up-to-date: /root/workspace/install/core_msgs/include/core_msgs/core_msgs
-- Up-to-date: /root/workspace/install/core_msgs/include/core_msgs/core_msgs/msg
-- Up-to-date: /root/workspace/install/core_msgs/include/core_msgs/core_msgs/msg/detail
-- Up-to-date: /root/workspace/install/core_msgs/include/core_msgs/core_msgs/msg/detail/trajectory__builder.hpp
-- Up-to-date: /root/workspace/install/core_msgs/include/core_msgs/core_msgs/msg/detail/trajectory__traits.hpp
-- Up-to-date: /root/workspace/install/core_msgs/include/core_msgs/core_msgs/msg/detail/aux_global_position__struct.hpp
-- Up-to-date: /root/workspace/install/core_msgs/include/core_msgs/core_msgs/msg/detail/aux_global_position__traits.hpp
-- Up-to-date: /root/workspace/install/core_msgs/include/core_msgs/core_msgs/msg/detail/aux_global_position__builder.hpp
-- Up-to-date: /root/workspace/install/core_msgs/include/core_msgs/core_msgs/msg/detail/trajectory__struct.hpp
-- Up-to-date: /root/workspace/install/core_msgs/include/core_msgs/core_msgs/msg/aux_global_position.hpp
-- Up-to-date: /root/workspace/install/core_msgs/include/core_msgs/core_msgs/msg/trajectory.hpp
-- Up-to-date: /root/workspace/install/core_msgs/include/core_msgs/core_msgs
-- Up-to-date: /root/workspace/install/core_msgs/include/core_msgs/core_msgs/msg
-- Up-to-date: /root/workspace/install/core_msgs/include/core_msgs/core_msgs/msg/detail
-- Up-to-date: /root/workspace/install/core_msgs/include/core_msgs/core_msgs/msg/detail/dds_fastrtps
-- Up-to-date: /root/workspace/install/core_msgs/include/core_msgs/core_msgs/msg/detail/trajectory__rosidl_typesupport_fastrtps_cpp.hpp
-- Up-to-date: /root/workspace/install/core_msgs/include/core_msgs/core_msgs/msg/detail/aux_global_position__rosidl_typesupport_fastrtps_cpp.hpp
-- Up-to-date: /root/workspace/install/core_msgs/include/core_msgs/core_msgs/msg/rosidl_typesupport_fastrtps_cpp__visibility_control.h
-- Up-to-date: /root/workspace/install/core_msgs/lib/libcore_msgs__rosidl_typesupport_fastrtps_cpp.so
-- Up-to-date: /root/workspace/install/core_msgs/include/core_msgs/core_msgs
-- Up-to-date: /root/workspace/install/core_msgs/include/core_msgs/core_msgs/msg
-- Up-to-date: /root/workspace/install/core_msgs/include/core_msgs/core_msgs/msg/detail
-- Up-to-date: /root/workspace/install/core_msgs/include/core_msgs/core_msgs/msg/detail/trajectory__type_support.cpp
-- Up-to-date: /root/workspace/install/core_msgs/include/core_msgs/core_msgs/msg/detail/aux_global_position__type_support.cpp
-- Up-to-date: /root/workspace/install/core_msgs/include/core_msgs/core_msgs/msg/detail/aux_global_position__rosidl_typesupport_introspection_cpp.hpp
-- Up-to-date: /root/workspace/install/core_msgs/include/core_msgs/core_msgs/msg/detail/trajectory__rosidl_typesupport_introspection_cpp.hpp
-- Up-to-date: /root/workspace/install/core_msgs/lib/libcore_msgs__rosidl_typesupport_introspection_cpp.so
-- Up-to-date: /root/workspace/install/core_msgs/lib/libcore_msgs__rosidl_typesupport_cpp.so
-- Up-to-date: /root/workspace/install/core_msgs/share/core_msgs/environment/pythonpath.sh
-- Up-to-date: /root/workspace/install/core_msgs/share/core_msgs/environment/pythonpath.dsv
-- Up-to-date: /root/workspace/install/core_msgs/local/lib/python3.10/dist-packages/core_msgs-0.0.0-py3.10.egg-info
-- Installing: /root/workspace/install/core_msgs/local/lib/python3.10/dist-packages/core_msgs-0.0.0-py3.10.egg-info/dependency_links.txt
-- Installing: /root/workspace/install/core_msgs/local/lib/python3.10/dist-packages/core_msgs-0.0.0-py3.10.egg-info/PKG-INFO
-- Installing: /root/workspace/install/core_msgs/local/lib/python3.10/dist-packages/core_msgs-0.0.0-py3.10.egg-info/top_level.txt
-- Installing: /root/workspace/install/core_msgs/local/lib/python3.10/dist-packages/core_msgs-0.0.0-py3.10.egg-info/SOURCES.txt
-- Up-to-date: /root/workspace/install/core_msgs/local/lib/python3.10/dist-packages/core_msgs
-- Up-to-date: /root/workspace/install/core_msgs/local/lib/python3.10/dist-packages/core_msgs/core_msgs_s__rosidl_typesupport_introspection_c.cpython-310-x86_64-linux-gnu.so
-- Up-to-date: /root/workspace/install/core_msgs/local/lib/python3.10/dist-packages/core_msgs/__init__.py
-- Up-to-date: /root/workspace/install/core_msgs/local/lib/python3.10/dist-packages/core_msgs/core_msgs_s__rosidl_typesupport_c.cpython-310-x86_64-linux-gnu.so
-- Up-to-date: /root/workspace/install/core_msgs/local/lib/python3.10/dist-packages/core_msgs/_core_msgs_s.ep.rosidl_typesupport_introspection_c.c
-- Up-to-date: /root/workspace/install/core_msgs/local/lib/python3.10/dist-packages/core_msgs/core_msgs_s__rosidl_typesupport_fastrtps_c.cpython-310-x86_64-linux-gnu.so
-- Up-to-date: /root/workspace/install/core_msgs/local/lib/python3.10/dist-packages/core_msgs/_core_msgs_s.ep.rosidl_typesupport_fastrtps_c.c
-- Up-to-date: /root/workspace/install/core_msgs/local/lib/python3.10/dist-packages/core_msgs/libcore_msgs__rosidl_generator_py.so
-- Up-to-date: /root/workspace/install/core_msgs/local/lib/python3.10/dist-packages/core_msgs/msg
-- Up-to-date: /root/workspace/install/core_msgs/local/lib/python3.10/dist-packages/core_msgs/msg/_aux_global_position.py
-- Up-to-date: /root/workspace/install/core_msgs/local/lib/python3.10/dist-packages/core_msgs/msg/__init__.py
-- Up-to-date: /root/workspace/install/core_msgs/local/lib/python3.10/dist-packages/core_msgs/msg/_aux_global_position_s.c
-- Up-to-date: /root/workspace/install/core_msgs/local/lib/python3.10/dist-packages/core_msgs/msg/_trajectory_s.c
-- Up-to-date: /root/workspace/install/core_msgs/local/lib/python3.10/dist-packages/core_msgs/msg/_trajectory.py
-- Up-to-date: /root/workspace/install/core_msgs/local/lib/python3.10/dist-packages/core_msgs/_core_msgs_s.ep.rosidl_typesupport_c.c
Listing '/root/workspace/install/core_msgs/local/lib/python3.10/dist-packages/core_msgs'...
Listing '/root/workspace/install/core_msgs/local/lib/python3.10/dist-packages/core_msgs/msg'...
-- Up-to-date: /root/workspace/install/core_msgs/local/lib/python3.10/dist-packages/core_msgs/core_msgs_s__rosidl_typesupport_fastrtps_c.cpython-310-x86_64-linux-gnu.so
-- Up-to-date: /root/workspace/install/core_msgs/local/lib/python3.10/dist-packages/core_msgs/core_msgs_s__rosidl_typesupport_introspection_c.cpython-310-x86_64-linux-gnu.so
-- Up-to-date: /root/workspace/install/core_msgs/local/lib/python3.10/dist-packages/core_msgs/core_msgs_s__rosidl_typesupport_c.cpython-310-x86_64-linux-gnu.so
-- Up-to-date: /root/workspace/install/core_msgs/lib/libcore_msgs__rosidl_generator_py.so
-- Up-to-date: /root/workspace/install/core_msgs/share/core_msgs/msg/Trajectory.idl
-- Up-to-date: /root/workspace/install/core_msgs/share/core_msgs/msg/AuxGlobalPosition.idl
-- Up-to-date: /root/workspace/install/core_msgs/share/core_msgs/msg/Trajectory.msg
-- Up-to-date: /root/workspace/install/core_msgs/share/core_msgs/msg/AuxGlobalPosition.msg
-- Up-to-date: /root/workspace/install/core_msgs/share/ament_index/resource_index/package_run_dependencies/core_msgs
-- Up-to-date: /root/workspace/install/core_msgs/share/ament_index/resource_index/parent_prefix_path/core_msgs
-- Up-to-date: /root/workspace/install/core_msgs/share/core_msgs/environment/ament_prefix_path.sh
-- Up-to-date: /root/workspace/install/core_msgs/share/core_msgs/environment/ament_prefix_path.dsv
-- Up-to-date: /root/workspace/install/core_msgs/share/core_msgs/environment/path.sh
-- Up-to-date: /root/workspace/install/core_msgs/share/core_msgs/environment/path.dsv
-- Up-to-date: /root/workspace/install/core_msgs/share/core_msgs/local_setup.bash
-- Up-to-date: /root/workspace/install/core_msgs/share/core_msgs/local_setup.sh
-- Up-to-date: /root/workspace/install/core_msgs/share/core_msgs/local_setup.zsh
-- Up-to-date: /root/workspace/install/core_msgs/share/core_msgs/local_setup.dsv
-- Installing: /root/workspace/install/core_msgs/share/core_msgs/package.dsv
-- Up-to-date: /root/workspace/install/core_msgs/share/ament_index/resource_index/packages/core_msgs
-- Up-to-date: /root/workspace/install/core_msgs/share/core_msgs/cmake/export_core_msgs__rosidl_generator_cExport.cmake
-- Up-to-date: /root/workspace/install/core_msgs/share/core_msgs/cmake/export_core_msgs__rosidl_generator_cExport-noconfig.cmake
-- Up-to-date: /root/workspace/install/core_msgs/share/core_msgs/cmake/export_core_msgs__rosidl_typesupport_fastrtps_cExport.cmake
-- Up-to-date: /root/workspace/install/core_msgs/share/core_msgs/cmake/export_core_msgs__rosidl_typesupport_fastrtps_cExport-noconfig.cmake
-- Up-to-date: /root/workspace/install/core_msgs/share/core_msgs/cmake/core_msgs__rosidl_typesupport_introspection_cExport.cmake
-- Up-to-date: /root/workspace/install/core_msgs/share/core_msgs/cmake/core_msgs__rosidl_typesupport_introspection_cExport-noconfig.cmake
-- Up-to-date: /root/workspace/install/core_msgs/share/core_msgs/cmake/core_msgs__rosidl_typesupport_cExport.cmake
-- Up-to-date: /root/workspace/install/core_msgs/share/core_msgs/cmake/core_msgs__rosidl_typesupport_cExport-noconfig.cmake
-- Up-to-date: /root/workspace/install/core_msgs/share/core_msgs/cmake/export_core_msgs__rosidl_generator_cppExport.cmake
-- Up-to-date: /root/workspace/install/core_msgs/share/core_msgs/cmake/export_core_msgs__rosidl_typesupport_fastrtps_cppExport.cmake
-- Up-to-date: /root/workspace/install/core_msgs/share/core_msgs/cmake/export_core_msgs__rosidl_typesupport_fastrtps_cppExport-noconfig.cmake
-- Up-to-date: /root/workspace/install/core_msgs/share/core_msgs/cmake/core_msgs__rosidl_typesupport_introspection_cppExport.cmake
-- Up-to-date: /root/workspace/install/core_msgs/share/core_msgs/cmake/core_msgs__rosidl_typesupport_introspection_cppExport-noconfig.cmake
-- Up-to-date: /root/workspace/install/core_msgs/share/core_msgs/cmake/core_msgs__rosidl_typesupport_cppExport.cmake
-- Up-to-date: /root/workspace/install/core_msgs/share/core_msgs/cmake/core_msgs__rosidl_typesupport_cppExport-noconfig.cmake
-- Up-to-date: /root/workspace/install/core_msgs/share/core_msgs/cmake/export_core_msgs__rosidl_generator_pyExport.cmake
-- Up-to-date: /root/workspace/install/core_msgs/share/core_msgs/cmake/export_core_msgs__rosidl_generator_pyExport-noconfig.cmake
-- Up-to-date: /root/workspace/install/core_msgs/share/core_msgs/cmake/rosidl_cmake-extras.cmake
-- Up-to-date: /root/workspace/install/core_msgs/share/core_msgs/cmake/ament_cmake_export_include_directories-extras.cmake
-- Up-to-date: /root/workspace/install/core_msgs/share/core_msgs/cmake/ament_cmake_export_libraries-extras.cmake
-- Up-to-date: /root/workspace/install/core_msgs/share/core_msgs/cmake/ament_cmake_export_targets-extras.cmake
-- Up-to-date: /root/workspace/install/core_msgs/share/core_msgs/cmake/rosidl_cmake_export_typesupport_targets-extras.cmake
-- Up-to-date: /root/workspace/install/core_msgs/share/core_msgs/cmake/ament_cmake_export_dependencies-extras.cmake
-- Up-to-date: /root/workspace/install/core_msgs/share/core_msgs/cmake/rosidl_cmake_export_typesupport_libraries-extras.cmake
-- Up-to-date: /root/workspace/install/core_msgs/share/core_msgs/cmake/core_msgsConfig.cmake
-- Up-to-date: /root/workspace/install/core_msgs/share/core_msgs/cmake/core_msgsConfig-version.cmake
-- Up-to-date: /root/workspace/install/core_msgs/share/core_msgs/package.xml
