[0.006s] Invoking command in '/root/workspace/build/core': CMAKE_PREFIX_PATH=/root/workspace/install/core_msgs:/root/workspace/install/test_set:/root/workspace/install/core:/root/microros_ws/install/px4_ros_com:/root/microros_ws/install/px4_msgs:/root/microros_ws/install/micro_ros_setup:/root/microros_ws/install/micro_ros_agent:/root/microros_ws/install/micro_ros_msgs:/opt/ros/humble /usr/bin/cmake --build /root/workspace/build/core -- -j20 -l20
[0.030s] [35m[1mConsolidate compiler generated dependencies of target node[0m
[0.040s] [ 50%] [32mBuilding CXX object CMakeFiles/node.dir/src/offb_node.cpp.o[0m
[17.292s] [100%] [32m[1mLinking CXX executable node[0m
[18.376s] [100%] Built target node
[18.382s] Invoked command in '/root/workspace/build/core' returned '0': CMAKE_PREFIX_PATH=/root/workspace/install/core_msgs:/root/workspace/install/test_set:/root/workspace/install/core:/root/microros_ws/install/px4_ros_com:/root/microros_ws/install/px4_msgs:/root/microros_ws/install/micro_ros_setup:/root/microros_ws/install/micro_ros_agent:/root/microros_ws/install/micro_ros_msgs:/opt/ros/humble /usr/bin/cmake --build /root/workspace/build/core -- -j20 -l20
[18.405s] Invoking command in '/root/workspace/build/core': CMAKE_PREFIX_PATH=/root/workspace/install/core_msgs:/root/workspace/install/test_set:/root/workspace/install/core:/root/microros_ws/install/px4_ros_com:/root/microros_ws/install/px4_msgs:/root/microros_ws/install/micro_ros_setup:/root/microros_ws/install/micro_ros_agent:/root/microros_ws/install/micro_ros_msgs:/opt/ros/humble /usr/bin/cmake --install /root/workspace/build/core
[18.408s] -- Install configuration: ""
[18.408s] -- Installing: /root/workspace/install/core/lib/core/node
[18.419s] -- Set runtime path of "/root/workspace/install/core/lib/core/node" to ""
[18.419s] -- Up-to-date: /root/workspace/install/core/share/ament_index/resource_index/package_run_dependencies/core
[18.419s] -- Up-to-date: /root/workspace/install/core/share/ament_index/resource_index/parent_prefix_path/core
[18.419s] -- Up-to-date: /root/workspace/install/core/share/core/environment/ament_prefix_path.sh
[18.419s] -- Up-to-date: /root/workspace/install/core/share/core/environment/ament_prefix_path.dsv
[18.419s] -- Up-to-date: /root/workspace/install/core/share/core/environment/path.sh
[18.419s] -- Up-to-date: /root/workspace/install/core/share/core/environment/path.dsv
[18.419s] -- Up-to-date: /root/workspace/install/core/share/core/local_setup.bash
[18.419s] -- Up-to-date: /root/workspace/install/core/share/core/local_setup.sh
[18.419s] -- Up-to-date: /root/workspace/install/core/share/core/local_setup.zsh
[18.419s] -- Up-to-date: /root/workspace/install/core/share/core/local_setup.dsv
[18.419s] -- Installing: /root/workspace/install/core/share/core/package.dsv
[18.419s] -- Up-to-date: /root/workspace/install/core/share/ament_index/resource_index/packages/core
[18.420s] -- Up-to-date: /root/workspace/install/core/share/core/cmake/coreConfig.cmake
[18.420s] -- Up-to-date: /root/workspace/install/core/share/core/cmake/coreConfig-version.cmake
[18.420s] -- Up-to-date: /root/workspace/install/core/share/core/package.xml
[18.420s] Invoked command in '/root/workspace/build/core' returned '0': CMAKE_PREFIX_PATH=/root/workspace/install/core_msgs:/root/workspace/install/test_set:/root/workspace/install/core:/root/microros_ws/install/px4_ros_com:/root/microros_ws/install/px4_msgs:/root/microros_ws/install/micro_ros_setup:/root/microros_ws/install/micro_ros_agent:/root/microros_ws/install/micro_ros_msgs:/opt/ros/humble /usr/bin/cmake --install /root/workspace/build/core
