[0.007s] Invoking command in '/root/workspace/build/link': AMENT_PREFIX_PATH=/root/workspace/install/core_msgs:${AMENT_PREFIX_PATH} CMAKE_PREFIX_PATH=/root/workspace/install/core_msgs:/root/microros_ws/install/px4_ros_com:/root/microros_ws/install/px4_msgs:/root/microros_ws/install/micro_ros_setup:/root/microros_ws/install/micro_ros_agent:/root/microros_ws/install/micro_ros_msgs:/opt/ros/humble LD_LIBRARY_PATH=/root/workspace/install/core_msgs/lib:${LD_LIBRARY_PATH} PYTHONPATH=/root/workspace/install/core_msgs/local/lib/python3.10/dist-packages:${PYTHONPATH} /usr/bin/cmake --build /root/workspace/build/link -- -j20 -l20
[0.032s] [100%] Built target node
[0.036s] Invoked command in '/root/workspace/build/link' returned '0': AMENT_PREFIX_PATH=/root/workspace/install/core_msgs:${AMENT_PREFIX_PATH} CMAKE_PREFIX_PATH=/root/workspace/install/core_msgs:/root/microros_ws/install/px4_ros_com:/root/microros_ws/install/px4_msgs:/root/microros_ws/install/micro_ros_setup:/root/microros_ws/install/micro_ros_agent:/root/microros_ws/install/micro_ros_msgs:/opt/ros/humble LD_LIBRARY_PATH=/root/workspace/install/core_msgs/lib:${LD_LIBRARY_PATH} PYTHONPATH=/root/workspace/install/core_msgs/local/lib/python3.10/dist-packages:${PYTHONPATH} /usr/bin/cmake --build /root/workspace/build/link -- -j20 -l20
[0.046s] Invoking command in '/root/workspace/build/link': AMENT_PREFIX_PATH=/root/workspace/install/core_msgs:${AMENT_PREFIX_PATH} CMAKE_PREFIX_PATH=/root/workspace/install/core_msgs:/root/microros_ws/install/px4_ros_com:/root/microros_ws/install/px4_msgs:/root/microros_ws/install/micro_ros_setup:/root/microros_ws/install/micro_ros_agent:/root/microros_ws/install/micro_ros_msgs:/opt/ros/humble LD_LIBRARY_PATH=/root/workspace/install/core_msgs/lib:${LD_LIBRARY_PATH} PYTHONPATH=/root/workspace/install/core_msgs/local/lib/python3.10/dist-packages:${PYTHONPATH} /usr/bin/cmake --install /root/workspace/build/link
[0.050s] -- Install configuration: ""
[0.050s] -- Up-to-date: /root/workspace/install/link/lib/link/node
[0.050s] -- Up-to-date: /root/workspace/install/link/share/ament_index/resource_index/package_run_dependencies/link
[0.050s] -- Up-to-date: /root/workspace/install/link/share/ament_index/resource_index/parent_prefix_path/link
[0.050s] -- Up-to-date: /root/workspace/install/link/share/link/environment/ament_prefix_path.sh
[0.050s] -- Up-to-date: /root/workspace/install/link/share/link/environment/ament_prefix_path.dsv
[0.050s] -- Up-to-date: /root/workspace/install/link/share/link/environment/path.sh
[0.050s] -- Up-to-date: /root/workspace/install/link/share/link/environment/path.dsv
[0.050s] -- Up-to-date: /root/workspace/install/link/share/link/local_setup.bash
[0.050s] -- Up-to-date: /root/workspace/install/link/share/link/local_setup.sh
[0.050s] -- Up-to-date: /root/workspace/install/link/share/link/local_setup.zsh
[0.050s] -- Up-to-date: /root/workspace/install/link/share/link/local_setup.dsv
[0.050s] -- Installing: /root/workspace/install/link/share/link/package.dsv
[0.050s] -- Up-to-date: /root/workspace/install/link/share/ament_index/resource_index/packages/link
[0.050s] -- Up-to-date: /root/workspace/install/link/share/link/cmake/linkConfig.cmake
[0.050s] -- Up-to-date: /root/workspace/install/link/share/link/cmake/linkConfig-version.cmake
[0.050s] -- Up-to-date: /root/workspace/install/link/share/link/package.xml
[0.051s] Invoked command in '/root/workspace/build/link' returned '0': AMENT_PREFIX_PATH=/root/workspace/install/core_msgs:${AMENT_PREFIX_PATH} CMAKE_PREFIX_PATH=/root/workspace/install/core_msgs:/root/microros_ws/install/px4_ros_com:/root/microros_ws/install/px4_msgs:/root/microros_ws/install/micro_ros_setup:/root/microros_ws/install/micro_ros_agent:/root/microros_ws/install/micro_ros_msgs:/opt/ros/humble LD_LIBRARY_PATH=/root/workspace/install/core_msgs/lib:${LD_LIBRARY_PATH} PYTHONPATH=/root/workspace/install/core_msgs/local/lib/python3.10/dist-packages:${PYTHONPATH} /usr/bin/cmake --install /root/workspace/build/link
