[0.012s] Invoking command in '/root/workspace/build/core_msgs': CMAKE_PREFIX_PATH=${CMAKE_PREFIX_PATH}:/opt/ros/humble /usr/bin/cmake --build /root/workspace/build/core_msgs -- -j20 -l20
[0.024s] -- Found ament_cmake: 1.3.8 (/opt/ros/humble/share/ament_cmake/cmake)
[0.086s] -- Found rosidl_default_generators: 1.2.0 (/opt/ros/humble/share/rosidl_default_generators/cmake)
[0.087s] -- Using all available rosidl_typesupport_c: rosidl_typesupport_fastrtps_c;rosidl_typesupport_introspection_c
[0.089s] -- Found rosidl_adapter: 3.1.5 (/opt/ros/humble/share/rosidl_adapter/cmake)
[0.104s] -- Using all available rosidl_typesupport_cpp: rosidl_typesupport_fastrtps_cpp;rosidl_typesupport_introspection_cpp
[0.234s] -- Found ament_cmake_ros: 0.10.0 (/opt/ros/humble/share/ament_cmake_ros/cmake)
[0.315s] -- Using all available rosidl_typesupport_c: rosidl_typesupport_fastrtps_c;rosidl_typesupport_introspection_c
[0.425s] -- Using all available rosidl_typesupport_cpp: rosidl_typesupport_fastrtps_cpp;rosidl_typesupport_introspection_cpp
[0.434s] -- Found python_cmake_module: 0.10.0 (/opt/ros/humble/share/python_cmake_module/cmake)
[0.443s] -- Using PYTHON_EXECUTABLE: /usr/bin/python3
[0.443s] -- Using PYTHON_INCLUDE_DIRS: /usr/include/python3.10
[0.443s] -- Using PYTHON_LIBRARIES: /usr/lib/x86_64-linux-gnu/libpython3.10.so
[0.449s] -- Found ament_lint_auto: 0.12.10 (/opt/ros/humble/share/ament_lint_auto/cmake)
[0.453s] -- Added test 'copyright' to check source files copyright and LICENSE
[0.454s] -- Added test 'lint_cmake' to check CMake code style
[0.454s] -- Added test 'xmllint' to check XML markup files
[0.455s] -- Configuring done
[0.468s] -- Generating done
[0.469s] -- Build files have been written to: /root/workspace/build/core_msgs
[0.479s] [  2%] [34m[1mGenerating C code for ROS interfaces[0m
[0.484s] [  5%] [34m[1mGenerating C++ code for ROS interfaces[0m
[0.487s] [  5%] Built target ament_cmake_python_copy_core_msgs
[0.581s] running egg_info
[0.581s] writing core_msgs.egg-info/PKG-INFO
[0.581s] writing dependency_links to core_msgs.egg-info/dependency_links.txt
[0.581s] writing top-level names to core_msgs.egg-info/top_level.txt
[0.582s] reading manifest file 'core_msgs.egg-info/SOURCES.txt'
[0.582s] writing manifest file 'core_msgs.egg-info/SOURCES.txt'
[0.595s] [  5%] Built target ament_cmake_python_build_core_msgs_egg
[0.622s] [  5%] Built target core_msgs__cpp
[0.622s] [35m[1mConsolidate compiler generated dependencies of target core_msgs__rosidl_generator_c[0m
[0.626s] [  7%] [34m[1mGenerating C++ type support dispatch for ROS interfaces[0m
[0.627s] [ 10%] [34m[1mGenerating C++ introspection for ROS interfaces[0m
[0.627s] [ 12%] [34m[1mGenerating C++ type support for eProsima Fast-RTPS[0m
[0.627s] [ 15%] [32mBuilding C object CMakeFiles/core_msgs__rosidl_generator_c.dir/rosidl_generator_c/core_msgs/msg/detail/trajectory__functions.c.o[0m
[0.627s] [ 17%] [32mBuilding C object CMakeFiles/core_msgs__rosidl_generator_c.dir/rosidl_generator_c/core_msgs/msg/detail/aux_global_position__functions.c.o[0m
[0.659s] [ 20%] [32m[1mLinking C shared library libcore_msgs__rosidl_generator_c.so[0m
[0.676s] [ 20%] Built target core_msgs__rosidl_generator_c
[0.681s] [ 28%] [34m[1mGenerating C type support for eProsima Fast-RTPS[0m
[0.681s] [ 28%] [34m[1mGenerating C type support dispatch for ROS interfaces[0m
[0.681s] [ 28%] [34m[1mGenerating C introspection for ROS interfaces[0m
[0.742s] [35m[1mConsolidate compiler generated dependencies of target core_msgs__rosidl_typesupport_cpp[0m
[0.748s] [ 33%] [32mBuilding CXX object CMakeFiles/core_msgs__rosidl_typesupport_cpp.dir/rosidl_typesupport_cpp/core_msgs/msg/aux_global_position__type_support.cpp.o[0m
[0.749s] [ 33%] [32mBuilding CXX object CMakeFiles/core_msgs__rosidl_typesupport_cpp.dir/rosidl_typesupport_cpp/core_msgs/msg/trajectory__type_support.cpp.o[0m
[0.762s] [35m[1mConsolidate compiler generated dependencies of target core_msgs__rosidl_typesupport_introspection_cpp[0m
[0.764s] [35m[1mConsolidate compiler generated dependencies of target core_msgs__rosidl_typesupport_fastrtps_cpp[0m
[0.768s] [ 35%] [32mBuilding CXX object CMakeFiles/core_msgs__rosidl_typesupport_introspection_cpp.dir/rosidl_typesupport_introspection_cpp/core_msgs/msg/detail/trajectory__type_support.cpp.o[0m
[0.768s] [ 38%] [32mBuilding CXX object CMakeFiles/core_msgs__rosidl_typesupport_introspection_cpp.dir/rosidl_typesupport_introspection_cpp/core_msgs/msg/detail/aux_global_position__type_support.cpp.o[0m
[0.770s] [ 41%] [32mBuilding CXX object CMakeFiles/core_msgs__rosidl_typesupport_fastrtps_cpp.dir/rosidl_typesupport_fastrtps_cpp/core_msgs/msg/detail/dds_fastrtps/trajectory__type_support.cpp.o[0m
[0.772s] [ 43%] [32mBuilding CXX object CMakeFiles/core_msgs__rosidl_typesupport_fastrtps_cpp.dir/rosidl_typesupport_fastrtps_cpp/core_msgs/msg/detail/dds_fastrtps/aux_global_position__type_support.cpp.o[0m
[0.798s] [35m[1mConsolidate compiler generated dependencies of target core_msgs__rosidl_typesupport_c[0m
[0.804s] [ 46%] [32mBuilding CXX object CMakeFiles/core_msgs__rosidl_typesupport_c.dir/rosidl_typesupport_c/core_msgs/msg/trajectory__type_support.cpp.o[0m
[0.805s] [ 48%] [32mBuilding CXX object CMakeFiles/core_msgs__rosidl_typesupport_c.dir/rosidl_typesupport_c/core_msgs/msg/aux_global_position__type_support.cpp.o[0m
[0.815s] [35m[1mConsolidate compiler generated dependencies of target core_msgs__rosidl_typesupport_introspection_c[0m
[0.817s] [35m[1mConsolidate compiler generated dependencies of target core_msgs__rosidl_typesupport_fastrtps_c[0m
[0.821s] [ 51%] [32mBuilding C object CMakeFiles/core_msgs__rosidl_typesupport_introspection_c.dir/rosidl_typesupport_introspection_c/core_msgs/msg/detail/trajectory__type_support.c.o[0m
[0.822s] [ 53%] [32mBuilding C object CMakeFiles/core_msgs__rosidl_typesupport_introspection_c.dir/rosidl_typesupport_introspection_c/core_msgs/msg/detail/aux_global_position__type_support.c.o[0m
[0.825s] [ 58%] [32mBuilding CXX object CMakeFiles/core_msgs__rosidl_typesupport_fastrtps_c.dir/rosidl_typesupport_fastrtps_c/core_msgs/msg/detail/trajectory__type_support_c.cpp.o[0m
[0.825s] [ 58%] [32mBuilding CXX object CMakeFiles/core_msgs__rosidl_typesupport_fastrtps_c.dir/rosidl_typesupport_fastrtps_c/core_msgs/msg/detail/aux_global_position__type_support_c.cpp.o[0m
[0.826s] [ 61%] [32m[1mLinking CXX shared library libcore_msgs__rosidl_typesupport_c.so[0m
[0.844s] [ 64%] [32m[1mLinking C shared library libcore_msgs__rosidl_typesupport_introspection_c.so[0m
[0.859s] [ 64%] Built target core_msgs__rosidl_typesupport_c
[0.860s] [ 64%] Built target core_msgs__rosidl_typesupport_introspection_c
[0.883s] [ 66%] [32m[1mLinking CXX shared library libcore_msgs__rosidl_typesupport_cpp.so[0m
[0.904s] [ 66%] Built target core_msgs__rosidl_typesupport_cpp
[0.965s] [ 69%] [32m[1mLinking CXX shared library libcore_msgs__rosidl_typesupport_introspection_cpp.so[0m
[0.986s] [ 69%] Built target core_msgs__rosidl_typesupport_introspection_cpp
[0.992s] [ 71%] [32m[1mLinking CXX shared library libcore_msgs__rosidl_typesupport_fastrtps_c.so[0m
[1.026s] [ 74%] [32m[1mLinking CXX shared library libcore_msgs__rosidl_typesupport_fastrtps_cpp.so[0m
[1.030s] [ 74%] Built target core_msgs__rosidl_typesupport_fastrtps_c
[1.064s] [ 74%] Built target core_msgs__rosidl_typesupport_fastrtps_cpp
[1.073s] [ 74%] Built target core_msgs
[1.081s] [ 76%] [34m[1mGenerating Python code for ROS interfaces[0m
[1.267s] [ 76%] Built target core_msgs__py
[1.271s] [35m[1mConsolidate compiler generated dependencies of target core_msgs__rosidl_generator_py[0m
[1.277s] [ 82%] [32mBuilding C object CMakeFiles/core_msgs__rosidl_generator_py.dir/rosidl_generator_py/core_msgs/msg/_aux_global_position_s.c.o[0m
[1.278s] [ 82%] [32mBuilding C object CMakeFiles/core_msgs__rosidl_generator_py.dir/rosidl_generator_py/core_msgs/msg/_trajectory_s.c.o[0m
[1.326s] [ 84%] [32m[1mLinking C shared library rosidl_generator_py/core_msgs/libcore_msgs__rosidl_generator_py.so[0m
[1.345s] [ 84%] Built target core_msgs__rosidl_generator_py
[1.350s] [35m[1mConsolidate compiler generated dependencies of target core_msgs__rosidl_typesupport_fastrtps_c__pyext[0m
[1.350s] [35m[1mConsolidate compiler generated dependencies of target core_msgs__rosidl_typesupport_introspection_c__pyext[0m
[1.350s] [35m[1mConsolidate compiler generated dependencies of target core_msgs__rosidl_typesupport_c__pyext[0m
[1.356s] [ 89%] [32mBuilding C object CMakeFiles/core_msgs__rosidl_typesupport_fastrtps_c__pyext.dir/rosidl_generator_py/core_msgs/_core_msgs_s.ep.rosidl_typesupport_fastrtps_c.c.o[0m
[1.356s] [ 89%] [32mBuilding C object CMakeFiles/core_msgs__rosidl_typesupport_c__pyext.dir/rosidl_generator_py/core_msgs/_core_msgs_s.ep.rosidl_typesupport_c.c.o[0m
[1.357s] [ 92%] [32mBuilding C object CMakeFiles/core_msgs__rosidl_typesupport_introspection_c__pyext.dir/rosidl_generator_py/core_msgs/_core_msgs_s.ep.rosidl_typesupport_introspection_c.c.o[0m
[1.402s] [ 94%] [32m[1mLinking C shared library rosidl_generator_py/core_msgs/core_msgs_s__rosidl_typesupport_c.cpython-310-x86_64-linux-gnu.so[0m
[1.402s] [ 97%] [32m[1mLinking C shared library rosidl_generator_py/core_msgs/core_msgs_s__rosidl_typesupport_introspection_c.cpython-310-x86_64-linux-gnu.so[0m
[1.402s] [100%] [32m[1mLinking C shared library rosidl_generator_py/core_msgs/core_msgs_s__rosidl_typesupport_fastrtps_c.cpython-310-x86_64-linux-gnu.so[0m
[1.418s] [100%] Built target core_msgs__rosidl_typesupport_fastrtps_c__pyext
[1.418s] [100%] Built target core_msgs__rosidl_typesupport_introspection_c__pyext
[1.418s] [100%] Built target core_msgs__rosidl_typesupport_c__pyext
[1.423s] Invoked command in '/root/workspace/build/core_msgs' returned '0': CMAKE_PREFIX_PATH=${CMAKE_PREFIX_PATH}:/opt/ros/humble /usr/bin/cmake --build /root/workspace/build/core_msgs -- -j20 -l20
[1.456s] Invoking command in '/root/workspace/build/core_msgs': CMAKE_PREFIX_PATH=${CMAKE_PREFIX_PATH}:/opt/ros/humble /usr/bin/cmake --install /root/workspace/build/core_msgs
[1.460s] -- Install configuration: ""
[1.460s] -- Up-to-date: /root/workspace/install/core_msgs/share/ament_index/resource_index/rosidl_interfaces/core_msgs
[1.460s] -- Up-to-date: /root/workspace/install/core_msgs/include/core_msgs/core_msgs
[1.460s] -- Up-to-date: /root/workspace/install/core_msgs/include/core_msgs/core_msgs/msg
[1.460s] -- Up-to-date: /root/workspace/install/core_msgs/include/core_msgs/core_msgs/msg/detail
[1.460s] -- Installing: /root/workspace/install/core_msgs/include/core_msgs/core_msgs/msg/detail/trajectory__functions.h
[1.460s] -- Installing: /root/workspace/install/core_msgs/include/core_msgs/core_msgs/msg/detail/trajectory__type_support.h
[1.461s] -- Installing: /root/workspace/install/core_msgs/include/core_msgs/core_msgs/msg/detail/aux_global_position__functions.c
[1.461s] -- Installing: /root/workspace/install/core_msgs/include/core_msgs/core_msgs/msg/detail/trajectory__struct.h
[1.461s] -- Installing: /root/workspace/install/core_msgs/include/core_msgs/core_msgs/msg/detail/trajectory__functions.c
[1.461s] -- Installing: /root/workspace/install/core_msgs/include/core_msgs/core_msgs/msg/detail/aux_global_position__type_support.h
[1.461s] -- Installing: /root/workspace/install/core_msgs/include/core_msgs/core_msgs/msg/detail/aux_global_position__functions.h
[1.461s] -- Installing: /root/workspace/install/core_msgs/include/core_msgs/core_msgs/msg/detail/aux_global_position__struct.h
[1.461s] -- Installing: /root/workspace/install/core_msgs/include/core_msgs/core_msgs/msg/aux_global_position.h
[1.461s] -- Installing: /root/workspace/install/core_msgs/include/core_msgs/core_msgs/msg/trajectory.h
[1.461s] -- Up-to-date: /root/workspace/install/core_msgs/include/core_msgs/core_msgs/msg/rosidl_generator_c__visibility_control.h
[1.461s] -- Up-to-date: /root/workspace/install/core_msgs/share/core_msgs/environment/library_path.sh
[1.461s] -- Installing: /root/workspace/install/core_msgs/share/core_msgs/environment/library_path.dsv
[1.461s] -- Installing: /root/workspace/install/core_msgs/lib/libcore_msgs__rosidl_generator_c.so
[1.461s] -- Set runtime path of "/root/workspace/install/core_msgs/lib/libcore_msgs__rosidl_generator_c.so" to ""
[1.462s] -- Up-to-date: /root/workspace/install/core_msgs/include/core_msgs/core_msgs
[1.462s] -- Up-to-date: /root/workspace/install/core_msgs/include/core_msgs/core_msgs/msg
[1.462s] -- Up-to-date: /root/workspace/install/core_msgs/include/core_msgs/core_msgs/msg/detail
[1.462s] -- Installing: /root/workspace/install/core_msgs/include/core_msgs/core_msgs/msg/detail/trajectory__rosidl_typesupport_fastrtps_c.h
[1.462s] -- Installing: /root/workspace/install/core_msgs/include/core_msgs/core_msgs/msg/detail/aux_global_position__rosidl_typesupport_fastrtps_c.h
[1.462s] -- Up-to-date: /root/workspace/install/core_msgs/include/core_msgs/core_msgs/msg/rosidl_typesupport_fastrtps_c__visibility_control.h
[1.462s] -- Installing: /root/workspace/install/core_msgs/lib/libcore_msgs__rosidl_typesupport_fastrtps_c.so
[1.462s] -- Set runtime path of "/root/workspace/install/core_msgs/lib/libcore_msgs__rosidl_typesupport_fastrtps_c.so" to ""
[1.462s] -- Up-to-date: /root/workspace/install/core_msgs/include/core_msgs/core_msgs
[1.462s] -- Up-to-date: /root/workspace/install/core_msgs/include/core_msgs/core_msgs/msg
[1.462s] -- Up-to-date: /root/workspace/install/core_msgs/include/core_msgs/core_msgs/msg/rosidl_typesupport_introspection_c__visibility_control.h
[1.462s] -- Up-to-date: /root/workspace/install/core_msgs/include/core_msgs/core_msgs/msg/detail
[1.463s] -- Installing: /root/workspace/install/core_msgs/include/core_msgs/core_msgs/msg/detail/aux_global_position__rosidl_typesupport_introspection_c.h
[1.463s] -- Installing: /root/workspace/install/core_msgs/include/core_msgs/core_msgs/msg/detail/trajectory__rosidl_typesupport_introspection_c.h
[1.463s] -- Installing: /root/workspace/install/core_msgs/include/core_msgs/core_msgs/msg/detail/aux_global_position__type_support.c
[1.463s] -- Installing: /root/workspace/install/core_msgs/include/core_msgs/core_msgs/msg/detail/trajectory__type_support.c
[1.463s] -- Installing: /root/workspace/install/core_msgs/lib/libcore_msgs__rosidl_typesupport_introspection_c.so
[1.463s] -- Set runtime path of "/root/workspace/install/core_msgs/lib/libcore_msgs__rosidl_typesupport_introspection_c.so" to ""
[1.463s] -- Installing: /root/workspace/install/core_msgs/lib/libcore_msgs__rosidl_typesupport_c.so
[1.463s] -- Set runtime path of "/root/workspace/install/core_msgs/lib/libcore_msgs__rosidl_typesupport_c.so" to ""
[1.463s] -- Up-to-date: /root/workspace/install/core_msgs/include/core_msgs/core_msgs
[1.463s] -- Up-to-date: /root/workspace/install/core_msgs/include/core_msgs/core_msgs/msg
[1.463s] -- Up-to-date: /root/workspace/install/core_msgs/include/core_msgs/core_msgs/msg/detail
[1.463s] -- Installing: /root/workspace/install/core_msgs/include/core_msgs/core_msgs/msg/detail/trajectory__builder.hpp
[1.463s] -- Installing: /root/workspace/install/core_msgs/include/core_msgs/core_msgs/msg/detail/trajectory__traits.hpp
[1.464s] -- Installing: /root/workspace/install/core_msgs/include/core_msgs/core_msgs/msg/detail/aux_global_position__struct.hpp
[1.464s] -- Installing: /root/workspace/install/core_msgs/include/core_msgs/core_msgs/msg/detail/aux_global_position__traits.hpp
[1.464s] -- Installing: /root/workspace/install/core_msgs/include/core_msgs/core_msgs/msg/detail/aux_global_position__builder.hpp
[1.464s] -- Installing: /root/workspace/install/core_msgs/include/core_msgs/core_msgs/msg/detail/trajectory__struct.hpp
[1.464s] -- Installing: /root/workspace/install/core_msgs/include/core_msgs/core_msgs/msg/aux_global_position.hpp
[1.464s] -- Installing: /root/workspace/install/core_msgs/include/core_msgs/core_msgs/msg/trajectory.hpp
[1.464s] -- Up-to-date: /root/workspace/install/core_msgs/include/core_msgs/core_msgs
[1.464s] -- Up-to-date: /root/workspace/install/core_msgs/include/core_msgs/core_msgs/msg
[1.464s] -- Up-to-date: /root/workspace/install/core_msgs/include/core_msgs/core_msgs/msg/detail
[1.464s] -- Up-to-date: /root/workspace/install/core_msgs/include/core_msgs/core_msgs/msg/detail/dds_fastrtps
[1.464s] -- Installing: /root/workspace/install/core_msgs/include/core_msgs/core_msgs/msg/detail/trajectory__rosidl_typesupport_fastrtps_cpp.hpp
[1.464s] -- Installing: /root/workspace/install/core_msgs/include/core_msgs/core_msgs/msg/detail/aux_global_position__rosidl_typesupport_fastrtps_cpp.hpp
[1.464s] -- Up-to-date: /root/workspace/install/core_msgs/include/core_msgs/core_msgs/msg/rosidl_typesupport_fastrtps_cpp__visibility_control.h
[1.464s] -- Installing: /root/workspace/install/core_msgs/lib/libcore_msgs__rosidl_typesupport_fastrtps_cpp.so
[1.464s] -- Set runtime path of "/root/workspace/install/core_msgs/lib/libcore_msgs__rosidl_typesupport_fastrtps_cpp.so" to ""
[1.464s] -- Up-to-date: /root/workspace/install/core_msgs/include/core_msgs/core_msgs
[1.464s] -- Up-to-date: /root/workspace/install/core_msgs/include/core_msgs/core_msgs/msg
[1.464s] -- Up-to-date: /root/workspace/install/core_msgs/include/core_msgs/core_msgs/msg/detail
[1.464s] -- Installing: /root/workspace/install/core_msgs/include/core_msgs/core_msgs/msg/detail/trajectory__type_support.cpp
[1.464s] -- Installing: /root/workspace/install/core_msgs/include/core_msgs/core_msgs/msg/detail/aux_global_position__type_support.cpp
[1.464s] -- Installing: /root/workspace/install/core_msgs/include/core_msgs/core_msgs/msg/detail/aux_global_position__rosidl_typesupport_introspection_cpp.hpp
[1.464s] -- Installing: /root/workspace/install/core_msgs/include/core_msgs/core_msgs/msg/detail/trajectory__rosidl_typesupport_introspection_cpp.hpp
[1.464s] -- Installing: /root/workspace/install/core_msgs/lib/libcore_msgs__rosidl_typesupport_introspection_cpp.so
[1.464s] -- Set runtime path of "/root/workspace/install/core_msgs/lib/libcore_msgs__rosidl_typesupport_introspection_cpp.so" to ""
[1.464s] -- Installing: /root/workspace/install/core_msgs/lib/libcore_msgs__rosidl_typesupport_cpp.so
[1.464s] -- Set runtime path of "/root/workspace/install/core_msgs/lib/libcore_msgs__rosidl_typesupport_cpp.so" to ""
[1.464s] -- Up-to-date: /root/workspace/install/core_msgs/share/core_msgs/environment/pythonpath.sh
[1.464s] -- Installing: /root/workspace/install/core_msgs/share/core_msgs/environment/pythonpath.dsv
[1.464s] -- Up-to-date: /root/workspace/install/core_msgs/local/lib/python3.10/dist-packages/core_msgs-0.0.0-py3.10.egg-info
[1.464s] -- Installing: /root/workspace/install/core_msgs/local/lib/python3.10/dist-packages/core_msgs-0.0.0-py3.10.egg-info/dependency_links.txt
[1.464s] -- Installing: /root/workspace/install/core_msgs/local/lib/python3.10/dist-packages/core_msgs-0.0.0-py3.10.egg-info/PKG-INFO
[1.464s] -- Installing: /root/workspace/install/core_msgs/local/lib/python3.10/dist-packages/core_msgs-0.0.0-py3.10.egg-info/top_level.txt
[1.464s] -- Installing: /root/workspace/install/core_msgs/local/lib/python3.10/dist-packages/core_msgs-0.0.0-py3.10.egg-info/SOURCES.txt
[1.464s] -- Up-to-date: /root/workspace/install/core_msgs/local/lib/python3.10/dist-packages/core_msgs
[1.464s] -- Installing: /root/workspace/install/core_msgs/local/lib/python3.10/dist-packages/core_msgs/core_msgs_s__rosidl_typesupport_introspection_c.cpython-310-x86_64-linux-gnu.so
[1.464s] -- Installing: /root/workspace/install/core_msgs/local/lib/python3.10/dist-packages/core_msgs/__init__.py
[1.464s] -- Installing: /root/workspace/install/core_msgs/local/lib/python3.10/dist-packages/core_msgs/core_msgs_s__rosidl_typesupport_c.cpython-310-x86_64-linux-gnu.so
[1.464s] -- Installing: /root/workspace/install/core_msgs/local/lib/python3.10/dist-packages/core_msgs/_core_msgs_s.ep.rosidl_typesupport_introspection_c.c
[1.464s] -- Installing: /root/workspace/install/core_msgs/local/lib/python3.10/dist-packages/core_msgs/core_msgs_s__rosidl_typesupport_fastrtps_c.cpython-310-x86_64-linux-gnu.so
[1.464s] -- Installing: /root/workspace/install/core_msgs/local/lib/python3.10/dist-packages/core_msgs/_core_msgs_s.ep.rosidl_typesupport_fastrtps_c.c
[1.465s] -- Installing: /root/workspace/install/core_msgs/local/lib/python3.10/dist-packages/core_msgs/libcore_msgs__rosidl_generator_py.so
[1.465s] -- Up-to-date: /root/workspace/install/core_msgs/local/lib/python3.10/dist-packages/core_msgs/msg
[1.465s] -- Installing: /root/workspace/install/core_msgs/local/lib/python3.10/dist-packages/core_msgs/msg/_aux_global_position.py
[1.465s] -- Installing: /root/workspace/install/core_msgs/local/lib/python3.10/dist-packages/core_msgs/msg/__init__.py
[1.465s] -- Installing: /root/workspace/install/core_msgs/local/lib/python3.10/dist-packages/core_msgs/msg/_aux_global_position_s.c
[1.465s] -- Installing: /root/workspace/install/core_msgs/local/lib/python3.10/dist-packages/core_msgs/msg/_trajectory_s.c
[1.465s] -- Installing: /root/workspace/install/core_msgs/local/lib/python3.10/dist-packages/core_msgs/msg/_trajectory.py
[1.465s] -- Installing: /root/workspace/install/core_msgs/local/lib/python3.10/dist-packages/core_msgs/_core_msgs_s.ep.rosidl_typesupport_c.c
[1.485s] Listing '/root/workspace/install/core_msgs/local/lib/python3.10/dist-packages/core_msgs'...
[1.485s] Compiling '/root/workspace/install/core_msgs/local/lib/python3.10/dist-packages/core_msgs/__init__.py'...
[1.485s] Listing '/root/workspace/install/core_msgs/local/lib/python3.10/dist-packages/core_msgs/msg'...
[1.485s] Compiling '/root/workspace/install/core_msgs/local/lib/python3.10/dist-packages/core_msgs/msg/__init__.py'...
[1.485s] Compiling '/root/workspace/install/core_msgs/local/lib/python3.10/dist-packages/core_msgs/msg/_aux_global_position.py'...
[1.485s] Compiling '/root/workspace/install/core_msgs/local/lib/python3.10/dist-packages/core_msgs/msg/_trajectory.py'...
[1.488s] -- Installing: /root/workspace/install/core_msgs/local/lib/python3.10/dist-packages/core_msgs/core_msgs_s__rosidl_typesupport_fastrtps_c.cpython-310-x86_64-linux-gnu.so
[1.488s] -- Set runtime path of "/root/workspace/install/core_msgs/local/lib/python3.10/dist-packages/core_msgs/core_msgs_s__rosidl_typesupport_fastrtps_c.cpython-310-x86_64-linux-gnu.so" to ""
[1.488s] -- Installing: /root/workspace/install/core_msgs/local/lib/python3.10/dist-packages/core_msgs/core_msgs_s__rosidl_typesupport_introspection_c.cpython-310-x86_64-linux-gnu.so
[1.488s] -- Set runtime path of "/root/workspace/install/core_msgs/local/lib/python3.10/dist-packages/core_msgs/core_msgs_s__rosidl_typesupport_introspection_c.cpython-310-x86_64-linux-gnu.so" to ""
[1.488s] -- Installing: /root/workspace/install/core_msgs/local/lib/python3.10/dist-packages/core_msgs/core_msgs_s__rosidl_typesupport_c.cpython-310-x86_64-linux-gnu.so
[1.488s] -- Set runtime path of "/root/workspace/install/core_msgs/local/lib/python3.10/dist-packages/core_msgs/core_msgs_s__rosidl_typesupport_c.cpython-310-x86_64-linux-gnu.so" to ""
[1.488s] -- Installing: /root/workspace/install/core_msgs/lib/libcore_msgs__rosidl_generator_py.so
[1.488s] -- Set runtime path of "/root/workspace/install/core_msgs/lib/libcore_msgs__rosidl_generator_py.so" to ""
[1.488s] -- Up-to-date: /root/workspace/install/core_msgs/share/core_msgs/msg/Trajectory.idl
[1.488s] -- Installing: /root/workspace/install/core_msgs/share/core_msgs/msg/AuxGlobalPosition.idl
[1.488s] -- Up-to-date: /root/workspace/install/core_msgs/share/core_msgs/msg/Trajectory.msg
[1.488s] -- Installing: /root/workspace/install/core_msgs/share/core_msgs/msg/AuxGlobalPosition.msg
[1.488s] -- Up-to-date: /root/workspace/install/core_msgs/share/ament_index/resource_index/package_run_dependencies/core_msgs
[1.489s] -- Up-to-date: /root/workspace/install/core_msgs/share/ament_index/resource_index/parent_prefix_path/core_msgs
[1.489s] -- Up-to-date: /root/workspace/install/core_msgs/share/core_msgs/environment/ament_prefix_path.sh
[1.489s] -- Installing: /root/workspace/install/core_msgs/share/core_msgs/environment/ament_prefix_path.dsv
[1.489s] -- Up-to-date: /root/workspace/install/core_msgs/share/core_msgs/environment/path.sh
[1.489s] -- Installing: /root/workspace/install/core_msgs/share/core_msgs/environment/path.dsv
[1.489s] -- Up-to-date: /root/workspace/install/core_msgs/share/core_msgs/local_setup.bash
[1.489s] -- Up-to-date: /root/workspace/install/core_msgs/share/core_msgs/local_setup.sh
[1.489s] -- Up-to-date: /root/workspace/install/core_msgs/share/core_msgs/local_setup.zsh
[1.489s] -- Installing: /root/workspace/install/core_msgs/share/core_msgs/local_setup.dsv
[1.489s] -- Installing: /root/workspace/install/core_msgs/share/core_msgs/package.dsv
[1.489s] -- Up-to-date: /root/workspace/install/core_msgs/share/ament_index/resource_index/packages/core_msgs
[1.489s] -- Up-to-date: /root/workspace/install/core_msgs/share/core_msgs/cmake/export_core_msgs__rosidl_generator_cExport.cmake
[1.489s] -- Up-to-date: /root/workspace/install/core_msgs/share/core_msgs/cmake/export_core_msgs__rosidl_generator_cExport-noconfig.cmake
[1.489s] -- Up-to-date: /root/workspace/install/core_msgs/share/core_msgs/cmake/export_core_msgs__rosidl_typesupport_fastrtps_cExport.cmake
[1.490s] -- Up-to-date: /root/workspace/install/core_msgs/share/core_msgs/cmake/export_core_msgs__rosidl_typesupport_fastrtps_cExport-noconfig.cmake
[1.490s] -- Up-to-date: /root/workspace/install/core_msgs/share/core_msgs/cmake/core_msgs__rosidl_typesupport_introspection_cExport.cmake
[1.490s] -- Up-to-date: /root/workspace/install/core_msgs/share/core_msgs/cmake/core_msgs__rosidl_typesupport_introspection_cExport-noconfig.cmake
[1.490s] -- Up-to-date: /root/workspace/install/core_msgs/share/core_msgs/cmake/core_msgs__rosidl_typesupport_cExport.cmake
[1.490s] -- Up-to-date: /root/workspace/install/core_msgs/share/core_msgs/cmake/core_msgs__rosidl_typesupport_cExport-noconfig.cmake
[1.490s] -- Up-to-date: /root/workspace/install/core_msgs/share/core_msgs/cmake/export_core_msgs__rosidl_generator_cppExport.cmake
[1.490s] -- Up-to-date: /root/workspace/install/core_msgs/share/core_msgs/cmake/export_core_msgs__rosidl_typesupport_fastrtps_cppExport.cmake
[1.490s] -- Up-to-date: /root/workspace/install/core_msgs/share/core_msgs/cmake/export_core_msgs__rosidl_typesupport_fastrtps_cppExport-noconfig.cmake
[1.490s] -- Up-to-date: /root/workspace/install/core_msgs/share/core_msgs/cmake/core_msgs__rosidl_typesupport_introspection_cppExport.cmake
[1.490s] -- Up-to-date: /root/workspace/install/core_msgs/share/core_msgs/cmake/core_msgs__rosidl_typesupport_introspection_cppExport-noconfig.cmake
[1.490s] -- Up-to-date: /root/workspace/install/core_msgs/share/core_msgs/cmake/core_msgs__rosidl_typesupport_cppExport.cmake
[1.490s] -- Up-to-date: /root/workspace/install/core_msgs/share/core_msgs/cmake/core_msgs__rosidl_typesupport_cppExport-noconfig.cmake
[1.491s] -- Up-to-date: /root/workspace/install/core_msgs/share/core_msgs/cmake/export_core_msgs__rosidl_generator_pyExport.cmake
[1.491s] -- Up-to-date: /root/workspace/install/core_msgs/share/core_msgs/cmake/export_core_msgs__rosidl_generator_pyExport-noconfig.cmake
[1.491s] -- Up-to-date: /root/workspace/install/core_msgs/share/core_msgs/cmake/rosidl_cmake-extras.cmake
[1.491s] -- Up-to-date: /root/workspace/install/core_msgs/share/core_msgs/cmake/ament_cmake_export_include_directories-extras.cmake
[1.491s] -- Up-to-date: /root/workspace/install/core_msgs/share/core_msgs/cmake/ament_cmake_export_libraries-extras.cmake
[1.491s] -- Up-to-date: /root/workspace/install/core_msgs/share/core_msgs/cmake/ament_cmake_export_targets-extras.cmake
[1.491s] -- Up-to-date: /root/workspace/install/core_msgs/share/core_msgs/cmake/rosidl_cmake_export_typesupport_targets-extras.cmake
[1.491s] -- Up-to-date: /root/workspace/install/core_msgs/share/core_msgs/cmake/ament_cmake_export_dependencies-extras.cmake
[1.491s] -- Up-to-date: /root/workspace/install/core_msgs/share/core_msgs/cmake/rosidl_cmake_export_typesupport_libraries-extras.cmake
[1.491s] -- Up-to-date: /root/workspace/install/core_msgs/share/core_msgs/cmake/core_msgsConfig.cmake
[1.491s] -- Up-to-date: /root/workspace/install/core_msgs/share/core_msgs/cmake/core_msgsConfig-version.cmake
[1.491s] -- Up-to-date: /root/workspace/install/core_msgs/share/core_msgs/package.xml
[1.491s] Invoked command in '/root/workspace/build/core_msgs' returned '0': CMAKE_PREFIX_PATH=${CMAKE_PREFIX_PATH}:/opt/ros/humble /usr/bin/cmake --install /root/workspace/build/core_msgs
