[0.011s] Invoking command in '/root/workspace/build/core': CMAKE_PREFIX_PATH=${CMAKE_PREFIX_PATH}:/opt/ros/foxy /usr/bin/cmake --build /root/workspace/build/core -- -j20 -l20
[0.040s] [35m[1mScanning dependencies of target node[0m
[0.059s] [ 50%] [32mBuilding CXX object CMakeFiles/node.dir/src/offb_node.cpp.o[0m
[0.859s] In file included from [01m[K/opt/ros/foxy/include/rclcpp/client.hpp:40[m[K,
[0.859s]                  from [01m[K/opt/ros/foxy/include/rclcpp/callback_group.hpp:23[m[K,
[0.859s]                  from [01m[K/opt/ros/foxy/include/rclcpp/any_executable.hpp:20[m[K,
[0.859s]                  from [01m[K/opt/ros/foxy/include/rclcpp/memory_strategy.hpp:24[m[K,
[0.859s]                  from [01m[K/opt/ros/foxy/include/rclcpp/memory_strategies.hpp:18[m[K,
[0.859s]                  from [01m[K/opt/ros/foxy/include/rclcpp/executor_options.hpp:20[m[K,
[0.859s]                  from [01m[K/opt/ros/foxy/include/rclcpp/executor.hpp:33[m[K,
[0.859s]                  from [01m[K/opt/ros/foxy/include/rclcpp/executors/multi_threaded_executor.hpp:26[m[K,
[0.859s]                  from [01m[K/opt/ros/foxy/include/rclcpp/executors.hpp:21[m[K,
[0.859s]                  from [01m[K/opt/ros/foxy/include/rclcpp/rclcpp.hpp:146[m[K,
[0.859s]                  from [01m[K/root/workspace/src/core/src/offb_node.cpp:2[m[K:
[0.859s] [01m[K/root/workspace/src/core/src/offb_node.cpp:[m[K In member function ‘[01m[Kvoid ControlNode::cb_srv_command(rclcpp::Client<px4_msgs::srv::VehicleCommand>::SharedFuture)[m[K’:
[0.859s] [01m[K/root/workspace/src/core/src/offb_node.cpp:56:16:[m[K [01;31m[Kerror: [m[K‘[01m[Kget[m[K’ was not declared in this scope; did you mean ‘[01m[Kstd::get[m[K’?
[0.859s]    56 |         future-[01;31m[Kget[m[K() -> message.c_str());
[0.859s]       |                [01;31m[K^~~[m[K
[0.860s] In file included from [01m[K/usr/include/c++/9/bits/unique_ptr.h:37[m[K,
[0.860s]                  from [01m[K/usr/include/c++/9/memory:80[m[K,
[0.860s]                  from [01m[K/opt/ros/foxy/include/rclcpp/rclcpp.hpp:144[m[K,
[0.860s]                  from [01m[K/root/workspace/src/core/src/offb_node.cpp:2[m[K:
[0.860s] [01m[K/usr/include/c++/9/tuple:1383:5:[m[K [01;36m[Knote: [m[K‘[01m[Kstd::get[m[K’ declared here
[0.860s]  1383 |     [01;36m[Kget[m[K(const tuple<_Types...>&& __t) noexcept
[0.860s]       |     [01;36m[K^~~[m[K
[2.075s] make[2]: *** [CMakeFiles/node.dir/build.make:63: CMakeFiles/node.dir/src/offb_node.cpp.o] Error 1
[2.075s] make[1]: *** [CMakeFiles/Makefile2:78: CMakeFiles/node.dir/all] Error 2
[2.075s] make: *** [Makefile:141: all] Error 2
[2.076s] Invoked command in '/root/workspace/build/core' returned '2': CMAKE_PREFIX_PATH=${CMAKE_PREFIX_PATH}:/opt/ros/foxy /usr/bin/cmake --build /root/workspace/build/core -- -j20 -l20
