-- Found ament_cmake: 0.9.12 (/opt/ros/foxy/share/ament_cmake/cmake)
-- Using PYTHON_EXECUTABLE: /usr/bin/python3
-- Found rclcpp: 2.4.3 (/opt/ros/foxy/share/rclcpp/cmake)
-- Using all available rosidl_typesupport_c: rosidl_typesupport_fastrtps_c;rosidl_typesupport_introspection_c
-- Found rosidl_adapter: 1.3.1 (/opt/ros/foxy/share/rosidl_adapter/cmake)
-- Using all available rosidl_typesupport_cpp: rosidl_typesupport_fastrtps_cpp;rosidl_typesupport_introspection_cpp
-- Found rmw_implementation_cmake: 1.0.4 (/opt/ros/foxy/share/rmw_implementation_cmake/cmake)
-- Using RMW implementation 'rmw_fastrtps_cpp' as default
-- Found core_msgs: 0.0.0 (/root/workspace/install/core_msgs/share/core_msgs/cmake)
-- Found px4_msgs: 2.0.1 (/root/microros_ws/install/px4_msgs/share/px4_msgs/cmake)
-- Found ament_lint_auto: 0.9.8 (/opt/ros/foxy/share/ament_lint_auto/cmake)
-- Added test 'copyright' to check source files copyright and LICENSE
-- Added test 'cppcheck' to perform static code analysis on C / C++ code
-- Configured cppcheck include dirs: 
-- Configured cppcheck exclude dirs and/or files: 
-- Added test 'cpplint' to check C / C++ code against the Google style
-- Configured cpplint exclude dirs and/or files: 
-- Added test 'lint_cmake' to check CMake code style
-- Added test 'uncrustify' to check C / C++ code style
-- Configured uncrustify additional arguments: 
-- Added test 'xmllint' to check XML markup files
-- Configuring done
-- Generating done
-- Build files have been written to: /root/workspace/build/core
[35m[1mScanning dependencies of target node[0m
[ 50%] [32mBuilding CXX object CMakeFiles/node.dir/src/offb_node.cpp.o[0m
[01m[K/root/workspace/src/core/src/offb_node.cpp:[m[K In member function ‘[01m[Kvoid ControlNode::set_trajectory(core_msgs::msg::Trajectory_<std::allocator<void> >::SharedPtr)[m[K’:
[01m[K/root/workspace/src/core/src/offb_node.cpp:205:32:[m[K [01;35m[Kwarning: [m[Knarrowing conversion of ‘[01m[K((const std::__shared_ptr_access<core_msgs::msg::Trajectory_<std::allocator<void> >, __gnu_cxx::_S_atomic, false, false>*)(& msg))->std::__shared_ptr_access<core_msgs::msg::Trajectory_<std::allocator<void> >, __gnu_cxx::_S_atomic, false, false>::operator->()->core_msgs::msg::Trajectory_<std::allocator<void> >::x[m[K’ from ‘[01m[Kcore_msgs::msg::Trajectory_<std::allocator<void> >::_x_type[m[K’ {aka ‘[01m[Kdouble[m[K’} to ‘[01m[Kfloat[m[K’ [[01;35m[K-Wnarrowing[m[K]
  205 |         tmp.position = {[01;35m[Kmsg -> x[m[K, msg -> y, -(msg -> z)};
      |                         [01;35m[K~~~~~~~^[m[K
[01m[K/root/workspace/src/core/src/offb_node.cpp:205:42:[m[K [01;35m[Kwarning: [m[Knarrowing conversion of ‘[01m[K((const std::__shared_ptr_access<core_msgs::msg::Trajectory_<std::allocator<void> >, __gnu_cxx::_S_atomic, false, false>*)(& msg))->std::__shared_ptr_access<core_msgs::msg::Trajectory_<std::allocator<void> >, __gnu_cxx::_S_atomic, false, false>::operator->()->core_msgs::msg::Trajectory_<std::allocator<void> >::y[m[K’ from ‘[01m[Kcore_msgs::msg::Trajectory_<std::allocator<void> >::_y_type[m[K’ {aka ‘[01m[Kdouble[m[K’} to ‘[01m[Kfloat[m[K’ [[01;35m[K-Wnarrowing[m[K]
  205 |         tmp.position = {msg -> x, [01;35m[Kmsg -> y[m[K, -(msg -> z)};
      |                                   [01;35m[K~~~~~~~^[m[K
[01m[K/root/workspace/src/core/src/offb_node.cpp:205:45:[m[K [01;35m[Kwarning: [m[Knarrowing conversion of ‘[01m[K-((const std::__shared_ptr_access<core_msgs::msg::Trajectory_<std::allocator<void> >, __gnu_cxx::_S_atomic, false, false>*)(& msg))->std::__shared_ptr_access<core_msgs::msg::Trajectory_<std::allocator<void> >, __gnu_cxx::_S_atomic, false, false>::operator->()->core_msgs::msg::Trajectory_<std::allocator<void> >::z[m[K’ from ‘[01m[Kcore_msgs::msg::Trajectory_<std::allocator<void> >::_z_type[m[K’ {aka ‘[01m[Kdouble[m[K’} to ‘[01m[Kfloat[m[K’ [[01;35m[K-Wnarrowing[m[K]
  205 |         tmp.position = {msg -> x, msg -> y, [01;35m[K-(msg -> z)[m[K};
      |                                             [01;35m[K^~~~~~~~~~~[m[K
[01m[K/root/workspace/src/core/src/offb_node.cpp:209:32:[m[K [01;35m[Kwarning: [m[Knarrowing conversion of ‘[01m[K((const std::__shared_ptr_access<core_msgs::msg::Trajectory_<std::allocator<void> >, __gnu_cxx::_S_atomic, false, false>*)(& msg))->std::__shared_ptr_access<core_msgs::msg::Trajectory_<std::allocator<void> >, __gnu_cxx::_S_atomic, false, false>::operator->()->core_msgs::msg::Trajectory_<std::allocator<void> >::x[m[K’ from ‘[01m[Kcore_msgs::msg::Trajectory_<std::allocator<void> >::_x_type[m[K’ {aka ‘[01m[Kdouble[m[K’} to ‘[01m[Kfloat[m[K’ [[01;35m[K-Wnarrowing[m[K]
  209 |         tmp.velocity = {[01;35m[Kmsg -> x[m[K, msg -> y, -(msg -> z)};
      |                         [01;35m[K~~~~~~~^[m[K
[01m[K/root/workspace/src/core/src/offb_node.cpp:209:42:[m[K [01;35m[Kwarning: [m[Knarrowing conversion of ‘[01m[K((const std::__shared_ptr_access<core_msgs::msg::Trajectory_<std::allocator<void> >, __gnu_cxx::_S_atomic, false, false>*)(& msg))->std::__shared_ptr_access<core_msgs::msg::Trajectory_<std::allocator<void> >, __gnu_cxx::_S_atomic, false, false>::operator->()->core_msgs::msg::Trajectory_<std::allocator<void> >::y[m[K’ from ‘[01m[Kcore_msgs::msg::Trajectory_<std::allocator<void> >::_y_type[m[K’ {aka ‘[01m[Kdouble[m[K’} to ‘[01m[Kfloat[m[K’ [[01;35m[K-Wnarrowing[m[K]
  209 |         tmp.velocity = {msg -> x, [01;35m[Kmsg -> y[m[K, -(msg -> z)};
      |                                   [01;35m[K~~~~~~~^[m[K
[01m[K/root/workspace/src/core/src/offb_node.cpp:209:45:[m[K [01;35m[Kwarning: [m[Knarrowing conversion of ‘[01m[K-((const std::__shared_ptr_access<core_msgs::msg::Trajectory_<std::allocator<void> >, __gnu_cxx::_S_atomic, false, false>*)(& msg))->std::__shared_ptr_access<core_msgs::msg::Trajectory_<std::allocator<void> >, __gnu_cxx::_S_atomic, false, false>::operator->()->core_msgs::msg::Trajectory_<std::allocator<void> >::z[m[K’ from ‘[01m[Kcore_msgs::msg::Trajectory_<std::allocator<void> >::_z_type[m[K’ {aka ‘[01m[Kdouble[m[K’} to ‘[01m[Kfloat[m[K’ [[01;35m[K-Wnarrowing[m[K]
  209 |         tmp.velocity = {msg -> x, msg -> y, [01;35m[K-(msg -> z)[m[K};
      |                                             [01;35m[K^~~~~~~~~~~[m[K
[100%] [32m[1mLinking CXX executable node[0m
[100%] Built target node
-- Install configuration: ""
-- Installing: /root/workspace/install/core/lib/core/node
-- Set runtime path of "/root/workspace/install/core/lib/core/node" to ""
-- Up-to-date: /root/workspace/install/core/share/ament_index/resource_index/package_run_dependencies/core
-- Up-to-date: /root/workspace/install/core/share/ament_index/resource_index/parent_prefix_path/core
-- Up-to-date: /root/workspace/install/core/share/core/environment/ament_prefix_path.sh
-- Installing: /root/workspace/install/core/share/core/environment/ament_prefix_path.dsv
-- Up-to-date: /root/workspace/install/core/share/core/environment/path.sh
-- Installing: /root/workspace/install/core/share/core/environment/path.dsv
-- Up-to-date: /root/workspace/install/core/share/core/local_setup.bash
-- Up-to-date: /root/workspace/install/core/share/core/local_setup.sh
-- Up-to-date: /root/workspace/install/core/share/core/local_setup.zsh
-- Installing: /root/workspace/install/core/share/core/local_setup.dsv
-- Installing: /root/workspace/install/core/share/core/package.dsv
-- Up-to-date: /root/workspace/install/core/share/ament_index/resource_index/packages/core
-- Up-to-date: /root/workspace/install/core/share/core/cmake/coreConfig.cmake
-- Up-to-date: /root/workspace/install/core/share/core/cmake/coreConfig-version.cmake
-- Up-to-date: /root/workspace/install/core/share/core/package.xml
