[0.009s] Invoking command in '/root/workspace/build/core': CMAKE_PREFIX_PATH=/root/workspace/install/core_msgs:/root/workspace/install/core:/root/microros_ws/install/px4_ros_com:/root/microros_ws/install/px4_msgs:/root/microros_ws/install/micro_ros_setup:/root/microros_ws/install/micro_ros_agent:/root/microros_ws/install/micro_ros_msgs:/opt/ros/foxy /usr/bin/cmake --build /root/workspace/build/core -- -j20 -l20
[0.024s] -- Found ament_cmake: 0.9.12 (/opt/ros/foxy/share/ament_cmake/cmake)
[0.036s] -- Using PYTHON_EXECUTABLE: /usr/bin/python3
[0.108s] -- Found rclcpp: 2.4.3 (/opt/ros/foxy/share/rclcpp/cmake)
[0.126s] -- Using all available rosidl_typesupport_c: rosidl_typesupport_fastrtps_c;rosidl_typesupport_introspection_c
[0.128s] -- Found rosidl_adapter: 1.3.1 (/opt/ros/foxy/share/rosidl_adapter/cmake)
[0.194s] -- Using all available rosidl_typesupport_cpp: rosidl_typesupport_fastrtps_cpp;rosidl_typesupport_introspection_cpp
[0.223s] -- Found rmw_implementation_cmake: 1.0.4 (/opt/ros/foxy/share/rmw_implementation_cmake/cmake)
[0.224s] -- Using RMW implementation 'rmw_fastrtps_cpp' as default
[0.305s] -- Found core_msgs: 0.0.0 (/root/workspace/install/core_msgs/share/core_msgs/cmake)
[0.309s] -- Found px4_msgs: 2.0.1 (/root/microros_ws/install/px4_msgs/share/px4_msgs/cmake)
[0.319s] -- Found ament_lint_auto: 0.9.8 (/opt/ros/foxy/share/ament_lint_auto/cmake)
[0.353s] -- Added test 'copyright' to check source files copyright and LICENSE
[0.354s] -- Added test 'cppcheck' to perform static code analysis on C / C++ code
[0.354s] -- Configured cppcheck include dirs: 
[0.354s] -- Configured cppcheck exclude dirs and/or files: 
[0.354s] -- Added test 'cpplint' to check C / C++ code against the Google style
[0.354s] -- Configured cpplint exclude dirs and/or files: 
[0.354s] -- Added test 'lint_cmake' to check CMake code style
[0.355s] -- Added test 'uncrustify' to check C / C++ code style
[0.355s] -- Configured uncrustify additional arguments: 
[0.355s] -- Added test 'xmllint' to check XML markup files
[0.356s] -- Configuring done
[0.360s] -- Generating done
[0.361s] -- Build files have been written to: /root/workspace/build/core
[0.375s] [35m[1mScanning dependencies of target node[0m
[0.391s] [ 50%] [32mBuilding CXX object CMakeFiles/node.dir/src/offb_node.cpp.o[0m
[1.102s] [01m[K/root/workspace/src/core/src/offb_node.cpp:[m[K In member function ‘[01m[Kvoid ControlNode::set_trajectory(core_msgs::msg::Trajectory_<std::allocator<void> >::SharedPtr)[m[K’:
[1.102s] [01m[K/root/workspace/src/core/src/offb_node.cpp:205:32:[m[K [01;35m[Kwarning: [m[Knarrowing conversion of ‘[01m[K((const std::__shared_ptr_access<core_msgs::msg::Trajectory_<std::allocator<void> >, __gnu_cxx::_S_atomic, false, false>*)(& msg))->std::__shared_ptr_access<core_msgs::msg::Trajectory_<std::allocator<void> >, __gnu_cxx::_S_atomic, false, false>::operator->()->core_msgs::msg::Trajectory_<std::allocator<void> >::x[m[K’ from ‘[01m[Kcore_msgs::msg::Trajectory_<std::allocator<void> >::_x_type[m[K’ {aka ‘[01m[Kdouble[m[K’} to ‘[01m[Kfloat[m[K’ [[01;35m[K-Wnarrowing[m[K]
[1.102s]   205 |         tmp.position = {[01;35m[Kmsg -> x[m[K, msg -> y, -(msg -> z)};
[1.102s]       |                         [01;35m[K~~~~~~~^[m[K
[1.102s] [01m[K/root/workspace/src/core/src/offb_node.cpp:205:42:[m[K [01;35m[Kwarning: [m[Knarrowing conversion of ‘[01m[K((const std::__shared_ptr_access<core_msgs::msg::Trajectory_<std::allocator<void> >, __gnu_cxx::_S_atomic, false, false>*)(& msg))->std::__shared_ptr_access<core_msgs::msg::Trajectory_<std::allocator<void> >, __gnu_cxx::_S_atomic, false, false>::operator->()->core_msgs::msg::Trajectory_<std::allocator<void> >::y[m[K’ from ‘[01m[Kcore_msgs::msg::Trajectory_<std::allocator<void> >::_y_type[m[K’ {aka ‘[01m[Kdouble[m[K’} to ‘[01m[Kfloat[m[K’ [[01;35m[K-Wnarrowing[m[K]
[1.102s]   205 |         tmp.position = {msg -> x, [01;35m[Kmsg -> y[m[K, -(msg -> z)};
[1.102s]       |                                   [01;35m[K~~~~~~~^[m[K
[1.102s] [01m[K/root/workspace/src/core/src/offb_node.cpp:205:45:[m[K [01;35m[Kwarning: [m[Knarrowing conversion of ‘[01m[K-((const std::__shared_ptr_access<core_msgs::msg::Trajectory_<std::allocator<void> >, __gnu_cxx::_S_atomic, false, false>*)(& msg))->std::__shared_ptr_access<core_msgs::msg::Trajectory_<std::allocator<void> >, __gnu_cxx::_S_atomic, false, false>::operator->()->core_msgs::msg::Trajectory_<std::allocator<void> >::z[m[K’ from ‘[01m[Kcore_msgs::msg::Trajectory_<std::allocator<void> >::_z_type[m[K’ {aka ‘[01m[Kdouble[m[K’} to ‘[01m[Kfloat[m[K’ [[01;35m[K-Wnarrowing[m[K]
[1.102s]   205 |         tmp.position = {msg -> x, msg -> y, [01;35m[K-(msg -> z)[m[K};
[1.102s]       |                                             [01;35m[K^~~~~~~~~~~[m[K
[1.102s] [01m[K/root/workspace/src/core/src/offb_node.cpp:209:32:[m[K [01;35m[Kwarning: [m[Knarrowing conversion of ‘[01m[K((const std::__shared_ptr_access<core_msgs::msg::Trajectory_<std::allocator<void> >, __gnu_cxx::_S_atomic, false, false>*)(& msg))->std::__shared_ptr_access<core_msgs::msg::Trajectory_<std::allocator<void> >, __gnu_cxx::_S_atomic, false, false>::operator->()->core_msgs::msg::Trajectory_<std::allocator<void> >::x[m[K’ from ‘[01m[Kcore_msgs::msg::Trajectory_<std::allocator<void> >::_x_type[m[K’ {aka ‘[01m[Kdouble[m[K’} to ‘[01m[Kfloat[m[K’ [[01;35m[K-Wnarrowing[m[K]
[1.102s]   209 |         tmp.velocity = {[01;35m[Kmsg -> x[m[K, msg -> y, -(msg -> z)};
[1.102s]       |                         [01;35m[K~~~~~~~^[m[K
[1.102s] [01m[K/root/workspace/src/core/src/offb_node.cpp:209:42:[m[K [01;35m[Kwarning: [m[Knarrowing conversion of ‘[01m[K((const std::__shared_ptr_access<core_msgs::msg::Trajectory_<std::allocator<void> >, __gnu_cxx::_S_atomic, false, false>*)(& msg))->std::__shared_ptr_access<core_msgs::msg::Trajectory_<std::allocator<void> >, __gnu_cxx::_S_atomic, false, false>::operator->()->core_msgs::msg::Trajectory_<std::allocator<void> >::y[m[K’ from ‘[01m[Kcore_msgs::msg::Trajectory_<std::allocator<void> >::_y_type[m[K’ {aka ‘[01m[Kdouble[m[K’} to ‘[01m[Kfloat[m[K’ [[01;35m[K-Wnarrowing[m[K]
[1.102s]   209 |         tmp.velocity = {msg -> x, [01;35m[Kmsg -> y[m[K, -(msg -> z)};
[1.102s]       |                                   [01;35m[K~~~~~~~^[m[K
[1.102s] [01m[K/root/workspace/src/core/src/offb_node.cpp:209:45:[m[K [01;35m[Kwarning: [m[Knarrowing conversion of ‘[01m[K-((const std::__shared_ptr_access<core_msgs::msg::Trajectory_<std::allocator<void> >, __gnu_cxx::_S_atomic, false, false>*)(& msg))->std::__shared_ptr_access<core_msgs::msg::Trajectory_<std::allocator<void> >, __gnu_cxx::_S_atomic, false, false>::operator->()->core_msgs::msg::Trajectory_<std::allocator<void> >::z[m[K’ from ‘[01m[Kcore_msgs::msg::Trajectory_<std::allocator<void> >::_z_type[m[K’ {aka ‘[01m[Kdouble[m[K’} to ‘[01m[Kfloat[m[K’ [[01;35m[K-Wnarrowing[m[K]
[1.102s]   209 |         tmp.velocity = {msg -> x, msg -> y, [01;35m[K-(msg -> z)[m[K};
[1.102s]       |                                             [01;35m[K^~~~~~~~~~~[m[K
[7.540s] [100%] [32m[1mLinking CXX executable node[0m
[7.829s] [100%] Built target node
[7.834s] Invoked command in '/root/workspace/build/core' returned '0': CMAKE_PREFIX_PATH=/root/workspace/install/core_msgs:/root/workspace/install/core:/root/microros_ws/install/px4_ros_com:/root/microros_ws/install/px4_msgs:/root/microros_ws/install/micro_ros_setup:/root/microros_ws/install/micro_ros_agent:/root/microros_ws/install/micro_ros_msgs:/opt/ros/foxy /usr/bin/cmake --build /root/workspace/build/core -- -j20 -l20
[7.847s] Invoking command in '/root/workspace/build/core': CMAKE_PREFIX_PATH=/root/workspace/install/core_msgs:/root/workspace/install/core:/root/microros_ws/install/px4_ros_com:/root/microros_ws/install/px4_msgs:/root/microros_ws/install/micro_ros_setup:/root/microros_ws/install/micro_ros_agent:/root/microros_ws/install/micro_ros_msgs:/opt/ros/foxy /usr/bin/cmake --install /root/workspace/build/core
[7.852s] -- Install configuration: ""
[7.852s] -- Installing: /root/workspace/install/core/lib/core/node
[7.857s] -- Set runtime path of "/root/workspace/install/core/lib/core/node" to ""
[7.857s] -- Up-to-date: /root/workspace/install/core/share/ament_index/resource_index/package_run_dependencies/core
[7.857s] -- Up-to-date: /root/workspace/install/core/share/ament_index/resource_index/parent_prefix_path/core
[7.858s] -- Up-to-date: /root/workspace/install/core/share/core/environment/ament_prefix_path.sh
[7.858s] -- Installing: /root/workspace/install/core/share/core/environment/ament_prefix_path.dsv
[7.858s] -- Up-to-date: /root/workspace/install/core/share/core/environment/path.sh
[7.858s] -- Installing: /root/workspace/install/core/share/core/environment/path.dsv
[7.858s] -- Up-to-date: /root/workspace/install/core/share/core/local_setup.bash
[7.858s] -- Up-to-date: /root/workspace/install/core/share/core/local_setup.sh
[7.858s] -- Up-to-date: /root/workspace/install/core/share/core/local_setup.zsh
[7.858s] -- Installing: /root/workspace/install/core/share/core/local_setup.dsv
[7.858s] -- Installing: /root/workspace/install/core/share/core/package.dsv
[7.858s] -- Up-to-date: /root/workspace/install/core/share/ament_index/resource_index/packages/core
[7.858s] -- Up-to-date: /root/workspace/install/core/share/core/cmake/coreConfig.cmake
[7.858s] -- Up-to-date: /root/workspace/install/core/share/core/cmake/coreConfig-version.cmake
[7.858s] -- Up-to-date: /root/workspace/install/core/share/core/package.xml
[7.862s] Invoked command in '/root/workspace/build/core' returned '0': CMAKE_PREFIX_PATH=/root/workspace/install/core_msgs:/root/workspace/install/core:/root/microros_ws/install/px4_ros_com:/root/microros_ws/install/px4_msgs:/root/microros_ws/install/micro_ros_setup:/root/microros_ws/install/micro_ros_agent:/root/microros_ws/install/micro_ros_msgs:/opt/ros/foxy /usr/bin/cmake --install /root/workspace/build/core
