[0.012s] Invoking command in '/root/workspace/build/core_msgs': CMAKE_PREFIX_PATH=${CMAKE_PREFIX_PATH}:/opt/ros/humble /usr/bin/cmake --build /root/workspace/build/core_msgs -- -j20 -l20
[0.041s] [ 10%] Built target core_msgs__rosidl_generator_c
[0.042s] [ 12%] Built target core_msgs__cpp
[0.049s] [ 12%] Built target ament_cmake_python_copy_core_msgs
[0.056s] [ 23%] Built target core_msgs__rosidl_typesupport_fastrtps_c
[0.057s] [ 33%] Built target core_msgs__rosidl_typesupport_introspection_c
[0.059s] [ 43%] Built target core_msgs__rosidl_typesupport_fastrtps_cpp
[0.061s] [ 53%] Built target core_msgs__rosidl_typesupport_introspection_cpp
[0.063s] [ 64%] Built target core_msgs__rosidl_typesupport_c
[0.064s] [ 74%] Built target core_msgs__rosidl_typesupport_cpp
[0.077s] [ 74%] Built target core_msgs
[0.097s] [ 76%] Built target core_msgs__py
[0.118s] [ 84%] Built target core_msgs__rosidl_generator_py
[0.132s] [ 94%] Built target core_msgs__rosidl_typesupport_introspection_c__pyext
[0.132s] [ 94%] Built target core_msgs__rosidl_typesupport_fastrtps_c__pyext
[0.133s] [100%] Built target core_msgs__rosidl_typesupport_c__pyext
[0.182s] running egg_info
[0.183s] writing core_msgs.egg-info/PKG-INFO
[0.183s] writing dependency_links to core_msgs.egg-info/dependency_links.txt
[0.183s] writing top-level names to core_msgs.egg-info/top_level.txt
[0.184s] reading manifest file 'core_msgs.egg-info/SOURCES.txt'
[0.185s] writing manifest file 'core_msgs.egg-info/SOURCES.txt'
[0.204s] [100%] Built target ament_cmake_python_build_core_msgs_egg
[0.211s] Invoked command in '/root/workspace/build/core_msgs' returned '0': CMAKE_PREFIX_PATH=${CMAKE_PREFIX_PATH}:/opt/ros/humble /usr/bin/cmake --build /root/workspace/build/core_msgs -- -j20 -l20
[0.269s] Invoking command in '/root/workspace/build/core_msgs': CMAKE_PREFIX_PATH=${CMAKE_PREFIX_PATH}:/opt/ros/humble /usr/bin/cmake --install /root/workspace/build/core_msgs
[0.273s] -- Install configuration: ""
[0.273s] -- Up-to-date: /root/workspace/install/core_msgs/share/ament_index/resource_index/rosidl_interfaces/core_msgs
[0.273s] -- Up-to-date: /root/workspace/install/core_msgs/include/core_msgs/core_msgs
[0.273s] -- Up-to-date: /root/workspace/install/core_msgs/include/core_msgs/core_msgs/msg
[0.273s] -- Up-to-date: /root/workspace/install/core_msgs/include/core_msgs/core_msgs/msg/detail
[0.273s] -- Up-to-date: /root/workspace/install/core_msgs/include/core_msgs/core_msgs/msg/detail/trajectory__functions.h
[0.273s] -- Up-to-date: /root/workspace/install/core_msgs/include/core_msgs/core_msgs/msg/detail/trajectory__type_support.h
[0.273s] -- Up-to-date: /root/workspace/install/core_msgs/include/core_msgs/core_msgs/msg/detail/aux_global_position__functions.c
[0.273s] -- Up-to-date: /root/workspace/install/core_msgs/include/core_msgs/core_msgs/msg/detail/trajectory__struct.h
[0.273s] -- Up-to-date: /root/workspace/install/core_msgs/include/core_msgs/core_msgs/msg/detail/trajectory__functions.c
[0.273s] -- Up-to-date: /root/workspace/install/core_msgs/include/core_msgs/core_msgs/msg/detail/aux_global_position__type_support.h
[0.273s] -- Up-to-date: /root/workspace/install/core_msgs/include/core_msgs/core_msgs/msg/detail/aux_global_position__functions.h
[0.273s] -- Up-to-date: /root/workspace/install/core_msgs/include/core_msgs/core_msgs/msg/detail/aux_global_position__struct.h
[0.273s] -- Up-to-date: /root/workspace/install/core_msgs/include/core_msgs/core_msgs/msg/aux_global_position.h
[0.273s] -- Up-to-date: /root/workspace/install/core_msgs/include/core_msgs/core_msgs/msg/trajectory.h
[0.273s] -- Up-to-date: /root/workspace/install/core_msgs/include/core_msgs/core_msgs/msg/rosidl_generator_c__visibility_control.h
[0.273s] -- Up-to-date: /root/workspace/install/core_msgs/share/core_msgs/environment/library_path.sh
[0.274s] -- Up-to-date: /root/workspace/install/core_msgs/share/core_msgs/environment/library_path.dsv
[0.274s] -- Up-to-date: /root/workspace/install/core_msgs/lib/libcore_msgs__rosidl_generator_c.so
[0.274s] -- Up-to-date: /root/workspace/install/core_msgs/include/core_msgs/core_msgs
[0.274s] -- Up-to-date: /root/workspace/install/core_msgs/include/core_msgs/core_msgs/msg
[0.274s] -- Up-to-date: /root/workspace/install/core_msgs/include/core_msgs/core_msgs/msg/detail
[0.274s] -- Up-to-date: /root/workspace/install/core_msgs/include/core_msgs/core_msgs/msg/detail/trajectory__rosidl_typesupport_fastrtps_c.h
[0.274s] -- Up-to-date: /root/workspace/install/core_msgs/include/core_msgs/core_msgs/msg/detail/aux_global_position__rosidl_typesupport_fastrtps_c.h
[0.274s] -- Up-to-date: /root/workspace/install/core_msgs/include/core_msgs/core_msgs/msg/rosidl_typesupport_fastrtps_c__visibility_control.h
[0.274s] -- Up-to-date: /root/workspace/install/core_msgs/lib/libcore_msgs__rosidl_typesupport_fastrtps_c.so
[0.274s] -- Up-to-date: /root/workspace/install/core_msgs/include/core_msgs/core_msgs
[0.274s] -- Up-to-date: /root/workspace/install/core_msgs/include/core_msgs/core_msgs/msg
[0.274s] -- Up-to-date: /root/workspace/install/core_msgs/include/core_msgs/core_msgs/msg/rosidl_typesupport_introspection_c__visibility_control.h
[0.274s] -- Up-to-date: /root/workspace/install/core_msgs/include/core_msgs/core_msgs/msg/detail
[0.274s] -- Up-to-date: /root/workspace/install/core_msgs/include/core_msgs/core_msgs/msg/detail/aux_global_position__rosidl_typesupport_introspection_c.h
[0.274s] -- Up-to-date: /root/workspace/install/core_msgs/include/core_msgs/core_msgs/msg/detail/trajectory__rosidl_typesupport_introspection_c.h
[0.274s] -- Up-to-date: /root/workspace/install/core_msgs/include/core_msgs/core_msgs/msg/detail/aux_global_position__type_support.c
[0.274s] -- Up-to-date: /root/workspace/install/core_msgs/include/core_msgs/core_msgs/msg/detail/trajectory__type_support.c
[0.274s] -- Up-to-date: /root/workspace/install/core_msgs/lib/libcore_msgs__rosidl_typesupport_introspection_c.so
[0.274s] -- Up-to-date: /root/workspace/install/core_msgs/lib/libcore_msgs__rosidl_typesupport_c.so
[0.274s] -- Up-to-date: /root/workspace/install/core_msgs/include/core_msgs/core_msgs
[0.274s] -- Up-to-date: /root/workspace/install/core_msgs/include/core_msgs/core_msgs/msg
[0.274s] -- Up-to-date: /root/workspace/install/core_msgs/include/core_msgs/core_msgs/msg/detail
[0.274s] -- Up-to-date: /root/workspace/install/core_msgs/include/core_msgs/core_msgs/msg/detail/trajectory__builder.hpp
[0.274s] -- Up-to-date: /root/workspace/install/core_msgs/include/core_msgs/core_msgs/msg/detail/trajectory__traits.hpp
[0.274s] -- Up-to-date: /root/workspace/install/core_msgs/include/core_msgs/core_msgs/msg/detail/aux_global_position__struct.hpp
[0.274s] -- Up-to-date: /root/workspace/install/core_msgs/include/core_msgs/core_msgs/msg/detail/aux_global_position__traits.hpp
[0.275s] -- Up-to-date: /root/workspace/install/core_msgs/include/core_msgs/core_msgs/msg/detail/aux_global_position__builder.hpp
[0.275s] -- Up-to-date: /root/workspace/install/core_msgs/include/core_msgs/core_msgs/msg/detail/trajectory__struct.hpp
[0.275s] -- Up-to-date: /root/workspace/install/core_msgs/include/core_msgs/core_msgs/msg/aux_global_position.hpp
[0.275s] -- Up-to-date: /root/workspace/install/core_msgs/include/core_msgs/core_msgs/msg/trajectory.hpp
[0.275s] -- Up-to-date: /root/workspace/install/core_msgs/include/core_msgs/core_msgs
[0.275s] -- Up-to-date: /root/workspace/install/core_msgs/include/core_msgs/core_msgs/msg
[0.275s] -- Up-to-date: /root/workspace/install/core_msgs/include/core_msgs/core_msgs/msg/detail
[0.275s] -- Up-to-date: /root/workspace/install/core_msgs/include/core_msgs/core_msgs/msg/detail/dds_fastrtps
[0.275s] -- Up-to-date: /root/workspace/install/core_msgs/include/core_msgs/core_msgs/msg/detail/trajectory__rosidl_typesupport_fastrtps_cpp.hpp
[0.275s] -- Up-to-date: /root/workspace/install/core_msgs/include/core_msgs/core_msgs/msg/detail/aux_global_position__rosidl_typesupport_fastrtps_cpp.hpp
[0.275s] -- Up-to-date: /root/workspace/install/core_msgs/include/core_msgs/core_msgs/msg/rosidl_typesupport_fastrtps_cpp__visibility_control.h
[0.275s] -- Up-to-date: /root/workspace/install/core_msgs/lib/libcore_msgs__rosidl_typesupport_fastrtps_cpp.so
[0.275s] -- Up-to-date: /root/workspace/install/core_msgs/include/core_msgs/core_msgs
[0.275s] -- Up-to-date: /root/workspace/install/core_msgs/include/core_msgs/core_msgs/msg
[0.275s] -- Up-to-date: /root/workspace/install/core_msgs/include/core_msgs/core_msgs/msg/detail
[0.275s] -- Up-to-date: /root/workspace/install/core_msgs/include/core_msgs/core_msgs/msg/detail/trajectory__type_support.cpp
[0.275s] -- Up-to-date: /root/workspace/install/core_msgs/include/core_msgs/core_msgs/msg/detail/aux_global_position__type_support.cpp
[0.275s] -- Up-to-date: /root/workspace/install/core_msgs/include/core_msgs/core_msgs/msg/detail/aux_global_position__rosidl_typesupport_introspection_cpp.hpp
[0.275s] -- Up-to-date: /root/workspace/install/core_msgs/include/core_msgs/core_msgs/msg/detail/trajectory__rosidl_typesupport_introspection_cpp.hpp
[0.275s] -- Up-to-date: /root/workspace/install/core_msgs/lib/libcore_msgs__rosidl_typesupport_introspection_cpp.so
[0.275s] -- Up-to-date: /root/workspace/install/core_msgs/lib/libcore_msgs__rosidl_typesupport_cpp.so
[0.275s] -- Up-to-date: /root/workspace/install/core_msgs/share/core_msgs/environment/pythonpath.sh
[0.275s] -- Up-to-date: /root/workspace/install/core_msgs/share/core_msgs/environment/pythonpath.dsv
[0.276s] -- Up-to-date: /root/workspace/install/core_msgs/local/lib/python3.10/dist-packages/core_msgs-0.0.0-py3.10.egg-info
[0.276s] -- Installing: /root/workspace/install/core_msgs/local/lib/python3.10/dist-packages/core_msgs-0.0.0-py3.10.egg-info/dependency_links.txt
[0.276s] -- Installing: /root/workspace/install/core_msgs/local/lib/python3.10/dist-packages/core_msgs-0.0.0-py3.10.egg-info/PKG-INFO
[0.276s] -- Installing: /root/workspace/install/core_msgs/local/lib/python3.10/dist-packages/core_msgs-0.0.0-py3.10.egg-info/top_level.txt
[0.276s] -- Installing: /root/workspace/install/core_msgs/local/lib/python3.10/dist-packages/core_msgs-0.0.0-py3.10.egg-info/SOURCES.txt
[0.276s] -- Up-to-date: /root/workspace/install/core_msgs/local/lib/python3.10/dist-packages/core_msgs
[0.276s] -- Up-to-date: /root/workspace/install/core_msgs/local/lib/python3.10/dist-packages/core_msgs/core_msgs_s__rosidl_typesupport_introspection_c.cpython-310-x86_64-linux-gnu.so
[0.276s] -- Up-to-date: /root/workspace/install/core_msgs/local/lib/python3.10/dist-packages/core_msgs/__init__.py
[0.276s] -- Up-to-date: /root/workspace/install/core_msgs/local/lib/python3.10/dist-packages/core_msgs/core_msgs_s__rosidl_typesupport_c.cpython-310-x86_64-linux-gnu.so
[0.276s] -- Up-to-date: /root/workspace/install/core_msgs/local/lib/python3.10/dist-packages/core_msgs/_core_msgs_s.ep.rosidl_typesupport_introspection_c.c
[0.276s] -- Up-to-date: /root/workspace/install/core_msgs/local/lib/python3.10/dist-packages/core_msgs/core_msgs_s__rosidl_typesupport_fastrtps_c.cpython-310-x86_64-linux-gnu.so
[0.276s] -- Up-to-date: /root/workspace/install/core_msgs/local/lib/python3.10/dist-packages/core_msgs/_core_msgs_s.ep.rosidl_typesupport_fastrtps_c.c
[0.276s] -- Up-to-date: /root/workspace/install/core_msgs/local/lib/python3.10/dist-packages/core_msgs/libcore_msgs__rosidl_generator_py.so
[0.276s] -- Up-to-date: /root/workspace/install/core_msgs/local/lib/python3.10/dist-packages/core_msgs/msg
[0.276s] -- Up-to-date: /root/workspace/install/core_msgs/local/lib/python3.10/dist-packages/core_msgs/msg/_aux_global_position.py
[0.276s] -- Up-to-date: /root/workspace/install/core_msgs/local/lib/python3.10/dist-packages/core_msgs/msg/__init__.py
[0.276s] -- Up-to-date: /root/workspace/install/core_msgs/local/lib/python3.10/dist-packages/core_msgs/msg/_aux_global_position_s.c
[0.276s] -- Up-to-date: /root/workspace/install/core_msgs/local/lib/python3.10/dist-packages/core_msgs/msg/_trajectory_s.c
[0.276s] -- Up-to-date: /root/workspace/install/core_msgs/local/lib/python3.10/dist-packages/core_msgs/msg/_trajectory.py
[0.276s] -- Up-to-date: /root/workspace/install/core_msgs/local/lib/python3.10/dist-packages/core_msgs/_core_msgs_s.ep.rosidl_typesupport_c.c
[0.297s] Listing '/root/workspace/install/core_msgs/local/lib/python3.10/dist-packages/core_msgs'...
[0.297s] Listing '/root/workspace/install/core_msgs/local/lib/python3.10/dist-packages/core_msgs/msg'...
[0.300s] -- Up-to-date: /root/workspace/install/core_msgs/local/lib/python3.10/dist-packages/core_msgs/core_msgs_s__rosidl_typesupport_fastrtps_c.cpython-310-x86_64-linux-gnu.so
[0.300s] -- Up-to-date: /root/workspace/install/core_msgs/local/lib/python3.10/dist-packages/core_msgs/core_msgs_s__rosidl_typesupport_introspection_c.cpython-310-x86_64-linux-gnu.so
[0.300s] -- Up-to-date: /root/workspace/install/core_msgs/local/lib/python3.10/dist-packages/core_msgs/core_msgs_s__rosidl_typesupport_c.cpython-310-x86_64-linux-gnu.so
[0.301s] -- Up-to-date: /root/workspace/install/core_msgs/lib/libcore_msgs__rosidl_generator_py.so
[0.301s] -- Up-to-date: /root/workspace/install/core_msgs/share/core_msgs/msg/Trajectory.idl
[0.301s] -- Up-to-date: /root/workspace/install/core_msgs/share/core_msgs/msg/AuxGlobalPosition.idl
[0.301s] -- Up-to-date: /root/workspace/install/core_msgs/share/core_msgs/msg/Trajectory.msg
[0.301s] -- Up-to-date: /root/workspace/install/core_msgs/share/core_msgs/msg/AuxGlobalPosition.msg
[0.301s] -- Up-to-date: /root/workspace/install/core_msgs/share/ament_index/resource_index/package_run_dependencies/core_msgs
[0.301s] -- Up-to-date: /root/workspace/install/core_msgs/share/ament_index/resource_index/parent_prefix_path/core_msgs
[0.301s] -- Up-to-date: /root/workspace/install/core_msgs/share/core_msgs/environment/ament_prefix_path.sh
[0.301s] -- Up-to-date: /root/workspace/install/core_msgs/share/core_msgs/environment/ament_prefix_path.dsv
[0.301s] -- Up-to-date: /root/workspace/install/core_msgs/share/core_msgs/environment/path.sh
[0.301s] -- Up-to-date: /root/workspace/install/core_msgs/share/core_msgs/environment/path.dsv
[0.301s] -- Up-to-date: /root/workspace/install/core_msgs/share/core_msgs/local_setup.bash
[0.301s] -- Up-to-date: /root/workspace/install/core_msgs/share/core_msgs/local_setup.sh
[0.301s] -- Up-to-date: /root/workspace/install/core_msgs/share/core_msgs/local_setup.zsh
[0.301s] -- Up-to-date: /root/workspace/install/core_msgs/share/core_msgs/local_setup.dsv
[0.301s] -- Installing: /root/workspace/install/core_msgs/share/core_msgs/package.dsv
[0.301s] -- Up-to-date: /root/workspace/install/core_msgs/share/ament_index/resource_index/packages/core_msgs
[0.301s] -- Up-to-date: /root/workspace/install/core_msgs/share/core_msgs/cmake/export_core_msgs__rosidl_generator_cExport.cmake
[0.301s] -- Up-to-date: /root/workspace/install/core_msgs/share/core_msgs/cmake/export_core_msgs__rosidl_generator_cExport-noconfig.cmake
[0.302s] -- Up-to-date: /root/workspace/install/core_msgs/share/core_msgs/cmake/export_core_msgs__rosidl_typesupport_fastrtps_cExport.cmake
[0.302s] -- Up-to-date: /root/workspace/install/core_msgs/share/core_msgs/cmake/export_core_msgs__rosidl_typesupport_fastrtps_cExport-noconfig.cmake
[0.302s] -- Up-to-date: /root/workspace/install/core_msgs/share/core_msgs/cmake/core_msgs__rosidl_typesupport_introspection_cExport.cmake
[0.302s] -- Up-to-date: /root/workspace/install/core_msgs/share/core_msgs/cmake/core_msgs__rosidl_typesupport_introspection_cExport-noconfig.cmake
[0.302s] -- Up-to-date: /root/workspace/install/core_msgs/share/core_msgs/cmake/core_msgs__rosidl_typesupport_cExport.cmake
[0.302s] -- Up-to-date: /root/workspace/install/core_msgs/share/core_msgs/cmake/core_msgs__rosidl_typesupport_cExport-noconfig.cmake
[0.302s] -- Up-to-date: /root/workspace/install/core_msgs/share/core_msgs/cmake/export_core_msgs__rosidl_generator_cppExport.cmake
[0.302s] -- Up-to-date: /root/workspace/install/core_msgs/share/core_msgs/cmake/export_core_msgs__rosidl_typesupport_fastrtps_cppExport.cmake
[0.302s] -- Up-to-date: /root/workspace/install/core_msgs/share/core_msgs/cmake/export_core_msgs__rosidl_typesupport_fastrtps_cppExport-noconfig.cmake
[0.302s] -- Up-to-date: /root/workspace/install/core_msgs/share/core_msgs/cmake/core_msgs__rosidl_typesupport_introspection_cppExport.cmake
[0.302s] -- Up-to-date: /root/workspace/install/core_msgs/share/core_msgs/cmake/core_msgs__rosidl_typesupport_introspection_cppExport-noconfig.cmake
[0.302s] -- Up-to-date: /root/workspace/install/core_msgs/share/core_msgs/cmake/core_msgs__rosidl_typesupport_cppExport.cmake
[0.302s] -- Up-to-date: /root/workspace/install/core_msgs/share/core_msgs/cmake/core_msgs__rosidl_typesupport_cppExport-noconfig.cmake
[0.303s] -- Up-to-date: /root/workspace/install/core_msgs/share/core_msgs/cmake/export_core_msgs__rosidl_generator_pyExport.cmake
[0.303s] -- Up-to-date: /root/workspace/install/core_msgs/share/core_msgs/cmake/export_core_msgs__rosidl_generator_pyExport-noconfig.cmake
[0.303s] -- Up-to-date: /root/workspace/install/core_msgs/share/core_msgs/cmake/rosidl_cmake-extras.cmake
[0.303s] -- Up-to-date: /root/workspace/install/core_msgs/share/core_msgs/cmake/ament_cmake_export_include_directories-extras.cmake
[0.303s] -- Up-to-date: /root/workspace/install/core_msgs/share/core_msgs/cmake/ament_cmake_export_libraries-extras.cmake
[0.303s] -- Up-to-date: /root/workspace/install/core_msgs/share/core_msgs/cmake/ament_cmake_export_targets-extras.cmake
[0.303s] -- Up-to-date: /root/workspace/install/core_msgs/share/core_msgs/cmake/rosidl_cmake_export_typesupport_targets-extras.cmake
[0.303s] -- Up-to-date: /root/workspace/install/core_msgs/share/core_msgs/cmake/ament_cmake_export_dependencies-extras.cmake
[0.303s] -- Up-to-date: /root/workspace/install/core_msgs/share/core_msgs/cmake/rosidl_cmake_export_typesupport_libraries-extras.cmake
[0.304s] -- Up-to-date: /root/workspace/install/core_msgs/share/core_msgs/cmake/core_msgsConfig.cmake
[0.304s] -- Up-to-date: /root/workspace/install/core_msgs/share/core_msgs/cmake/core_msgsConfig-version.cmake
[0.304s] -- Up-to-date: /root/workspace/install/core_msgs/share/core_msgs/package.xml
[0.304s] Invoked command in '/root/workspace/build/core_msgs' returned '0': CMAKE_PREFIX_PATH=${CMAKE_PREFIX_PATH}:/opt/ros/humble /usr/bin/cmake --install /root/workspace/build/core_msgs
