[0.008s] Invoking command in '/root/workspace/build/core': CMAKE_PREFIX_PATH=/root/workspace/install/core_msgs:/root/workspace/install/test_set:/root/workspace/install/core:/root/microros_ws/install/px4_ros_com:/root/microros_ws/install/px4_msgs:/root/microros_ws/install/micro_ros_setup:/root/microros_ws/install/micro_ros_agent:/root/microros_ws/install/micro_ros_msgs:/opt/ros/humble /usr/bin/cmake --build /root/workspace/build/core -- -j20 -l20
[0.032s] [35m[1mConsolidate compiler generated dependencies of target node[0m
[0.043s] [ 50%] [32mBuilding CXX object CMakeFiles/node.dir/src/offb_node.cpp.o[0m
[1.722s] [01m[K/root/workspace/src/core/src/offb_node.cpp:[m[K In member function ‘[01m[Kvoid ControlNode::set_attitude(geometry_msgs::msg::Twist_<std::allocator<void> >::SharedPtr)[m[K’:
[1.722s] [01m[K/root/workspace/src/core/src/offb_node.cpp:276:11:[m[K [01;35m[Kwarning: [m[Kunused variable ‘[01m[Kmod[m[K’ [[01;35m[K]8;;https://gcc.gnu.org/onlinedocs/gcc/Warning-Options.html#index-Wunused-variable-Wunused-variable]8;;[m[K]
[1.722s]   276 |     float [01;35m[Kmod[m[K = sqrt(pow(msg -> linear.x,2) + pow(msg -> linear.y,2) + pow(msg -> linear.z,2));
[1.722s]       |           [01;35m[K^~~[m[K
[17.332s] [100%] [32m[1mLinking CXX executable node[0m
[18.414s] [100%] Built target node
[18.434s] Invoked command in '/root/workspace/build/core' returned '0': CMAKE_PREFIX_PATH=/root/workspace/install/core_msgs:/root/workspace/install/test_set:/root/workspace/install/core:/root/microros_ws/install/px4_ros_com:/root/microros_ws/install/px4_msgs:/root/microros_ws/install/micro_ros_setup:/root/microros_ws/install/micro_ros_agent:/root/microros_ws/install/micro_ros_msgs:/opt/ros/humble /usr/bin/cmake --build /root/workspace/build/core -- -j20 -l20
[18.449s] Invoking command in '/root/workspace/build/core': CMAKE_PREFIX_PATH=/root/workspace/install/core_msgs:/root/workspace/install/test_set:/root/workspace/install/core:/root/microros_ws/install/px4_ros_com:/root/microros_ws/install/px4_msgs:/root/microros_ws/install/micro_ros_setup:/root/microros_ws/install/micro_ros_agent:/root/microros_ws/install/micro_ros_msgs:/opt/ros/humble /usr/bin/cmake --install /root/workspace/build/core
[18.453s] -- Install configuration: ""
[18.453s] -- Installing: /root/workspace/install/core/lib/core/node
[18.464s] -- Set runtime path of "/root/workspace/install/core/lib/core/node" to ""
[18.464s] -- Up-to-date: /root/workspace/install/core/share/ament_index/resource_index/package_run_dependencies/core
[18.464s] -- Up-to-date: /root/workspace/install/core/share/ament_index/resource_index/parent_prefix_path/core
[18.464s] -- Up-to-date: /root/workspace/install/core/share/core/environment/ament_prefix_path.sh
[18.464s] -- Up-to-date: /root/workspace/install/core/share/core/environment/ament_prefix_path.dsv
[18.464s] -- Up-to-date: /root/workspace/install/core/share/core/environment/path.sh
[18.464s] -- Up-to-date: /root/workspace/install/core/share/core/environment/path.dsv
[18.464s] -- Up-to-date: /root/workspace/install/core/share/core/local_setup.bash
[18.464s] -- Up-to-date: /root/workspace/install/core/share/core/local_setup.sh
[18.464s] -- Up-to-date: /root/workspace/install/core/share/core/local_setup.zsh
[18.464s] -- Up-to-date: /root/workspace/install/core/share/core/local_setup.dsv
[18.464s] -- Installing: /root/workspace/install/core/share/core/package.dsv
[18.464s] -- Up-to-date: /root/workspace/install/core/share/ament_index/resource_index/packages/core
[18.464s] -- Up-to-date: /root/workspace/install/core/share/core/cmake/coreConfig.cmake
[18.464s] -- Up-to-date: /root/workspace/install/core/share/core/cmake/coreConfig-version.cmake
[18.464s] -- Up-to-date: /root/workspace/install/core/share/core/package.xml
[18.466s] Invoked command in '/root/workspace/build/core' returned '0': CMAKE_PREFIX_PATH=/root/workspace/install/core_msgs:/root/workspace/install/test_set:/root/workspace/install/core:/root/microros_ws/install/px4_ros_com:/root/microros_ws/install/px4_msgs:/root/microros_ws/install/micro_ros_setup:/root/microros_ws/install/micro_ros_agent:/root/microros_ws/install/micro_ros_msgs:/opt/ros/humble /usr/bin/cmake --install /root/workspace/build/core
