[0.008s] Invoking command in '/root/workspace/build/core': CMAKE_PREFIX_PATH=${CMAKE_PREFIX_PATH}:/opt/ros/foxy /usr/bin/cmake --build /root/workspace/build/core -- -j20 -l20
[0.032s] [35m[1mScanning dependencies of target node[0m
[0.050s] [ 50%] [32mBuilding CXX object CMakeFiles/node.dir/src/offb_node.cpp.o[0m
[0.932s] [100%] [32m[1mLinking CXX executable node[0m
[1.006s] [100%] Built target node
[1.012s] Invoked command in '/root/workspace/build/core' returned '0': CMAKE_PREFIX_PATH=${CMAKE_PREFIX_PATH}:/opt/ros/foxy /usr/bin/cmake --build /root/workspace/build/core -- -j20 -l20
[1.029s] Invoking command in '/root/workspace/build/core': CMAKE_PREFIX_PATH=${CMAKE_PREFIX_PATH}:/opt/ros/foxy /usr/bin/cmake --install /root/workspace/build/core
[1.033s] -- Install configuration: ""
[1.033s] -- Installing: /root/workspace/install/core/lib/core/node
[1.033s] -- Set runtime path of "/root/workspace/install/core/lib/core/node" to ""
[1.033s] -- Installing: /root/workspace/install/core/share/ament_index/resource_index/package_run_dependencies/core
[1.034s] -- Installing: /root/workspace/install/core/share/ament_index/resource_index/parent_prefix_path/core
[1.034s] -- Installing: /root/workspace/install/core/share/core/environment/ament_prefix_path.sh
[1.034s] -- Installing: /root/workspace/install/core/share/core/environment/ament_prefix_path.dsv
[1.034s] -- Installing: /root/workspace/install/core/share/core/environment/path.sh
[1.034s] -- Installing: /root/workspace/install/core/share/core/environment/path.dsv
[1.034s] -- Installing: /root/workspace/install/core/share/core/local_setup.bash
[1.034s] -- Installing: /root/workspace/install/core/share/core/local_setup.sh
[1.034s] -- Installing: /root/workspace/install/core/share/core/local_setup.zsh
[1.034s] -- Installing: /root/workspace/install/core/share/core/local_setup.dsv
[1.034s] -- Up-to-date: /root/workspace/install/core/share/core/package.dsv
[1.034s] -- Installing: /root/workspace/install/core/share/ament_index/resource_index/packages/core
[1.034s] -- Installing: /root/workspace/install/core/share/core/cmake/coreConfig.cmake
[1.034s] -- Installing: /root/workspace/install/core/share/core/cmake/coreConfig-version.cmake
[1.034s] -- Installing: /root/workspace/install/core/share/core/package.xml
[1.035s] Invoked command in '/root/workspace/build/core' returned '0': CMAKE_PREFIX_PATH=${CMAKE_PREFIX_PATH}:/opt/ros/foxy /usr/bin/cmake --install /root/workspace/build/core
