[0.010s] Invoking command in '/root/workspace/build/core_msgs': CMAKE_PREFIX_PATH=${CMAKE_PREFIX_PATH}:/opt/ros/foxy /usr/bin/cmake /root/workspace/src/core_msgs -DCMAKE_INSTALL_PREFIX=/root/workspace/install/core_msgs
[0.016s] -- Found ament_cmake: 0.9.12 (/opt/ros/foxy/share/ament_cmake/cmake)
[0.028s] -- Found PythonInterp: /usr/bin/python3 (found suitable version "3.8.10", minimum required is "3") 
[0.028s] -- Using PYTHON_EXECUTABLE: /usr/bin/python3
[0.096s] -- Found rosidl_default_generators: 1.0.1 (/opt/ros/foxy/share/rosidl_default_generators/cmake)
[0.097s] -- Using all available rosidl_typesupport_c: rosidl_typesupport_fastrtps_c;rosidl_typesupport_introspection_c
[0.099s] -- Found rosidl_adapter: 1.3.1 (/opt/ros/foxy/share/rosidl_adapter/cmake)
[0.171s] -- Using all available rosidl_typesupport_cpp: rosidl_typesupport_fastrtps_cpp;rosidl_typesupport_introspection_cpp
[0.194s] -- Found PythonInterp: /usr/bin/python3 (found version "3.8.10") 
[0.251s] CMake Error at /opt/ros/foxy/share/rosidl_cmake/cmake/rosidl_generate_interfaces.cmake:229 (message):
[0.251s]   Packages installing interfaces must include
[0.251s]   '<member_of_group>rosidl_interface_packages</member_of_group>' in their
[0.251s]   package.xml
[0.251s] Call Stack (most recent call first):
[0.251s]   CMakeLists.txt:22 (rosidl_generate_interfaces)
[0.251s] 
[0.251s] 
[0.252s] -- Configuring incomplete, errors occurred!
[0.252s] See also "/root/workspace/build/core_msgs/CMakeFiles/CMakeOutput.log".
[0.254s] Invoked command in '/root/workspace/build/core_msgs' returned '1': CMAKE_PREFIX_PATH=${CMAKE_PREFIX_PATH}:/opt/ros/foxy /usr/bin/cmake /root/workspace/src/core_msgs -DCMAKE_INSTALL_PREFIX=/root/workspace/install/core_msgs
