[ 50%] [32mBuilding CXX object CMakeFiles/node.dir/src/link_node.cpp.o[0m
[100%] [32m[1mLinking CXX executable node[0m
[100%] Built target node
-- Install configuration: ""
-- Installing: /root/workspace/install/link/lib/link/node
-- Set runtime path of "/root/workspace/install/link/lib/link/node" to ""
-- Installing: /root/workspace/install/link/share/ament_index/resource_index/package_run_dependencies/link
-- Installing: /root/workspace/install/link/share/ament_index/resource_index/parent_prefix_path/link
-- Installing: /root/workspace/install/link/share/link/environment/ament_prefix_path.sh
-- Installing: /root/workspace/install/link/share/link/environment/ament_prefix_path.dsv
-- Installing: /root/workspace/install/link/share/link/environment/path.sh
-- Installing: /root/workspace/install/link/share/link/environment/path.dsv
-- Installing: /root/workspace/install/link/share/link/local_setup.bash
-- Installing: /root/workspace/install/link/share/link/local_setup.sh
-- Installing: /root/workspace/install/link/share/link/local_setup.zsh
-- Installing: /root/workspace/install/link/share/link/local_setup.dsv
-- Installing: /root/workspace/install/link/share/link/package.dsv
-- Installing: /root/workspace/install/link/share/ament_index/resource_index/packages/link
-- Installing: /root/workspace/install/link/share/link/cmake/linkConfig.cmake
-- Installing: /root/workspace/install/link/share/link/cmake/linkConfig-version.cmake
-- Installing: /root/workspace/install/link/share/link/package.xml
