[0.006s] Invoking command in '/root/master/build/master': CMAKE_PREFIX_PATH=/opt/ros/humble /usr/bin/cmake /root/master/src/master -DCMAKE_INSTALL_PREFIX=/root/master/install/master
[0.033s] -- The C compiler identification is GNU 11.4.0
[0.063s] -- The CXX compiler identification is GNU 11.4.0
[0.067s] -- Detecting C compiler ABI info
[0.098s] -- Detecting C compiler ABI info - done
[0.102s] -- Check for working C compiler: /usr/bin/cc - skipped
[0.102s] -- Detecting C compile features
[0.103s] -- Detecting C compile features - done
[0.104s] -- Detecting CXX compiler ABI info
[0.143s] -- Detecting CXX compiler ABI info - done
[0.147s] -- Check for working CXX compiler: /usr/bin/c++ - skipped
[0.147s] -- Detecting CXX compile features
[0.147s] -- Detecting CXX compile features - done
[0.149s] -- Found ament_cmake: 1.3.9 (/opt/ros/humble/share/ament_cmake/cmake)
[0.220s] -- Found Python3: /usr/bin/python3 (found version "3.10.12") found components: Interpreter 
[0.267s] -- Found rclcpp: 16.0.9 (/opt/ros/humble/share/rclcpp/cmake)
[0.287s] -- Found rosidl_generator_c: 3.1.5 (/opt/ros/humble/share/rosidl_generator_c/cmake)
[0.289s] -- Found rosidl_adapter: 3.1.5 (/opt/ros/humble/share/rosidl_adapter/cmake)
[0.294s] -- Found rosidl_generator_cpp: 3.1.5 (/opt/ros/humble/share/rosidl_generator_cpp/cmake)
[0.301s] -- Using all available rosidl_typesupport_c: rosidl_typesupport_fastrtps_c;rosidl_typesupport_introspection_c
[0.313s] -- Using all available rosidl_typesupport_cpp: rosidl_typesupport_fastrtps_cpp;rosidl_typesupport_introspection_cpp
[0.352s] -- Found rmw_implementation_cmake: 6.1.2 (/opt/ros/humble/share/rmw_implementation_cmake/cmake)
[0.353s] -- Found rmw_fastrtps_cpp: 6.2.6 (/opt/ros/humble/share/rmw_fastrtps_cpp/cmake)
[0.417s] -- Found OpenSSL: /usr/lib/x86_64-linux-gnu/libcrypto.so (found version "3.0.2")  
[0.434s] -- Found FastRTPS: /opt/ros/humble/include  
[0.467s] -- Using RMW implementation 'rmw_fastrtps_cpp' as default
[0.476s] -- Looking for pthread.h
[0.529s] -- Looking for pthread.h - found
[0.529s] -- Performing Test CMAKE_HAVE_LIBC_PTHREAD
[0.583s] -- Performing Test CMAKE_HAVE_LIBC_PTHREAD - Success
[0.584s] -- Found Threads: TRUE  
[0.749s] -- Found nlohmann_json: /usr/lib/cmake/nlohmann_json/nlohmann_jsonConfig.cmake (found version "3.10.5") 
[0.751s] -- Found ament_lint_auto: 0.12.11 (/opt/ros/humble/share/ament_lint_auto/cmake)
[0.822s] -- Added test 'copyright' to check source files copyright and LICENSE
[0.823s] -- Added test 'cppcheck' to perform static code analysis on C / C++ code
[0.824s] -- Configured cppcheck include dirs: 
[0.824s] -- Configured cppcheck exclude dirs and/or files: 
[0.824s] -- Added test 'cpplint' to check C / C++ code against the Google style
[0.824s] -- Configured cpplint exclude dirs and/or files: 
[0.825s] -- Added test 'lint_cmake' to check CMake code style
[0.826s] -- Added test 'uncrustify' to check C / C++ code style
[0.826s] -- Configured uncrustify additional arguments: 
[0.826s] -- Added test 'xmllint' to check XML markup files
[0.827s] -- Configuring done
[0.835s] -- Generating done
[0.836s] -- Build files have been written to: /root/master/build/master
[0.842s] Invoked command in '/root/master/build/master' returned '0': CMAKE_PREFIX_PATH=/opt/ros/humble /usr/bin/cmake /root/master/src/master -DCMAKE_INSTALL_PREFIX=/root/master/install/master
[0.843s] Invoking command in '/root/master/build/master': CMAKE_PREFIX_PATH=/opt/ros/humble /usr/bin/cmake --build /root/master/build/master -- -j20 -l20
[0.877s] [ 50%] [32mBuilding CXX object CMakeFiles/node.dir/src/master_node.cpp.o[0m
[3.993s] [100%] [32m[1mLinking CXX executable node[0m
[4.113s] [100%] Built target node
[4.118s] Invoked command in '/root/master/build/master' returned '0': CMAKE_PREFIX_PATH=/opt/ros/humble /usr/bin/cmake --build /root/master/build/master -- -j20 -l20
[4.131s] Invoking command in '/root/master/build/master': CMAKE_PREFIX_PATH=/opt/ros/humble /usr/bin/cmake --install /root/master/build/master
[4.134s] -- Install configuration: ""
[4.134s] -- Installing: /root/master/install/master/lib/master/node
[4.135s] -- Set runtime path of "/root/master/install/master/lib/master/node" to ""
[4.135s] -- Installing: /root/master/install/master/share/ament_index/resource_index/package_run_dependencies/master
[4.135s] -- Installing: /root/master/install/master/share/ament_index/resource_index/parent_prefix_path/master
[4.135s] -- Installing: /root/master/install/master/share/master/environment/ament_prefix_path.sh
[4.135s] -- Installing: /root/master/install/master/share/master/environment/ament_prefix_path.dsv
[4.135s] -- Installing: /root/master/install/master/share/master/environment/path.sh
[4.135s] -- Installing: /root/master/install/master/share/master/environment/path.dsv
[4.135s] -- Installing: /root/master/install/master/share/master/local_setup.bash
[4.135s] -- Installing: /root/master/install/master/share/master/local_setup.sh
[4.135s] -- Installing: /root/master/install/master/share/master/local_setup.zsh
[4.136s] -- Installing: /root/master/install/master/share/master/local_setup.dsv
[4.136s] -- Installing: /root/master/install/master/share/master/package.dsv
[4.136s] -- Installing: /root/master/install/master/share/ament_index/resource_index/packages/master
[4.136s] -- Installing: /root/master/install/master/share/master/cmake/masterConfig.cmake
[4.136s] -- Installing: /root/master/install/master/share/master/cmake/masterConfig-version.cmake
[4.136s] -- Installing: /root/master/install/master/share/master/package.xml
[4.136s] Invoked command in '/root/master/build/master' returned '0': CMAKE_PREFIX_PATH=/opt/ros/humble /usr/bin/cmake --install /root/master/build/master
