[0.004s] Invoking command in '/root/workspace/build/core': AMENT_PREFIX_PATH=/root/workspace/install/core_msgs:${AMENT_PREFIX_PATH} CMAKE_PREFIX_PATH=/root/workspace/install/core_msgs:/root/microros_ws/install/px4_ros_com:/root/microros_ws/install/px4_msgs:/root/microros_ws/install/micro_ros_setup:/root/microros_ws/install/micro_ros_agent:/root/microros_ws/install/micro_ros_msgs:/opt/ros/humble LD_LIBRARY_PATH=/root/workspace/install/core_msgs/lib:${LD_LIBRARY_PATH} PYTHONPATH=/root/workspace/install/core_msgs/local/lib/python3.10/dist-packages:${PYTHONPATH} /usr/bin/cmake --build /root/workspace/build/core -- -j20 -l20
[0.029s] [100%] Built target node
[0.035s] Invoked command in '/root/workspace/build/core' returned '0': AMENT_PREFIX_PATH=/root/workspace/install/core_msgs:${AMENT_PREFIX_PATH} CMAKE_PREFIX_PATH=/root/workspace/install/core_msgs:/root/microros_ws/install/px4_ros_com:/root/microros_ws/install/px4_msgs:/root/microros_ws/install/micro_ros_setup:/root/microros_ws/install/micro_ros_agent:/root/microros_ws/install/micro_ros_msgs:/opt/ros/humble LD_LIBRARY_PATH=/root/workspace/install/core_msgs/lib:${LD_LIBRARY_PATH} PYTHONPATH=/root/workspace/install/core_msgs/local/lib/python3.10/dist-packages:${PYTHONPATH} /usr/bin/cmake --build /root/workspace/build/core -- -j20 -l20
[0.045s] Invoking command in '/root/workspace/build/core': AMENT_PREFIX_PATH=/root/workspace/install/core_msgs:${AMENT_PREFIX_PATH} CMAKE_PREFIX_PATH=/root/workspace/install/core_msgs:/root/microros_ws/install/px4_ros_com:/root/microros_ws/install/px4_msgs:/root/microros_ws/install/micro_ros_setup:/root/microros_ws/install/micro_ros_agent:/root/microros_ws/install/micro_ros_msgs:/opt/ros/humble LD_LIBRARY_PATH=/root/workspace/install/core_msgs/lib:${LD_LIBRARY_PATH} PYTHONPATH=/root/workspace/install/core_msgs/local/lib/python3.10/dist-packages:${PYTHONPATH} /usr/bin/cmake --install /root/workspace/build/core
[0.049s] -- Install configuration: ""
[0.049s] -- Up-to-date: /root/workspace/install/core/lib/core/node
[0.049s] -- Up-to-date: /root/workspace/install/core/share/ament_index/resource_index/package_run_dependencies/core
[0.049s] -- Up-to-date: /root/workspace/install/core/share/ament_index/resource_index/parent_prefix_path/core
[0.050s] -- Up-to-date: /root/workspace/install/core/share/core/environment/ament_prefix_path.sh
[0.050s] -- Up-to-date: /root/workspace/install/core/share/core/environment/ament_prefix_path.dsv
[0.050s] -- Up-to-date: /root/workspace/install/core/share/core/environment/path.sh
[0.050s] -- Up-to-date: /root/workspace/install/core/share/core/environment/path.dsv
[0.050s] -- Up-to-date: /root/workspace/install/core/share/core/local_setup.bash
[0.050s] -- Up-to-date: /root/workspace/install/core/share/core/local_setup.sh
[0.050s] -- Up-to-date: /root/workspace/install/core/share/core/local_setup.zsh
[0.050s] -- Up-to-date: /root/workspace/install/core/share/core/local_setup.dsv
[0.051s] -- Installing: /root/workspace/install/core/share/core/package.dsv
[0.051s] -- Up-to-date: /root/workspace/install/core/share/ament_index/resource_index/packages/core
[0.051s] -- Up-to-date: /root/workspace/install/core/share/core/cmake/coreConfig.cmake
[0.051s] -- Up-to-date: /root/workspace/install/core/share/core/cmake/coreConfig-version.cmake
[0.051s] -- Up-to-date: /root/workspace/install/core/share/core/package.xml
[0.056s] Invoked command in '/root/workspace/build/core' returned '0': AMENT_PREFIX_PATH=/root/workspace/install/core_msgs:${AMENT_PREFIX_PATH} CMAKE_PREFIX_PATH=/root/workspace/install/core_msgs:/root/microros_ws/install/px4_ros_com:/root/microros_ws/install/px4_msgs:/root/microros_ws/install/micro_ros_setup:/root/microros_ws/install/micro_ros_agent:/root/microros_ws/install/micro_ros_msgs:/opt/ros/humble LD_LIBRARY_PATH=/root/workspace/install/core_msgs/lib:${LD_LIBRARY_PATH} PYTHONPATH=/root/workspace/install/core_msgs/local/lib/python3.10/dist-packages:${PYTHONPATH} /usr/bin/cmake --install /root/workspace/build/core
