[0.005s] Invoking command in '/root/workspace/build/core_msgs': CMAKE_PREFIX_PATH=${CMAKE_PREFIX_PATH}:/opt/ros/humble /usr/bin/cmake --build /root/workspace/build/core_msgs -- -j20 -l20
[0.024s] [35m[1mConsolidate compiler generated dependencies of target core_msgs__rosidl_generator_c[0m
[0.028s] [  2%] Built target core_msgs__cpp
[0.029s] [ 12%] Built target core_msgs__rosidl_generator_c
[0.034s] [ 12%] Built target ament_cmake_python_copy_core_msgs
[0.038s] [35m[1mConsolidate compiler generated dependencies of target core_msgs__rosidl_typesupport_cpp[0m
[0.038s] [35m[1mConsolidate compiler generated dependencies of target core_msgs__rosidl_typesupport_introspection_cpp[0m
[0.038s] [35m[1mConsolidate compiler generated dependencies of target core_msgs__rosidl_typesupport_fastrtps_cpp[0m
[0.039s] [35m[1mConsolidate compiler generated dependencies of target core_msgs__rosidl_typesupport_c[0m
[0.039s] [35m[1mConsolidate compiler generated dependencies of target core_msgs__rosidl_typesupport_introspection_c[0m
[0.039s] [35m[1mConsolidate compiler generated dependencies of target core_msgs__rosidl_typesupport_fastrtps_c[0m
[0.050s] [ 23%] Built target core_msgs__rosidl_typesupport_c
[0.050s] [ 34%] Built target core_msgs__rosidl_typesupport_introspection_c
[0.052s] [ 44%] Built target core_msgs__rosidl_typesupport_cpp
[0.052s] [ 55%] Built target core_msgs__rosidl_typesupport_introspection_cpp
[0.053s] [ 65%] Built target core_msgs__rosidl_typesupport_fastrtps_cpp
[0.053s] [ 76%] Built target core_msgs__rosidl_typesupport_fastrtps_c
[0.061s] [ 76%] Built target core_msgs
[0.070s] [ 78%] Built target core_msgs__py
[0.074s] [35m[1mConsolidate compiler generated dependencies of target core_msgs__rosidl_generator_py[0m
[0.080s] [ 87%] Built target core_msgs__rosidl_generator_py
[0.085s] [35m[1mConsolidate compiler generated dependencies of target core_msgs__rosidl_typesupport_introspection_c__pyext[0m
[0.085s] [35m[1mConsolidate compiler generated dependencies of target core_msgs__rosidl_typesupport_fastrtps_c__pyext[0m
[0.085s] [35m[1mConsolidate compiler generated dependencies of target core_msgs__rosidl_typesupport_c__pyext[0m
[0.091s] [100%] Built target core_msgs__rosidl_typesupport_introspection_c__pyext
[0.091s] [100%] Built target core_msgs__rosidl_typesupport_c__pyext
[0.091s] [100%] Built target core_msgs__rosidl_typesupport_fastrtps_c__pyext
[0.134s] running egg_info
[0.135s] writing core_msgs.egg-info/PKG-INFO
[0.135s] writing dependency_links to core_msgs.egg-info/dependency_links.txt
[0.135s] writing top-level names to core_msgs.egg-info/top_level.txt
[0.136s] reading manifest file 'core_msgs.egg-info/SOURCES.txt'
[0.136s] writing manifest file 'core_msgs.egg-info/SOURCES.txt'
[0.148s] [100%] Built target ament_cmake_python_build_core_msgs_egg
[0.153s] Invoked command in '/root/workspace/build/core_msgs' returned '0': CMAKE_PREFIX_PATH=${CMAKE_PREFIX_PATH}:/opt/ros/humble /usr/bin/cmake --build /root/workspace/build/core_msgs -- -j20 -l20
[0.192s] Invoking command in '/root/workspace/build/core_msgs': CMAKE_PREFIX_PATH=${CMAKE_PREFIX_PATH}:/opt/ros/humble /usr/bin/cmake --install /root/workspace/build/core_msgs
[0.195s] -- Install configuration: ""
[0.195s] -- Up-to-date: /root/workspace/install/core_msgs/share/ament_index/resource_index/rosidl_interfaces/core_msgs
[0.195s] -- Up-to-date: /root/workspace/install/core_msgs/include/core_msgs/core_msgs
[0.195s] -- Up-to-date: /root/workspace/install/core_msgs/include/core_msgs/core_msgs/msg
[0.195s] -- Up-to-date: /root/workspace/install/core_msgs/include/core_msgs/core_msgs/msg/status_provider.h
[0.195s] -- Up-to-date: /root/workspace/install/core_msgs/include/core_msgs/core_msgs/msg/detail
[0.195s] -- Up-to-date: /root/workspace/install/core_msgs/include/core_msgs/core_msgs/msg/detail/trajectory__functions.h
[0.195s] -- Up-to-date: /root/workspace/install/core_msgs/include/core_msgs/core_msgs/msg/detail/trajectory__type_support.h
[0.195s] -- Up-to-date: /root/workspace/install/core_msgs/include/core_msgs/core_msgs/msg/detail/aux_global_position__functions.c
[0.195s] -- Up-to-date: /root/workspace/install/core_msgs/include/core_msgs/core_msgs/msg/detail/trajectory__struct.h
[0.195s] -- Up-to-date: /root/workspace/install/core_msgs/include/core_msgs/core_msgs/msg/detail/trajectory__functions.c
[0.195s] -- Up-to-date: /root/workspace/install/core_msgs/include/core_msgs/core_msgs/msg/detail/status_provider__functions.h
[0.196s] -- Up-to-date: /root/workspace/install/core_msgs/include/core_msgs/core_msgs/msg/detail/aux_global_position__type_support.h
[0.196s] -- Up-to-date: /root/workspace/install/core_msgs/include/core_msgs/core_msgs/msg/detail/aux_global_position__functions.h
[0.196s] -- Up-to-date: /root/workspace/install/core_msgs/include/core_msgs/core_msgs/msg/detail/aux_global_position__struct.h
[0.196s] -- Up-to-date: /root/workspace/install/core_msgs/include/core_msgs/core_msgs/msg/detail/status_provider__type_support.h
[0.196s] -- Up-to-date: /root/workspace/install/core_msgs/include/core_msgs/core_msgs/msg/detail/status_provider__struct.h
[0.196s] -- Up-to-date: /root/workspace/install/core_msgs/include/core_msgs/core_msgs/msg/detail/status_provider__functions.c
[0.196s] -- Up-to-date: /root/workspace/install/core_msgs/include/core_msgs/core_msgs/msg/aux_global_position.h
[0.196s] -- Up-to-date: /root/workspace/install/core_msgs/include/core_msgs/core_msgs/msg/trajectory.h
[0.196s] -- Up-to-date: /root/workspace/install/core_msgs/include/core_msgs/core_msgs/msg/rosidl_generator_c__visibility_control.h
[0.196s] -- Up-to-date: /root/workspace/install/core_msgs/share/core_msgs/environment/library_path.sh
[0.196s] -- Up-to-date: /root/workspace/install/core_msgs/share/core_msgs/environment/library_path.dsv
[0.196s] -- Up-to-date: /root/workspace/install/core_msgs/lib/libcore_msgs__rosidl_generator_c.so
[0.196s] -- Up-to-date: /root/workspace/install/core_msgs/include/core_msgs/core_msgs
[0.196s] -- Up-to-date: /root/workspace/install/core_msgs/include/core_msgs/core_msgs/msg
[0.196s] -- Up-to-date: /root/workspace/install/core_msgs/include/core_msgs/core_msgs/msg/detail
[0.196s] -- Up-to-date: /root/workspace/install/core_msgs/include/core_msgs/core_msgs/msg/detail/trajectory__rosidl_typesupport_fastrtps_c.h
[0.196s] -- Up-to-date: /root/workspace/install/core_msgs/include/core_msgs/core_msgs/msg/detail/status_provider__rosidl_typesupport_fastrtps_c.h
[0.196s] -- Up-to-date: /root/workspace/install/core_msgs/include/core_msgs/core_msgs/msg/detail/aux_global_position__rosidl_typesupport_fastrtps_c.h
[0.196s] -- Up-to-date: /root/workspace/install/core_msgs/include/core_msgs/core_msgs/msg/rosidl_typesupport_fastrtps_c__visibility_control.h
[0.196s] -- Up-to-date: /root/workspace/install/core_msgs/lib/libcore_msgs__rosidl_typesupport_fastrtps_c.so
[0.196s] -- Up-to-date: /root/workspace/install/core_msgs/include/core_msgs/core_msgs
[0.196s] -- Up-to-date: /root/workspace/install/core_msgs/include/core_msgs/core_msgs/msg
[0.196s] -- Up-to-date: /root/workspace/install/core_msgs/include/core_msgs/core_msgs/msg/rosidl_typesupport_introspection_c__visibility_control.h
[0.196s] -- Up-to-date: /root/workspace/install/core_msgs/include/core_msgs/core_msgs/msg/detail
[0.196s] -- Up-to-date: /root/workspace/install/core_msgs/include/core_msgs/core_msgs/msg/detail/aux_global_position__rosidl_typesupport_introspection_c.h
[0.196s] -- Up-to-date: /root/workspace/install/core_msgs/include/core_msgs/core_msgs/msg/detail/trajectory__rosidl_typesupport_introspection_c.h
[0.196s] -- Up-to-date: /root/workspace/install/core_msgs/include/core_msgs/core_msgs/msg/detail/status_provider__type_support.c
[0.196s] -- Up-to-date: /root/workspace/install/core_msgs/include/core_msgs/core_msgs/msg/detail/aux_global_position__type_support.c
[0.196s] -- Up-to-date: /root/workspace/install/core_msgs/include/core_msgs/core_msgs/msg/detail/trajectory__type_support.c
[0.196s] -- Up-to-date: /root/workspace/install/core_msgs/include/core_msgs/core_msgs/msg/detail/status_provider__rosidl_typesupport_introspection_c.h
[0.196s] -- Up-to-date: /root/workspace/install/core_msgs/lib/libcore_msgs__rosidl_typesupport_introspection_c.so
[0.196s] -- Up-to-date: /root/workspace/install/core_msgs/lib/libcore_msgs__rosidl_typesupport_c.so
[0.196s] -- Up-to-date: /root/workspace/install/core_msgs/include/core_msgs/core_msgs
[0.196s] -- Up-to-date: /root/workspace/install/core_msgs/include/core_msgs/core_msgs/msg
[0.197s] -- Up-to-date: /root/workspace/install/core_msgs/include/core_msgs/core_msgs/msg/detail
[0.197s] -- Up-to-date: /root/workspace/install/core_msgs/include/core_msgs/core_msgs/msg/detail/trajectory__builder.hpp
[0.197s] -- Up-to-date: /root/workspace/install/core_msgs/include/core_msgs/core_msgs/msg/detail/trajectory__traits.hpp
[0.197s] -- Up-to-date: /root/workspace/install/core_msgs/include/core_msgs/core_msgs/msg/detail/status_provider__builder.hpp
[0.197s] -- Up-to-date: /root/workspace/install/core_msgs/include/core_msgs/core_msgs/msg/detail/aux_global_position__struct.hpp
[0.197s] -- Up-to-date: /root/workspace/install/core_msgs/include/core_msgs/core_msgs/msg/detail/aux_global_position__traits.hpp
[0.197s] -- Up-to-date: /root/workspace/install/core_msgs/include/core_msgs/core_msgs/msg/detail/aux_global_position__builder.hpp
[0.197s] -- Up-to-date: /root/workspace/install/core_msgs/include/core_msgs/core_msgs/msg/detail/trajectory__struct.hpp
[0.197s] -- Up-to-date: /root/workspace/install/core_msgs/include/core_msgs/core_msgs/msg/detail/status_provider__traits.hpp
[0.197s] -- Up-to-date: /root/workspace/install/core_msgs/include/core_msgs/core_msgs/msg/detail/status_provider__struct.hpp
[0.197s] -- Up-to-date: /root/workspace/install/core_msgs/include/core_msgs/core_msgs/msg/aux_global_position.hpp
[0.197s] -- Up-to-date: /root/workspace/install/core_msgs/include/core_msgs/core_msgs/msg/status_provider.hpp
[0.197s] -- Up-to-date: /root/workspace/install/core_msgs/include/core_msgs/core_msgs/msg/trajectory.hpp
[0.197s] -- Up-to-date: /root/workspace/install/core_msgs/include/core_msgs/core_msgs
[0.197s] -- Up-to-date: /root/workspace/install/core_msgs/include/core_msgs/core_msgs/msg
[0.197s] -- Up-to-date: /root/workspace/install/core_msgs/include/core_msgs/core_msgs/msg/detail
[0.197s] -- Up-to-date: /root/workspace/install/core_msgs/include/core_msgs/core_msgs/msg/detail/status_provider__rosidl_typesupport_fastrtps_cpp.hpp
[0.197s] -- Up-to-date: /root/workspace/install/core_msgs/include/core_msgs/core_msgs/msg/detail/dds_fastrtps
[0.197s] -- Up-to-date: /root/workspace/install/core_msgs/include/core_msgs/core_msgs/msg/detail/trajectory__rosidl_typesupport_fastrtps_cpp.hpp
[0.197s] -- Up-to-date: /root/workspace/install/core_msgs/include/core_msgs/core_msgs/msg/detail/aux_global_position__rosidl_typesupport_fastrtps_cpp.hpp
[0.197s] -- Up-to-date: /root/workspace/install/core_msgs/include/core_msgs/core_msgs/msg/rosidl_typesupport_fastrtps_cpp__visibility_control.h
[0.197s] -- Up-to-date: /root/workspace/install/core_msgs/lib/libcore_msgs__rosidl_typesupport_fastrtps_cpp.so
[0.197s] -- Up-to-date: /root/workspace/install/core_msgs/include/core_msgs/core_msgs
[0.197s] -- Up-to-date: /root/workspace/install/core_msgs/include/core_msgs/core_msgs/msg
[0.197s] -- Up-to-date: /root/workspace/install/core_msgs/include/core_msgs/core_msgs/msg/detail
[0.197s] -- Up-to-date: /root/workspace/install/core_msgs/include/core_msgs/core_msgs/msg/detail/trajectory__type_support.cpp
[0.197s] -- Up-to-date: /root/workspace/install/core_msgs/include/core_msgs/core_msgs/msg/detail/aux_global_position__type_support.cpp
[0.197s] -- Up-to-date: /root/workspace/install/core_msgs/include/core_msgs/core_msgs/msg/detail/status_provider__type_support.cpp
[0.197s] -- Up-to-date: /root/workspace/install/core_msgs/include/core_msgs/core_msgs/msg/detail/aux_global_position__rosidl_typesupport_introspection_cpp.hpp
[0.197s] -- Up-to-date: /root/workspace/install/core_msgs/include/core_msgs/core_msgs/msg/detail/status_provider__rosidl_typesupport_introspection_cpp.hpp
[0.197s] -- Up-to-date: /root/workspace/install/core_msgs/include/core_msgs/core_msgs/msg/detail/trajectory__rosidl_typesupport_introspection_cpp.hpp
[0.197s] -- Up-to-date: /root/workspace/install/core_msgs/lib/libcore_msgs__rosidl_typesupport_introspection_cpp.so
[0.197s] -- Up-to-date: /root/workspace/install/core_msgs/lib/libcore_msgs__rosidl_typesupport_cpp.so
[0.197s] -- Up-to-date: /root/workspace/install/core_msgs/share/core_msgs/environment/pythonpath.sh
[0.197s] -- Up-to-date: /root/workspace/install/core_msgs/share/core_msgs/environment/pythonpath.dsv
[0.197s] -- Up-to-date: /root/workspace/install/core_msgs/local/lib/python3.10/dist-packages/core_msgs-0.0.0-py3.10.egg-info
[0.197s] -- Installing: /root/workspace/install/core_msgs/local/lib/python3.10/dist-packages/core_msgs-0.0.0-py3.10.egg-info/dependency_links.txt
[0.197s] -- Installing: /root/workspace/install/core_msgs/local/lib/python3.10/dist-packages/core_msgs-0.0.0-py3.10.egg-info/PKG-INFO
[0.197s] -- Installing: /root/workspace/install/core_msgs/local/lib/python3.10/dist-packages/core_msgs-0.0.0-py3.10.egg-info/top_level.txt
[0.197s] -- Installing: /root/workspace/install/core_msgs/local/lib/python3.10/dist-packages/core_msgs-0.0.0-py3.10.egg-info/SOURCES.txt
[0.197s] -- Up-to-date: /root/workspace/install/core_msgs/local/lib/python3.10/dist-packages/core_msgs
[0.198s] -- Up-to-date: /root/workspace/install/core_msgs/local/lib/python3.10/dist-packages/core_msgs/core_msgs_s__rosidl_typesupport_introspection_c.cpython-310-x86_64-linux-gnu.so
[0.198s] -- Up-to-date: /root/workspace/install/core_msgs/local/lib/python3.10/dist-packages/core_msgs/__init__.py
[0.198s] -- Up-to-date: /root/workspace/install/core_msgs/local/lib/python3.10/dist-packages/core_msgs/core_msgs_s__rosidl_typesupport_c.cpython-310-x86_64-linux-gnu.so
[0.198s] -- Up-to-date: /root/workspace/install/core_msgs/local/lib/python3.10/dist-packages/core_msgs/_core_msgs_s.ep.rosidl_typesupport_introspection_c.c
[0.198s] -- Up-to-date: /root/workspace/install/core_msgs/local/lib/python3.10/dist-packages/core_msgs/core_msgs_s__rosidl_typesupport_fastrtps_c.cpython-310-x86_64-linux-gnu.so
[0.198s] -- Up-to-date: /root/workspace/install/core_msgs/local/lib/python3.10/dist-packages/core_msgs/_core_msgs_s.ep.rosidl_typesupport_fastrtps_c.c
[0.198s] -- Up-to-date: /root/workspace/install/core_msgs/local/lib/python3.10/dist-packages/core_msgs/libcore_msgs__rosidl_generator_py.so
[0.198s] -- Up-to-date: /root/workspace/install/core_msgs/local/lib/python3.10/dist-packages/core_msgs/msg
[0.198s] -- Up-to-date: /root/workspace/install/core_msgs/local/lib/python3.10/dist-packages/core_msgs/msg/_status_provider_s.c
[0.198s] -- Up-to-date: /root/workspace/install/core_msgs/local/lib/python3.10/dist-packages/core_msgs/msg/_aux_global_position.py
[0.198s] -- Up-to-date: /root/workspace/install/core_msgs/local/lib/python3.10/dist-packages/core_msgs/msg/__init__.py
[0.198s] -- Up-to-date: /root/workspace/install/core_msgs/local/lib/python3.10/dist-packages/core_msgs/msg/_status_provider.py
[0.198s] -- Up-to-date: /root/workspace/install/core_msgs/local/lib/python3.10/dist-packages/core_msgs/msg/_aux_global_position_s.c
[0.198s] -- Up-to-date: /root/workspace/install/core_msgs/local/lib/python3.10/dist-packages/core_msgs/msg/_trajectory_s.c
[0.198s] -- Up-to-date: /root/workspace/install/core_msgs/local/lib/python3.10/dist-packages/core_msgs/msg/_trajectory.py
[0.198s] -- Up-to-date: /root/workspace/install/core_msgs/local/lib/python3.10/dist-packages/core_msgs/_core_msgs_s.ep.rosidl_typesupport_c.c
[0.213s] Listing '/root/workspace/install/core_msgs/local/lib/python3.10/dist-packages/core_msgs'...
[0.213s] Listing '/root/workspace/install/core_msgs/local/lib/python3.10/dist-packages/core_msgs/msg'...
[0.215s] -- Up-to-date: /root/workspace/install/core_msgs/local/lib/python3.10/dist-packages/core_msgs/core_msgs_s__rosidl_typesupport_fastrtps_c.cpython-310-x86_64-linux-gnu.so
[0.215s] -- Up-to-date: /root/workspace/install/core_msgs/local/lib/python3.10/dist-packages/core_msgs/core_msgs_s__rosidl_typesupport_introspection_c.cpython-310-x86_64-linux-gnu.so
[0.215s] -- Up-to-date: /root/workspace/install/core_msgs/local/lib/python3.10/dist-packages/core_msgs/core_msgs_s__rosidl_typesupport_c.cpython-310-x86_64-linux-gnu.so
[0.215s] -- Up-to-date: /root/workspace/install/core_msgs/lib/libcore_msgs__rosidl_generator_py.so
[0.215s] -- Up-to-date: /root/workspace/install/core_msgs/share/core_msgs/msg/Trajectory.idl
[0.215s] -- Up-to-date: /root/workspace/install/core_msgs/share/core_msgs/msg/AuxGlobalPosition.idl
[0.215s] -- Up-to-date: /root/workspace/install/core_msgs/share/core_msgs/msg/StatusProvider.idl
[0.215s] -- Up-to-date: /root/workspace/install/core_msgs/share/core_msgs/msg/Trajectory.msg
[0.215s] -- Up-to-date: /root/workspace/install/core_msgs/share/core_msgs/msg/AuxGlobalPosition.msg
[0.215s] -- Up-to-date: /root/workspace/install/core_msgs/share/core_msgs/msg/StatusProvider.msg
[0.215s] -- Up-to-date: /root/workspace/install/core_msgs/share/ament_index/resource_index/package_run_dependencies/core_msgs
[0.215s] -- Up-to-date: /root/workspace/install/core_msgs/share/ament_index/resource_index/parent_prefix_path/core_msgs
[0.215s] -- Up-to-date: /root/workspace/install/core_msgs/share/core_msgs/environment/ament_prefix_path.sh
[0.215s] -- Up-to-date: /root/workspace/install/core_msgs/share/core_msgs/environment/ament_prefix_path.dsv
[0.216s] -- Up-to-date: /root/workspace/install/core_msgs/share/core_msgs/environment/path.sh
[0.216s] -- Up-to-date: /root/workspace/install/core_msgs/share/core_msgs/environment/path.dsv
[0.216s] -- Up-to-date: /root/workspace/install/core_msgs/share/core_msgs/local_setup.bash
[0.216s] -- Up-to-date: /root/workspace/install/core_msgs/share/core_msgs/local_setup.sh
[0.216s] -- Up-to-date: /root/workspace/install/core_msgs/share/core_msgs/local_setup.zsh
[0.216s] -- Up-to-date: /root/workspace/install/core_msgs/share/core_msgs/local_setup.dsv
[0.216s] -- Installing: /root/workspace/install/core_msgs/share/core_msgs/package.dsv
[0.216s] -- Up-to-date: /root/workspace/install/core_msgs/share/ament_index/resource_index/packages/core_msgs
[0.216s] -- Up-to-date: /root/workspace/install/core_msgs/share/core_msgs/cmake/export_core_msgs__rosidl_generator_cExport.cmake
[0.216s] -- Up-to-date: /root/workspace/install/core_msgs/share/core_msgs/cmake/export_core_msgs__rosidl_generator_cExport-noconfig.cmake
[0.216s] -- Up-to-date: /root/workspace/install/core_msgs/share/core_msgs/cmake/export_core_msgs__rosidl_typesupport_fastrtps_cExport.cmake
[0.216s] -- Up-to-date: /root/workspace/install/core_msgs/share/core_msgs/cmake/export_core_msgs__rosidl_typesupport_fastrtps_cExport-noconfig.cmake
[0.216s] -- Up-to-date: /root/workspace/install/core_msgs/share/core_msgs/cmake/core_msgs__rosidl_typesupport_introspection_cExport.cmake
[0.216s] -- Up-to-date: /root/workspace/install/core_msgs/share/core_msgs/cmake/core_msgs__rosidl_typesupport_introspection_cExport-noconfig.cmake
[0.216s] -- Up-to-date: /root/workspace/install/core_msgs/share/core_msgs/cmake/core_msgs__rosidl_typesupport_cExport.cmake
[0.216s] -- Up-to-date: /root/workspace/install/core_msgs/share/core_msgs/cmake/core_msgs__rosidl_typesupport_cExport-noconfig.cmake
[0.216s] -- Up-to-date: /root/workspace/install/core_msgs/share/core_msgs/cmake/export_core_msgs__rosidl_generator_cppExport.cmake
[0.216s] -- Up-to-date: /root/workspace/install/core_msgs/share/core_msgs/cmake/export_core_msgs__rosidl_typesupport_fastrtps_cppExport.cmake
[0.216s] -- Up-to-date: /root/workspace/install/core_msgs/share/core_msgs/cmake/export_core_msgs__rosidl_typesupport_fastrtps_cppExport-noconfig.cmake
[0.216s] -- Up-to-date: /root/workspace/install/core_msgs/share/core_msgs/cmake/core_msgs__rosidl_typesupport_introspection_cppExport.cmake
[0.216s] -- Up-to-date: /root/workspace/install/core_msgs/share/core_msgs/cmake/core_msgs__rosidl_typesupport_introspection_cppExport-noconfig.cmake
[0.216s] -- Up-to-date: /root/workspace/install/core_msgs/share/core_msgs/cmake/core_msgs__rosidl_typesupport_cppExport.cmake
[0.216s] -- Up-to-date: /root/workspace/install/core_msgs/share/core_msgs/cmake/core_msgs__rosidl_typesupport_cppExport-noconfig.cmake
[0.216s] -- Up-to-date: /root/workspace/install/core_msgs/share/core_msgs/cmake/export_core_msgs__rosidl_generator_pyExport.cmake
[0.216s] -- Up-to-date: /root/workspace/install/core_msgs/share/core_msgs/cmake/export_core_msgs__rosidl_generator_pyExport-noconfig.cmake
[0.216s] -- Up-to-date: /root/workspace/install/core_msgs/share/core_msgs/cmake/rosidl_cmake-extras.cmake
[0.216s] -- Up-to-date: /root/workspace/install/core_msgs/share/core_msgs/cmake/ament_cmake_export_include_directories-extras.cmake
[0.216s] -- Up-to-date: /root/workspace/install/core_msgs/share/core_msgs/cmake/ament_cmake_export_libraries-extras.cmake
[0.216s] -- Up-to-date: /root/workspace/install/core_msgs/share/core_msgs/cmake/ament_cmake_export_targets-extras.cmake
[0.216s] -- Up-to-date: /root/workspace/install/core_msgs/share/core_msgs/cmake/rosidl_cmake_export_typesupport_targets-extras.cmake
[0.216s] -- Up-to-date: /root/workspace/install/core_msgs/share/core_msgs/cmake/ament_cmake_export_dependencies-extras.cmake
[0.216s] -- Up-to-date: /root/workspace/install/core_msgs/share/core_msgs/cmake/rosidl_cmake_export_typesupport_libraries-extras.cmake
[0.216s] -- Up-to-date: /root/workspace/install/core_msgs/share/core_msgs/cmake/core_msgsConfig.cmake
[0.216s] -- Up-to-date: /root/workspace/install/core_msgs/share/core_msgs/cmake/core_msgsConfig-version.cmake
[0.217s] -- Up-to-date: /root/workspace/install/core_msgs/share/core_msgs/package.xml
[0.217s] Invoked command in '/root/workspace/build/core_msgs' returned '0': CMAKE_PREFIX_PATH=${CMAKE_PREFIX_PATH}:/opt/ros/humble /usr/bin/cmake --install /root/workspace/build/core_msgs
