[35m[1mScanning dependencies of target node[0m
[ 50%] [32mBuilding CXX object CMakeFiles/node.dir/src/offb_node.cpp.o[0m
[01m[K/root/workspace/src/core/src/offb_node.cpp:[m[K In member function ‘[01m[Kvoid ControlNode::aux_global(core_msgs::msg::AuxGlobalPosition_<std::allocator<void> >::SharedPtr)[m[K’:
[01m[K/root/workspace/src/core/src/offb_node.cpp:227:81:[m[K [01;35m[Kwarning: [m[Kunused parameter ‘[01m[Kmsg[m[K’ [[01;35m[K-Wunused-parameter[m[K]
  227 | void ControlNode::aux_global([01;35m[Kconst core_msgs::msg::AuxGlobalPosition::SharedPtr msg[m[K) {
      |                              [01;35m[K~~~~~~~~~~~~~~~~~~~~~~~~~~~~~~~~~~~~~~~~~~~~~~~~~~~^~~[m[K
[100%] [32m[1mLinking CXX executable node[0m
[100%] Built target node
-- Install configuration: ""
-- Installing: /root/workspace/install/core/lib/core/node
-- Set runtime path of "/root/workspace/install/core/lib/core/node" to ""
-- Up-to-date: /root/workspace/install/core/share/ament_index/resource_index/package_run_dependencies/core
-- Up-to-date: /root/workspace/install/core/share/ament_index/resource_index/parent_prefix_path/core
-- Up-to-date: /root/workspace/install/core/share/core/environment/ament_prefix_path.sh
-- Installing: /root/workspace/install/core/share/core/environment/ament_prefix_path.dsv
-- Up-to-date: /root/workspace/install/core/share/core/environment/path.sh
-- Installing: /root/workspace/install/core/share/core/environment/path.dsv
-- Up-to-date: /root/workspace/install/core/share/core/local_setup.bash
-- Up-to-date: /root/workspace/install/core/share/core/local_setup.sh
-- Up-to-date: /root/workspace/install/core/share/core/local_setup.zsh
-- Installing: /root/workspace/install/core/share/core/local_setup.dsv
-- Installing: /root/workspace/install/core/share/core/package.dsv
-- Up-to-date: /root/workspace/install/core/share/ament_index/resource_index/packages/core
-- Up-to-date: /root/workspace/install/core/share/core/cmake/coreConfig.cmake
-- Up-to-date: /root/workspace/install/core/share/core/cmake/coreConfig-version.cmake
-- Up-to-date: /root/workspace/install/core/share/core/package.xml
