[0.006s] Invoking command in '/root/workspace/build/core': AMENT_PREFIX_PATH=/root/workspace/install/core_msgs:${AMENT_PREFIX_PATH} CMAKE_PREFIX_PATH=/root/workspace/install/core_msgs:/root/microros_ws/install/px4_ros_com:/root/microros_ws/install/px4_msgs:/root/microros_ws/install/micro_ros_setup:/root/microros_ws/install/micro_ros_agent:/root/microros_ws/install/micro_ros_msgs:/opt/ros/foxy LD_LIBRARY_PATH=/root/workspace/install/core_msgs/lib:${LD_LIBRARY_PATH} PYTHONPATH=/root/workspace/install/core_msgs/lib/python3.8/site-packages:${PYTHONPATH} /usr/bin/cmake --build /root/workspace/build/core -- -j20 -l20
[0.027s] [35m[1mScanning dependencies of target node[0m
[0.043s] [ 50%] [32mBuilding CXX object CMakeFiles/node.dir/src/offb_node.cpp.o[0m
[0.775s] [01m[K/root/workspace/src/core/src/offb_node.cpp:[m[K In member function ‘[01m[Kvoid ControlNode::aux_global(core_msgs::msg::AuxGlobalPosition_<std::allocator<void> >::SharedPtr)[m[K’:
[0.775s] [01m[K/root/workspace/src/core/src/offb_node.cpp:227:81:[m[K [01;35m[Kwarning: [m[Kunused parameter ‘[01m[Kmsg[m[K’ [[01;35m[K-Wunused-parameter[m[K]
[0.775s]   227 | void ControlNode::aux_global([01;35m[Kconst core_msgs::msg::AuxGlobalPosition::SharedPtr msg[m[K) {
[0.775s]       |                              [01;35m[K~~~~~~~~~~~~~~~~~~~~~~~~~~~~~~~~~~~~~~~~~~~~~~~~~~~^~~[m[K
[8.025s] [100%] [32m[1mLinking CXX executable node[0m
[8.352s] [100%] Built target node
[8.358s] Invoked command in '/root/workspace/build/core' returned '0': AMENT_PREFIX_PATH=/root/workspace/install/core_msgs:${AMENT_PREFIX_PATH} CMAKE_PREFIX_PATH=/root/workspace/install/core_msgs:/root/microros_ws/install/px4_ros_com:/root/microros_ws/install/px4_msgs:/root/microros_ws/install/micro_ros_setup:/root/microros_ws/install/micro_ros_agent:/root/microros_ws/install/micro_ros_msgs:/opt/ros/foxy LD_LIBRARY_PATH=/root/workspace/install/core_msgs/lib:${LD_LIBRARY_PATH} PYTHONPATH=/root/workspace/install/core_msgs/lib/python3.8/site-packages:${PYTHONPATH} /usr/bin/cmake --build /root/workspace/build/core -- -j20 -l20
[8.372s] Invoking command in '/root/workspace/build/core': AMENT_PREFIX_PATH=/root/workspace/install/core_msgs:${AMENT_PREFIX_PATH} CMAKE_PREFIX_PATH=/root/workspace/install/core_msgs:/root/microros_ws/install/px4_ros_com:/root/microros_ws/install/px4_msgs:/root/microros_ws/install/micro_ros_setup:/root/microros_ws/install/micro_ros_agent:/root/microros_ws/install/micro_ros_msgs:/opt/ros/foxy LD_LIBRARY_PATH=/root/workspace/install/core_msgs/lib:${LD_LIBRARY_PATH} PYTHONPATH=/root/workspace/install/core_msgs/lib/python3.8/site-packages:${PYTHONPATH} /usr/bin/cmake --install /root/workspace/build/core
[8.376s] -- Install configuration: ""
[8.376s] -- Installing: /root/workspace/install/core/lib/core/node
[8.380s] -- Set runtime path of "/root/workspace/install/core/lib/core/node" to ""
[8.381s] -- Up-to-date: /root/workspace/install/core/share/ament_index/resource_index/package_run_dependencies/core
[8.381s] -- Up-to-date: /root/workspace/install/core/share/ament_index/resource_index/parent_prefix_path/core
[8.381s] -- Up-to-date: /root/workspace/install/core/share/core/environment/ament_prefix_path.sh
[8.381s] -- Installing: /root/workspace/install/core/share/core/environment/ament_prefix_path.dsv
[8.381s] -- Up-to-date: /root/workspace/install/core/share/core/environment/path.sh
[8.381s] -- Installing: /root/workspace/install/core/share/core/environment/path.dsv
[8.381s] -- Up-to-date: /root/workspace/install/core/share/core/local_setup.bash
[8.381s] -- Up-to-date: /root/workspace/install/core/share/core/local_setup.sh
[8.381s] -- Up-to-date: /root/workspace/install/core/share/core/local_setup.zsh
[8.381s] -- Installing: /root/workspace/install/core/share/core/local_setup.dsv
[8.381s] -- Installing: /root/workspace/install/core/share/core/package.dsv
[8.381s] -- Up-to-date: /root/workspace/install/core/share/ament_index/resource_index/packages/core
[8.381s] -- Up-to-date: /root/workspace/install/core/share/core/cmake/coreConfig.cmake
[8.382s] -- Up-to-date: /root/workspace/install/core/share/core/cmake/coreConfig-version.cmake
[8.384s] -- Up-to-date: /root/workspace/install/core/share/core/package.xml
[8.384s] Invoked command in '/root/workspace/build/core' returned '0': AMENT_PREFIX_PATH=/root/workspace/install/core_msgs:${AMENT_PREFIX_PATH} CMAKE_PREFIX_PATH=/root/workspace/install/core_msgs:/root/microros_ws/install/px4_ros_com:/root/microros_ws/install/px4_msgs:/root/microros_ws/install/micro_ros_setup:/root/microros_ws/install/micro_ros_agent:/root/microros_ws/install/micro_ros_msgs:/opt/ros/foxy LD_LIBRARY_PATH=/root/workspace/install/core_msgs/lib:${LD_LIBRARY_PATH} PYTHONPATH=/root/workspace/install/core_msgs/lib/python3.8/site-packages:${PYTHONPATH} /usr/bin/cmake --install /root/workspace/build/core
