[0.010s] Invoking command in '/root/workspace/build/core': CMAKE_PREFIX_PATH=${CMAKE_PREFIX_PATH}:/opt/ros/foxy /usr/bin/cmake --build /root/workspace/build/core -- -j20 -l20
[0.038s] [35m[1mScanning dependencies of target node[0m
[0.056s] [ 50%] [32mBuilding CXX object CMakeFiles/node.dir/src/offb_node.cpp.o[0m
[0.840s] In file included from [01m[K/opt/ros/foxy/include/rclcpp/client.hpp:40[m[K,
[0.840s]                  from [01m[K/opt/ros/foxy/include/rclcpp/callback_group.hpp:23[m[K,
[0.840s]                  from [01m[K/opt/ros/foxy/include/rclcpp/any_executable.hpp:20[m[K,
[0.840s]                  from [01m[K/opt/ros/foxy/include/rclcpp/memory_strategy.hpp:24[m[K,
[0.840s]                  from [01m[K/opt/ros/foxy/include/rclcpp/memory_strategies.hpp:18[m[K,
[0.840s]                  from [01m[K/opt/ros/foxy/include/rclcpp/executor_options.hpp:20[m[K,
[0.840s]                  from [01m[K/opt/ros/foxy/include/rclcpp/executor.hpp:33[m[K,
[0.840s]                  from [01m[K/opt/ros/foxy/include/rclcpp/executors/multi_threaded_executor.hpp:26[m[K,
[0.840s]                  from [01m[K/opt/ros/foxy/include/rclcpp/executors.hpp:21[m[K,
[0.840s]                  from [01m[K/opt/ros/foxy/include/rclcpp/rclcpp.hpp:146[m[K,
[0.840s]                  from [01m[K/root/workspace/src/core/src/offb_node.cpp:2[m[K:
[0.840s] [01m[K/root/workspace/src/core/src/offb_node.cpp:[m[K In member function ‘[01m[Kvoid ControlNode::cb_srv_command(rclcpp::Client<px4_msgs::srv::VehicleCommand>::SharedFuture)[m[K’:
[0.840s] [01m[K/root/workspace/src/core/src/offb_node.cpp:55:9:[m[K [01;31m[Kerror: [m[Kno matching function for call to ‘[01m[Kget_c_string(const SharedFuture&)[m[K’
[0.840s]    55 |         [01;31m[KRCLCPP_INFO[m[K(this -> get_logger(),
[0.840s]       |         [01;31m[K^~~~~~~~~~~[m[K
[0.840s] In file included from [01m[K/opt/ros/foxy/include/rclcpp/client.hpp:36[m[K,
[0.840s]                  from [01m[K/opt/ros/foxy/include/rclcpp/callback_group.hpp:23[m[K,
[0.840s]                  from [01m[K/opt/ros/foxy/include/rclcpp/any_executable.hpp:20[m[K,
[0.840s]                  from [01m[K/opt/ros/foxy/include/rclcpp/memory_strategy.hpp:24[m[K,
[0.841s]                  from [01m[K/opt/ros/foxy/include/rclcpp/memory_strategies.hpp:18[m[K,
[0.841s]                  from [01m[K/opt/ros/foxy/include/rclcpp/executor_options.hpp:20[m[K,
[0.841s]                  from [01m[K/opt/ros/foxy/include/rclcpp/executor.hpp:33[m[K,
[0.841s]                  from [01m[K/opt/ros/foxy/include/rclcpp/executors/multi_threaded_executor.hpp:26[m[K,
[0.841s]                  from [01m[K/opt/ros/foxy/include/rclcpp/executors.hpp:21[m[K,
[0.841s]                  from [01m[K/opt/ros/foxy/include/rclcpp/rclcpp.hpp:146[m[K,
[0.841s]                  from [01m[K/root/workspace/src/core/src/offb_node.cpp:2[m[K:
[0.841s] [01m[K/opt/ros/foxy/include/rclcpp/utilities.hpp:296:1:[m[K [01;36m[Knote: [m[Kcandidate: ‘[01m[Kconst char* rclcpp::get_c_string(const char*)[m[K’
[0.841s]   296 | [01;36m[Kget_c_string[m[K(const char * string_in);
[0.841s]       | [01;36m[K^~~~~~~~~~~~[m[K
[0.841s] [01m[K/opt/ros/foxy/include/rclcpp/utilities.hpp:296:27:[m[K [01;36m[Knote: [m[K  no known conversion for argument 1 from ‘[01m[Kconst SharedFuture[m[K’ {aka ‘[01m[Kconst std::shared_future<std::shared_ptr<px4_msgs::srv::VehicleCommand_Response_<std::allocator<void> > > >[m[K’} to ‘[01m[Kconst char*[m[K’
[0.841s]   296 | get_c_string([01;36m[Kconst char * string_in[m[K);
[0.841s]       |              [01;36m[K~~~~~~~~~~~~~^~~~~~~~~[m[K
[0.841s] [01m[K/opt/ros/foxy/include/rclcpp/utilities.hpp:305:1:[m[K [01;36m[Knote: [m[Kcandidate: ‘[01m[Kconst char* rclcpp::get_c_string(const string&)[m[K’
[0.841s]   305 | [01;36m[Kget_c_string[m[K(const std::string & string_in);
[0.841s]       | [01;36m[K^~~~~~~~~~~~[m[K
[0.841s] [01m[K/opt/ros/foxy/include/rclcpp/utilities.hpp:305:34:[m[K [01;36m[Knote: [m[K  no known conversion for argument 1 from ‘[01m[Kconst SharedFuture[m[K’ {aka ‘[01m[Kconst std::shared_future<std::shared_ptr<px4_msgs::srv::VehicleCommand_Response_<std::allocator<void> > > >[m[K’} to ‘[01m[Kconst string&[m[K’ {aka ‘[01m[Kconst std::__cxx11::basic_string<char>&[m[K’}
[0.841s]   305 | get_c_string([01;36m[Kconst std::string & string_in[m[K);
[0.841s]       |              [01;36m[K~~~~~~~~~~~~~~~~~~~~^~~~~~~~~[m[K
[2.043s] make[2]: *** [CMakeFiles/node.dir/build.make:63: CMakeFiles/node.dir/src/offb_node.cpp.o] Error 1
[2.043s] make[1]: *** [CMakeFiles/Makefile2:78: CMakeFiles/node.dir/all] Error 2
[2.043s] make: *** [Makefile:141: all] Error 2
[2.044s] Invoked command in '/root/workspace/build/core' returned '2': CMAKE_PREFIX_PATH=${CMAKE_PREFIX_PATH}:/opt/ros/foxy /usr/bin/cmake --build /root/workspace/build/core -- -j20 -l20
