[0.011s] Invoking command in '/root/workspace/build/core': AMENT_PREFIX_PATH=/root/workspace/install/core_msgs:${AMENT_PREFIX_PATH} CMAKE_PREFIX_PATH=/root/workspace/install/core_msgs:/root/microros_ws/install/px4_ros_com:/root/microros_ws/install/px4_msgs:/root/microros_ws/install/micro_ros_setup:/root/microros_ws/install/micro_ros_agent:/root/microros_ws/install/micro_ros_msgs:/opt/ros/humble LD_LIBRARY_PATH=/root/workspace/install/core_msgs/lib:${LD_LIBRARY_PATH} PYTHONPATH=/root/workspace/install/core_msgs/local/lib/python3.10/dist-packages:${PYTHONPATH} /usr/bin/cmake --build /root/workspace/build/core -- -j20 -l20
[0.031s] [35m[1mConsolidate compiler generated dependencies of target node[0m
[0.042s] [ 50%] [32mBuilding CXX object CMakeFiles/node.dir/src/offb_node.cpp.o[0m
[16.931s] [100%] [32m[1mLinking CXX executable node[0m
[17.980s] [100%] Built target node
[17.988s] Invoked command in '/root/workspace/build/core' returned '0': AMENT_PREFIX_PATH=/root/workspace/install/core_msgs:${AMENT_PREFIX_PATH} CMAKE_PREFIX_PATH=/root/workspace/install/core_msgs:/root/microros_ws/install/px4_ros_com:/root/microros_ws/install/px4_msgs:/root/microros_ws/install/micro_ros_setup:/root/microros_ws/install/micro_ros_agent:/root/microros_ws/install/micro_ros_msgs:/opt/ros/humble LD_LIBRARY_PATH=/root/workspace/install/core_msgs/lib:${LD_LIBRARY_PATH} PYTHONPATH=/root/workspace/install/core_msgs/local/lib/python3.10/dist-packages:${PYTHONPATH} /usr/bin/cmake --build /root/workspace/build/core -- -j20 -l20
[18.000s] Invoking command in '/root/workspace/build/core': AMENT_PREFIX_PATH=/root/workspace/install/core_msgs:${AMENT_PREFIX_PATH} CMAKE_PREFIX_PATH=/root/workspace/install/core_msgs:/root/microros_ws/install/px4_ros_com:/root/microros_ws/install/px4_msgs:/root/microros_ws/install/micro_ros_setup:/root/microros_ws/install/micro_ros_agent:/root/microros_ws/install/micro_ros_msgs:/opt/ros/humble LD_LIBRARY_PATH=/root/workspace/install/core_msgs/lib:${LD_LIBRARY_PATH} PYTHONPATH=/root/workspace/install/core_msgs/local/lib/python3.10/dist-packages:${PYTHONPATH} /usr/bin/cmake --install /root/workspace/build/core
[18.003s] -- Install configuration: ""
[18.003s] -- Installing: /root/workspace/install/core/lib/core/node
[18.014s] -- Set runtime path of "/root/workspace/install/core/lib/core/node" to ""
[18.014s] -- Up-to-date: /root/workspace/install/core/share/ament_index/resource_index/package_run_dependencies/core
[18.014s] -- Up-to-date: /root/workspace/install/core/share/ament_index/resource_index/parent_prefix_path/core
[18.014s] -- Up-to-date: /root/workspace/install/core/share/core/environment/ament_prefix_path.sh
[18.014s] -- Up-to-date: /root/workspace/install/core/share/core/environment/ament_prefix_path.dsv
[18.014s] -- Up-to-date: /root/workspace/install/core/share/core/environment/path.sh
[18.014s] -- Up-to-date: /root/workspace/install/core/share/core/environment/path.dsv
[18.014s] -- Up-to-date: /root/workspace/install/core/share/core/local_setup.bash
[18.014s] -- Up-to-date: /root/workspace/install/core/share/core/local_setup.sh
[18.014s] -- Up-to-date: /root/workspace/install/core/share/core/local_setup.zsh
[18.014s] -- Up-to-date: /root/workspace/install/core/share/core/local_setup.dsv
[18.014s] -- Installing: /root/workspace/install/core/share/core/package.dsv
[18.014s] -- Up-to-date: /root/workspace/install/core/share/ament_index/resource_index/packages/core
[18.015s] -- Up-to-date: /root/workspace/install/core/share/core/cmake/coreConfig.cmake
[18.015s] -- Up-to-date: /root/workspace/install/core/share/core/cmake/coreConfig-version.cmake
[18.015s] -- Up-to-date: /root/workspace/install/core/share/core/package.xml
[18.015s] Invoked command in '/root/workspace/build/core' returned '0': AMENT_PREFIX_PATH=/root/workspace/install/core_msgs:${AMENT_PREFIX_PATH} CMAKE_PREFIX_PATH=/root/workspace/install/core_msgs:/root/microros_ws/install/px4_ros_com:/root/microros_ws/install/px4_msgs:/root/microros_ws/install/micro_ros_setup:/root/microros_ws/install/micro_ros_agent:/root/microros_ws/install/micro_ros_msgs:/opt/ros/humble LD_LIBRARY_PATH=/root/workspace/install/core_msgs/lib:${LD_LIBRARY_PATH} PYTHONPATH=/root/workspace/install/core_msgs/local/lib/python3.10/dist-packages:${PYTHONPATH} /usr/bin/cmake --install /root/workspace/build/core
