[0.006s] Invoking command in '/root/workspace/build/core': AMENT_PREFIX_PATH=/root/workspace/install/core_msgs:${AMENT_PREFIX_PATH} CMAKE_PREFIX_PATH=/root/workspace/install/core_msgs:/root/microros_ws/install/px4_ros_com:/root/microros_ws/install/px4_msgs:/root/microros_ws/install/micro_ros_setup:/root/microros_ws/install/micro_ros_agent:/root/microros_ws/install/micro_ros_msgs:/opt/ros/foxy LD_LIBRARY_PATH=/root/workspace/install/core_msgs/lib:${LD_LIBRARY_PATH} PYTHONPATH=/root/workspace/install/core_msgs/lib/python3.8/site-packages:${PYTHONPATH} /usr/bin/cmake --build /root/workspace/build/core -- -j20 -l20
[0.020s] -- Found ament_cmake: 0.9.12 (/opt/ros/foxy/share/ament_cmake/cmake)
[0.032s] -- Using PYTHON_EXECUTABLE: /usr/bin/python3
[0.098s] -- Found rclcpp: 2.4.3 (/opt/ros/foxy/share/rclcpp/cmake)
[0.117s] -- Using all available rosidl_typesupport_c: rosidl_typesupport_fastrtps_c;rosidl_typesupport_introspection_c
[0.118s] -- Found rosidl_adapter: 1.3.1 (/opt/ros/foxy/share/rosidl_adapter/cmake)
[0.180s] -- Using all available rosidl_typesupport_cpp: rosidl_typesupport_fastrtps_cpp;rosidl_typesupport_introspection_cpp
[0.210s] -- Found rmw_implementation_cmake: 1.0.4 (/opt/ros/foxy/share/rmw_implementation_cmake/cmake)
[0.211s] -- Using RMW implementation 'rmw_fastrtps_cpp' as default
[0.291s] -- Found core_msgs: 0.0.0 (/root/workspace/install/core_msgs/share/core_msgs/cmake)
[0.295s] -- Found px4_msgs: 2.0.1 (/root/microros_ws/install/px4_msgs/share/px4_msgs/cmake)
[0.306s] -- Found ament_lint_auto: 0.9.8 (/opt/ros/foxy/share/ament_lint_auto/cmake)
[0.339s] -- Added test 'copyright' to check source files copyright and LICENSE
[0.339s] -- Added test 'cppcheck' to perform static code analysis on C / C++ code
[0.339s] -- Configured cppcheck include dirs: 
[0.339s] -- Configured cppcheck exclude dirs and/or files: 
[0.339s] -- Added test 'cpplint' to check C / C++ code against the Google style
[0.339s] -- Configured cpplint exclude dirs and/or files: 
[0.340s] -- Added test 'lint_cmake' to check CMake code style
[0.340s] -- Added test 'uncrustify' to check C / C++ code style
[0.340s] -- Configured uncrustify additional arguments: 
[0.340s] -- Added test 'xmllint' to check XML markup files
[0.341s] -- Configuring done
[0.345s] -- Generating done
[0.346s] -- Build files have been written to: /root/workspace/build/core
[0.364s] [35m[1mScanning dependencies of target node[0m
[0.382s] [ 50%] [32mBuilding CXX object CMakeFiles/node.dir/src/offb_node.cpp.o[0m
[0.466s] [01m[K/root/workspace/src/core/src/offb_node.cpp:18:10:[m[K [01;31m[Kfatal error: [m[Kcore_msgs/msg/aux_global_position.msg: No such file or directory
[0.466s]    18 | #include [01;31m[K"core_msgs/msg/aux_global_position.msg"[m[K
[0.466s]       |          [01;31m[K^~~~~~~~~~~~~~~~~~~~~~~~~~~~~~~~~~~~~~~[m[K
[0.466s] compilation terminated.
[0.467s] make[2]: *** [CMakeFiles/node.dir/build.make:63: CMakeFiles/node.dir/src/offb_node.cpp.o] Error 1
[0.467s] make[1]: *** [CMakeFiles/Makefile2:78: CMakeFiles/node.dir/all] Error 2
[0.467s] make: *** [Makefile:141: all] Error 2
[0.468s] Invoked command in '/root/workspace/build/core' returned '2': AMENT_PREFIX_PATH=/root/workspace/install/core_msgs:${AMENT_PREFIX_PATH} CMAKE_PREFIX_PATH=/root/workspace/install/core_msgs:/root/microros_ws/install/px4_ros_com:/root/microros_ws/install/px4_msgs:/root/microros_ws/install/micro_ros_setup:/root/microros_ws/install/micro_ros_agent:/root/microros_ws/install/micro_ros_msgs:/opt/ros/foxy LD_LIBRARY_PATH=/root/workspace/install/core_msgs/lib:${LD_LIBRARY_PATH} PYTHONPATH=/root/workspace/install/core_msgs/lib/python3.8/site-packages:${PYTHONPATH} /usr/bin/cmake --build /root/workspace/build/core -- -j20 -l20
