[0.005s] Invoking command in '/root/workspace/build/core': CMAKE_PREFIX_PATH=/root/workspace/install/core_msgs:/root/workspace/install/test_set:/root/workspace/install/core:/root/microros_ws/install/px4_ros_com:/root/microros_ws/install/px4_msgs:/root/microros_ws/install/micro_ros_setup:/root/microros_ws/install/micro_ros_agent:/root/microros_ws/install/micro_ros_msgs:/opt/ros/humble /usr/bin/cmake --build /root/workspace/build/core -- -j20 -l20
[0.024s] [35m[1mConsolidate compiler generated dependencies of target node[0m
[0.032s] [100%] Built target node
[0.039s] Invoked command in '/root/workspace/build/core' returned '0': CMAKE_PREFIX_PATH=/root/workspace/install/core_msgs:/root/workspace/install/test_set:/root/workspace/install/core:/root/microros_ws/install/px4_ros_com:/root/microros_ws/install/px4_msgs:/root/microros_ws/install/micro_ros_setup:/root/microros_ws/install/micro_ros_agent:/root/microros_ws/install/micro_ros_msgs:/opt/ros/humble /usr/bin/cmake --build /root/workspace/build/core -- -j20 -l20
[0.049s] Invoking command in '/root/workspace/build/core': CMAKE_PREFIX_PATH=/root/workspace/install/core_msgs:/root/workspace/install/test_set:/root/workspace/install/core:/root/microros_ws/install/px4_ros_com:/root/microros_ws/install/px4_msgs:/root/microros_ws/install/micro_ros_setup:/root/microros_ws/install/micro_ros_agent:/root/microros_ws/install/micro_ros_msgs:/opt/ros/humble /usr/bin/cmake --install /root/workspace/build/core
[0.052s] -- Install configuration: ""
[0.052s] -- Up-to-date: /root/workspace/install/core/lib/core/node
[0.053s] -- Up-to-date: /root/workspace/install/core/share/ament_index/resource_index/package_run_dependencies/core
[0.053s] -- Up-to-date: /root/workspace/install/core/share/ament_index/resource_index/parent_prefix_path/core
[0.053s] -- Up-to-date: /root/workspace/install/core/share/core/environment/ament_prefix_path.sh
[0.053s] -- Up-to-date: /root/workspace/install/core/share/core/environment/ament_prefix_path.dsv
[0.053s] -- Up-to-date: /root/workspace/install/core/share/core/environment/path.sh
[0.053s] -- Up-to-date: /root/workspace/install/core/share/core/environment/path.dsv
[0.053s] -- Up-to-date: /root/workspace/install/core/share/core/local_setup.bash
[0.053s] -- Up-to-date: /root/workspace/install/core/share/core/local_setup.sh
[0.053s] -- Up-to-date: /root/workspace/install/core/share/core/local_setup.zsh
[0.053s] -- Up-to-date: /root/workspace/install/core/share/core/local_setup.dsv
[0.053s] -- Installing: /root/workspace/install/core/share/core/package.dsv
[0.053s] -- Up-to-date: /root/workspace/install/core/share/ament_index/resource_index/packages/core
[0.054s] -- Up-to-date: /root/workspace/install/core/share/core/cmake/coreConfig.cmake
[0.054s] -- Up-to-date: /root/workspace/install/core/share/core/cmake/coreConfig-version.cmake
[0.054s] -- Up-to-date: /root/workspace/install/core/share/core/package.xml
[0.058s] Invoked command in '/root/workspace/build/core' returned '0': CMAKE_PREFIX_PATH=/root/workspace/install/core_msgs:/root/workspace/install/test_set:/root/workspace/install/core:/root/microros_ws/install/px4_ros_com:/root/microros_ws/install/px4_msgs:/root/microros_ws/install/micro_ros_setup:/root/microros_ws/install/micro_ros_agent:/root/microros_ws/install/micro_ros_msgs:/opt/ros/humble /usr/bin/cmake --install /root/workspace/build/core
