[0.000000] (-) TimerEvent: {}
[0.000150] (master) JobQueued: {'identifier': 'master', 'dependencies': OrderedDict()}
[0.000363] (master) JobStarted: {'identifier': 'master'}
[0.003986] (master) JobProgress: {'identifier': 'master', 'progress': 'cmake'}
[0.004087] (master) Command: {'cmd': ['/usr/bin/cmake', '/root/master/src/master', '-DCMAKE_INSTALL_PREFIX=/root/master/install/master'], 'cwd': '/root/master/build/master', 'env': OrderedDict([('HOSTNAME', 'GTX-3060-2'), ('SHLVL', '1'), ('LD_LIBRARY_PATH', '/opt/ros/humble/lib/x86_64-linux-gnu:/opt/ros/humble/lib'), ('HOME', '/root'), ('OLDPWD', '/root'), ('ROS_PYTHON_VERSION', '3'), ('ROS_DISTRO', 'humble'), ('_', '/usr/bin/colcon'), ('ROS_VERSION', '2'), ('TERM', 'xterm'), ('ROS_LOCALHOST_ONLY', '0'), ('PATH', '/opt/ros/humble/bin:/usr/local/sbin:/usr/local/bin:/usr/sbin:/usr/bin:/sbin:/bin'), ('DISPLAY', ':1'), ('LANG', 'C.UTF-8'), ('AMENT_PREFIX_PATH', '/opt/ros/humble'), ('PWD', '/root/master/build/master'), ('LC_ALL', 'C.UTF-8'), ('PYTHONPATH', '/opt/ros/humble/lib/python3.10/site-packages:/opt/ros/humble/local/lib/python3.10/dist-packages'), ('COLCON', '1'), ('CMAKE_PREFIX_PATH', '/opt/ros/humble')]), 'shell': False}
[0.030055] (master) StdoutLine: {'line': b'-- The C compiler identification is GNU 11.4.0\n'}
[0.058687] (master) StdoutLine: {'line': b'-- The CXX compiler identification is GNU 11.4.0\n'}
[0.062113] (master) StdoutLine: {'line': b'-- Detecting C compiler ABI info\n'}
[0.099898] (-) TimerEvent: {}
[0.102692] (master) StdoutLine: {'line': b'-- Detecting C compiler ABI info - done\n'}
[0.111791] (master) StdoutLine: {'line': b'-- Check for working C compiler: /usr/bin/cc - skipped\n'}
[0.112149] (master) StdoutLine: {'line': b'-- Detecting C compile features\n'}
[0.112544] (master) StdoutLine: {'line': b'-- Detecting C compile features - done\n'}
[0.114953] (master) StdoutLine: {'line': b'-- Detecting CXX compiler ABI info\n'}
[0.186184] (master) StdoutLine: {'line': b'-- Detecting CXX compiler ABI info - done\n'}
[0.190873] (master) StdoutLine: {'line': b'-- Check for working CXX compiler: /usr/bin/c++ - skipped\n'}
[0.191084] (master) StdoutLine: {'line': b'-- Detecting CXX compile features\n'}
[0.191462] (master) StdoutLine: {'line': b'-- Detecting CXX compile features - done\n'}
[0.193237] (master) StdoutLine: {'line': b'-- Found ament_cmake: 1.3.9 (/opt/ros/humble/share/ament_cmake/cmake)\n'}
[0.199961] (-) TimerEvent: {}
[0.257873] (master) StdoutLine: {'line': b'-- Found Python3: /usr/bin/python3 (found version "3.10.12") found components: Interpreter \n'}
[0.298765] (master) StdoutLine: {'line': b'-- Found rclcpp: 16.0.9 (/opt/ros/humble/share/rclcpp/cmake)\n'}
[0.300069] (-) TimerEvent: {}
[0.315412] (master) StdoutLine: {'line': b'-- Found rosidl_generator_c: 3.1.5 (/opt/ros/humble/share/rosidl_generator_c/cmake)\n'}
[0.317375] (master) StdoutLine: {'line': b'-- Found rosidl_adapter: 3.1.5 (/opt/ros/humble/share/rosidl_adapter/cmake)\n'}
[0.321347] (master) StdoutLine: {'line': b'-- Found rosidl_generator_cpp: 3.1.5 (/opt/ros/humble/share/rosidl_generator_cpp/cmake)\n'}
[0.327997] (master) StdoutLine: {'line': b'-- Using all available rosidl_typesupport_c: rosidl_typesupport_fastrtps_c;rosidl_typesupport_introspection_c\n'}
[0.337475] (master) StdoutLine: {'line': b'-- Using all available rosidl_typesupport_cpp: rosidl_typesupport_fastrtps_cpp;rosidl_typesupport_introspection_cpp\n'}
[0.371427] (master) StdoutLine: {'line': b'-- Found rmw_implementation_cmake: 6.1.2 (/opt/ros/humble/share/rmw_implementation_cmake/cmake)\n'}
[0.372463] (master) StdoutLine: {'line': b'-- Found rmw_fastrtps_cpp: 6.2.6 (/opt/ros/humble/share/rmw_fastrtps_cpp/cmake)\n'}
[0.400153] (-) TimerEvent: {}
[0.410395] (master) StdoutLine: {'line': b'-- Found OpenSSL: /usr/lib/x86_64-linux-gnu/libcrypto.so (found version "3.0.2")  \n'}
[0.418820] (master) StdoutLine: {'line': b'-- Found FastRTPS: /opt/ros/humble/include  \n'}
[0.436514] (master) StdoutLine: {'line': b"-- Using RMW implementation 'rmw_fastrtps_cpp' as default\n"}
[0.440748] (master) StdoutLine: {'line': b'-- Looking for pthread.h\n'}
[0.473980] (master) StdoutLine: {'line': b'-- Looking for pthread.h - found\n'}
[0.474258] (master) StdoutLine: {'line': b'-- Performing Test CMAKE_HAVE_LIBC_PTHREAD\n'}
[0.500285] (-) TimerEvent: {}
[0.536170] (master) StdoutLine: {'line': b'-- Performing Test CMAKE_HAVE_LIBC_PTHREAD - Success\n'}
[0.536820] (master) StdoutLine: {'line': b'-- Found Threads: TRUE  \n'}
[0.600344] (-) TimerEvent: {}
[0.619147] (master) StderrLine: {'line': b'\x1b[31mCMake Error at /opt/ros/humble/share/ament_cmake_target_dependencies/cmake/ament_target_dependencies.cmake:77 (message):\n'}
[0.619234] (master) StderrLine: {'line': b"  ament_target_dependencies() the passed package name 'core_msgs' was not\n"}
[0.619265] (master) StderrLine: {'line': b'  found before\n'}
[0.619289] (master) StderrLine: {'line': b'Call Stack (most recent call first):\n'}
[0.619312] (master) StderrLine: {'line': b'  CMakeLists.txt:27 (ament_target_dependencies)\n'}
[0.619335] (master) StderrLine: {'line': b'\n'}
[0.619357] (master) StderrLine: {'line': b'\x1b[0m\n'}
[0.619380] (master) StdoutLine: {'line': b'-- Configuring incomplete, errors occurred!\n'}
[0.619408] (master) StdoutLine: {'line': b'See also "/root/master/build/master/CMakeFiles/CMakeOutput.log".\n'}
[0.622570] (master) CommandEnded: {'returncode': 1}
[0.631995] (master) JobEnded: {'identifier': 'master', 'rc': 1}
[0.642258] (-) EventReactorShutdown: {}
