[0.085s] DEBUG:colcon:Command line arguments: ['/usr/bin/colcon', 'build']
[0.085s] DEBUG:colcon:Parsed command line arguments: Namespace(log_base=None, log_level=None, verb_name='build', build_base='build', install_base='install', merge_install=False, symlink_install=False, test_result_base=None, continue_on_error=False, executor='parallel', parallel_workers=20, event_handlers=None, ignore_user_meta=False, metas=['./colcon.meta'], base_paths=['.'], packages_ignore=None, packages_ignore_regex=None, paths=None, packages_up_to=None, packages_up_to_regex=None, packages_above=None, packages_above_and_dependencies=None, packages_above_depth=None, packages_select_by_dep=None, packages_skip_by_dep=None, packages_skip_up_to=None, packages_select_build_failed=False, packages_skip_build_finished=False, packages_select_test_failures=False, packages_skip_test_passed=False, packages_select=None, packages_skip=None, packages_select_regex=None, packages_skip_regex=None, packages_start=None, packages_end=None, cmake_args=None, cmake_target=None, cmake_target_skip_unavailable=False, cmake_clean_cache=False, cmake_clean_first=False, cmake_force_configure=False, ament_cmake_args=None, catkin_cmake_args=None, catkin_skip_building_tests=False, mixin_files=None, mixin=None, verb_parser=<colcon_mixin.mixin.mixin_argument.MixinArgumentDecorator object at 0x7f08ebdbc5b0>, verb_extension=<colcon_core.verb.build.BuildVerb object at 0x7f08ebd7ff40>, main=<bound method BuildVerb.main of <colcon_core.verb.build.BuildVerb object at 0x7f08ebd7ff40>>, mixin_verb=('build',))
[0.149s] Level 1:colcon.colcon_core.package_discovery:discover_packages(colcon_meta) check parameters
[0.149s] INFO:colcon.colcon_metadata.package_discovery.colcon_meta:Using configuration from '/root/.colcon/metadata/default/Gazebo.meta'
[0.150s] INFO:colcon.colcon_metadata.package_discovery.colcon_meta:Using configuration from '/root/.colcon/metadata/default/fastrtps.meta'
[0.150s] Level 1:colcon.colcon_core.package_discovery:discover_packages(recursive) check parameters
[0.150s] Level 1:colcon.colcon_core.package_discovery:discover_packages(ignore) check parameters
[0.150s] Level 1:colcon.colcon_core.package_discovery:discover_packages(path) check parameters
[0.150s] Level 1:colcon.colcon_core.package_discovery:discover_packages(colcon_meta) discover
[0.150s] Level 1:colcon.colcon_core.package_discovery:discover_packages(recursive) discover
[0.150s] INFO:colcon.colcon_core.package_discovery:Crawling recursively for packages in '/root/workspace'
[0.150s] Level 1:colcon.colcon_core.package_identification:_identify(.) by extensions ['ignore', 'ignore_ament_install']
[0.150s] Level 1:colcon.colcon_core.package_identification:_identify(.) by extension 'ignore'
[0.150s] Level 1:colcon.colcon_core.package_identification:_identify(.) by extension 'ignore_ament_install'
[0.150s] Level 1:colcon.colcon_core.package_identification:_identify(.) by extensions ['colcon_pkg']
[0.150s] Level 1:colcon.colcon_core.package_identification:_identify(.) by extension 'colcon_pkg'
[0.150s] Level 1:colcon.colcon_core.package_identification:_identify(.) by extensions ['colcon_meta']
[0.150s] Level 1:colcon.colcon_core.package_identification:_identify(.) by extension 'colcon_meta'
[0.150s] Level 1:colcon.colcon_core.package_identification:_identify(.) by extensions ['ros']
[0.150s] Level 1:colcon.colcon_core.package_identification:_identify(.) by extension 'ros'
[0.156s] Level 1:colcon.colcon_core.package_identification:_identify(.) by extensions ['cmake', 'python']
[0.156s] Level 1:colcon.colcon_core.package_identification:_identify(.) by extension 'cmake'
[0.156s] Level 1:colcon.colcon_core.package_identification:_identify(.) by extension 'python'
[0.156s] Level 1:colcon.colcon_core.package_identification:_identify(.) by extensions ['python_setup_py']
[0.156s] Level 1:colcon.colcon_core.package_identification:_identify(.) by extension 'python_setup_py'
[0.156s] Level 1:colcon.colcon_core.package_identification:_identify(build) by extensions ['ignore', 'ignore_ament_install']
[0.157s] Level 1:colcon.colcon_core.package_identification:_identify(build) by extension 'ignore'
[0.157s] Level 1:colcon.colcon_core.package_identification:_identify(build) ignored
[0.157s] Level 1:colcon.colcon_core.package_identification:_identify(install) by extensions ['ignore', 'ignore_ament_install']
[0.157s] Level 1:colcon.colcon_core.package_identification:_identify(install) by extension 'ignore'
[0.157s] Level 1:colcon.colcon_core.package_identification:_identify(install) ignored
[0.157s] Level 1:colcon.colcon_core.package_identification:_identify(log) by extensions ['ignore', 'ignore_ament_install']
[0.157s] Level 1:colcon.colcon_core.package_identification:_identify(log) by extension 'ignore'
[0.157s] Level 1:colcon.colcon_core.package_identification:_identify(log) ignored
[0.157s] Level 1:colcon.colcon_core.package_identification:_identify(src) by extensions ['ignore', 'ignore_ament_install']
[0.157s] Level 1:colcon.colcon_core.package_identification:_identify(src) by extension 'ignore'
[0.157s] Level 1:colcon.colcon_core.package_identification:_identify(src) by extension 'ignore_ament_install'
[0.157s] Level 1:colcon.colcon_core.package_identification:_identify(src) by extensions ['colcon_pkg']
[0.157s] Level 1:colcon.colcon_core.package_identification:_identify(src) by extension 'colcon_pkg'
[0.157s] Level 1:colcon.colcon_core.package_identification:_identify(src) by extensions ['colcon_meta']
[0.157s] Level 1:colcon.colcon_core.package_identification:_identify(src) by extension 'colcon_meta'
[0.157s] Level 1:colcon.colcon_core.package_identification:_identify(src) by extensions ['ros']
[0.157s] Level 1:colcon.colcon_core.package_identification:_identify(src) by extension 'ros'
[0.157s] Level 1:colcon.colcon_core.package_identification:_identify(src) by extensions ['cmake', 'python']
[0.157s] Level 1:colcon.colcon_core.package_identification:_identify(src) by extension 'cmake'
[0.157s] Level 1:colcon.colcon_core.package_identification:_identify(src) by extension 'python'
[0.157s] Level 1:colcon.colcon_core.package_identification:_identify(src) by extensions ['python_setup_py']
[0.157s] Level 1:colcon.colcon_core.package_identification:_identify(src) by extension 'python_setup_py'
[0.157s] Level 1:colcon.colcon_core.package_identification:_identify(src/core) by extensions ['ignore', 'ignore_ament_install']
[0.157s] Level 1:colcon.colcon_core.package_identification:_identify(src/core) by extension 'ignore'
[0.157s] Level 1:colcon.colcon_core.package_identification:_identify(src/core) by extension 'ignore_ament_install'
[0.157s] Level 1:colcon.colcon_core.package_identification:_identify(src/core) by extensions ['colcon_pkg']
[0.157s] Level 1:colcon.colcon_core.package_identification:_identify(src/core) by extension 'colcon_pkg'
[0.158s] Level 1:colcon.colcon_core.package_identification:_identify(src/core) by extensions ['colcon_meta']
[0.158s] Level 1:colcon.colcon_core.package_identification:_identify(src/core) by extension 'colcon_meta'
[0.158s] Level 1:colcon.colcon_core.package_identification:_identify(src/core) by extensions ['ros']
[0.158s] Level 1:colcon.colcon_core.package_identification:_identify(src/core) by extension 'ros'
[0.160s] DEBUG:colcon.colcon_core.package_identification:Package 'src/core' with type 'ros.ament_cmake' and name 'core'
[0.160s] Level 1:colcon.colcon_core.package_identification:_identify(src/core_msgs) by extensions ['ignore', 'ignore_ament_install']
[0.160s] Level 1:colcon.colcon_core.package_identification:_identify(src/core_msgs) by extension 'ignore'
[0.160s] Level 1:colcon.colcon_core.package_identification:_identify(src/core_msgs) by extension 'ignore_ament_install'
[0.160s] Level 1:colcon.colcon_core.package_identification:_identify(src/core_msgs) by extensions ['colcon_pkg']
[0.160s] Level 1:colcon.colcon_core.package_identification:_identify(src/core_msgs) by extension 'colcon_pkg'
[0.160s] Level 1:colcon.colcon_core.package_identification:_identify(src/core_msgs) by extensions ['colcon_meta']
[0.161s] Level 1:colcon.colcon_core.package_identification:_identify(src/core_msgs) by extension 'colcon_meta'
[0.161s] Level 1:colcon.colcon_core.package_identification:_identify(src/core_msgs) by extensions ['ros']
[0.161s] Level 1:colcon.colcon_core.package_identification:_identify(src/core_msgs) by extension 'ros'
[0.161s] DEBUG:colcon.colcon_core.package_identification:Package 'src/core_msgs' with type 'ros.ament_cmake' and name 'core_msgs'
[0.161s] Level 1:colcon.colcon_core.package_identification:_identify(src/test_set) by extensions ['ignore', 'ignore_ament_install']
[0.161s] Level 1:colcon.colcon_core.package_identification:_identify(src/test_set) by extension 'ignore'
[0.161s] Level 1:colcon.colcon_core.package_identification:_identify(src/test_set) by extension 'ignore_ament_install'
[0.161s] Level 1:colcon.colcon_core.package_identification:_identify(src/test_set) by extensions ['colcon_pkg']
[0.161s] Level 1:colcon.colcon_core.package_identification:_identify(src/test_set) by extension 'colcon_pkg'
[0.161s] Level 1:colcon.colcon_core.package_identification:_identify(src/test_set) by extensions ['colcon_meta']
[0.161s] Level 1:colcon.colcon_core.package_identification:_identify(src/test_set) by extension 'colcon_meta'
[0.161s] Level 1:colcon.colcon_core.package_identification:_identify(src/test_set) by extensions ['ros']
[0.161s] Level 1:colcon.colcon_core.package_identification:_identify(src/test_set) by extension 'ros'
[0.162s] DEBUG:colcon.colcon_core.package_identification:Package 'src/test_set' with type 'ros.ament_cmake' and name 'test_set'
[0.162s] Level 1:colcon.colcon_core.package_discovery:discover_packages(recursive) using defaults
[0.162s] Level 1:colcon.colcon_core.package_discovery:discover_packages(ignore) discover
[0.162s] Level 1:colcon.colcon_core.package_discovery:discover_packages(ignore) using defaults
[0.162s] Level 1:colcon.colcon_core.package_discovery:discover_packages(path) discover
[0.162s] Level 1:colcon.colcon_core.package_discovery:discover_packages(path) using defaults
[0.176s] Level 5:colcon.colcon_core.verb:set package 'core_msgs' build argument 'cmake_args' from command line to 'None'
[0.176s] Level 5:colcon.colcon_core.verb:set package 'core_msgs' build argument 'cmake_target' from command line to 'None'
[0.176s] Level 5:colcon.colcon_core.verb:set package 'core_msgs' build argument 'cmake_target_skip_unavailable' from command line to 'False'
[0.176s] Level 5:colcon.colcon_core.verb:set package 'core_msgs' build argument 'cmake_clean_cache' from command line to 'False'
[0.176s] Level 5:colcon.colcon_core.verb:set package 'core_msgs' build argument 'cmake_clean_first' from command line to 'False'
[0.176s] Level 5:colcon.colcon_core.verb:set package 'core_msgs' build argument 'cmake_force_configure' from command line to 'False'
[0.176s] Level 5:colcon.colcon_core.verb:set package 'core_msgs' build argument 'ament_cmake_args' from command line to 'None'
[0.176s] Level 5:colcon.colcon_core.verb:set package 'core_msgs' build argument 'catkin_cmake_args' from command line to 'None'
[0.176s] Level 5:colcon.colcon_core.verb:set package 'core_msgs' build argument 'catkin_skip_building_tests' from command line to 'False'
[0.176s] DEBUG:colcon.colcon_core.verb:Building package 'core_msgs' with the following arguments: {'ament_cmake_args': None, 'build_base': '/root/workspace/build/core_msgs', 'catkin_cmake_args': None, 'catkin_skip_building_tests': False, 'cmake_args': None, 'cmake_clean_cache': False, 'cmake_clean_first': False, 'cmake_force_configure': False, 'cmake_target': None, 'cmake_target_skip_unavailable': False, 'install_base': '/root/workspace/install/core_msgs', 'merge_install': False, 'path': '/root/workspace/src/core_msgs', 'symlink_install': False, 'test_result_base': None}
[0.176s] Level 5:colcon.colcon_core.verb:set package 'core' build argument 'cmake_args' from command line to 'None'
[0.176s] Level 5:colcon.colcon_core.verb:set package 'core' build argument 'cmake_target' from command line to 'None'
[0.176s] Level 5:colcon.colcon_core.verb:set package 'core' build argument 'cmake_target_skip_unavailable' from command line to 'False'
[0.176s] Level 5:colcon.colcon_core.verb:set package 'core' build argument 'cmake_clean_cache' from command line to 'False'
[0.176s] Level 5:colcon.colcon_core.verb:set package 'core' build argument 'cmake_clean_first' from command line to 'False'
[0.176s] Level 5:colcon.colcon_core.verb:set package 'core' build argument 'cmake_force_configure' from command line to 'False'
[0.176s] Level 5:colcon.colcon_core.verb:set package 'core' build argument 'ament_cmake_args' from command line to 'None'
[0.176s] Level 5:colcon.colcon_core.verb:set package 'core' build argument 'catkin_cmake_args' from command line to 'None'
[0.176s] Level 5:colcon.colcon_core.verb:set package 'core' build argument 'catkin_skip_building_tests' from command line to 'False'
[0.176s] DEBUG:colcon.colcon_core.verb:Building package 'core' with the following arguments: {'ament_cmake_args': None, 'build_base': '/root/workspace/build/core', 'catkin_cmake_args': None, 'catkin_skip_building_tests': False, 'cmake_args': None, 'cmake_clean_cache': False, 'cmake_clean_first': False, 'cmake_force_configure': False, 'cmake_target': None, 'cmake_target_skip_unavailable': False, 'install_base': '/root/workspace/install/core', 'merge_install': False, 'path': '/root/workspace/src/core', 'symlink_install': False, 'test_result_base': None}
[0.177s] Level 5:colcon.colcon_core.verb:set package 'test_set' build argument 'cmake_args' from command line to 'None'
[0.177s] Level 5:colcon.colcon_core.verb:set package 'test_set' build argument 'cmake_target' from command line to 'None'
[0.177s] Level 5:colcon.colcon_core.verb:set package 'test_set' build argument 'cmake_target_skip_unavailable' from command line to 'False'
[0.177s] Level 5:colcon.colcon_core.verb:set package 'test_set' build argument 'cmake_clean_cache' from command line to 'False'
[0.177s] Level 5:colcon.colcon_core.verb:set package 'test_set' build argument 'cmake_clean_first' from command line to 'False'
[0.177s] Level 5:colcon.colcon_core.verb:set package 'test_set' build argument 'cmake_force_configure' from command line to 'False'
[0.177s] Level 5:colcon.colcon_core.verb:set package 'test_set' build argument 'ament_cmake_args' from command line to 'None'
[0.177s] Level 5:colcon.colcon_core.verb:set package 'test_set' build argument 'catkin_cmake_args' from command line to 'None'
[0.177s] Level 5:colcon.colcon_core.verb:set package 'test_set' build argument 'catkin_skip_building_tests' from command line to 'False'
[0.177s] DEBUG:colcon.colcon_core.verb:Building package 'test_set' with the following arguments: {'ament_cmake_args': None, 'build_base': '/root/workspace/build/test_set', 'catkin_cmake_args': None, 'catkin_skip_building_tests': False, 'cmake_args': None, 'cmake_clean_cache': False, 'cmake_clean_first': False, 'cmake_force_configure': False, 'cmake_target': None, 'cmake_target_skip_unavailable': False, 'install_base': '/root/workspace/install/test_set', 'merge_install': False, 'path': '/root/workspace/src/test_set', 'symlink_install': False, 'test_result_base': None}
[0.177s] INFO:colcon.colcon_core.executor:Executing jobs using 'parallel' executor
[0.177s] DEBUG:colcon.colcon_parallel_executor.executor.parallel:run_until_complete
[0.178s] INFO:colcon.colcon_ros.task.ament_cmake.build:Building ROS package in '/root/workspace/src/core_msgs' with build type 'ament_cmake'
[0.178s] INFO:colcon.colcon_cmake.task.cmake.build:Building CMake package in '/root/workspace/src/core_msgs'
[0.185s] INFO:colcon.colcon_core.plugin_system:Skipping extension 'colcon_core.shell.bat': Not used on non-Windows systems
[0.185s] INFO:colcon.colcon_core.shell:Skip shell extension 'powershell' for command environment: Not usable outside of PowerShell
[0.185s] DEBUG:colcon.colcon_core.shell:Skip shell extension 'dsv' for command environment
[0.190s] DEBUG:colcon.colcon_core.event_handler.log_command:Invoking command in '/root/workspace/build/core_msgs': CMAKE_PREFIX_PATH=${CMAKE_PREFIX_PATH}:/opt/ros/humble /usr/bin/cmake --build /root/workspace/build/core_msgs -- -j20 -l20
[0.544s] DEBUG:colcon.colcon_core.event_handler.log_command:Invoked command in '/root/workspace/build/core_msgs' returned '0': CMAKE_PREFIX_PATH=${CMAKE_PREFIX_PATH}:/opt/ros/humble /usr/bin/cmake --build /root/workspace/build/core_msgs -- -j20 -l20
[0.595s] DEBUG:colcon.colcon_core.event_handler.log_command:Invoking command in '/root/workspace/build/core_msgs': CMAKE_PREFIX_PATH=${CMAKE_PREFIX_PATH}:/opt/ros/humble /usr/bin/cmake --install /root/workspace/build/core_msgs
[0.631s] Level 1:colcon.colcon_core.environment:create_environment_scripts_only(core_msgs)
[0.632s] DEBUG:colcon.colcon_core.event_handler.log_command:Invoked command in '/root/workspace/build/core_msgs' returned '0': CMAKE_PREFIX_PATH=${CMAKE_PREFIX_PATH}:/opt/ros/humble /usr/bin/cmake --install /root/workspace/build/core_msgs
[0.633s] Level 1:colcon.colcon_core.environment:checking '/root/workspace/install/core_msgs' for CMake module files
[0.633s] Level 1:colcon.colcon_core.environment:checking '/root/workspace/install/core_msgs' for CMake config files
[0.634s] Level 1:colcon.colcon_core.shell:create_environment_hook('core_msgs', 'cmake_prefix_path')
[0.634s] INFO:colcon.colcon_core.shell:Creating environment hook '/root/workspace/install/core_msgs/share/core_msgs/hook/cmake_prefix_path.ps1'
[0.634s] INFO:colcon.colcon_core.shell:Creating environment descriptor '/root/workspace/install/core_msgs/share/core_msgs/hook/cmake_prefix_path.dsv'
[0.634s] INFO:colcon.colcon_core.shell:Creating environment hook '/root/workspace/install/core_msgs/share/core_msgs/hook/cmake_prefix_path.sh'
[0.635s] Level 1:colcon.colcon_core.environment:checking '/root/workspace/install/core_msgs/lib'
[0.635s] Level 1:colcon.colcon_core.shell:create_environment_hook('core_msgs', 'ld_library_path_lib')
[0.635s] INFO:colcon.colcon_core.shell:Creating environment hook '/root/workspace/install/core_msgs/share/core_msgs/hook/ld_library_path_lib.ps1'
[0.635s] INFO:colcon.colcon_core.shell:Creating environment descriptor '/root/workspace/install/core_msgs/share/core_msgs/hook/ld_library_path_lib.dsv'
[0.635s] INFO:colcon.colcon_core.shell:Creating environment hook '/root/workspace/install/core_msgs/share/core_msgs/hook/ld_library_path_lib.sh'
[0.636s] Level 1:colcon.colcon_core.environment:checking '/root/workspace/install/core_msgs/bin'
[0.636s] Level 1:colcon.colcon_core.environment:checking '/root/workspace/install/core_msgs/lib/pkgconfig/core_msgs.pc'
[0.636s] Level 1:colcon.colcon_core.environment:checking '/root/workspace/install/core_msgs/lib/python3.10/site-packages'
[0.636s] Level 1:colcon.colcon_core.environment:checking '/root/workspace/install/core_msgs/bin'
[0.637s] INFO:colcon.colcon_core.shell:Creating package script '/root/workspace/install/core_msgs/share/core_msgs/package.ps1'
[0.637s] INFO:colcon.colcon_core.shell:Creating package descriptor '/root/workspace/install/core_msgs/share/core_msgs/package.dsv'
[0.638s] INFO:colcon.colcon_core.shell:Creating package script '/root/workspace/install/core_msgs/share/core_msgs/package.sh'
[0.638s] INFO:colcon.colcon_core.shell:Creating package script '/root/workspace/install/core_msgs/share/core_msgs/package.bash'
[0.639s] INFO:colcon.colcon_core.shell:Creating package script '/root/workspace/install/core_msgs/share/core_msgs/package.zsh'
[0.639s] Level 1:colcon.colcon_core.environment:create_file_with_runtime_dependencies(/root/workspace/install/core_msgs/share/colcon-core/packages/core_msgs)
[0.694s] Level 1:colcon.colcon_core.environment:create_environment_scripts_only(core_msgs)
[0.694s] Level 1:colcon.colcon_core.environment:checking '/root/workspace/install/core_msgs' for CMake module files
[0.694s] Level 1:colcon.colcon_core.environment:checking '/root/workspace/install/core_msgs' for CMake config files
[0.695s] Level 1:colcon.colcon_core.shell:create_environment_hook('core_msgs', 'cmake_prefix_path')
[0.695s] INFO:colcon.colcon_core.shell:Creating environment hook '/root/workspace/install/core_msgs/share/core_msgs/hook/cmake_prefix_path.ps1'
[0.695s] INFO:colcon.colcon_core.shell:Creating environment descriptor '/root/workspace/install/core_msgs/share/core_msgs/hook/cmake_prefix_path.dsv'
[0.696s] INFO:colcon.colcon_core.shell:Creating environment hook '/root/workspace/install/core_msgs/share/core_msgs/hook/cmake_prefix_path.sh'
[0.696s] Level 1:colcon.colcon_core.environment:checking '/root/workspace/install/core_msgs/lib'
[0.696s] Level 1:colcon.colcon_core.shell:create_environment_hook('core_msgs', 'ld_library_path_lib')
[0.696s] INFO:colcon.colcon_core.shell:Creating environment hook '/root/workspace/install/core_msgs/share/core_msgs/hook/ld_library_path_lib.ps1'
[0.697s] INFO:colcon.colcon_core.shell:Creating environment descriptor '/root/workspace/install/core_msgs/share/core_msgs/hook/ld_library_path_lib.dsv'
[0.697s] INFO:colcon.colcon_core.shell:Creating environment hook '/root/workspace/install/core_msgs/share/core_msgs/hook/ld_library_path_lib.sh'
[0.697s] Level 1:colcon.colcon_core.environment:checking '/root/workspace/install/core_msgs/bin'
[0.697s] Level 1:colcon.colcon_core.environment:checking '/root/workspace/install/core_msgs/lib/pkgconfig/core_msgs.pc'
[0.698s] Level 1:colcon.colcon_core.environment:checking '/root/workspace/install/core_msgs/lib/python3.10/site-packages'
[0.698s] Level 1:colcon.colcon_core.environment:checking '/root/workspace/install/core_msgs/bin'
[0.698s] INFO:colcon.colcon_core.shell:Creating package script '/root/workspace/install/core_msgs/share/core_msgs/package.ps1'
[0.699s] INFO:colcon.colcon_core.shell:Creating package descriptor '/root/workspace/install/core_msgs/share/core_msgs/package.dsv'
[0.699s] INFO:colcon.colcon_core.shell:Creating package script '/root/workspace/install/core_msgs/share/core_msgs/package.sh'
[0.699s] INFO:colcon.colcon_core.shell:Creating package script '/root/workspace/install/core_msgs/share/core_msgs/package.bash'
[0.699s] INFO:colcon.colcon_core.shell:Creating package script '/root/workspace/install/core_msgs/share/core_msgs/package.zsh'
[0.699s] Level 1:colcon.colcon_core.environment:create_file_with_runtime_dependencies(/root/workspace/install/core_msgs/share/colcon-core/packages/core_msgs)
[0.700s] INFO:colcon.colcon_ros.task.ament_cmake.build:Building ROS package in '/root/workspace/src/core' with build type 'ament_cmake'
[0.700s] INFO:colcon.colcon_cmake.task.cmake.build:Building CMake package in '/root/workspace/src/core'
[0.700s] INFO:colcon.colcon_core.shell:Skip shell extension 'powershell' for command environment: Not usable outside of PowerShell
[0.700s] DEBUG:colcon.colcon_core.shell:Skip shell extension 'dsv' for command environment
[0.702s] INFO:colcon.colcon_ros.task.ament_cmake.build:Building ROS package in '/root/workspace/src/test_set' with build type 'ament_cmake'
[0.702s] INFO:colcon.colcon_cmake.task.cmake.build:Building CMake package in '/root/workspace/src/test_set'
[0.702s] INFO:colcon.colcon_core.shell:Skip shell extension 'powershell' for command environment: Not usable outside of PowerShell
[0.702s] DEBUG:colcon.colcon_core.shell:Skip shell extension 'dsv' for command environment
[0.706s] DEBUG:colcon.colcon_core.event_handler.log_command:Invoking command in '/root/workspace/build/core': CMAKE_PREFIX_PATH=/root/workspace/install/core_msgs:/root/workspace/install/test_set:/root/workspace/install/core:/root/microros_ws/install/px4_ros_com:/root/microros_ws/install/px4_msgs:/root/microros_ws/install/micro_ros_setup:/root/microros_ws/install/micro_ros_agent:/root/microros_ws/install/micro_ros_msgs:/opt/ros/humble /usr/bin/cmake --build /root/workspace/build/core -- -j20 -l20
[0.707s] DEBUG:colcon.colcon_core.event_handler.log_command:Invoking command in '/root/workspace/build/test_set': CMAKE_PREFIX_PATH=/root/workspace/install/core_msgs:/root/workspace/install/test_set:/root/workspace/install/core:/root/microros_ws/install/px4_ros_com:/root/microros_ws/install/px4_msgs:/root/microros_ws/install/micro_ros_setup:/root/microros_ws/install/micro_ros_agent:/root/microros_ws/install/micro_ros_msgs:/opt/ros/humble /usr/bin/cmake --build /root/workspace/build/test_set -- -j20 -l20
[0.745s] DEBUG:colcon.colcon_core.event_handler.log_command:Invoked command in '/root/workspace/build/core' returned '0': CMAKE_PREFIX_PATH=/root/workspace/install/core_msgs:/root/workspace/install/test_set:/root/workspace/install/core:/root/microros_ws/install/px4_ros_com:/root/microros_ws/install/px4_msgs:/root/microros_ws/install/micro_ros_setup:/root/microros_ws/install/micro_ros_agent:/root/microros_ws/install/micro_ros_msgs:/opt/ros/humble /usr/bin/cmake --build /root/workspace/build/core -- -j20 -l20
[0.749s] DEBUG:colcon.colcon_core.event_handler.log_command:Invoked command in '/root/workspace/build/test_set' returned '0': CMAKE_PREFIX_PATH=/root/workspace/install/core_msgs:/root/workspace/install/test_set:/root/workspace/install/core:/root/microros_ws/install/px4_ros_com:/root/microros_ws/install/px4_msgs:/root/microros_ws/install/micro_ros_setup:/root/microros_ws/install/micro_ros_agent:/root/microros_ws/install/micro_ros_msgs:/opt/ros/humble /usr/bin/cmake --build /root/workspace/build/test_set -- -j20 -l20
[0.763s] DEBUG:colcon.colcon_core.event_handler.log_command:Invoking command in '/root/workspace/build/test_set': CMAKE_PREFIX_PATH=/root/workspace/install/core_msgs:/root/workspace/install/test_set:/root/workspace/install/core:/root/microros_ws/install/px4_ros_com:/root/microros_ws/install/px4_msgs:/root/microros_ws/install/micro_ros_setup:/root/microros_ws/install/micro_ros_agent:/root/microros_ws/install/micro_ros_msgs:/opt/ros/humble /usr/bin/cmake --install /root/workspace/build/test_set
[0.766s] DEBUG:colcon.colcon_core.event_handler.log_command:Invoking command in '/root/workspace/build/core': CMAKE_PREFIX_PATH=/root/workspace/install/core_msgs:/root/workspace/install/test_set:/root/workspace/install/core:/root/microros_ws/install/px4_ros_com:/root/microros_ws/install/px4_msgs:/root/microros_ws/install/micro_ros_setup:/root/microros_ws/install/micro_ros_agent:/root/microros_ws/install/micro_ros_msgs:/opt/ros/humble /usr/bin/cmake --install /root/workspace/build/core
[0.769s] Level 1:colcon.colcon_core.environment:create_environment_scripts_only(test_set)
[0.769s] DEBUG:colcon.colcon_core.event_handler.log_command:Invoked command in '/root/workspace/build/test_set' returned '0': CMAKE_PREFIX_PATH=/root/workspace/install/core_msgs:/root/workspace/install/test_set:/root/workspace/install/core:/root/microros_ws/install/px4_ros_com:/root/microros_ws/install/px4_msgs:/root/microros_ws/install/micro_ros_setup:/root/microros_ws/install/micro_ros_agent:/root/microros_ws/install/micro_ros_msgs:/opt/ros/humble /usr/bin/cmake --install /root/workspace/build/test_set
[0.770s] Level 1:colcon.colcon_core.environment:checking '/root/workspace/install/test_set' for CMake module files
[0.771s] Level 1:colcon.colcon_core.environment:checking '/root/workspace/install/test_set' for CMake config files
[0.771s] Level 1:colcon.colcon_core.shell:create_environment_hook('test_set', 'cmake_prefix_path')
[0.771s] INFO:colcon.colcon_core.shell:Creating environment hook '/root/workspace/install/test_set/share/test_set/hook/cmake_prefix_path.ps1'
[0.772s] INFO:colcon.colcon_core.shell:Creating environment descriptor '/root/workspace/install/test_set/share/test_set/hook/cmake_prefix_path.dsv'
[0.773s] INFO:colcon.colcon_core.shell:Creating environment hook '/root/workspace/install/test_set/share/test_set/hook/cmake_prefix_path.sh'
[0.773s] Level 1:colcon.colcon_core.environment:checking '/root/workspace/install/test_set/lib'
[0.773s] Level 1:colcon.colcon_core.environment:checking '/root/workspace/install/test_set/bin'
[0.773s] Level 1:colcon.colcon_core.environment:checking '/root/workspace/install/test_set/lib/pkgconfig/test_set.pc'
[0.773s] Level 1:colcon.colcon_core.environment:checking '/root/workspace/install/test_set/lib/python3.10/site-packages'
[0.773s] Level 1:colcon.colcon_core.environment:checking '/root/workspace/install/test_set/bin'
[0.774s] INFO:colcon.colcon_core.shell:Creating package script '/root/workspace/install/test_set/share/test_set/package.ps1'
[0.775s] INFO:colcon.colcon_core.shell:Creating package descriptor '/root/workspace/install/test_set/share/test_set/package.dsv'
[0.775s] INFO:colcon.colcon_core.shell:Creating package script '/root/workspace/install/test_set/share/test_set/package.sh'
[0.775s] INFO:colcon.colcon_core.shell:Creating package script '/root/workspace/install/test_set/share/test_set/package.bash'
[0.775s] INFO:colcon.colcon_core.shell:Creating package script '/root/workspace/install/test_set/share/test_set/package.zsh'
[0.775s] Level 1:colcon.colcon_core.environment:create_file_with_runtime_dependencies(/root/workspace/install/test_set/share/colcon-core/packages/test_set)
[0.776s] Level 1:colcon.colcon_core.environment:create_environment_scripts_only(core)
[0.776s] Level 1:colcon.colcon_core.environment:checking '/root/workspace/install/core' for CMake module files
[0.776s] DEBUG:colcon.colcon_core.event_handler.log_command:Invoked command in '/root/workspace/build/core' returned '0': CMAKE_PREFIX_PATH=/root/workspace/install/core_msgs:/root/workspace/install/test_set:/root/workspace/install/core:/root/microros_ws/install/px4_ros_com:/root/microros_ws/install/px4_msgs:/root/microros_ws/install/micro_ros_setup:/root/microros_ws/install/micro_ros_agent:/root/microros_ws/install/micro_ros_msgs:/opt/ros/humble /usr/bin/cmake --install /root/workspace/build/core
[0.777s] Level 1:colcon.colcon_core.environment:checking '/root/workspace/install/core' for CMake config files
[0.777s] Level 1:colcon.colcon_core.shell:create_environment_hook('core', 'cmake_prefix_path')
[0.777s] INFO:colcon.colcon_core.shell:Creating environment hook '/root/workspace/install/core/share/core/hook/cmake_prefix_path.ps1'
[0.777s] INFO:colcon.colcon_core.shell:Creating environment descriptor '/root/workspace/install/core/share/core/hook/cmake_prefix_path.dsv'
[0.777s] INFO:colcon.colcon_core.shell:Creating environment hook '/root/workspace/install/core/share/core/hook/cmake_prefix_path.sh'
[0.777s] Level 1:colcon.colcon_core.environment:checking '/root/workspace/install/core/lib'
[0.778s] Level 1:colcon.colcon_core.environment:checking '/root/workspace/install/core/bin'
[0.778s] Level 1:colcon.colcon_core.environment:checking '/root/workspace/install/core/lib/pkgconfig/core.pc'
[0.778s] Level 1:colcon.colcon_core.environment:checking '/root/workspace/install/core/lib/python3.10/site-packages'
[0.778s] Level 1:colcon.colcon_core.environment:checking '/root/workspace/install/core/bin'
[0.778s] INFO:colcon.colcon_core.shell:Creating package script '/root/workspace/install/core/share/core/package.ps1'
[0.778s] INFO:colcon.colcon_core.shell:Creating package descriptor '/root/workspace/install/core/share/core/package.dsv'
[0.778s] INFO:colcon.colcon_core.shell:Creating package script '/root/workspace/install/core/share/core/package.sh'
[0.779s] INFO:colcon.colcon_core.shell:Creating package script '/root/workspace/install/core/share/core/package.bash'
[0.779s] INFO:colcon.colcon_core.shell:Creating package script '/root/workspace/install/core/share/core/package.zsh'
[0.779s] Level 1:colcon.colcon_core.environment:create_file_with_runtime_dependencies(/root/workspace/install/core/share/colcon-core/packages/core)
[0.786s] Level 1:colcon.colcon_core.environment:create_environment_scripts_only(test_set)
[0.786s] Level 1:colcon.colcon_core.environment:checking '/root/workspace/install/test_set' for CMake module files
[0.786s] Level 1:colcon.colcon_core.environment:checking '/root/workspace/install/test_set' for CMake config files
[0.786s] Level 1:colcon.colcon_core.shell:create_environment_hook('test_set', 'cmake_prefix_path')
[0.786s] INFO:colcon.colcon_core.shell:Creating environment hook '/root/workspace/install/test_set/share/test_set/hook/cmake_prefix_path.ps1'
[0.787s] INFO:colcon.colcon_core.shell:Creating environment descriptor '/root/workspace/install/test_set/share/test_set/hook/cmake_prefix_path.dsv'
[0.787s] INFO:colcon.colcon_core.shell:Creating environment hook '/root/workspace/install/test_set/share/test_set/hook/cmake_prefix_path.sh'
[0.787s] Level 1:colcon.colcon_core.environment:checking '/root/workspace/install/test_set/lib'
[0.787s] Level 1:colcon.colcon_core.environment:checking '/root/workspace/install/test_set/bin'
[0.787s] Level 1:colcon.colcon_core.environment:checking '/root/workspace/install/test_set/lib/pkgconfig/test_set.pc'
[0.787s] Level 1:colcon.colcon_core.environment:checking '/root/workspace/install/test_set/lib/python3.10/site-packages'
[0.787s] Level 1:colcon.colcon_core.environment:checking '/root/workspace/install/test_set/bin'
[0.787s] INFO:colcon.colcon_core.shell:Creating package script '/root/workspace/install/test_set/share/test_set/package.ps1'
[0.788s] INFO:colcon.colcon_core.shell:Creating package descriptor '/root/workspace/install/test_set/share/test_set/package.dsv'
[0.788s] INFO:colcon.colcon_core.shell:Creating package script '/root/workspace/install/test_set/share/test_set/package.sh'
[0.788s] INFO:colcon.colcon_core.shell:Creating package script '/root/workspace/install/test_set/share/test_set/package.bash'
[0.788s] INFO:colcon.colcon_core.shell:Creating package script '/root/workspace/install/test_set/share/test_set/package.zsh'
[0.788s] Level 1:colcon.colcon_core.environment:create_file_with_runtime_dependencies(/root/workspace/install/test_set/share/colcon-core/packages/test_set)
[0.789s] Level 1:colcon.colcon_core.environment:create_environment_scripts_only(core)
[0.789s] Level 1:colcon.colcon_core.environment:checking '/root/workspace/install/core' for CMake module files
[0.790s] Level 1:colcon.colcon_core.environment:checking '/root/workspace/install/core' for CMake config files
[0.790s] Level 1:colcon.colcon_core.shell:create_environment_hook('core', 'cmake_prefix_path')
[0.790s] INFO:colcon.colcon_core.shell:Creating environment hook '/root/workspace/install/core/share/core/hook/cmake_prefix_path.ps1'
[0.790s] INFO:colcon.colcon_core.shell:Creating environment descriptor '/root/workspace/install/core/share/core/hook/cmake_prefix_path.dsv'
[0.790s] INFO:colcon.colcon_core.shell:Creating environment hook '/root/workspace/install/core/share/core/hook/cmake_prefix_path.sh'
[0.790s] Level 1:colcon.colcon_core.environment:checking '/root/workspace/install/core/lib'
[0.790s] Level 1:colcon.colcon_core.environment:checking '/root/workspace/install/core/bin'
[0.790s] Level 1:colcon.colcon_core.environment:checking '/root/workspace/install/core/lib/pkgconfig/core.pc'
[0.791s] Level 1:colcon.colcon_core.environment:checking '/root/workspace/install/core/lib/python3.10/site-packages'
[0.791s] Level 1:colcon.colcon_core.environment:checking '/root/workspace/install/core/bin'
[0.791s] INFO:colcon.colcon_core.shell:Creating package script '/root/workspace/install/core/share/core/package.ps1'
[0.791s] INFO:colcon.colcon_core.shell:Creating package descriptor '/root/workspace/install/core/share/core/package.dsv'
[0.791s] INFO:colcon.colcon_core.shell:Creating package script '/root/workspace/install/core/share/core/package.sh'
[0.791s] INFO:colcon.colcon_core.shell:Creating package script '/root/workspace/install/core/share/core/package.bash'
[0.792s] INFO:colcon.colcon_core.shell:Creating package script '/root/workspace/install/core/share/core/package.zsh'
[0.792s] Level 1:colcon.colcon_core.environment:create_file_with_runtime_dependencies(/root/workspace/install/core/share/colcon-core/packages/core)
[0.792s] DEBUG:colcon.colcon_parallel_executor.executor.parallel:closing loop
[0.792s] DEBUG:colcon.colcon_parallel_executor.executor.parallel:loop closed
[0.792s] DEBUG:colcon.colcon_parallel_executor.executor.parallel:run_until_complete finished with '0'
[0.792s] DEBUG:colcon.colcon_core.event_reactor:joining thread
[0.797s] INFO:colcon.colcon_core.plugin_system:Skipping extension 'colcon_notification.desktop_notification.notify_send': Could not find 'notify-send'
[0.797s] INFO:colcon.colcon_core.plugin_system:Skipping extension 'colcon_notification.desktop_notification.terminal_notifier': Not used on non-Darwin systems
[0.797s] INFO:colcon.colcon_core.plugin_system:Skipping extension 'colcon_notification.desktop_notification.win32': Not used on non-Windows systems
[0.797s] INFO:colcon.colcon_notification.desktop_notification:Sending desktop notification using 'notify2'
[0.799s] DEBUG:colcon.colcon_notification.desktop_notification.notify2:Failed to initialize notify2: org.freedesktop.DBus.Error.Spawn.ExecFailed: /usr/bin/dbus-launch terminated abnormally without any error message
[0.799s] DEBUG:colcon.colcon_core.event_reactor:joined thread
[0.799s] INFO:colcon.colcon_core.shell:Creating prefix script '/root/workspace/install/local_setup.ps1'
[0.800s] INFO:colcon.colcon_core.shell:Creating prefix util module '/root/workspace/install/_local_setup_util_ps1.py'
[0.800s] INFO:colcon.colcon_core.shell:Creating prefix chain script '/root/workspace/install/setup.ps1'
[0.801s] INFO:colcon.colcon_core.shell:Creating prefix script '/root/workspace/install/local_setup.sh'
[0.801s] INFO:colcon.colcon_core.shell:Creating prefix util module '/root/workspace/install/_local_setup_util_sh.py'
[0.802s] INFO:colcon.colcon_core.shell:Creating prefix chain script '/root/workspace/install/setup.sh'
[0.802s] INFO:colcon.colcon_core.shell:Creating prefix script '/root/workspace/install/local_setup.bash'
[0.802s] INFO:colcon.colcon_core.shell:Creating prefix chain script '/root/workspace/install/setup.bash'
[0.803s] INFO:colcon.colcon_core.shell:Creating prefix script '/root/workspace/install/local_setup.zsh'
[0.803s] INFO:colcon.colcon_core.shell:Creating prefix chain script '/root/workspace/install/setup.zsh'
