[0.058s] DEBUG:colcon:Command line arguments: ['/usr/bin/colcon', 'build']
[0.058s] DEBUG:colcon:Parsed command line arguments: Namespace(log_base=None, log_level=None, verb_name='build', build_base='build', install_base='install', merge_install=False, symlink_install=False, test_result_base=None, continue_on_error=False, executor='parallel', parallel_workers=20, event_handlers=None, ignore_user_meta=False, metas=['./colcon.meta'], base_paths=['.'], packages_ignore=None, packages_ignore_regex=None, paths=None, packages_up_to=None, packages_up_to_regex=None, packages_above=None, packages_above_and_dependencies=None, packages_above_depth=None, packages_select_by_dep=None, packages_skip_by_dep=None, packages_skip_up_to=None, packages_select_build_failed=False, packages_skip_build_finished=False, packages_select_test_failures=False, packages_skip_test_passed=False, packages_select=None, packages_skip=None, packages_select_regex=None, packages_skip_regex=None, packages_start=None, packages_end=None, cmake_args=None, cmake_target=None, cmake_target_skip_unavailable=False, cmake_clean_cache=False, cmake_clean_first=False, cmake_force_configure=False, ament_cmake_args=None, catkin_cmake_args=None, catkin_skip_building_tests=False, mixin_files=None, mixin=None, verb_parser=<colcon_mixin.mixin.mixin_argument.MixinArgumentDecorator object at 0x7f4dfe486830>, verb_extension=<colcon_core.verb.build.BuildVerb object at 0x7f4dfe486200>, main=<bound method BuildVerb.main of <colcon_core.verb.build.BuildVerb object at 0x7f4dfe486200>>, mixin_verb=('build',))
[0.112s] Level 1:colcon.colcon_core.package_discovery:discover_packages(colcon_meta) check parameters
[0.112s] INFO:colcon.colcon_metadata.package_discovery.colcon_meta:Using configuration from '/root/.colcon/metadata/default/Gazebo.meta'
[0.112s] INFO:colcon.colcon_metadata.package_discovery.colcon_meta:Using configuration from '/root/.colcon/metadata/default/fastrtps.meta'
[0.112s] Level 1:colcon.colcon_core.package_discovery:discover_packages(recursive) check parameters
[0.112s] Level 1:colcon.colcon_core.package_discovery:discover_packages(ignore) check parameters
[0.112s] Level 1:colcon.colcon_core.package_discovery:discover_packages(path) check parameters
[0.112s] Level 1:colcon.colcon_core.package_discovery:discover_packages(colcon_meta) discover
[0.112s] Level 1:colcon.colcon_core.package_discovery:discover_packages(recursive) discover
[0.112s] INFO:colcon.colcon_core.package_discovery:Crawling recursively for packages in '/root/workspace'
[0.112s] Level 1:colcon.colcon_core.package_identification:_identify(.) by extensions ['ignore', 'ignore_ament_install']
[0.113s] Level 1:colcon.colcon_core.package_identification:_identify(.) by extension 'ignore'
[0.113s] Level 1:colcon.colcon_core.package_identification:_identify(.) by extension 'ignore_ament_install'
[0.113s] Level 1:colcon.colcon_core.package_identification:_identify(.) by extensions ['colcon_pkg']
[0.113s] Level 1:colcon.colcon_core.package_identification:_identify(.) by extension 'colcon_pkg'
[0.113s] Level 1:colcon.colcon_core.package_identification:_identify(.) by extensions ['colcon_meta']
[0.113s] Level 1:colcon.colcon_core.package_identification:_identify(.) by extension 'colcon_meta'
[0.113s] Level 1:colcon.colcon_core.package_identification:_identify(.) by extensions ['ros']
[0.113s] Level 1:colcon.colcon_core.package_identification:_identify(.) by extension 'ros'
[0.119s] Level 1:colcon.colcon_core.package_identification:_identify(.) by extensions ['cmake', 'python']
[0.119s] Level 1:colcon.colcon_core.package_identification:_identify(.) by extension 'cmake'
[0.119s] Level 1:colcon.colcon_core.package_identification:_identify(.) by extension 'python'
[0.119s] Level 1:colcon.colcon_core.package_identification:_identify(.) by extensions ['python_setup_py']
[0.119s] Level 1:colcon.colcon_core.package_identification:_identify(.) by extension 'python_setup_py'
[0.119s] Level 1:colcon.colcon_core.package_identification:_identify(build) by extensions ['ignore', 'ignore_ament_install']
[0.119s] Level 1:colcon.colcon_core.package_identification:_identify(build) by extension 'ignore'
[0.119s] Level 1:colcon.colcon_core.package_identification:_identify(build) ignored
[0.119s] Level 1:colcon.colcon_core.package_identification:_identify(install) by extensions ['ignore', 'ignore_ament_install']
[0.119s] Level 1:colcon.colcon_core.package_identification:_identify(install) by extension 'ignore'
[0.119s] Level 1:colcon.colcon_core.package_identification:_identify(install) ignored
[0.119s] Level 1:colcon.colcon_core.package_identification:_identify(log) by extensions ['ignore', 'ignore_ament_install']
[0.119s] Level 1:colcon.colcon_core.package_identification:_identify(log) by extension 'ignore'
[0.119s] Level 1:colcon.colcon_core.package_identification:_identify(log) ignored
[0.119s] Level 1:colcon.colcon_core.package_identification:_identify(src) by extensions ['ignore', 'ignore_ament_install']
[0.119s] Level 1:colcon.colcon_core.package_identification:_identify(src) by extension 'ignore'
[0.119s] Level 1:colcon.colcon_core.package_identification:_identify(src) by extension 'ignore_ament_install'
[0.119s] Level 1:colcon.colcon_core.package_identification:_identify(src) by extensions ['colcon_pkg']
[0.119s] Level 1:colcon.colcon_core.package_identification:_identify(src) by extension 'colcon_pkg'
[0.119s] Level 1:colcon.colcon_core.package_identification:_identify(src) by extensions ['colcon_meta']
[0.119s] Level 1:colcon.colcon_core.package_identification:_identify(src) by extension 'colcon_meta'
[0.119s] Level 1:colcon.colcon_core.package_identification:_identify(src) by extensions ['ros']
[0.119s] Level 1:colcon.colcon_core.package_identification:_identify(src) by extension 'ros'
[0.120s] Level 1:colcon.colcon_core.package_identification:_identify(src) by extensions ['cmake', 'python']
[0.120s] Level 1:colcon.colcon_core.package_identification:_identify(src) by extension 'cmake'
[0.120s] Level 1:colcon.colcon_core.package_identification:_identify(src) by extension 'python'
[0.120s] Level 1:colcon.colcon_core.package_identification:_identify(src) by extensions ['python_setup_py']
[0.120s] Level 1:colcon.colcon_core.package_identification:_identify(src) by extension 'python_setup_py'
[0.120s] Level 1:colcon.colcon_core.package_identification:_identify(src/core) by extensions ['ignore', 'ignore_ament_install']
[0.120s] Level 1:colcon.colcon_core.package_identification:_identify(src/core) by extension 'ignore'
[0.120s] Level 1:colcon.colcon_core.package_identification:_identify(src/core) by extension 'ignore_ament_install'
[0.120s] Level 1:colcon.colcon_core.package_identification:_identify(src/core) by extensions ['colcon_pkg']
[0.120s] Level 1:colcon.colcon_core.package_identification:_identify(src/core) by extension 'colcon_pkg'
[0.120s] Level 1:colcon.colcon_core.package_identification:_identify(src/core) by extensions ['colcon_meta']
[0.120s] Level 1:colcon.colcon_core.package_identification:_identify(src/core) by extension 'colcon_meta'
[0.120s] Level 1:colcon.colcon_core.package_identification:_identify(src/core) by extensions ['ros']
[0.120s] Level 1:colcon.colcon_core.package_identification:_identify(src/core) by extension 'ros'
[0.121s] DEBUG:colcon.colcon_core.package_identification:Package 'src/core' with type 'ros.ament_cmake' and name 'core'
[0.121s] Level 1:colcon.colcon_core.package_identification:_identify(src/core_msgs) by extensions ['ignore', 'ignore_ament_install']
[0.121s] Level 1:colcon.colcon_core.package_identification:_identify(src/core_msgs) by extension 'ignore'
[0.121s] Level 1:colcon.colcon_core.package_identification:_identify(src/core_msgs) by extension 'ignore_ament_install'
[0.121s] Level 1:colcon.colcon_core.package_identification:_identify(src/core_msgs) by extensions ['colcon_pkg']
[0.121s] Level 1:colcon.colcon_core.package_identification:_identify(src/core_msgs) by extension 'colcon_pkg'
[0.121s] Level 1:colcon.colcon_core.package_identification:_identify(src/core_msgs) by extensions ['colcon_meta']
[0.121s] Level 1:colcon.colcon_core.package_identification:_identify(src/core_msgs) by extension 'colcon_meta'
[0.121s] Level 1:colcon.colcon_core.package_identification:_identify(src/core_msgs) by extensions ['ros']
[0.121s] Level 1:colcon.colcon_core.package_identification:_identify(src/core_msgs) by extension 'ros'
[0.122s] DEBUG:colcon.colcon_core.package_identification:Package 'src/core_msgs' with type 'ros.ament_cmake' and name 'core_msgs'
[0.122s] Level 1:colcon.colcon_core.package_identification:_identify(src/link) by extensions ['ignore', 'ignore_ament_install']
[0.122s] Level 1:colcon.colcon_core.package_identification:_identify(src/link) by extension 'ignore'
[0.122s] Level 1:colcon.colcon_core.package_identification:_identify(src/link) by extension 'ignore_ament_install'
[0.122s] Level 1:colcon.colcon_core.package_identification:_identify(src/link) by extensions ['colcon_pkg']
[0.122s] Level 1:colcon.colcon_core.package_identification:_identify(src/link) by extension 'colcon_pkg'
[0.122s] Level 1:colcon.colcon_core.package_identification:_identify(src/link) by extensions ['colcon_meta']
[0.122s] Level 1:colcon.colcon_core.package_identification:_identify(src/link) by extension 'colcon_meta'
[0.122s] Level 1:colcon.colcon_core.package_identification:_identify(src/link) by extensions ['ros']
[0.122s] Level 1:colcon.colcon_core.package_identification:_identify(src/link) by extension 'ros'
[0.122s] DEBUG:colcon.colcon_core.package_identification:Package 'src/link' with type 'ros.ament_cmake' and name 'link'
[0.122s] Level 1:colcon.colcon_core.package_discovery:discover_packages(recursive) using defaults
[0.122s] Level 1:colcon.colcon_core.package_discovery:discover_packages(ignore) discover
[0.122s] Level 1:colcon.colcon_core.package_discovery:discover_packages(ignore) using defaults
[0.122s] Level 1:colcon.colcon_core.package_discovery:discover_packages(path) discover
[0.122s] Level 1:colcon.colcon_core.package_discovery:discover_packages(path) using defaults
[0.133s] Level 5:colcon.colcon_core.verb:set package 'core_msgs' build argument 'cmake_args' from command line to 'None'
[0.134s] Level 5:colcon.colcon_core.verb:set package 'core_msgs' build argument 'cmake_target' from command line to 'None'
[0.134s] Level 5:colcon.colcon_core.verb:set package 'core_msgs' build argument 'cmake_target_skip_unavailable' from command line to 'False'
[0.134s] Level 5:colcon.colcon_core.verb:set package 'core_msgs' build argument 'cmake_clean_cache' from command line to 'False'
[0.134s] Level 5:colcon.colcon_core.verb:set package 'core_msgs' build argument 'cmake_clean_first' from command line to 'False'
[0.134s] Level 5:colcon.colcon_core.verb:set package 'core_msgs' build argument 'cmake_force_configure' from command line to 'False'
[0.134s] Level 5:colcon.colcon_core.verb:set package 'core_msgs' build argument 'ament_cmake_args' from command line to 'None'
[0.134s] Level 5:colcon.colcon_core.verb:set package 'core_msgs' build argument 'catkin_cmake_args' from command line to 'None'
[0.134s] Level 5:colcon.colcon_core.verb:set package 'core_msgs' build argument 'catkin_skip_building_tests' from command line to 'False'
[0.134s] DEBUG:colcon.colcon_core.verb:Building package 'core_msgs' with the following arguments: {'ament_cmake_args': None, 'build_base': '/root/workspace/build/core_msgs', 'catkin_cmake_args': None, 'catkin_skip_building_tests': False, 'cmake_args': None, 'cmake_clean_cache': False, 'cmake_clean_first': False, 'cmake_force_configure': False, 'cmake_target': None, 'cmake_target_skip_unavailable': False, 'install_base': '/root/workspace/install/core_msgs', 'merge_install': False, 'path': '/root/workspace/src/core_msgs', 'symlink_install': False, 'test_result_base': None}
[0.134s] Level 5:colcon.colcon_core.verb:set package 'core' build argument 'cmake_args' from command line to 'None'
[0.134s] Level 5:colcon.colcon_core.verb:set package 'core' build argument 'cmake_target' from command line to 'None'
[0.134s] Level 5:colcon.colcon_core.verb:set package 'core' build argument 'cmake_target_skip_unavailable' from command line to 'False'
[0.134s] Level 5:colcon.colcon_core.verb:set package 'core' build argument 'cmake_clean_cache' from command line to 'False'
[0.134s] Level 5:colcon.colcon_core.verb:set package 'core' build argument 'cmake_clean_first' from command line to 'False'
[0.134s] Level 5:colcon.colcon_core.verb:set package 'core' build argument 'cmake_force_configure' from command line to 'False'
[0.134s] Level 5:colcon.colcon_core.verb:set package 'core' build argument 'ament_cmake_args' from command line to 'None'
[0.134s] Level 5:colcon.colcon_core.verb:set package 'core' build argument 'catkin_cmake_args' from command line to 'None'
[0.134s] Level 5:colcon.colcon_core.verb:set package 'core' build argument 'catkin_skip_building_tests' from command line to 'False'
[0.134s] DEBUG:colcon.colcon_core.verb:Building package 'core' with the following arguments: {'ament_cmake_args': None, 'build_base': '/root/workspace/build/core', 'catkin_cmake_args': None, 'catkin_skip_building_tests': False, 'cmake_args': None, 'cmake_clean_cache': False, 'cmake_clean_first': False, 'cmake_force_configure': False, 'cmake_target': None, 'cmake_target_skip_unavailable': False, 'install_base': '/root/workspace/install/core', 'merge_install': False, 'path': '/root/workspace/src/core', 'symlink_install': False, 'test_result_base': None}
[0.134s] Level 5:colcon.colcon_core.verb:set package 'link' build argument 'cmake_args' from command line to 'None'
[0.134s] Level 5:colcon.colcon_core.verb:set package 'link' build argument 'cmake_target' from command line to 'None'
[0.134s] Level 5:colcon.colcon_core.verb:set package 'link' build argument 'cmake_target_skip_unavailable' from command line to 'False'
[0.134s] Level 5:colcon.colcon_core.verb:set package 'link' build argument 'cmake_clean_cache' from command line to 'False'
[0.134s] Level 5:colcon.colcon_core.verb:set package 'link' build argument 'cmake_clean_first' from command line to 'False'
[0.134s] Level 5:colcon.colcon_core.verb:set package 'link' build argument 'cmake_force_configure' from command line to 'False'
[0.134s] Level 5:colcon.colcon_core.verb:set package 'link' build argument 'ament_cmake_args' from command line to 'None'
[0.134s] Level 5:colcon.colcon_core.verb:set package 'link' build argument 'catkin_cmake_args' from command line to 'None'
[0.134s] Level 5:colcon.colcon_core.verb:set package 'link' build argument 'catkin_skip_building_tests' from command line to 'False'
[0.134s] DEBUG:colcon.colcon_core.verb:Building package 'link' with the following arguments: {'ament_cmake_args': None, 'build_base': '/root/workspace/build/link', 'catkin_cmake_args': None, 'catkin_skip_building_tests': False, 'cmake_args': None, 'cmake_clean_cache': False, 'cmake_clean_first': False, 'cmake_force_configure': False, 'cmake_target': None, 'cmake_target_skip_unavailable': False, 'install_base': '/root/workspace/install/link', 'merge_install': False, 'path': '/root/workspace/src/link', 'symlink_install': False, 'test_result_base': None}
[0.134s] INFO:colcon.colcon_core.executor:Executing jobs using 'parallel' executor
[0.135s] DEBUG:colcon.colcon_parallel_executor.executor.parallel:run_until_complete
[0.135s] INFO:colcon.colcon_ros.task.ament_cmake.build:Building ROS package in '/root/workspace/src/core_msgs' with build type 'ament_cmake'
[0.135s] INFO:colcon.colcon_cmake.task.cmake.build:Building CMake package in '/root/workspace/src/core_msgs'
[0.136s] INFO:colcon.colcon_core.plugin_system:Skipping extension 'colcon_core.shell.bat': Not used on non-Windows systems
[0.136s] INFO:colcon.colcon_core.shell:Skip shell extension 'powershell' for command environment: Not usable outside of PowerShell
[0.136s] DEBUG:colcon.colcon_core.shell:Skip shell extension 'dsv' for command environment
[0.141s] DEBUG:colcon.colcon_core.event_handler.log_command:Invoking command in '/root/workspace/build/core_msgs': CMAKE_PREFIX_PATH=${CMAKE_PREFIX_PATH}:/opt/ros/humble /usr/bin/cmake --build /root/workspace/build/core_msgs -- -j20 -l20
[0.276s] DEBUG:colcon.colcon_core.event_handler.log_command:Invoked command in '/root/workspace/build/core_msgs' returned '0': CMAKE_PREFIX_PATH=${CMAKE_PREFIX_PATH}:/opt/ros/humble /usr/bin/cmake --build /root/workspace/build/core_msgs -- -j20 -l20
[0.314s] DEBUG:colcon.colcon_core.event_handler.log_command:Invoking command in '/root/workspace/build/core_msgs': CMAKE_PREFIX_PATH=${CMAKE_PREFIX_PATH}:/opt/ros/humble /usr/bin/cmake --install /root/workspace/build/core_msgs
[0.340s] Level 1:colcon.colcon_core.environment:create_environment_scripts_only(core_msgs)
[0.340s] DEBUG:colcon.colcon_core.event_handler.log_command:Invoked command in '/root/workspace/build/core_msgs' returned '0': CMAKE_PREFIX_PATH=${CMAKE_PREFIX_PATH}:/opt/ros/humble /usr/bin/cmake --install /root/workspace/build/core_msgs
[0.341s] Level 1:colcon.colcon_core.environment:checking '/root/workspace/install/core_msgs' for CMake module files
[0.341s] Level 1:colcon.colcon_core.environment:checking '/root/workspace/install/core_msgs' for CMake config files
[0.341s] Level 1:colcon.colcon_core.shell:create_environment_hook('core_msgs', 'cmake_prefix_path')
[0.342s] INFO:colcon.colcon_core.shell:Creating environment hook '/root/workspace/install/core_msgs/share/core_msgs/hook/cmake_prefix_path.ps1'
[0.342s] INFO:colcon.colcon_core.shell:Creating environment descriptor '/root/workspace/install/core_msgs/share/core_msgs/hook/cmake_prefix_path.dsv'
[0.342s] INFO:colcon.colcon_core.shell:Creating environment hook '/root/workspace/install/core_msgs/share/core_msgs/hook/cmake_prefix_path.sh'
[0.342s] Level 1:colcon.colcon_core.environment:checking '/root/workspace/install/core_msgs/lib'
[0.342s] Level 1:colcon.colcon_core.shell:create_environment_hook('core_msgs', 'ld_library_path_lib')
[0.343s] INFO:colcon.colcon_core.shell:Creating environment hook '/root/workspace/install/core_msgs/share/core_msgs/hook/ld_library_path_lib.ps1'
[0.343s] INFO:colcon.colcon_core.shell:Creating environment descriptor '/root/workspace/install/core_msgs/share/core_msgs/hook/ld_library_path_lib.dsv'
[0.343s] INFO:colcon.colcon_core.shell:Creating environment hook '/root/workspace/install/core_msgs/share/core_msgs/hook/ld_library_path_lib.sh'
[0.343s] Level 1:colcon.colcon_core.environment:checking '/root/workspace/install/core_msgs/bin'
[0.343s] Level 1:colcon.colcon_core.environment:checking '/root/workspace/install/core_msgs/lib/pkgconfig/core_msgs.pc'
[0.344s] Level 1:colcon.colcon_core.environment:checking '/root/workspace/install/core_msgs/lib/python3.10/site-packages'
[0.344s] Level 1:colcon.colcon_core.environment:checking '/root/workspace/install/core_msgs/bin'
[0.344s] INFO:colcon.colcon_core.shell:Creating package script '/root/workspace/install/core_msgs/share/core_msgs/package.ps1'
[0.345s] INFO:colcon.colcon_core.shell:Creating package descriptor '/root/workspace/install/core_msgs/share/core_msgs/package.dsv'
[0.345s] INFO:colcon.colcon_core.shell:Creating package script '/root/workspace/install/core_msgs/share/core_msgs/package.sh'
[0.345s] INFO:colcon.colcon_core.shell:Creating package script '/root/workspace/install/core_msgs/share/core_msgs/package.bash'
[0.346s] INFO:colcon.colcon_core.shell:Creating package script '/root/workspace/install/core_msgs/share/core_msgs/package.zsh'
[0.346s] Level 1:colcon.colcon_core.environment:create_file_with_runtime_dependencies(/root/workspace/install/core_msgs/share/colcon-core/packages/core_msgs)
[0.380s] Level 1:colcon.colcon_core.environment:create_environment_scripts_only(core_msgs)
[0.381s] Level 1:colcon.colcon_core.environment:checking '/root/workspace/install/core_msgs' for CMake module files
[0.381s] Level 1:colcon.colcon_core.environment:checking '/root/workspace/install/core_msgs' for CMake config files
[0.382s] Level 1:colcon.colcon_core.shell:create_environment_hook('core_msgs', 'cmake_prefix_path')
[0.382s] INFO:colcon.colcon_core.shell:Creating environment hook '/root/workspace/install/core_msgs/share/core_msgs/hook/cmake_prefix_path.ps1'
[0.382s] INFO:colcon.colcon_core.shell:Creating environment descriptor '/root/workspace/install/core_msgs/share/core_msgs/hook/cmake_prefix_path.dsv'
[0.382s] INFO:colcon.colcon_core.shell:Creating environment hook '/root/workspace/install/core_msgs/share/core_msgs/hook/cmake_prefix_path.sh'
[0.383s] Level 1:colcon.colcon_core.environment:checking '/root/workspace/install/core_msgs/lib'
[0.383s] Level 1:colcon.colcon_core.shell:create_environment_hook('core_msgs', 'ld_library_path_lib')
[0.383s] INFO:colcon.colcon_core.shell:Creating environment hook '/root/workspace/install/core_msgs/share/core_msgs/hook/ld_library_path_lib.ps1'
[0.383s] INFO:colcon.colcon_core.shell:Creating environment descriptor '/root/workspace/install/core_msgs/share/core_msgs/hook/ld_library_path_lib.dsv'
[0.384s] INFO:colcon.colcon_core.shell:Creating environment hook '/root/workspace/install/core_msgs/share/core_msgs/hook/ld_library_path_lib.sh'
[0.384s] Level 1:colcon.colcon_core.environment:checking '/root/workspace/install/core_msgs/bin'
[0.384s] Level 1:colcon.colcon_core.environment:checking '/root/workspace/install/core_msgs/lib/pkgconfig/core_msgs.pc'
[0.384s] Level 1:colcon.colcon_core.environment:checking '/root/workspace/install/core_msgs/lib/python3.10/site-packages'
[0.384s] Level 1:colcon.colcon_core.environment:checking '/root/workspace/install/core_msgs/bin'
[0.385s] INFO:colcon.colcon_core.shell:Creating package script '/root/workspace/install/core_msgs/share/core_msgs/package.ps1'
[0.385s] INFO:colcon.colcon_core.shell:Creating package descriptor '/root/workspace/install/core_msgs/share/core_msgs/package.dsv'
[0.386s] INFO:colcon.colcon_core.shell:Creating package script '/root/workspace/install/core_msgs/share/core_msgs/package.sh'
[0.386s] INFO:colcon.colcon_core.shell:Creating package script '/root/workspace/install/core_msgs/share/core_msgs/package.bash'
[0.386s] INFO:colcon.colcon_core.shell:Creating package script '/root/workspace/install/core_msgs/share/core_msgs/package.zsh'
[0.387s] Level 1:colcon.colcon_core.environment:create_file_with_runtime_dependencies(/root/workspace/install/core_msgs/share/colcon-core/packages/core_msgs)
[0.387s] INFO:colcon.colcon_ros.task.ament_cmake.build:Building ROS package in '/root/workspace/src/core' with build type 'ament_cmake'
[0.387s] INFO:colcon.colcon_cmake.task.cmake.build:Building CMake package in '/root/workspace/src/core'
[0.387s] INFO:colcon.colcon_core.shell:Skip shell extension 'powershell' for command environment: Not usable outside of PowerShell
[0.387s] DEBUG:colcon.colcon_core.shell:Skip shell extension 'dsv' for command environment
[0.390s] INFO:colcon.colcon_ros.task.ament_cmake.build:Building ROS package in '/root/workspace/src/link' with build type 'ament_cmake'
[0.390s] INFO:colcon.colcon_cmake.task.cmake.build:Building CMake package in '/root/workspace/src/link'
[0.390s] INFO:colcon.colcon_core.shell:Skip shell extension 'powershell' for command environment: Not usable outside of PowerShell
[0.390s] DEBUG:colcon.colcon_core.shell:Skip shell extension 'dsv' for command environment
[0.395s] DEBUG:colcon.colcon_core.event_handler.log_command:Invoking command in '/root/workspace/build/core': AMENT_PREFIX_PATH=/root/workspace/install/core_msgs:${AMENT_PREFIX_PATH} CMAKE_PREFIX_PATH=/root/workspace/install/core_msgs:/root/microros_ws/install/px4_ros_com:/root/microros_ws/install/px4_msgs:/root/microros_ws/install/micro_ros_setup:/root/microros_ws/install/micro_ros_agent:/root/microros_ws/install/micro_ros_msgs:/opt/ros/humble LD_LIBRARY_PATH=/root/workspace/install/core_msgs/lib:${LD_LIBRARY_PATH} PYTHONPATH=/root/workspace/install/core_msgs/local/lib/python3.10/dist-packages:${PYTHONPATH} /usr/bin/cmake --build /root/workspace/build/core -- -j20 -l20
[0.397s] DEBUG:colcon.colcon_core.event_handler.log_command:Invoking command in '/root/workspace/build/link': AMENT_PREFIX_PATH=/root/workspace/install/core_msgs:${AMENT_PREFIX_PATH} CMAKE_PREFIX_PATH=/root/workspace/install/core_msgs:/root/microros_ws/install/px4_ros_com:/root/microros_ws/install/px4_msgs:/root/microros_ws/install/micro_ros_setup:/root/microros_ws/install/micro_ros_agent:/root/microros_ws/install/micro_ros_msgs:/opt/ros/humble LD_LIBRARY_PATH=/root/workspace/install/core_msgs/lib:${LD_LIBRARY_PATH} PYTHONPATH=/root/workspace/install/core_msgs/local/lib/python3.10/dist-packages:${PYTHONPATH} /usr/bin/cmake --build /root/workspace/build/link -- -j20 -l20
[0.426s] DEBUG:colcon.colcon_core.event_handler.log_command:Invoked command in '/root/workspace/build/link' returned '0': AMENT_PREFIX_PATH=/root/workspace/install/core_msgs:${AMENT_PREFIX_PATH} CMAKE_PREFIX_PATH=/root/workspace/install/core_msgs:/root/microros_ws/install/px4_ros_com:/root/microros_ws/install/px4_msgs:/root/microros_ws/install/micro_ros_setup:/root/microros_ws/install/micro_ros_agent:/root/microros_ws/install/micro_ros_msgs:/opt/ros/humble LD_LIBRARY_PATH=/root/workspace/install/core_msgs/lib:${LD_LIBRARY_PATH} PYTHONPATH=/root/workspace/install/core_msgs/local/lib/python3.10/dist-packages:${PYTHONPATH} /usr/bin/cmake --build /root/workspace/build/link -- -j20 -l20
[0.436s] DEBUG:colcon.colcon_core.event_handler.log_command:Invoking command in '/root/workspace/build/link': AMENT_PREFIX_PATH=/root/workspace/install/core_msgs:${AMENT_PREFIX_PATH} CMAKE_PREFIX_PATH=/root/workspace/install/core_msgs:/root/microros_ws/install/px4_ros_com:/root/microros_ws/install/px4_msgs:/root/microros_ws/install/micro_ros_setup:/root/microros_ws/install/micro_ros_agent:/root/microros_ws/install/micro_ros_msgs:/opt/ros/humble LD_LIBRARY_PATH=/root/workspace/install/core_msgs/lib:${LD_LIBRARY_PATH} PYTHONPATH=/root/workspace/install/core_msgs/local/lib/python3.10/dist-packages:${PYTHONPATH} /usr/bin/cmake --install /root/workspace/build/link
[0.441s] Level 1:colcon.colcon_core.environment:create_environment_scripts_only(link)
[0.441s] Level 1:colcon.colcon_core.environment:checking '/root/workspace/install/link' for CMake module files
[0.441s] DEBUG:colcon.colcon_core.event_handler.log_command:Invoked command in '/root/workspace/build/link' returned '0': AMENT_PREFIX_PATH=/root/workspace/install/core_msgs:${AMENT_PREFIX_PATH} CMAKE_PREFIX_PATH=/root/workspace/install/core_msgs:/root/microros_ws/install/px4_ros_com:/root/microros_ws/install/px4_msgs:/root/microros_ws/install/micro_ros_setup:/root/microros_ws/install/micro_ros_agent:/root/microros_ws/install/micro_ros_msgs:/opt/ros/humble LD_LIBRARY_PATH=/root/workspace/install/core_msgs/lib:${LD_LIBRARY_PATH} PYTHONPATH=/root/workspace/install/core_msgs/local/lib/python3.10/dist-packages:${PYTHONPATH} /usr/bin/cmake --install /root/workspace/build/link
[0.441s] Level 1:colcon.colcon_core.environment:checking '/root/workspace/install/link' for CMake config files
[0.441s] Level 1:colcon.colcon_core.shell:create_environment_hook('link', 'cmake_prefix_path')
[0.441s] INFO:colcon.colcon_core.shell:Creating environment hook '/root/workspace/install/link/share/link/hook/cmake_prefix_path.ps1'
[0.442s] INFO:colcon.colcon_core.shell:Creating environment descriptor '/root/workspace/install/link/share/link/hook/cmake_prefix_path.dsv'
[0.442s] INFO:colcon.colcon_core.shell:Creating environment hook '/root/workspace/install/link/share/link/hook/cmake_prefix_path.sh'
[0.442s] Level 1:colcon.colcon_core.environment:checking '/root/workspace/install/link/lib'
[0.442s] Level 1:colcon.colcon_core.environment:checking '/root/workspace/install/link/bin'
[0.442s] Level 1:colcon.colcon_core.environment:checking '/root/workspace/install/link/lib/pkgconfig/link.pc'
[0.442s] Level 1:colcon.colcon_core.environment:checking '/root/workspace/install/link/lib/python3.10/site-packages'
[0.442s] Level 1:colcon.colcon_core.environment:checking '/root/workspace/install/link/bin'
[0.442s] INFO:colcon.colcon_core.shell:Creating package script '/root/workspace/install/link/share/link/package.ps1'
[0.443s] INFO:colcon.colcon_core.shell:Creating package descriptor '/root/workspace/install/link/share/link/package.dsv'
[0.443s] INFO:colcon.colcon_core.shell:Creating package script '/root/workspace/install/link/share/link/package.sh'
[0.443s] INFO:colcon.colcon_core.shell:Creating package script '/root/workspace/install/link/share/link/package.bash'
[0.443s] INFO:colcon.colcon_core.shell:Creating package script '/root/workspace/install/link/share/link/package.zsh'
[0.443s] Level 1:colcon.colcon_core.environment:create_file_with_runtime_dependencies(/root/workspace/install/link/share/colcon-core/packages/link)
[0.453s] Level 1:colcon.colcon_core.environment:create_environment_scripts_only(link)
[0.454s] Level 1:colcon.colcon_core.environment:checking '/root/workspace/install/link' for CMake module files
[0.454s] Level 1:colcon.colcon_core.environment:checking '/root/workspace/install/link' for CMake config files
[0.454s] Level 1:colcon.colcon_core.shell:create_environment_hook('link', 'cmake_prefix_path')
[0.454s] INFO:colcon.colcon_core.shell:Creating environment hook '/root/workspace/install/link/share/link/hook/cmake_prefix_path.ps1'
[0.454s] INFO:colcon.colcon_core.shell:Creating environment descriptor '/root/workspace/install/link/share/link/hook/cmake_prefix_path.dsv'
[0.454s] INFO:colcon.colcon_core.shell:Creating environment hook '/root/workspace/install/link/share/link/hook/cmake_prefix_path.sh'
[0.455s] Level 1:colcon.colcon_core.environment:checking '/root/workspace/install/link/lib'
[0.455s] Level 1:colcon.colcon_core.environment:checking '/root/workspace/install/link/bin'
[0.455s] Level 1:colcon.colcon_core.environment:checking '/root/workspace/install/link/lib/pkgconfig/link.pc'
[0.455s] Level 1:colcon.colcon_core.environment:checking '/root/workspace/install/link/lib/python3.10/site-packages'
[0.455s] Level 1:colcon.colcon_core.environment:checking '/root/workspace/install/link/bin'
[0.455s] INFO:colcon.colcon_core.shell:Creating package script '/root/workspace/install/link/share/link/package.ps1'
[0.455s] INFO:colcon.colcon_core.shell:Creating package descriptor '/root/workspace/install/link/share/link/package.dsv'
[0.456s] INFO:colcon.colcon_core.shell:Creating package script '/root/workspace/install/link/share/link/package.sh'
[0.456s] INFO:colcon.colcon_core.shell:Creating package script '/root/workspace/install/link/share/link/package.bash'
[0.456s] INFO:colcon.colcon_core.shell:Creating package script '/root/workspace/install/link/share/link/package.zsh'
[0.456s] Level 1:colcon.colcon_core.environment:create_file_with_runtime_dependencies(/root/workspace/install/link/share/colcon-core/packages/link)
[17.439s] DEBUG:colcon.colcon_core.event_handler.log_command:Invoked command in '/root/workspace/build/core' returned '0': AMENT_PREFIX_PATH=/root/workspace/install/core_msgs:${AMENT_PREFIX_PATH} CMAKE_PREFIX_PATH=/root/workspace/install/core_msgs:/root/microros_ws/install/px4_ros_com:/root/microros_ws/install/px4_msgs:/root/microros_ws/install/micro_ros_setup:/root/microros_ws/install/micro_ros_agent:/root/microros_ws/install/micro_ros_msgs:/opt/ros/humble LD_LIBRARY_PATH=/root/workspace/install/core_msgs/lib:${LD_LIBRARY_PATH} PYTHONPATH=/root/workspace/install/core_msgs/local/lib/python3.10/dist-packages:${PYTHONPATH} /usr/bin/cmake --build /root/workspace/build/core -- -j20 -l20
[17.450s] DEBUG:colcon.colcon_core.event_handler.log_command:Invoking command in '/root/workspace/build/core': AMENT_PREFIX_PATH=/root/workspace/install/core_msgs:${AMENT_PREFIX_PATH} CMAKE_PREFIX_PATH=/root/workspace/install/core_msgs:/root/microros_ws/install/px4_ros_com:/root/microros_ws/install/px4_msgs:/root/microros_ws/install/micro_ros_setup:/root/microros_ws/install/micro_ros_agent:/root/microros_ws/install/micro_ros_msgs:/opt/ros/humble LD_LIBRARY_PATH=/root/workspace/install/core_msgs/lib:${LD_LIBRARY_PATH} PYTHONPATH=/root/workspace/install/core_msgs/local/lib/python3.10/dist-packages:${PYTHONPATH} /usr/bin/cmake --install /root/workspace/build/core
[17.462s] Level 1:colcon.colcon_core.environment:create_environment_scripts_only(core)
[17.463s] Level 1:colcon.colcon_core.environment:checking '/root/workspace/install/core' for CMake module files
[17.463s] DEBUG:colcon.colcon_core.event_handler.log_command:Invoked command in '/root/workspace/build/core' returned '0': AMENT_PREFIX_PATH=/root/workspace/install/core_msgs:${AMENT_PREFIX_PATH} CMAKE_PREFIX_PATH=/root/workspace/install/core_msgs:/root/microros_ws/install/px4_ros_com:/root/microros_ws/install/px4_msgs:/root/microros_ws/install/micro_ros_setup:/root/microros_ws/install/micro_ros_agent:/root/microros_ws/install/micro_ros_msgs:/opt/ros/humble LD_LIBRARY_PATH=/root/workspace/install/core_msgs/lib:${LD_LIBRARY_PATH} PYTHONPATH=/root/workspace/install/core_msgs/local/lib/python3.10/dist-packages:${PYTHONPATH} /usr/bin/cmake --install /root/workspace/build/core
[17.463s] Level 1:colcon.colcon_core.environment:checking '/root/workspace/install/core' for CMake config files
[17.463s] Level 1:colcon.colcon_core.shell:create_environment_hook('core', 'cmake_prefix_path')
[17.463s] INFO:colcon.colcon_core.shell:Creating environment hook '/root/workspace/install/core/share/core/hook/cmake_prefix_path.ps1'
[17.463s] INFO:colcon.colcon_core.shell:Creating environment descriptor '/root/workspace/install/core/share/core/hook/cmake_prefix_path.dsv'
[17.463s] INFO:colcon.colcon_core.shell:Creating environment hook '/root/workspace/install/core/share/core/hook/cmake_prefix_path.sh'
[17.464s] Level 1:colcon.colcon_core.environment:checking '/root/workspace/install/core/lib'
[17.464s] Level 1:colcon.colcon_core.environment:checking '/root/workspace/install/core/bin'
[17.464s] Level 1:colcon.colcon_core.environment:checking '/root/workspace/install/core/lib/pkgconfig/core.pc'
[17.464s] Level 1:colcon.colcon_core.environment:checking '/root/workspace/install/core/lib/python3.10/site-packages'
[17.464s] Level 1:colcon.colcon_core.environment:checking '/root/workspace/install/core/bin'
[17.464s] INFO:colcon.colcon_core.shell:Creating package script '/root/workspace/install/core/share/core/package.ps1'
[17.464s] INFO:colcon.colcon_core.shell:Creating package descriptor '/root/workspace/install/core/share/core/package.dsv'
[17.464s] INFO:colcon.colcon_core.shell:Creating package script '/root/workspace/install/core/share/core/package.sh'
[17.465s] INFO:colcon.colcon_core.shell:Creating package script '/root/workspace/install/core/share/core/package.bash'
[17.465s] INFO:colcon.colcon_core.shell:Creating package script '/root/workspace/install/core/share/core/package.zsh'
[17.465s] Level 1:colcon.colcon_core.environment:create_file_with_runtime_dependencies(/root/workspace/install/core/share/colcon-core/packages/core)
[17.475s] Level 1:colcon.colcon_core.environment:create_environment_scripts_only(core)
[17.475s] Level 1:colcon.colcon_core.environment:checking '/root/workspace/install/core' for CMake module files
[17.475s] Level 1:colcon.colcon_core.environment:checking '/root/workspace/install/core' for CMake config files
[17.475s] Level 1:colcon.colcon_core.shell:create_environment_hook('core', 'cmake_prefix_path')
[17.475s] INFO:colcon.colcon_core.shell:Creating environment hook '/root/workspace/install/core/share/core/hook/cmake_prefix_path.ps1'
[17.476s] INFO:colcon.colcon_core.shell:Creating environment descriptor '/root/workspace/install/core/share/core/hook/cmake_prefix_path.dsv'
[17.476s] INFO:colcon.colcon_core.shell:Creating environment hook '/root/workspace/install/core/share/core/hook/cmake_prefix_path.sh'
[17.476s] Level 1:colcon.colcon_core.environment:checking '/root/workspace/install/core/lib'
[17.476s] Level 1:colcon.colcon_core.environment:checking '/root/workspace/install/core/bin'
[17.476s] Level 1:colcon.colcon_core.environment:checking '/root/workspace/install/core/lib/pkgconfig/core.pc'
[17.476s] Level 1:colcon.colcon_core.environment:checking '/root/workspace/install/core/lib/python3.10/site-packages'
[17.476s] Level 1:colcon.colcon_core.environment:checking '/root/workspace/install/core/bin'
[17.477s] INFO:colcon.colcon_core.shell:Creating package script '/root/workspace/install/core/share/core/package.ps1'
[17.477s] INFO:colcon.colcon_core.shell:Creating package descriptor '/root/workspace/install/core/share/core/package.dsv'
[17.477s] INFO:colcon.colcon_core.shell:Creating package script '/root/workspace/install/core/share/core/package.sh'
[17.477s] INFO:colcon.colcon_core.shell:Creating package script '/root/workspace/install/core/share/core/package.bash'
[17.477s] INFO:colcon.colcon_core.shell:Creating package script '/root/workspace/install/core/share/core/package.zsh'
[17.477s] Level 1:colcon.colcon_core.environment:create_file_with_runtime_dependencies(/root/workspace/install/core/share/colcon-core/packages/core)
[17.477s] DEBUG:colcon.colcon_parallel_executor.executor.parallel:closing loop
[17.478s] DEBUG:colcon.colcon_parallel_executor.executor.parallel:loop closed
[17.478s] DEBUG:colcon.colcon_parallel_executor.executor.parallel:run_until_complete finished with '0'
[17.478s] DEBUG:colcon.colcon_core.event_reactor:joining thread
[17.480s] INFO:colcon.colcon_core.plugin_system:Skipping extension 'colcon_notification.desktop_notification.notify_send': Could not find 'notify-send'
[17.480s] INFO:colcon.colcon_core.plugin_system:Skipping extension 'colcon_notification.desktop_notification.terminal_notifier': Not used on non-Darwin systems
[17.480s] INFO:colcon.colcon_core.plugin_system:Skipping extension 'colcon_notification.desktop_notification.win32': Not used on non-Windows systems
[17.480s] INFO:colcon.colcon_notification.desktop_notification:Sending desktop notification using 'notify2'
[17.481s] DEBUG:colcon.colcon_notification.desktop_notification.notify2:Failed to initialize notify2: org.freedesktop.DBus.Error.Spawn.ExecFailed: /usr/bin/dbus-launch terminated abnormally without any error message
[17.482s] DEBUG:colcon.colcon_core.event_reactor:joined thread
[17.482s] INFO:colcon.colcon_core.shell:Creating prefix script '/root/workspace/install/local_setup.ps1'
[17.482s] INFO:colcon.colcon_core.shell:Creating prefix util module '/root/workspace/install/_local_setup_util_ps1.py'
[17.483s] INFO:colcon.colcon_core.shell:Creating prefix chain script '/root/workspace/install/setup.ps1'
[17.484s] INFO:colcon.colcon_core.shell:Creating prefix script '/root/workspace/install/local_setup.sh'
[17.484s] INFO:colcon.colcon_core.shell:Creating prefix util module '/root/workspace/install/_local_setup_util_sh.py'
[17.484s] INFO:colcon.colcon_core.shell:Creating prefix chain script '/root/workspace/install/setup.sh'
[17.485s] INFO:colcon.colcon_core.shell:Creating prefix script '/root/workspace/install/local_setup.bash'
[17.485s] INFO:colcon.colcon_core.shell:Creating prefix chain script '/root/workspace/install/setup.bash'
[17.485s] INFO:colcon.colcon_core.shell:Creating prefix script '/root/workspace/install/local_setup.zsh'
[17.486s] INFO:colcon.colcon_core.shell:Creating prefix chain script '/root/workspace/install/setup.zsh'
