[0.009s] Invoking command in '/root/workspace/build/core_msgs': CMAKE_PREFIX_PATH=${CMAKE_PREFIX_PATH}:/opt/ros/foxy /usr/bin/cmake --build /root/workspace/build/core_msgs -- -j20 -l20
[0.025s] -- Found ament_cmake: 0.9.12 (/opt/ros/foxy/share/ament_cmake/cmake)
[0.037s] -- Found PythonInterp: /usr/bin/python3 (found suitable version "3.8.10", minimum required is "3") 
[0.037s] -- Using PYTHON_EXECUTABLE: /usr/bin/python3
[0.109s] -- Found rosidl_default_generators: 1.0.1 (/opt/ros/foxy/share/rosidl_default_generators/cmake)
[0.110s] -- Using all available rosidl_typesupport_c: rosidl_typesupport_fastrtps_c;rosidl_typesupport_introspection_c
[0.112s] -- Found rosidl_adapter: 1.3.1 (/opt/ros/foxy/share/rosidl_adapter/cmake)
[0.188s] -- Using all available rosidl_typesupport_cpp: rosidl_typesupport_fastrtps_cpp;rosidl_typesupport_introspection_cpp
[0.212s] -- Found PythonInterp: /usr/bin/python3 (found version "3.8.10") 
[0.238s] CMake Error at /opt/ros/foxy/share/rosidl_adapter/cmake/rosidl_adapt_interfaces.cmake:60 (message):
[0.238s]   execute_process(/usr/bin/python3 -m rosidl_adapter --package-name core_msgs
[0.238s]   --arguments-file
[0.238s]   /root/workspace/build/core_msgs/rosidl_adapter__arguments__core_msgs.json
[0.238s]   --output-dir /root/workspace/build/core_msgs/rosidl_adapter/core_msgs
[0.238s]   --output-file
[0.238s]   /root/workspace/build/core_msgs/rosidl_adapter/core_msgs.idls) returned
[0.238s]   error code 1:
[0.238s] 
[0.238s]   Error processing 'float16 x' of 'core_msgs/Trajectory': ''float16' is an
[0.238s]   invalid message name.  It should have the pattern '^[A-Z][A-Za-z0-9]*$''
[0.238s] 
[0.238s]   Traceback (most recent call last):
[0.238s] 
[0.238s]     File "/usr/lib/python3.8/runpy.py", line 194, in _run_module_as_main
[0.238s]       return _run_code(code, main_globals, None,
[0.238s]     File "/usr/lib/python3.8/runpy.py", line 87, in _run_code
[0.238s]       exec(code, run_globals)
[0.238s]     File "/opt/ros/foxy/lib/python3.8/site-packages/rosidl_adapter/__main__.py", line 19, in <module>
[0.238s]       sys.exit(main())
[0.238s]     File "/opt/ros/foxy/lib/python3.8/site-packages/rosidl_adapter/main.py", line 53, in main
[0.238s]       abs_idl_file = convert_to_idl(
[0.238s]     File "/opt/ros/foxy/lib/python3.8/site-packages/rosidl_adapter/__init__.py", line 19, in convert_to_idl
[0.238s]       return convert_msg_to_idl(
[0.238s]     File "/opt/ros/foxy/lib/python3.8/site-packages/rosidl_adapter/msg/__init__.py", line 28, in convert_msg_to_idl
[0.238s]       msg = parse_message_string(package_name, input_file.stem, content)
[0.238s]     File "/opt/ros/foxy/lib/python3.8/site-packages/rosidl_adapter/parser.py", line 516, in parse_message_string
[0.238s]       Type(type_string, context_package_name=pkg_name),
[0.239s]     File "/opt/ros/foxy/lib/python3.8/site-packages/rosidl_adapter/parser.py", line 276, in __init__
[0.239s]       super(Type, self).__init__(
[0.239s]     File "/opt/ros/foxy/lib/python3.8/site-packages/rosidl_adapter/parser.py", line 204, in __init__
[0.239s]       raise InvalidResourceName(
[0.239s] 
[0.239s]   rosidl_adapter.parser.InvalidResourceName: 'float16' is an invalid message
[0.239s]   name.  It should have the pattern '^[A-Z][A-Za-z0-9]*$'
[0.239s] 
[0.239s] Call Stack (most recent call first):
[0.239s]   /opt/ros/foxy/share/rosidl_cmake/cmake/rosidl_generate_interfaces.cmake:130 (rosidl_adapt_interfaces)
[0.239s]   CMakeLists.txt:22 (rosidl_generate_interfaces)
[0.239s] 
[0.239s] 
[0.239s] -- Configuring incomplete, errors occurred!
[0.239s] See also "/root/workspace/build/core_msgs/CMakeFiles/CMakeOutput.log".
[0.240s] make: *** [Makefile:748: cmake_check_build_system] Error 1
[0.241s] Invoked command in '/root/workspace/build/core_msgs' returned '2': CMAKE_PREFIX_PATH=${CMAKE_PREFIX_PATH}:/opt/ros/foxy /usr/bin/cmake --build /root/workspace/build/core_msgs -- -j20 -l20
