[0.000000] (-) TimerEvent: {}
[0.000218] (master) JobQueued: {'identifier': 'master', 'dependencies': OrderedDict()}
[0.000250] (master) JobStarted: {'identifier': 'master'}
[0.003677] (master) JobProgress: {'identifier': 'master', 'progress': 'cmake'}
[0.004059] (master) JobProgress: {'identifier': 'master', 'progress': 'build'}
[0.004360] (master) Command: {'cmd': ['/usr/bin/cmake', '--build', '/root/master/build/master', '--', '-j20', '-l20'], 'cwd': '/root/master/build/master', 'env': OrderedDict([('HOSTNAME', 'GTX-3060-2'), ('SHLVL', '1'), ('LD_LIBRARY_PATH', '/opt/ros/humble/lib/x86_64-linux-gnu:/opt/ros/humble/lib'), ('HOME', '/root'), ('OLDPWD', '/root'), ('ROS_PYTHON_VERSION', '3'), ('ROS_DISTRO', 'humble'), ('_', '/usr/bin/colcon'), ('ROS_VERSION', '2'), ('TERM', 'xterm'), ('ROS_LOCALHOST_ONLY', '0'), ('PATH', '/opt/ros/humble/bin:/usr/local/sbin:/usr/local/bin:/usr/sbin:/usr/bin:/sbin:/bin'), ('DISPLAY', ':1'), ('LANG', 'C.UTF-8'), ('AMENT_PREFIX_PATH', '/opt/ros/humble'), ('PWD', '/root/master/build/master'), ('LC_ALL', 'C.UTF-8'), ('PYTHONPATH', '/opt/ros/humble/lib/python3.10/site-packages:/opt/ros/humble/local/lib/python3.10/dist-packages'), ('COLCON', '1'), ('CMAKE_PREFIX_PATH', '/opt/ros/humble')]), 'shell': False}
[0.023406] (master) StdoutLine: {'line': b'\x1b[35m\x1b[1mConsolidate compiler generated dependencies of target node\x1b[0m\n'}
[0.032198] (master) StdoutLine: {'line': b'[ 50%] \x1b[32mBuilding CXX object CMakeFiles/node.dir/src/master_node.cpp.o\x1b[0m\n'}
[0.099705] (-) TimerEvent: {}
[0.145137] (master) StderrLine: {'line': b'\x1b[01m\x1b[K/root/master/src/master/src/master_node.cpp:45:54:\x1b[m\x1b[K \x1b[01;35m\x1b[Kwarning: \x1b[m\x1b[Kcharacter constant too long for its type\n'}
[0.145257] (master) StderrLine: {'line': b'   45 |                 std::string PAYLOAD = std::to_string(\x1b[01;35m\x1b[K\'{"id":"0","command":"takeoff","param1":0,"param2":0,"param3":0,"param4":0,"param5":0}\'\x1b[m\x1b[K);\n'}
[0.145290] (master) StderrLine: {'line': b'      |                                                      \x1b[01;35m\x1b[K^~~~~~~~~~~~~~~~~~~~~~~~~~~~~~~~~~~~~~~~~~~~~~~~~~~~~~~~~~~~~~~~~~~~~~~~~~~~~~~~~~~~~~~\x1b[m\x1b[K\n'}
[0.199786] (-) TimerEvent: {}
[0.299975] (-) TimerEvent: {}
[0.400172] (-) TimerEvent: {}
[0.500368] (-) TimerEvent: {}
[0.600568] (-) TimerEvent: {}
[0.700765] (-) TimerEvent: {}
[0.800962] (-) TimerEvent: {}
[0.901166] (-) TimerEvent: {}
[1.001372] (-) TimerEvent: {}
[1.101577] (-) TimerEvent: {}
[1.201821] (-) TimerEvent: {}
[1.302109] (-) TimerEvent: {}
[1.402315] (-) TimerEvent: {}
[1.502516] (-) TimerEvent: {}
[1.602721] (-) TimerEvent: {}
[1.702966] (-) TimerEvent: {}
[1.803219] (-) TimerEvent: {}
[1.879039] (master) StdoutLine: {'line': b'[100%] \x1b[32m\x1b[1mLinking CXX executable node\x1b[0m\n'}
[1.903361] (-) TimerEvent: {}
[1.958321] (master) StdoutLine: {'line': b'[100%] Built target node\n'}
[1.962738] (master) CommandEnded: {'returncode': 0}
[1.971170] (master) JobProgress: {'identifier': 'master', 'progress': 'install'}
[1.974460] (master) Command: {'cmd': ['/usr/bin/cmake', '--install', '/root/master/build/master'], 'cwd': '/root/master/build/master', 'env': OrderedDict([('HOSTNAME', 'GTX-3060-2'), ('SHLVL', '1'), ('LD_LIBRARY_PATH', '/opt/ros/humble/lib/x86_64-linux-gnu:/opt/ros/humble/lib'), ('HOME', '/root'), ('OLDPWD', '/root'), ('ROS_PYTHON_VERSION', '3'), ('ROS_DISTRO', 'humble'), ('_', '/usr/bin/colcon'), ('ROS_VERSION', '2'), ('TERM', 'xterm'), ('ROS_LOCALHOST_ONLY', '0'), ('PATH', '/opt/ros/humble/bin:/usr/local/sbin:/usr/local/bin:/usr/sbin:/usr/bin:/sbin:/bin'), ('DISPLAY', ':1'), ('LANG', 'C.UTF-8'), ('AMENT_PREFIX_PATH', '/opt/ros/humble'), ('PWD', '/root/master/build/master'), ('LC_ALL', 'C.UTF-8'), ('PYTHONPATH', '/opt/ros/humble/lib/python3.10/site-packages:/opt/ros/humble/local/lib/python3.10/dist-packages'), ('COLCON', '1'), ('CMAKE_PREFIX_PATH', '/opt/ros/humble')]), 'shell': False}
[1.977358] (master) StdoutLine: {'line': b'-- Install configuration: ""\n'}
[1.977443] (master) StdoutLine: {'line': b'-- Installing: /root/master/install/master/lib/master/node\n'}
[1.977692] (master) StdoutLine: {'line': b'-- Set runtime path of "/root/master/install/master/lib/master/node" to ""\n'}
[1.977730] (master) StdoutLine: {'line': b'-- Up-to-date: /root/master/install/master/share/ament_index/resource_index/package_run_dependencies/master\n'}
[1.977766] (master) StdoutLine: {'line': b'-- Up-to-date: /root/master/install/master/share/ament_index/resource_index/parent_prefix_path/master\n'}
[1.977823] (master) StdoutLine: {'line': b'-- Up-to-date: /root/master/install/master/share/master/environment/ament_prefix_path.sh\n'}
[1.977878] (master) StdoutLine: {'line': b'-- Up-to-date: /root/master/install/master/share/master/environment/ament_prefix_path.dsv\n'}
[1.977933] (master) StdoutLine: {'line': b'-- Up-to-date: /root/master/install/master/share/master/environment/path.sh\n'}
[1.977970] (master) StdoutLine: {'line': b'-- Up-to-date: /root/master/install/master/share/master/environment/path.dsv\n'}
[1.978001] (master) StdoutLine: {'line': b'-- Up-to-date: /root/master/install/master/share/master/local_setup.bash\n'}
[1.978025] (master) StdoutLine: {'line': b'-- Up-to-date: /root/master/install/master/share/master/local_setup.sh\n'}
[1.978049] (master) StdoutLine: {'line': b'-- Up-to-date: /root/master/install/master/share/master/local_setup.zsh\n'}
[1.978072] (master) StdoutLine: {'line': b'-- Up-to-date: /root/master/install/master/share/master/local_setup.dsv\n'}
[1.978095] (master) StdoutLine: {'line': b'-- Installing: /root/master/install/master/share/master/package.dsv\n'}
[1.978119] (master) StdoutLine: {'line': b'-- Up-to-date: /root/master/install/master/share/ament_index/resource_index/packages/master\n'}
[1.978141] (master) StdoutLine: {'line': b'-- Up-to-date: /root/master/install/master/share/master/cmake/masterConfig.cmake\n'}
[1.978165] (master) StdoutLine: {'line': b'-- Up-to-date: /root/master/install/master/share/master/cmake/masterConfig-version.cmake\n'}
[1.978187] (master) StdoutLine: {'line': b'-- Up-to-date: /root/master/install/master/share/master/package.xml\n'}
[1.978542] (master) CommandEnded: {'returncode': 0}
[1.995163] (master) JobEnded: {'identifier': 'master', 'rc': 0}
[1.995545] (-) EventReactorShutdown: {}
