[0.008s] Invoking command in '/root/workspace/build/core_msgs': CMAKE_PREFIX_PATH=${CMAKE_PREFIX_PATH}:/opt/ros/foxy /usr/bin/cmake --build /root/workspace/build/core_msgs -- -j20 -l20
[0.036s] [  2%] Built target core_msgs__cpp
[0.036s] [ 12%] Built target core_msgs__rosidl_generator_c
[0.056s] [ 41%] Built target core_msgs__rosidl_typesupport_cpp
[0.056s] [ 43%] Built target core_msgs__rosidl_typesupport_introspection_cpp
[0.056s] [ 43%] Built target core_msgs__rosidl_typesupport_introspection_c
[0.057s] [ 53%] Built target core_msgs__rosidl_typesupport_c
[0.057s] [ 64%] Built target core_msgs__rosidl_typesupport_fastrtps_cpp
[0.069s] [ 74%] Built target core_msgs__rosidl_typesupport_fastrtps_c
[0.086s] [ 74%] Built target core_msgs
[0.104s] [ 76%] Built target core_msgs__py
[0.124s] [ 84%] Built target core_msgs__python
[0.142s] [100%] Built target core_msgs__rosidl_typesupport_c__pyext
[0.142s] [100%] Built target core_msgs__rosidl_typesupport_introspection_c__pyext
[0.142s] [100%] Built target core_msgs__rosidl_typesupport_fastrtps_c__pyext
[0.148s] Invoked command in '/root/workspace/build/core_msgs' returned '0': CMAKE_PREFIX_PATH=${CMAKE_PREFIX_PATH}:/opt/ros/foxy /usr/bin/cmake --build /root/workspace/build/core_msgs -- -j20 -l20
[0.222s] Invoking command in '/root/workspace/build/core_msgs': CMAKE_PREFIX_PATH=${CMAKE_PREFIX_PATH}:/opt/ros/foxy /usr/bin/cmake --install /root/workspace/build/core_msgs
[0.230s] -- Install configuration: ""
[0.230s] -- Up-to-date: /root/workspace/install/core_msgs/share/ament_index/resource_index/rosidl_interfaces/core_msgs
[0.230s] -- Up-to-date: /root/workspace/install/core_msgs/include/core_msgs
[0.230s] -- Up-to-date: /root/workspace/install/core_msgs/include/core_msgs/msg
[0.230s] -- Up-to-date: /root/workspace/install/core_msgs/include/core_msgs/msg/detail
[0.230s] -- Up-to-date: /root/workspace/install/core_msgs/include/core_msgs/msg/detail/trajectory__functions.h
[0.230s] -- Up-to-date: /root/workspace/install/core_msgs/include/core_msgs/msg/detail/trajectory__type_support.h
[0.230s] -- Up-to-date: /root/workspace/install/core_msgs/include/core_msgs/msg/detail/aux_global_position__functions.c
[0.230s] -- Up-to-date: /root/workspace/install/core_msgs/include/core_msgs/msg/detail/trajectory__struct.h
[0.230s] -- Up-to-date: /root/workspace/install/core_msgs/include/core_msgs/msg/detail/trajectory__functions.c
[0.230s] -- Up-to-date: /root/workspace/install/core_msgs/include/core_msgs/msg/detail/aux_global_position__type_support.h
[0.230s] -- Up-to-date: /root/workspace/install/core_msgs/include/core_msgs/msg/detail/aux_global_position__functions.h
[0.230s] -- Up-to-date: /root/workspace/install/core_msgs/include/core_msgs/msg/detail/aux_global_position__struct.h
[0.230s] -- Up-to-date: /root/workspace/install/core_msgs/include/core_msgs/msg/aux_global_position.h
[0.230s] -- Up-to-date: /root/workspace/install/core_msgs/include/core_msgs/msg/trajectory.h
[0.230s] -- Up-to-date: /root/workspace/install/core_msgs/include/core_msgs/msg/rosidl_generator_c__visibility_control.h
[0.231s] -- Up-to-date: /root/workspace/install/core_msgs/share/core_msgs/environment/library_path.sh
[0.231s] -- Up-to-date: /root/workspace/install/core_msgs/share/core_msgs/environment/library_path.dsv
[0.231s] -- Up-to-date: /root/workspace/install/core_msgs/lib/libcore_msgs__rosidl_generator_c.so
[0.231s] -- Up-to-date: /root/workspace/install/core_msgs/include/core_msgs
[0.231s] -- Up-to-date: /root/workspace/install/core_msgs/include/core_msgs/msg
[0.231s] -- Up-to-date: /root/workspace/install/core_msgs/include/core_msgs/msg/detail
[0.231s] -- Up-to-date: /root/workspace/install/core_msgs/include/core_msgs/msg/detail/trajectory__rosidl_typesupport_fastrtps_c.h
[0.231s] -- Up-to-date: /root/workspace/install/core_msgs/include/core_msgs/msg/detail/aux_global_position__rosidl_typesupport_fastrtps_c.h
[0.231s] -- Up-to-date: /root/workspace/install/core_msgs/include/core_msgs/msg/rosidl_typesupport_fastrtps_c__visibility_control.h
[0.231s] -- Up-to-date: /root/workspace/install/core_msgs/lib/libcore_msgs__rosidl_typesupport_fastrtps_c.so
[0.231s] -- Up-to-date: /root/workspace/install/core_msgs/include/core_msgs
[0.231s] -- Up-to-date: /root/workspace/install/core_msgs/include/core_msgs/msg
[0.231s] -- Up-to-date: /root/workspace/install/core_msgs/include/core_msgs/msg/detail
[0.231s] -- Up-to-date: /root/workspace/install/core_msgs/include/core_msgs/msg/detail/dds_fastrtps
[0.231s] -- Up-to-date: /root/workspace/install/core_msgs/include/core_msgs/msg/detail/trajectory__rosidl_typesupport_fastrtps_cpp.hpp
[0.231s] -- Up-to-date: /root/workspace/install/core_msgs/include/core_msgs/msg/detail/aux_global_position__rosidl_typesupport_fastrtps_cpp.hpp
[0.231s] -- Up-to-date: /root/workspace/install/core_msgs/include/core_msgs/msg/rosidl_typesupport_fastrtps_cpp__visibility_control.h
[0.231s] -- Up-to-date: /root/workspace/install/core_msgs/lib/libcore_msgs__rosidl_typesupport_fastrtps_cpp.so
[0.231s] -- Up-to-date: /root/workspace/install/core_msgs/include/core_msgs
[0.231s] -- Up-to-date: /root/workspace/install/core_msgs/include/core_msgs/msg
[0.231s] -- Up-to-date: /root/workspace/install/core_msgs/include/core_msgs/msg/rosidl_typesupport_introspection_c__visibility_control.h
[0.231s] -- Up-to-date: /root/workspace/install/core_msgs/include/core_msgs/msg/detail
[0.231s] -- Up-to-date: /root/workspace/install/core_msgs/include/core_msgs/msg/detail/aux_global_position__rosidl_typesupport_introspection_c.h
[0.231s] -- Up-to-date: /root/workspace/install/core_msgs/include/core_msgs/msg/detail/trajectory__rosidl_typesupport_introspection_c.h
[0.231s] -- Up-to-date: /root/workspace/install/core_msgs/include/core_msgs/msg/detail/aux_global_position__type_support.c
[0.231s] -- Up-to-date: /root/workspace/install/core_msgs/include/core_msgs/msg/detail/trajectory__type_support.c
[0.232s] -- Up-to-date: /root/workspace/install/core_msgs/lib/libcore_msgs__rosidl_typesupport_introspection_c.so
[0.232s] -- Up-to-date: /root/workspace/install/core_msgs/lib/libcore_msgs__rosidl_typesupport_c.so
[0.232s] -- Up-to-date: /root/workspace/install/core_msgs/include/core_msgs
[0.232s] -- Up-to-date: /root/workspace/install/core_msgs/include/core_msgs/msg
[0.232s] -- Up-to-date: /root/workspace/install/core_msgs/include/core_msgs/msg/detail
[0.232s] -- Up-to-date: /root/workspace/install/core_msgs/include/core_msgs/msg/detail/trajectory__builder.hpp
[0.232s] -- Up-to-date: /root/workspace/install/core_msgs/include/core_msgs/msg/detail/trajectory__traits.hpp
[0.232s] -- Up-to-date: /root/workspace/install/core_msgs/include/core_msgs/msg/detail/aux_global_position__struct.hpp
[0.232s] -- Up-to-date: /root/workspace/install/core_msgs/include/core_msgs/msg/detail/aux_global_position__traits.hpp
[0.232s] -- Up-to-date: /root/workspace/install/core_msgs/include/core_msgs/msg/detail/trajectory__type_support.hpp
[0.232s] -- Up-to-date: /root/workspace/install/core_msgs/include/core_msgs/msg/detail/aux_global_position__builder.hpp
[0.232s] -- Up-to-date: /root/workspace/install/core_msgs/include/core_msgs/msg/detail/trajectory__struct.hpp
[0.232s] -- Up-to-date: /root/workspace/install/core_msgs/include/core_msgs/msg/detail/aux_global_position__type_support.hpp
[0.232s] -- Up-to-date: /root/workspace/install/core_msgs/include/core_msgs/msg/aux_global_position.hpp
[0.232s] -- Up-to-date: /root/workspace/install/core_msgs/include/core_msgs/msg/rosidl_generator_cpp__visibility_control.hpp
[0.232s] -- Up-to-date: /root/workspace/install/core_msgs/include/core_msgs/msg/trajectory.hpp
[0.232s] -- Up-to-date: /root/workspace/install/core_msgs/include/core_msgs
[0.232s] -- Up-to-date: /root/workspace/install/core_msgs/include/core_msgs/msg
[0.232s] -- Up-to-date: /root/workspace/install/core_msgs/include/core_msgs/msg/detail
[0.232s] -- Up-to-date: /root/workspace/install/core_msgs/include/core_msgs/msg/detail/trajectory__type_support.cpp
[0.232s] -- Up-to-date: /root/workspace/install/core_msgs/include/core_msgs/msg/detail/aux_global_position__type_support.cpp
[0.232s] -- Up-to-date: /root/workspace/install/core_msgs/include/core_msgs/msg/detail/aux_global_position__rosidl_typesupport_introspection_cpp.hpp
[0.232s] -- Up-to-date: /root/workspace/install/core_msgs/include/core_msgs/msg/detail/trajectory__rosidl_typesupport_introspection_cpp.hpp
[0.232s] -- Up-to-date: /root/workspace/install/core_msgs/lib/libcore_msgs__rosidl_typesupport_introspection_cpp.so
[0.232s] -- Up-to-date: /root/workspace/install/core_msgs/lib/libcore_msgs__rosidl_typesupport_cpp.so
[0.232s] -- Up-to-date: /root/workspace/install/core_msgs/share/core_msgs/environment/pythonpath.sh
[0.232s] -- Up-to-date: /root/workspace/install/core_msgs/share/core_msgs/environment/pythonpath.dsv
[0.232s] -- Up-to-date: /root/workspace/install/core_msgs/lib/python3.8/site-packages/core_msgs/__init__.py
[0.257s] -- Up-to-date: /root/workspace/install/core_msgs/lib/python3.8/site-packages/core_msgs/msg
[0.257s] -- Up-to-date: /root/workspace/install/core_msgs/lib/python3.8/site-packages/core_msgs/msg/_aux_global_position.py
[0.257s] -- Up-to-date: /root/workspace/install/core_msgs/lib/python3.8/site-packages/core_msgs/msg/__init__.py
[0.257s] -- Up-to-date: /root/workspace/install/core_msgs/lib/python3.8/site-packages/core_msgs/msg/_aux_global_position_s.c
[0.257s] -- Up-to-date: /root/workspace/install/core_msgs/lib/python3.8/site-packages/core_msgs/msg/_trajectory_s.c
[0.257s] -- Up-to-date: /root/workspace/install/core_msgs/lib/python3.8/site-packages/core_msgs/msg/_trajectory.py
[0.257s] -- Up-to-date: /root/workspace/install/core_msgs/lib/python3.8/site-packages/core_msgs/core_msgs_s__rosidl_typesupport_fastrtps_c.cpython-38-x86_64-linux-gnu.so
[0.257s] -- Up-to-date: /root/workspace/install/core_msgs/lib/python3.8/site-packages/core_msgs/core_msgs_s__rosidl_typesupport_introspection_c.cpython-38-x86_64-linux-gnu.so
[0.258s] -- Up-to-date: /root/workspace/install/core_msgs/lib/python3.8/site-packages/core_msgs/core_msgs_s__rosidl_typesupport_c.cpython-38-x86_64-linux-gnu.so
[0.258s] -- Up-to-date: /root/workspace/install/core_msgs/lib/libcore_msgs__python.so
[0.258s] -- Up-to-date: /root/workspace/install/core_msgs/share/core_msgs/msg/Trajectory.idl
[0.258s] -- Up-to-date: /root/workspace/install/core_msgs/share/core_msgs/msg/AuxGlobalPosition.idl
[0.258s] -- Up-to-date: /root/workspace/install/core_msgs/share/core_msgs/msg/Trajectory.msg
[0.258s] -- Up-to-date: /root/workspace/install/core_msgs/share/core_msgs/msg/AuxGlobalPosition.msg
[0.258s] -- Up-to-date: /root/workspace/install/core_msgs/share/ament_index/resource_index/package_run_dependencies/core_msgs
[0.258s] -- Up-to-date: /root/workspace/install/core_msgs/share/ament_index/resource_index/parent_prefix_path/core_msgs
[0.258s] -- Up-to-date: /root/workspace/install/core_msgs/share/core_msgs/environment/ament_prefix_path.sh
[0.258s] -- Up-to-date: /root/workspace/install/core_msgs/share/core_msgs/environment/ament_prefix_path.dsv
[0.258s] -- Up-to-date: /root/workspace/install/core_msgs/share/core_msgs/environment/path.sh
[0.258s] -- Up-to-date: /root/workspace/install/core_msgs/share/core_msgs/environment/path.dsv
[0.258s] -- Up-to-date: /root/workspace/install/core_msgs/share/core_msgs/local_setup.bash
[0.258s] -- Up-to-date: /root/workspace/install/core_msgs/share/core_msgs/local_setup.sh
[0.258s] -- Up-to-date: /root/workspace/install/core_msgs/share/core_msgs/local_setup.zsh
[0.259s] -- Up-to-date: /root/workspace/install/core_msgs/share/core_msgs/local_setup.dsv
[0.259s] -- Installing: /root/workspace/install/core_msgs/share/core_msgs/package.dsv
[0.259s] -- Up-to-date: /root/workspace/install/core_msgs/share/ament_index/resource_index/packages/core_msgs
[0.259s] -- Up-to-date: /root/workspace/install/core_msgs/share/core_msgs/cmake/core_msgs__rosidl_generator_cExport.cmake
[0.259s] -- Up-to-date: /root/workspace/install/core_msgs/share/core_msgs/cmake/core_msgs__rosidl_generator_cExport-noconfig.cmake
[0.259s] -- Up-to-date: /root/workspace/install/core_msgs/share/core_msgs/cmake/core_msgs__rosidl_typesupport_introspection_cExport.cmake
[0.259s] -- Up-to-date: /root/workspace/install/core_msgs/share/core_msgs/cmake/core_msgs__rosidl_typesupport_introspection_cExport-noconfig.cmake
[0.259s] -- Up-to-date: /root/workspace/install/core_msgs/share/core_msgs/cmake/core_msgs__rosidl_typesupport_cExport.cmake
[0.259s] -- Up-to-date: /root/workspace/install/core_msgs/share/core_msgs/cmake/core_msgs__rosidl_typesupport_cExport-noconfig.cmake
[0.259s] -- Up-to-date: /root/workspace/install/core_msgs/share/core_msgs/cmake/core_msgs__rosidl_generator_cppExport.cmake
[0.259s] -- Up-to-date: /root/workspace/install/core_msgs/share/core_msgs/cmake/core_msgs__rosidl_typesupport_introspection_cppExport.cmake
[0.259s] -- Up-to-date: /root/workspace/install/core_msgs/share/core_msgs/cmake/core_msgs__rosidl_typesupport_introspection_cppExport-noconfig.cmake
[0.259s] -- Up-to-date: /root/workspace/install/core_msgs/share/core_msgs/cmake/core_msgs__rosidl_typesupport_cppExport.cmake
[0.259s] -- Up-to-date: /root/workspace/install/core_msgs/share/core_msgs/cmake/core_msgs__rosidl_typesupport_cppExport-noconfig.cmake
[0.259s] -- Up-to-date: /root/workspace/install/core_msgs/share/core_msgs/cmake/rosidl_cmake-extras.cmake
[0.259s] -- Up-to-date: /root/workspace/install/core_msgs/share/core_msgs/cmake/ament_cmake_export_dependencies-extras.cmake
[0.259s] -- Up-to-date: /root/workspace/install/core_msgs/share/core_msgs/cmake/ament_cmake_export_libraries-extras.cmake
[0.259s] -- Up-to-date: /root/workspace/install/core_msgs/share/core_msgs/cmake/ament_cmake_export_targets-extras.cmake
[0.259s] -- Up-to-date: /root/workspace/install/core_msgs/share/core_msgs/cmake/ament_cmake_export_include_directories-extras.cmake
[0.259s] -- Up-to-date: /root/workspace/install/core_msgs/share/core_msgs/cmake/rosidl_cmake_export_typesupport_libraries-extras.cmake
[0.259s] -- Up-to-date: /root/workspace/install/core_msgs/share/core_msgs/cmake/rosidl_cmake_export_typesupport_targets-extras.cmake
[0.259s] -- Up-to-date: /root/workspace/install/core_msgs/share/core_msgs/cmake/core_msgsConfig.cmake
[0.259s] -- Up-to-date: /root/workspace/install/core_msgs/share/core_msgs/cmake/core_msgsConfig-version.cmake
[0.259s] -- Up-to-date: /root/workspace/install/core_msgs/share/core_msgs/package.xml
[0.261s] Invoked command in '/root/workspace/build/core_msgs' returned '0': CMAKE_PREFIX_PATH=${CMAKE_PREFIX_PATH}:/opt/ros/foxy /usr/bin/cmake --install /root/workspace/build/core_msgs
